2021-01-04 14:18:10|ERROR|Daili.GetMemberList|PDOException: You have an error in your SQL syntax; check the manual that corresponds to your MySQL server version for the right syntax to use near 'as user_money) FROM cmf_user WHERE (invite_level LIKE '42885-42886%')' at line 1 in /www/wwwroot/yunbao.com/PhalApi/PhalApi/NotORM/NotORM/Result.php:258
Stack trace:
#0 /www/wwwroot/yunbao.com/PhalApi/PhalApi/NotORM/NotORM/Result.php(748): NotORM_Result->query('SELECT SUM(coin...', Array)
#1 /www/wwwroot/yunbao.com/PhalApi/PhalApi/NotORM/NotORM/Result.php(790): NotORM_Result->aggregation('SUM(coin as use...')
#2 /www/wwwroot/yunbao.com/PhalApi/Appapi/Domain/Daili.php(142): NotORM_Result->sum('coin as user_mo...')
#3 /www/wwwroot/yunbao.com/PhalApi/Appapi/Api/Daili.php(184): Domain_Daili->getMemberList(42885, NULL, '0', NULL, NULL)
#4 /www/wwwroot/yunbao.com/PhalApi/PhalApi/PhalApi.php(57): Api_Daili->getMemberList()
#5 /www/wwwroot/yunbao.com/public/appapi/index.php(15): PhalApi->response()
#6 {main}
2021-01-04 14:18:30|ERROR|Daili.GetMemberList|PDOException: You have an error in your SQL syntax; check the manual that corresponds to your MySQL server version for the right syntax to use near 'as user_money) FROM cmf_user WHERE (invite_level LIKE '42885-42886%')' at line 1 in /www/wwwroot/yunbao.com/PhalApi/PhalApi/NotORM/NotORM/Result.php:258
Stack trace:
#0 /www/wwwroot/yunbao.com/PhalApi/PhalApi/NotORM/NotORM/Result.php(748): NotORM_Result->query('SELECT SUM(coin...', Array)
#1 /www/wwwroot/yunbao.com/PhalApi/PhalApi/NotORM/NotORM/Result.php(790): NotORM_Result->aggregation('SUM(coin as use...')
#2 /www/wwwroot/yunbao.com/PhalApi/Appapi/Domain/Daili.php(142): NotORM_Result->sum('coin as user_mo...')
#3 /www/wwwroot/yunbao.com/PhalApi/Appapi/Api/Daili.php(184): Domain_Daili->getMemberList(42885, NULL, '0', NULL, NULL)
#4 /www/wwwroot/yunbao.com/PhalApi/PhalApi/PhalApi.php(57): Api_Daili->getMemberList()
#5 /www/wwwroot/yunbao.com/public/appapi/index.php(15): PhalApi->response()
#6 {main}
2021-01-04 16:22:59|ERROR|User.GetBaseInfo|PDOException: You have an error in your SQL syntax; check the manual that corresponds to your MySQL server version for the right syntax to use near '-42886-%' at line 1 in /www/wwwroot/yunbao.com/PhalApi/PhalApi/NotORM/NotORM/Result.php:258
Stack trace:
#0 /www/wwwroot/yunbao.com/PhalApi/PhalApi/NotORM/NotORM/Result.php(931): NotORM_Result->query('select * from c...', Array)
#1 /www/wwwroot/yunbao.com/PhalApi/PhalApi/NotORM/NotORM/Result.php(918): NotORM_Result->queryRows('select * from c...', Array)
#2 /www/wwwroot/yunbao.com/PhalApi/Appapi/Api/User.php(1080): NotORM_Result->queryAll('select * from c...')
#3 /www/wwwroot/yunbao.com/PhalApi/PhalApi/PhalApi.php(57): Api_User->getBaseInfo()
#4 /www/wwwroot/yunbao.com/public/appapi/index.php(15): PhalApi->response()
#5 {main}
2021-01-04 16:23:13|ERROR|User.GetBaseInfo|PDOException: You have an error in your SQL syntax; check the manual that corresponds to your MySQL server version for the right syntax to use near '-42886-%' at line 1 in /www/wwwroot/yunbao.com/PhalApi/PhalApi/NotORM/NotORM/Result.php:258
Stack trace:
#0 /www/wwwroot/yunbao.com/PhalApi/PhalApi/NotORM/NotORM/Result.php(931): NotORM_Result->query('select * from c...', Array)
#1 /www/wwwroot/yunbao.com/PhalApi/PhalApi/NotORM/NotORM/Result.php(918): NotORM_Result->queryRows('select * from c...', Array)
#2 /www/wwwroot/yunbao.com/PhalApi/Appapi/Api/User.php(1080): NotORM_Result->queryAll('select * from c...')
#3 /www/wwwroot/yunbao.com/PhalApi/PhalApi/PhalApi.php(57): Api_User->getBaseInfo()
#4 /www/wwwroot/yunbao.com/public/appapi/index.php(15): PhalApi->response()
#5 {main}
2021-01-04 16:36:47|ERROR|Daili.GetMemberList|PDOException: You have an error in your SQL syntax; check the manual that corresponds to your MySQL server version for the right syntax to use near 'as user_money) FROM cmf_user WHERE (invite_level LIKE '42885-42886%')' at line 1 in /www/wwwroot/yunbao.com/PhalApi/PhalApi/NotORM/NotORM/Result.php:258
Stack trace:
#0 /www/wwwroot/yunbao.com/PhalApi/PhalApi/NotORM/NotORM/Result.php(748): NotORM_Result->query('SELECT SUM(coin...', Array)
#1 /www/wwwroot/yunbao.com/PhalApi/PhalApi/NotORM/NotORM/Result.php(790): NotORM_Result->aggregation('SUM(coin as use...')
#2 /www/wwwroot/yunbao.com/PhalApi/Appapi/Domain/Daili.php(142): NotORM_Result->sum('coin as user_mo...')
#3 /www/wwwroot/yunbao.com/PhalApi/Appapi/Api/Daili.php(184): Domain_Daili->getMemberList(42885, NULL, '0', NULL, NULL)
#4 /www/wwwroot/yunbao.com/PhalApi/PhalApi/PhalApi.php(57): Api_Daili->getMemberList()
#5 /www/wwwroot/yunbao.com/public/appapi/index.php(15): PhalApi->response()
#6 {main}
2021-01-04 16:49:52|ERROR|User.GetBaseInfo|PDOException: You have an error in your SQL syntax; check the manual that corresponds to your MySQL server version for the right syntax to use near '[3,5,6,7])' at line 1 in /www/wwwroot/yunbao.com/PhalApi/PhalApi/NotORM/NotORM/Result.php:258
Stack trace:
#0 /www/wwwroot/yunbao.com/PhalApi/PhalApi/NotORM/NotORM/Result.php(748): NotORM_Result->query('SELECT SUM(chan...', Array)
#1 /www/wwwroot/yunbao.com/PhalApi/PhalApi/NotORM/NotORM/Result.php(790): NotORM_Result->aggregation('SUM(change_mone...')
#2 /www/wwwroot/yunbao.com/PhalApi/Appapi/Model/User.php(22): NotORM_Result->sum('change_money')
#3 /www/wwwroot/yunbao.com/PhalApi/Appapi/Domain/User.php(9): Model_User->getBaseInfo('42881')
#4 /www/wwwroot/yunbao.com/PhalApi/Appapi/Api/User.php(1067): Domain_User->getBaseInfo('42881')
#5 /www/wwwroot/yunbao.com/PhalApi/PhalApi/PhalApi.php(57): Api_User->getBaseInfo()
#6 /www/wwwroot/yunbao.com/public/appapi/index.php(15): PhalApi->response()
#7 {main}
2021-01-04 16:50:10|ERROR|User.GetBaseInfo|PDOException: You have an error in your SQL syntax; check the manual that corresponds to your MySQL server version for the right syntax to use near '[3,5,6,7])' at line 1 in /www/wwwroot/yunbao.com/PhalApi/PhalApi/NotORM/NotORM/Result.php:258
Stack trace:
#0 /www/wwwroot/yunbao.com/PhalApi/PhalApi/NotORM/NotORM/Result.php(748): NotORM_Result->query('SELECT SUM(chan...', Array)
#1 /www/wwwroot/yunbao.com/PhalApi/PhalApi/NotORM/NotORM/Result.php(790): NotORM_Result->aggregation('SUM(change_mone...')
#2 /www/wwwroot/yunbao.com/PhalApi/Appapi/Model/User.php(22): NotORM_Result->sum('change_money')
#3 /www/wwwroot/yunbao.com/PhalApi/Appapi/Domain/User.php(9): Model_User->getBaseInfo('42914')
#4 /www/wwwroot/yunbao.com/PhalApi/Appapi/Api/User.php(1067): Domain_User->getBaseInfo('42914')
#5 /www/wwwroot/yunbao.com/PhalApi/PhalApi/PhalApi.php(57): Api_User->getBaseInfo()
#6 /www/wwwroot/yunbao.com/public/appapi/index.php(15): PhalApi->response()
#7 {main}
2021-01-04 16:50:11|ERROR|User.getBaseInfo|PDOException: You have an error in your SQL syntax; check the manual that corresponds to your MySQL server version for the right syntax to use near '[3,5,6,7])' at line 1 in /www/wwwroot/yunbao.com/PhalApi/PhalApi/NotORM/NotORM/Result.php:258
Stack trace:
#0 /www/wwwroot/yunbao.com/PhalApi/PhalApi/NotORM/NotORM/Result.php(748): NotORM_Result->query('SELECT SUM(chan...', Array)
#1 /www/wwwroot/yunbao.com/PhalApi/PhalApi/NotORM/NotORM/Result.php(790): NotORM_Result->aggregation('SUM(change_mone...')
#2 /www/wwwroot/yunbao.com/PhalApi/Appapi/Model/User.php(22): NotORM_Result->sum('change_money')
#3 /www/wwwroot/yunbao.com/PhalApi/Appapi/Domain/User.php(9): Model_User->getBaseInfo('42914')
#4 /www/wwwroot/yunbao.com/PhalApi/Appapi/Api/User.php(1067): Domain_User->getBaseInfo('42914')
#5 /www/wwwroot/yunbao.com/PhalApi/PhalApi/PhalApi.php(57): Api_User->getBaseInfo()
#6 /www/wwwroot/yunbao.com/public/appapi/index.php(15): PhalApi->response()
#7 {main}
2021-01-04 16:50:14|ERROR|User.GetBaseInfo|PDOException: You have an error in your SQL syntax; check the manual that corresponds to your MySQL server version for the right syntax to use near '[3,5,6,7])' at line 1 in /www/wwwroot/yunbao.com/PhalApi/PhalApi/NotORM/NotORM/Result.php:258
Stack trace:
#0 /www/wwwroot/yunbao.com/PhalApi/PhalApi/NotORM/NotORM/Result.php(748): NotORM_Result->query('SELECT SUM(chan...', Array)
#1 /www/wwwroot/yunbao.com/PhalApi/PhalApi/NotORM/NotORM/Result.php(790): NotORM_Result->aggregation('SUM(change_mone...')
#2 /www/wwwroot/yunbao.com/PhalApi/Appapi/Model/User.php(22): NotORM_Result->sum('change_money')
#3 /www/wwwroot/yunbao.com/PhalApi/Appapi/Domain/User.php(9): Model_User->getBaseInfo('42881')
#4 /www/wwwroot/yunbao.com/PhalApi/Appapi/Api/User.php(1067): Domain_User->getBaseInfo('42881')
#5 /www/wwwroot/yunbao.com/PhalApi/PhalApi/PhalApi.php(57): Api_User->getBaseInfo()
#6 /www/wwwroot/yunbao.com/public/appapi/index.php(15): PhalApi->response()
#7 {main}
2021-01-04 16:50:52|ERROR|User.GetBaseInfo|PDOException: You have an error in your SQL syntax; check the manual that corresponds to your MySQL server version for the right syntax to use near '[3,5,6,7])' at line 1 in /www/wwwroot/yunbao.com/PhalApi/PhalApi/NotORM/NotORM/Result.php:258
Stack trace:
#0 /www/wwwroot/yunbao.com/PhalApi/PhalApi/NotORM/NotORM/Result.php(748): NotORM_Result->query('SELECT SUM(chan...', Array)
#1 /www/wwwroot/yunbao.com/PhalApi/PhalApi/NotORM/NotORM/Result.php(790): NotORM_Result->aggregation('SUM(change_mone...')
#2 /www/wwwroot/yunbao.com/PhalApi/Appapi/Model/User.php(22): NotORM_Result->sum('change_money')
#3 /www/wwwroot/yunbao.com/PhalApi/Appapi/Domain/User.php(9): Model_User->getBaseInfo('42914')
#4 /www/wwwroot/yunbao.com/PhalApi/Appapi/Api/User.php(1067): Domain_User->getBaseInfo('42914')
#5 /www/wwwroot/yunbao.com/PhalApi/PhalApi/PhalApi.php(57): Api_User->getBaseInfo()
#6 /www/wwwroot/yunbao.com/public/appapi/index.php(15): PhalApi->response()
#7 {main}
2021-01-04 16:50:52|ERROR|User.getBaseInfo|PDOException: You have an error in your SQL syntax; check the manual that corresponds to your MySQL server version for the right syntax to use near '[3,5,6,7])' at line 1 in /www/wwwroot/yunbao.com/PhalApi/PhalApi/NotORM/NotORM/Result.php:258
Stack trace:
#0 /www/wwwroot/yunbao.com/PhalApi/PhalApi/NotORM/NotORM/Result.php(748): NotORM_Result->query('SELECT SUM(chan...', Array)
#1 /www/wwwroot/yunbao.com/PhalApi/PhalApi/NotORM/NotORM/Result.php(790): NotORM_Result->aggregation('SUM(change_mone...')
#2 /www/wwwroot/yunbao.com/PhalApi/Appapi/Model/User.php(22): NotORM_Result->sum('change_money')
#3 /www/wwwroot/yunbao.com/PhalApi/Appapi/Domain/User.php(9): Model_User->getBaseInfo('42914')
#4 /www/wwwroot/yunbao.com/PhalApi/Appapi/Api/User.php(1067): Domain_User->getBaseInfo('42914')
#5 /www/wwwroot/yunbao.com/PhalApi/PhalApi/PhalApi.php(57): Api_User->getBaseInfo()
#6 /www/wwwroot/yunbao.com/public/appapi/index.php(15): PhalApi->response()
#7 {main}
2021-01-04 16:50:56|ERROR|User.GetBaseInfo|PDOException: You have an error in your SQL syntax; check the manual that corresponds to your MySQL server version for the right syntax to use near '[3,5,6,7])' at line 1 in /www/wwwroot/yunbao.com/PhalApi/PhalApi/NotORM/NotORM/Result.php:258
Stack trace:
#0 /www/wwwroot/yunbao.com/PhalApi/PhalApi/NotORM/NotORM/Result.php(748): NotORM_Result->query('SELECT SUM(chan...', Array)
#1 /www/wwwroot/yunbao.com/PhalApi/PhalApi/NotORM/NotORM/Result.php(790): NotORM_Result->aggregation('SUM(change_mone...')
#2 /www/wwwroot/yunbao.com/PhalApi/Appapi/Model/User.php(22): NotORM_Result->sum('change_money')
#3 /www/wwwroot/yunbao.com/PhalApi/Appapi/Domain/User.php(9): Model_User->getBaseInfo('42914')
#4 /www/wwwroot/yunbao.com/PhalApi/Appapi/Api/User.php(1067): Domain_User->getBaseInfo('42914')
#5 /www/wwwroot/yunbao.com/PhalApi/PhalApi/PhalApi.php(57): Api_User->getBaseInfo()
#6 /www/wwwroot/yunbao.com/public/appapi/index.php(15): PhalApi->response()
#7 {main}
2021-01-04 16:50:56|ERROR|User.getBaseInfo|PDOException: You have an error in your SQL syntax; check the manual that corresponds to your MySQL server version for the right syntax to use near '[3,5,6,7])' at line 1 in /www/wwwroot/yunbao.com/PhalApi/PhalApi/NotORM/NotORM/Result.php:258
Stack trace:
#0 /www/wwwroot/yunbao.com/PhalApi/PhalApi/NotORM/NotORM/Result.php(748): NotORM_Result->query('SELECT SUM(chan...', Array)
#1 /www/wwwroot/yunbao.com/PhalApi/PhalApi/NotORM/NotORM/Result.php(790): NotORM_Result->aggregation('SUM(change_mone...')
#2 /www/wwwroot/yunbao.com/PhalApi/Appapi/Model/User.php(22): NotORM_Result->sum('change_money')
#3 /www/wwwroot/yunbao.com/PhalApi/Appapi/Domain/User.php(9): Model_User->getBaseInfo('42914')
#4 /www/wwwroot/yunbao.com/PhalApi/Appapi/Api/User.php(1067): Domain_User->getBaseInfo('42914')
#5 /www/wwwroot/yunbao.com/PhalApi/PhalApi/PhalApi.php(57): Api_User->getBaseInfo()
#6 /www/wwwroot/yunbao.com/public/appapi/index.php(15): PhalApi->response()
#7 {main}
2021-01-04 16:51:24|ERROR|User.GetBaseInfo|PDOException: You have an error in your SQL syntax; check the manual that corresponds to your MySQL server version for the right syntax to use near ')' at line 1 in /www/wwwroot/yunbao.com/PhalApi/PhalApi/NotORM/NotORM/Result.php:258
Stack trace:
#0 /www/wwwroot/yunbao.com/PhalApi/PhalApi/NotORM/NotORM/Result.php(748): NotORM_Result->query('SELECT SUM(chan...', Array)
#1 /www/wwwroot/yunbao.com/PhalApi/PhalApi/NotORM/NotORM/Result.php(790): NotORM_Result->aggregation('SUM(change_mone...')
#2 /www/wwwroot/yunbao.com/PhalApi/Appapi/Model/User.php(22): NotORM_Result->sum('change_money')
#3 /www/wwwroot/yunbao.com/PhalApi/Appapi/Domain/User.php(9): Model_User->getBaseInfo('42881')
#4 /www/wwwroot/yunbao.com/PhalApi/Appapi/Api/User.php(1067): Domain_User->getBaseInfo('42881')
#5 /www/wwwroot/yunbao.com/PhalApi/PhalApi/PhalApi.php(57): Api_User->getBaseInfo()
#6 /www/wwwroot/yunbao.com/public/appapi/index.php(15): PhalApi->response()
#7 {main}
2021-01-04 16:52:16|ERROR|User.GetBaseInfo|PDOException: You have an error in your SQL syntax; check the manual that corresponds to your MySQL server version for the right syntax to use near ')' at line 1 in /www/wwwroot/yunbao.com/PhalApi/PhalApi/NotORM/NotORM/Result.php:258
Stack trace:
#0 /www/wwwroot/yunbao.com/PhalApi/PhalApi/NotORM/NotORM/Result.php(748): NotORM_Result->query('SELECT SUM(chan...', Array)
#1 /www/wwwroot/yunbao.com/PhalApi/PhalApi/NotORM/NotORM/Result.php(790): NotORM_Result->aggregation('SUM(change_mone...')
#2 /www/wwwroot/yunbao.com/PhalApi/Appapi/Model/User.php(22): NotORM_Result->sum('change_money')
#3 /www/wwwroot/yunbao.com/PhalApi/Appapi/Domain/User.php(9): Model_User->getBaseInfo('42914')
#4 /www/wwwroot/yunbao.com/PhalApi/Appapi/Api/User.php(1067): Domain_User->getBaseInfo('42914')
#5 /www/wwwroot/yunbao.com/PhalApi/PhalApi/PhalApi.php(57): Api_User->getBaseInfo()
#6 /www/wwwroot/yunbao.com/public/appapi/index.php(15): PhalApi->response()
#7 {main}
2021-01-04 16:52:16|ERROR|User.getBaseInfo|PDOException: You have an error in your SQL syntax; check the manual that corresponds to your MySQL server version for the right syntax to use near ')' at line 1 in /www/wwwroot/yunbao.com/PhalApi/PhalApi/NotORM/NotORM/Result.php:258
Stack trace:
#0 /www/wwwroot/yunbao.com/PhalApi/PhalApi/NotORM/NotORM/Result.php(748): NotORM_Result->query('SELECT SUM(chan...', Array)
#1 /www/wwwroot/yunbao.com/PhalApi/PhalApi/NotORM/NotORM/Result.php(790): NotORM_Result->aggregation('SUM(change_mone...')
#2 /www/wwwroot/yunbao.com/PhalApi/Appapi/Model/User.php(22): NotORM_Result->sum('change_money')
#3 /www/wwwroot/yunbao.com/PhalApi/Appapi/Domain/User.php(9): Model_User->getBaseInfo('42914')
#4 /www/wwwroot/yunbao.com/PhalApi/Appapi/Api/User.php(1067): Domain_User->getBaseInfo('42914')
#5 /www/wwwroot/yunbao.com/PhalApi/PhalApi/PhalApi.php(57): Api_User->getBaseInfo()
#6 /www/wwwroot/yunbao.com/public/appapi/index.php(15): PhalApi->response()
#7 {main}
2021-01-04 16:52:20|ERROR|User.getBaseInfo|PDOException: You have an error in your SQL syntax; check the manual that corresponds to your MySQL server version for the right syntax to use near ')' at line 1 in /www/wwwroot/yunbao.com/PhalApi/PhalApi/NotORM/NotORM/Result.php:258
Stack trace:
#0 /www/wwwroot/yunbao.com/PhalApi/PhalApi/NotORM/NotORM/Result.php(748): NotORM_Result->query('SELECT SUM(chan...', Array)
#1 /www/wwwroot/yunbao.com/PhalApi/PhalApi/NotORM/NotORM/Result.php(790): NotORM_Result->aggregation('SUM(change_mone...')
#2 /www/wwwroot/yunbao.com/PhalApi/Appapi/Model/User.php(22): NotORM_Result->sum('change_money')
#3 /www/wwwroot/yunbao.com/PhalApi/Appapi/Domain/User.php(9): Model_User->getBaseInfo('42914')
#4 /www/wwwroot/yunbao.com/PhalApi/Appapi/Api/User.php(1067): Domain_User->getBaseInfo('42914')
#5 /www/wwwroot/yunbao.com/PhalApi/PhalApi/PhalApi.php(57): Api_User->getBaseInfo()
#6 /www/wwwroot/yunbao.com/public/appapi/index.php(15): PhalApi->response()
#7 {main}
2021-01-04 16:52:21|ERROR|User.GetBaseInfo|PDOException: You have an error in your SQL syntax; check the manual that corresponds to your MySQL server version for the right syntax to use near ')' at line 1 in /www/wwwroot/yunbao.com/PhalApi/PhalApi/NotORM/NotORM/Result.php:258
Stack trace:
#0 /www/wwwroot/yunbao.com/PhalApi/PhalApi/NotORM/NotORM/Result.php(748): NotORM_Result->query('SELECT SUM(chan...', Array)
#1 /www/wwwroot/yunbao.com/PhalApi/PhalApi/NotORM/NotORM/Result.php(790): NotORM_Result->aggregation('SUM(change_mone...')
#2 /www/wwwroot/yunbao.com/PhalApi/Appapi/Model/User.php(22): NotORM_Result->sum('change_money')
#3 /www/wwwroot/yunbao.com/PhalApi/Appapi/Domain/User.php(9): Model_User->getBaseInfo('42914')
#4 /www/wwwroot/yunbao.com/PhalApi/Appapi/Api/User.php(1067): Domain_User->getBaseInfo('42914')
#5 /www/wwwroot/yunbao.com/PhalApi/PhalApi/PhalApi.php(57): Api_User->getBaseInfo()
#6 /www/wwwroot/yunbao.com/public/appapi/index.php(15): PhalApi->response()
#7 {main}
2021-01-04 16:52:28|ERROR|User.GetBaseInfo|PDOException: You have an error in your SQL syntax; check the manual that corresponds to your MySQL server version for the right syntax to use near ')' at line 1 in /www/wwwroot/yunbao.com/PhalApi/PhalApi/NotORM/NotORM/Result.php:258
Stack trace:
#0 /www/wwwroot/yunbao.com/PhalApi/PhalApi/NotORM/NotORM/Result.php(748): NotORM_Result->query('SELECT SUM(chan...', Array)
#1 /www/wwwroot/yunbao.com/PhalApi/PhalApi/NotORM/NotORM/Result.php(790): NotORM_Result->aggregation('SUM(change_mone...')
#2 /www/wwwroot/yunbao.com/PhalApi/Appapi/Model/User.php(22): NotORM_Result->sum('change_money')
#3 /www/wwwroot/yunbao.com/PhalApi/Appapi/Domain/User.php(9): Model_User->getBaseInfo('42914')
#4 /www/wwwroot/yunbao.com/PhalApi/Appapi/Api/User.php(1067): Domain_User->getBaseInfo('42914')
#5 /www/wwwroot/yunbao.com/PhalApi/PhalApi/PhalApi.php(57): Api_User->getBaseInfo()
#6 /www/wwwroot/yunbao.com/public/appapi/index.php(15): PhalApi->response()
#7 {main}
2021-01-04 16:52:28|ERROR|User.getBaseInfo|PDOException: You have an error in your SQL syntax; check the manual that corresponds to your MySQL server version for the right syntax to use near ')' at line 1 in /www/wwwroot/yunbao.com/PhalApi/PhalApi/NotORM/NotORM/Result.php:258
Stack trace:
#0 /www/wwwroot/yunbao.com/PhalApi/PhalApi/NotORM/NotORM/Result.php(748): NotORM_Result->query('SELECT SUM(chan...', Array)
#1 /www/wwwroot/yunbao.com/PhalApi/PhalApi/NotORM/NotORM/Result.php(790): NotORM_Result->aggregation('SUM(change_mone...')
#2 /www/wwwroot/yunbao.com/PhalApi/Appapi/Model/User.php(22): NotORM_Result->sum('change_money')
#3 /www/wwwroot/yunbao.com/PhalApi/Appapi/Domain/User.php(9): Model_User->getBaseInfo('42914')
#4 /www/wwwroot/yunbao.com/PhalApi/Appapi/Api/User.php(1067): Domain_User->getBaseInfo('42914')
#5 /www/wwwroot/yunbao.com/PhalApi/PhalApi/PhalApi.php(57): Api_User->getBaseInfo()
#6 /www/wwwroot/yunbao.com/public/appapi/index.php(15): PhalApi->response()
#7 {main}
2021-01-04 16:52:31|ERROR|User.GetBaseInfo|PDOException: You have an error in your SQL syntax; check the manual that corresponds to your MySQL server version for the right syntax to use near ')' at line 1 in /www/wwwroot/yunbao.com/PhalApi/PhalApi/NotORM/NotORM/Result.php:258
Stack trace:
#0 /www/wwwroot/yunbao.com/PhalApi/PhalApi/NotORM/NotORM/Result.php(748): NotORM_Result->query('SELECT SUM(chan...', Array)
#1 /www/wwwroot/yunbao.com/PhalApi/PhalApi/NotORM/NotORM/Result.php(790): NotORM_Result->aggregation('SUM(change_mone...')
#2 /www/wwwroot/yunbao.com/PhalApi/Appapi/Model/User.php(22): NotORM_Result->sum('change_money')
#3 /www/wwwroot/yunbao.com/PhalApi/Appapi/Domain/User.php(9): Model_User->getBaseInfo('42914')
#4 /www/wwwroot/yunbao.com/PhalApi/Appapi/Api/User.php(1067): Domain_User->getBaseInfo('42914')
#5 /www/wwwroot/yunbao.com/PhalApi/PhalApi/PhalApi.php(57): Api_User->getBaseInfo()
#6 /www/wwwroot/yunbao.com/public/appapi/index.php(15): PhalApi->response()
#7 {main}
2021-01-04 16:52:31|ERROR|User.getBaseInfo|PDOException: You have an error in your SQL syntax; check the manual that corresponds to your MySQL server version for the right syntax to use near ')' at line 1 in /www/wwwroot/yunbao.com/PhalApi/PhalApi/NotORM/NotORM/Result.php:258
Stack trace:
#0 /www/wwwroot/yunbao.com/PhalApi/PhalApi/NotORM/NotORM/Result.php(748): NotORM_Result->query('SELECT SUM(chan...', Array)
#1 /www/wwwroot/yunbao.com/PhalApi/PhalApi/NotORM/NotORM/Result.php(790): NotORM_Result->aggregation('SUM(change_mone...')
#2 /www/wwwroot/yunbao.com/PhalApi/Appapi/Model/User.php(22): NotORM_Result->sum('change_money')
#3 /www/wwwroot/yunbao.com/PhalApi/Appapi/Domain/User.php(9): Model_User->getBaseInfo('42914')
#4 /www/wwwroot/yunbao.com/PhalApi/Appapi/Api/User.php(1067): Domain_User->getBaseInfo('42914')
#5 /www/wwwroot/yunbao.com/PhalApi/PhalApi/PhalApi.php(57): Api_User->getBaseInfo()
#6 /www/wwwroot/yunbao.com/public/appapi/index.php(15): PhalApi->response()
#7 {main}
2021-01-04 16:52:39|ERROR|User.getBaseInfo|PDOException: You have an error in your SQL syntax; check the manual that corresponds to your MySQL server version for the right syntax to use near ')' at line 1 in /www/wwwroot/yunbao.com/PhalApi/PhalApi/NotORM/NotORM/Result.php:258
Stack trace:
#0 /www/wwwroot/yunbao.com/PhalApi/PhalApi/NotORM/NotORM/Result.php(748): NotORM_Result->query('SELECT SUM(chan...', Array)
#1 /www/wwwroot/yunbao.com/PhalApi/PhalApi/NotORM/NotORM/Result.php(790): NotORM_Result->aggregation('SUM(change_mone...')
#2 /www/wwwroot/yunbao.com/PhalApi/Appapi/Model/User.php(22): NotORM_Result->sum('change_money')
#3 /www/wwwroot/yunbao.com/PhalApi/Appapi/Domain/User.php(9): Model_User->getBaseInfo('42914')
#4 /www/wwwroot/yunbao.com/PhalApi/Appapi/Api/User.php(1067): Domain_User->getBaseInfo('42914')
#5 /www/wwwroot/yunbao.com/PhalApi/PhalApi/PhalApi.php(57): Api_User->getBaseInfo()
#6 /www/wwwroot/yunbao.com/public/appapi/index.php(15): PhalApi->response()
#7 {main}
2021-01-04 16:52:39|ERROR|User.GetBaseInfo|PDOException: You have an error in your SQL syntax; check the manual that corresponds to your MySQL server version for the right syntax to use near ')' at line 1 in /www/wwwroot/yunbao.com/PhalApi/PhalApi/NotORM/NotORM/Result.php:258
Stack trace:
#0 /www/wwwroot/yunbao.com/PhalApi/PhalApi/NotORM/NotORM/Result.php(748): NotORM_Result->query('SELECT SUM(chan...', Array)
#1 /www/wwwroot/yunbao.com/PhalApi/PhalApi/NotORM/NotORM/Result.php(790): NotORM_Result->aggregation('SUM(change_mone...')
#2 /www/wwwroot/yunbao.com/PhalApi/Appapi/Model/User.php(22): NotORM_Result->sum('change_money')
#3 /www/wwwroot/yunbao.com/PhalApi/Appapi/Domain/User.php(9): Model_User->getBaseInfo('42914')
#4 /www/wwwroot/yunbao.com/PhalApi/Appapi/Api/User.php(1067): Domain_User->getBaseInfo('42914')
#5 /www/wwwroot/yunbao.com/PhalApi/PhalApi/PhalApi.php(57): Api_User->getBaseInfo()
#6 /www/wwwroot/yunbao.com/public/appapi/index.php(15): PhalApi->response()
#7 {main}
2021-01-04 16:52:48|ERROR|User.GetBaseInfo|PDOException: You have an error in your SQL syntax; check the manual that corresponds to your MySQL server version for the right syntax to use near ')' at line 1 in /www/wwwroot/yunbao.com/PhalApi/PhalApi/NotORM/NotORM/Result.php:258
Stack trace:
#0 /www/wwwroot/yunbao.com/PhalApi/PhalApi/NotORM/NotORM/Result.php(748): NotORM_Result->query('SELECT SUM(chan...', Array)
#1 /www/wwwroot/yunbao.com/PhalApi/PhalApi/NotORM/NotORM/Result.php(790): NotORM_Result->aggregation('SUM(change_mone...')
#2 /www/wwwroot/yunbao.com/PhalApi/Appapi/Model/User.php(22): NotORM_Result->sum('change_money')
#3 /www/wwwroot/yunbao.com/PhalApi/Appapi/Domain/User.php(9): Model_User->getBaseInfo('42914')
#4 /www/wwwroot/yunbao.com/PhalApi/Appapi/Api/User.php(1067): Domain_User->getBaseInfo('42914')
#5 /www/wwwroot/yunbao.com/PhalApi/PhalApi/PhalApi.php(57): Api_User->getBaseInfo()
#6 /www/wwwroot/yunbao.com/public/appapi/index.php(15): PhalApi->response()
#7 {main}
2021-01-04 16:52:48|ERROR|User.GetUserBankList|PDOException: You have an error in your SQL syntax; check the manual that corresponds to your MySQL server version for the right syntax to use near ')' at line 1 in /www/wwwroot/yunbao.com/PhalApi/PhalApi/NotORM/NotORM/Result.php:258
Stack trace:
#0 /www/wwwroot/yunbao.com/PhalApi/PhalApi/NotORM/NotORM/Result.php(748): NotORM_Result->query('SELECT SUM(chan...', Array)
#1 /www/wwwroot/yunbao.com/PhalApi/PhalApi/NotORM/NotORM/Result.php(790): NotORM_Result->aggregation('SUM(change_mone...')
#2 /www/wwwroot/yunbao.com/PhalApi/Appapi/Model/User.php(22): NotORM_Result->sum('change_money')
#3 /www/wwwroot/yunbao.com/PhalApi/Appapi/Domain/User.php(9): Model_User->getBaseInfo('42914')
#4 /www/wwwroot/yunbao.com/PhalApi/Appapi/Api/User.php(464): Domain_User->getBaseInfo('42914')
#5 /www/wwwroot/yunbao.com/PhalApi/PhalApi/PhalApi.php(57): Api_User->getUserBankList()
#6 /www/wwwroot/yunbao.com/public/appapi/index.php(15): PhalApi->response()
#7 {main}
2021-01-04 16:52:53|ERROR|User.GetBaseInfo|PDOException: You have an error in your SQL syntax; check the manual that corresponds to your MySQL server version for the right syntax to use near ')' at line 1 in /www/wwwroot/yunbao.com/PhalApi/PhalApi/NotORM/NotORM/Result.php:258
Stack trace:
#0 /www/wwwroot/yunbao.com/PhalApi/PhalApi/NotORM/NotORM/Result.php(748): NotORM_Result->query('SELECT SUM(chan...', Array)
#1 /www/wwwroot/yunbao.com/PhalApi/PhalApi/NotORM/NotORM/Result.php(790): NotORM_Result->aggregation('SUM(change_mone...')
#2 /www/wwwroot/yunbao.com/PhalApi/Appapi/Model/User.php(22): NotORM_Result->sum('change_money')
#3 /www/wwwroot/yunbao.com/PhalApi/Appapi/Domain/User.php(9): Model_User->getBaseInfo('42914')
#4 /www/wwwroot/yunbao.com/PhalApi/Appapi/Api/User.php(1067): Domain_User->getBaseInfo('42914')
#5 /www/wwwroot/yunbao.com/PhalApi/PhalApi/PhalApi.php(57): Api_User->getBaseInfo()
#6 /www/wwwroot/yunbao.com/public/appapi/index.php(15): PhalApi->response()
#7 {main}
2021-01-04 16:52:53|ERROR|User.getBaseInfo|PDOException: You have an error in your SQL syntax; check the manual that corresponds to your MySQL server version for the right syntax to use near ')' at line 1 in /www/wwwroot/yunbao.com/PhalApi/PhalApi/NotORM/NotORM/Result.php:258
Stack trace:
#0 /www/wwwroot/yunbao.com/PhalApi/PhalApi/NotORM/NotORM/Result.php(748): NotORM_Result->query('SELECT SUM(chan...', Array)
#1 /www/wwwroot/yunbao.com/PhalApi/PhalApi/NotORM/NotORM/Result.php(790): NotORM_Result->aggregation('SUM(change_mone...')
#2 /www/wwwroot/yunbao.com/PhalApi/Appapi/Model/User.php(22): NotORM_Result->sum('change_money')
#3 /www/wwwroot/yunbao.com/PhalApi/Appapi/Domain/User.php(9): Model_User->getBaseInfo('42914')
#4 /www/wwwroot/yunbao.com/PhalApi/Appapi/Api/User.php(1067): Domain_User->getBaseInfo('42914')
#5 /www/wwwroot/yunbao.com/PhalApi/PhalApi/PhalApi.php(57): Api_User->getBaseInfo()
#6 /www/wwwroot/yunbao.com/public/appapi/index.php(15): PhalApi->response()
#7 {main}
2021-01-04 16:53:04|ERROR|User.getBaseInfo|PDOException: You have an error in your SQL syntax; check the manual that corresponds to your MySQL server version for the right syntax to use near ')' at line 1 in /www/wwwroot/yunbao.com/PhalApi/PhalApi/NotORM/NotORM/Result.php:258
Stack trace:
#0 /www/wwwroot/yunbao.com/PhalApi/PhalApi/NotORM/NotORM/Result.php(748): NotORM_Result->query('SELECT SUM(chan...', Array)
#1 /www/wwwroot/yunbao.com/PhalApi/PhalApi/NotORM/NotORM/Result.php(790): NotORM_Result->aggregation('SUM(change_mone...')
#2 /www/wwwroot/yunbao.com/PhalApi/Appapi/Model/User.php(22): NotORM_Result->sum('change_money')
#3 /www/wwwroot/yunbao.com/PhalApi/Appapi/Domain/User.php(9): Model_User->getBaseInfo('42914')
#4 /www/wwwroot/yunbao.com/PhalApi/Appapi/Api/User.php(1067): Domain_User->getBaseInfo('42914')
#5 /www/wwwroot/yunbao.com/PhalApi/PhalApi/PhalApi.php(57): Api_User->getBaseInfo()
#6 /www/wwwroot/yunbao.com/public/appapi/index.php(15): PhalApi->response()
#7 {main}
2021-01-04 16:53:04|ERROR|User.GetBaseInfo|PDOException: You have an error in your SQL syntax; check the manual that corresponds to your MySQL server version for the right syntax to use near ')' at line 1 in /www/wwwroot/yunbao.com/PhalApi/PhalApi/NotORM/NotORM/Result.php:258
Stack trace:
#0 /www/wwwroot/yunbao.com/PhalApi/PhalApi/NotORM/NotORM/Result.php(748): NotORM_Result->query('SELECT SUM(chan...', Array)
#1 /www/wwwroot/yunbao.com/PhalApi/PhalApi/NotORM/NotORM/Result.php(790): NotORM_Result->aggregation('SUM(change_mone...')
#2 /www/wwwroot/yunbao.com/PhalApi/Appapi/Model/User.php(22): NotORM_Result->sum('change_money')
#3 /www/wwwroot/yunbao.com/PhalApi/Appapi/Domain/User.php(9): Model_User->getBaseInfo('42914')
#4 /www/wwwroot/yunbao.com/PhalApi/Appapi/Api/User.php(1067): Domain_User->getBaseInfo('42914')
#5 /www/wwwroot/yunbao.com/PhalApi/PhalApi/PhalApi.php(57): Api_User->getBaseInfo()
#6 /www/wwwroot/yunbao.com/public/appapi/index.php(15): PhalApi->response()
#7 {main}
2021-01-04 17:07:39|ERROR|Home.getNearby|PDOException: The user specified as a definer ('livenew'@'127.0.0.1') does not exist in /www/wwwroot/yunbao.com/PhalApi/PhalApi/NotORM/NotORM/Result.php:258
Stack trace:
#0 /www/wwwroot/yunbao.com/PhalApi/PhalApi/NotORM/NotORM/Result.php(811): NotORM_Result->query('SELECT uid,titl...', Array)
#1 /www/wwwroot/yunbao.com/PhalApi/PhalApi/NotORM/NotORM/Result.php(896): NotORM_Result->execute()
#2 /www/wwwroot/yunbao.com/PhalApi/Appapi/Model/Home.php(285): NotORM_Result->fetchAll()
#3 /www/wwwroot/yunbao.com/PhalApi/Appapi/Domain/Home.php(61): Model_Home->getNearby('0.0', '0.0', '1')
#4 /www/wwwroot/yunbao.com/PhalApi/Appapi/Api/Home.php(537): Domain_Home->getNearby('0.0', '0.0', '1')
#5 /www/wwwroot/yunbao.com/PhalApi/PhalApi/PhalApi.php(57): Api_Home->getNearby()
#6 /www/wwwroot/yunbao.com/public/appapi/index.php(15): PhalApi->response()
#7 {main}
2021-01-04 17:08:42|ERROR|Home.getNearby|PDOException: The user specified as a definer ('livenew'@'127.0.0.1') does not exist in /www/wwwroot/yunbao.com/PhalApi/PhalApi/NotORM/NotORM/Result.php:258
Stack trace:
#0 /www/wwwroot/yunbao.com/PhalApi/PhalApi/NotORM/NotORM/Result.php(811): NotORM_Result->query('SELECT uid,titl...', Array)
#1 /www/wwwroot/yunbao.com/PhalApi/PhalApi/NotORM/NotORM/Result.php(896): NotORM_Result->execute()
#2 /www/wwwroot/yunbao.com/PhalApi/Appapi/Model/Home.php(285): NotORM_Result->fetchAll()
#3 /www/wwwroot/yunbao.com/PhalApi/Appapi/Domain/Home.php(61): Model_Home->getNearby('0.0', '0.0', '1')
#4 /www/wwwroot/yunbao.com/PhalApi/Appapi/Api/Home.php(537): Domain_Home->getNearby('0.0', '0.0', '1')
#5 /www/wwwroot/yunbao.com/PhalApi/PhalApi/PhalApi.php(57): Api_Home->getNearby()
#6 /www/wwwroot/yunbao.com/public/appapi/index.php(15): PhalApi->response()
#7 {main}
2021-01-04 17:09:01|ERROR|Home.getNearby|PDOException: The user specified as a definer ('livenew'@'127.0.0.1') does not exist in /www/wwwroot/yunbao.com/PhalApi/PhalApi/NotORM/NotORM/Result.php:258
Stack trace:
#0 /www/wwwroot/yunbao.com/PhalApi/PhalApi/NotORM/NotORM/Result.php(811): NotORM_Result->query('SELECT uid,titl...', Array)
#1 /www/wwwroot/yunbao.com/PhalApi/PhalApi/NotORM/NotORM/Result.php(896): NotORM_Result->execute()
#2 /www/wwwroot/yunbao.com/PhalApi/Appapi/Model/Home.php(285): NotORM_Result->fetchAll()
#3 /www/wwwroot/yunbao.com/PhalApi/Appapi/Domain/Home.php(61): Model_Home->getNearby('0.0', '0.0', '1')
#4 /www/wwwroot/yunbao.com/PhalApi/Appapi/Api/Home.php(537): Domain_Home->getNearby('0.0', '0.0', '1')
#5 /www/wwwroot/yunbao.com/PhalApi/PhalApi/PhalApi.php(57): Api_Home->getNearby()
#6 /www/wwwroot/yunbao.com/public/appapi/index.php(15): PhalApi->response()
#7 {main}
2021-01-04 17:09:36|ERROR|Home.getNearby|PDOException: The user specified as a definer ('livenew'@'127.0.0.1') does not exist in /www/wwwroot/yunbao.com/PhalApi/PhalApi/NotORM/NotORM/Result.php:258
Stack trace:
#0 /www/wwwroot/yunbao.com/PhalApi/PhalApi/NotORM/NotORM/Result.php(811): NotORM_Result->query('SELECT uid,titl...', Array)
#1 /www/wwwroot/yunbao.com/PhalApi/PhalApi/NotORM/NotORM/Result.php(896): NotORM_Result->execute()
#2 /www/wwwroot/yunbao.com/PhalApi/Appapi/Model/Home.php(285): NotORM_Result->fetchAll()
#3 /www/wwwroot/yunbao.com/PhalApi/Appapi/Domain/Home.php(61): Model_Home->getNearby('0.0', '0.0', '1')
#4 /www/wwwroot/yunbao.com/PhalApi/Appapi/Api/Home.php(537): Domain_Home->getNearby('0.0', '0.0', '1')
#5 /www/wwwroot/yunbao.com/PhalApi/PhalApi/PhalApi.php(57): Api_Home->getNearby()
#6 /www/wwwroot/yunbao.com/public/appapi/index.php(15): PhalApi->response()
#7 {main}
2021-01-04 19:55:23|ERROR|Home.getNearby|PDOException: The user specified as a definer ('livenew'@'127.0.0.1') does not exist in /www/wwwroot/yunbao.com/PhalApi/PhalApi/NotORM/NotORM/Result.php:258
Stack trace:
#0 /www/wwwroot/yunbao.com/PhalApi/PhalApi/NotORM/NotORM/Result.php(811): NotORM_Result->query('SELECT uid,titl...', Array)
#1 /www/wwwroot/yunbao.com/PhalApi/PhalApi/NotORM/NotORM/Result.php(896): NotORM_Result->execute()
#2 /www/wwwroot/yunbao.com/PhalApi/Appapi/Model/Home.php(285): NotORM_Result->fetchAll()
#3 /www/wwwroot/yunbao.com/PhalApi/Appapi/Domain/Home.php(61): Model_Home->getNearby('0.0', '0.0', '1')
#4 /www/wwwroot/yunbao.com/PhalApi/Appapi/Api/Home.php(537): Domain_Home->getNearby('0.0', '0.0', '1')
#5 /www/wwwroot/yunbao.com/PhalApi/PhalApi/PhalApi.php(57): Api_Home->getNearby()
#6 /www/wwwroot/yunbao.com/public/appapi/index.php(15): PhalApi->response()
#7 {main}
2021-01-04 19:55:25|ERROR|Home.getNearby|PDOException: The user specified as a definer ('livenew'@'127.0.0.1') does not exist in /www/wwwroot/yunbao.com/PhalApi/PhalApi/NotORM/NotORM/Result.php:258
Stack trace:
#0 /www/wwwroot/yunbao.com/PhalApi/PhalApi/NotORM/NotORM/Result.php(811): NotORM_Result->query('SELECT uid,titl...', Array)
#1 /www/wwwroot/yunbao.com/PhalApi/PhalApi/NotORM/NotORM/Result.php(896): NotORM_Result->execute()
#2 /www/wwwroot/yunbao.com/PhalApi/Appapi/Model/Home.php(285): NotORM_Result->fetchAll()
#3 /www/wwwroot/yunbao.com/PhalApi/Appapi/Domain/Home.php(61): Model_Home->getNearby('0.0', '0.0', '1')
#4 /www/wwwroot/yunbao.com/PhalApi/Appapi/Api/Home.php(537): Domain_Home->getNearby('0.0', '0.0', '1')
#5 /www/wwwroot/yunbao.com/PhalApi/PhalApi/PhalApi.php(57): Api_Home->getNearby()
#6 /www/wwwroot/yunbao.com/public/appapi/index.php(15): PhalApi->response()
#7 {main}
2021-01-04 19:55:25|ERROR|Home.getNearby|PDOException: The user specified as a definer ('livenew'@'127.0.0.1') does not exist in /www/wwwroot/yunbao.com/PhalApi/PhalApi/NotORM/NotORM/Result.php:258
Stack trace:
#0 /www/wwwroot/yunbao.com/PhalApi/PhalApi/NotORM/NotORM/Result.php(811): NotORM_Result->query('SELECT uid,titl...', Array)
#1 /www/wwwroot/yunbao.com/PhalApi/PhalApi/NotORM/NotORM/Result.php(896): NotORM_Result->execute()
#2 /www/wwwroot/yunbao.com/PhalApi/Appapi/Model/Home.php(285): NotORM_Result->fetchAll()
#3 /www/wwwroot/yunbao.com/PhalApi/Appapi/Domain/Home.php(61): Model_Home->getNearby('0.0', '0.0', '1')
#4 /www/wwwroot/yunbao.com/PhalApi/Appapi/Api/Home.php(537): Domain_Home->getNearby('0.0', '0.0', '1')
#5 /www/wwwroot/yunbao.com/PhalApi/PhalApi/PhalApi.php(57): Api_Home->getNearby()
#6 /www/wwwroot/yunbao.com/public/appapi/index.php(15): PhalApi->response()
#7 {main}
2021-01-04 19:55:25|ERROR|Home.getNearby|PDOException: The user specified as a definer ('livenew'@'127.0.0.1') does not exist in /www/wwwroot/yunbao.com/PhalApi/PhalApi/NotORM/NotORM/Result.php:258
Stack trace:
#0 /www/wwwroot/yunbao.com/PhalApi/PhalApi/NotORM/NotORM/Result.php(811): NotORM_Result->query('SELECT uid,titl...', Array)
#1 /www/wwwroot/yunbao.com/PhalApi/PhalApi/NotORM/NotORM/Result.php(896): NotORM_Result->execute()
#2 /www/wwwroot/yunbao.com/PhalApi/Appapi/Model/Home.php(285): NotORM_Result->fetchAll()
#3 /www/wwwroot/yunbao.com/PhalApi/Appapi/Domain/Home.php(61): Model_Home->getNearby('0.0', '0.0', '1')
#4 /www/wwwroot/yunbao.com/PhalApi/Appapi/Api/Home.php(537): Domain_Home->getNearby('0.0', '0.0', '1')
#5 /www/wwwroot/yunbao.com/PhalApi/PhalApi/PhalApi.php(57): Api_Home->getNearby()
#6 /www/wwwroot/yunbao.com/public/appapi/index.php(15): PhalApi->response()
#7 {main}
2021-01-04 19:58:25|ERROR|Home.getNearby|PDOException: The user specified as a definer ('livenew'@'127.0.0.1') does not exist in /www/wwwroot/yunbao.com/PhalApi/PhalApi/NotORM/NotORM/Result.php:258
Stack trace:
#0 /www/wwwroot/yunbao.com/PhalApi/PhalApi/NotORM/NotORM/Result.php(811): NotORM_Result->query('SELECT uid,titl...', Array)
#1 /www/wwwroot/yunbao.com/PhalApi/PhalApi/NotORM/NotORM/Result.php(896): NotORM_Result->execute()
#2 /www/wwwroot/yunbao.com/PhalApi/Appapi/Model/Home.php(285): NotORM_Result->fetchAll()
#3 /www/wwwroot/yunbao.com/PhalApi/Appapi/Domain/Home.php(61): Model_Home->getNearby('0.0', '0.0', '1')
#4 /www/wwwroot/yunbao.com/PhalApi/Appapi/Api/Home.php(537): Domain_Home->getNearby('0.0', '0.0', '1')
#5 /www/wwwroot/yunbao.com/PhalApi/PhalApi/PhalApi.php(57): Api_Home->getNearby()
#6 /www/wwwroot/yunbao.com/public/appapi/index.php(15): PhalApi->response()
#7 {main}
2021-01-04 20:12:08|ERROR|Home.getNearby|PDOException: The user specified as a definer ('livenew'@'127.0.0.1') does not exist in /www/wwwroot/yunbao.com/PhalApi/PhalApi/NotORM/NotORM/Result.php:258
Stack trace:
#0 /www/wwwroot/yunbao.com/PhalApi/PhalApi/NotORM/NotORM/Result.php(811): NotORM_Result->query('SELECT uid,titl...', Array)
#1 /www/wwwroot/yunbao.com/PhalApi/PhalApi/NotORM/NotORM/Result.php(896): NotORM_Result->execute()
#2 /www/wwwroot/yunbao.com/PhalApi/Appapi/Model/Home.php(285): NotORM_Result->fetchAll()
#3 /www/wwwroot/yunbao.com/PhalApi/Appapi/Domain/Home.php(61): Model_Home->getNearby('0.0', '0.0', '1')
#4 /www/wwwroot/yunbao.com/PhalApi/Appapi/Api/Home.php(537): Domain_Home->getNearby('0.0', '0.0', '1')
#5 /www/wwwroot/yunbao.com/PhalApi/PhalApi/PhalApi.php(57): Api_Home->getNearby()
#6 /www/wwwroot/yunbao.com/public/appapi/index.php(15): PhalApi->response()
#7 {main}
2021-01-04 20:14:09|ERROR|Home.GetNearby|PDOException: The user specified as a definer ('livenew'@'127.0.0.1') does not exist in /www/wwwroot/yunbao.com/PhalApi/PhalApi/NotORM/NotORM/Result.php:258
Stack trace:
#0 /www/wwwroot/yunbao.com/PhalApi/PhalApi/NotORM/NotORM/Result.php(811): NotORM_Result->query('SELECT uid,titl...', Array)
#1 /www/wwwroot/yunbao.com/PhalApi/PhalApi/NotORM/NotORM/Result.php(896): NotORM_Result->execute()
#2 /www/wwwroot/yunbao.com/PhalApi/Appapi/Model/Home.php(285): NotORM_Result->fetchAll()
#3 /www/wwwroot/yunbao.com/PhalApi/Appapi/Domain/Home.php(61): Model_Home->getNearby('0.0', '0.0', '1')
#4 /www/wwwroot/yunbao.com/PhalApi/Appapi/Api/Home.php(537): Domain_Home->getNearby('0.0', '0.0', '1')
#5 /www/wwwroot/yunbao.com/PhalApi/PhalApi/PhalApi.php(57): Api_Home->getNearby()
#6 /www/wwwroot/yunbao.com/public/appapi/index.php(15): PhalApi->response()
#7 {main}
