2021-01-24 14:54:56|ERROR|User.AddUserBank|PDOException: Incorrect string value: '\x8E\xE8\xB7\x9F' for column 'last_card' at row 1 in /www/wwwroot/yunbao.com/PhalApi/PhalApi/NotORM/NotORM/Result.php:258
Stack trace:
#0 /www/wwwroot/yunbao.com/PhalApi/PhalApi/NotORM/NotORM/Result.php(339): NotORM_Result->query('INSERT INTO cmf...', Array)
#1 /www/wwwroot/yunbao.com/PhalApi/PhalApi/NotORM/NotORM/Result.php(356): NotORM_Result->insert_multi(Array)
#2 /www/wwwroot/yunbao.com/PhalApi/Appapi/Api/User.php(783): NotORM_Result->insert(Array)
#3 /www/wwwroot/yunbao.com/PhalApi/PhalApi/PhalApi.php(57): Api_User->addUserBank()
#4 /www/wwwroot/yunbao.com/public/appapi/index.php(15): PhalApi->response()
#5 {main}
2021-01-24 14:54:58|ERROR|User.AddUserBank|PDOException: Incorrect string value: '\x8E\xE8\xB7\x9F' for column 'last_card' at row 1 in /www/wwwroot/yunbao.com/PhalApi/PhalApi/NotORM/NotORM/Result.php:258
Stack trace:
#0 /www/wwwroot/yunbao.com/PhalApi/PhalApi/NotORM/NotORM/Result.php(339): NotORM_Result->query('INSERT INTO cmf...', Array)
#1 /www/wwwroot/yunbao.com/PhalApi/PhalApi/NotORM/NotORM/Result.php(356): NotORM_Result->insert_multi(Array)
#2 /www/wwwroot/yunbao.com/PhalApi/Appapi/Api/User.php(783): NotORM_Result->insert(Array)
#3 /www/wwwroot/yunbao.com/PhalApi/PhalApi/PhalApi.php(57): Api_User->addUserBank()
#4 /www/wwwroot/yunbao.com/public/appapi/index.php(15): PhalApi->response()
#5 {main}
2021-01-24 14:55:00|ERROR|User.AddUserBank|PDOException: Incorrect string value: '\x8E\xE8\xB7\x9F' for column 'last_card' at row 1 in /www/wwwroot/yunbao.com/PhalApi/PhalApi/NotORM/NotORM/Result.php:258
Stack trace:
#0 /www/wwwroot/yunbao.com/PhalApi/PhalApi/NotORM/NotORM/Result.php(339): NotORM_Result->query('INSERT INTO cmf...', Array)
#1 /www/wwwroot/yunbao.com/PhalApi/PhalApi/NotORM/NotORM/Result.php(356): NotORM_Result->insert_multi(Array)
#2 /www/wwwroot/yunbao.com/PhalApi/Appapi/Api/User.php(783): NotORM_Result->insert(Array)
#3 /www/wwwroot/yunbao.com/PhalApi/PhalApi/PhalApi.php(57): Api_User->addUserBank()
#4 /www/wwwroot/yunbao.com/public/appapi/index.php(15): PhalApi->response()
#5 {main}
2021-01-24 14:55:00|ERROR|User.AddUserBank|PDOException: Incorrect string value: '\x8E\xE8\xB7\x9F' for column 'last_card' at row 1 in /www/wwwroot/yunbao.com/PhalApi/PhalApi/NotORM/NotORM/Result.php:258
Stack trace:
#0 /www/wwwroot/yunbao.com/PhalApi/PhalApi/NotORM/NotORM/Result.php(339): NotORM_Result->query('INSERT INTO cmf...', Array)
#1 /www/wwwroot/yunbao.com/PhalApi/PhalApi/NotORM/NotORM/Result.php(356): NotORM_Result->insert_multi(Array)
#2 /www/wwwroot/yunbao.com/PhalApi/Appapi/Api/User.php(783): NotORM_Result->insert(Array)
#3 /www/wwwroot/yunbao.com/PhalApi/PhalApi/PhalApi.php(57): Api_User->addUserBank()
#4 /www/wwwroot/yunbao.com/public/appapi/index.php(15): PhalApi->response()
#5 {main}
2021-01-24 14:55:01|ERROR|User.AddUserBank|PDOException: Incorrect string value: '\x8E\xE8\xB7\x9F' for column 'last_card' at row 1 in /www/wwwroot/yunbao.com/PhalApi/PhalApi/NotORM/NotORM/Result.php:258
Stack trace:
#0 /www/wwwroot/yunbao.com/PhalApi/PhalApi/NotORM/NotORM/Result.php(339): NotORM_Result->query('INSERT INTO cmf...', Array)
#1 /www/wwwroot/yunbao.com/PhalApi/PhalApi/NotORM/NotORM/Result.php(356): NotORM_Result->insert_multi(Array)
#2 /www/wwwroot/yunbao.com/PhalApi/Appapi/Api/User.php(783): NotORM_Result->insert(Array)
#3 /www/wwwroot/yunbao.com/PhalApi/PhalApi/PhalApi.php(57): Api_User->addUserBank()
#4 /www/wwwroot/yunbao.com/public/appapi/index.php(15): PhalApi->response()
#5 {main}
2021-01-24 14:55:01|ERROR|User.AddUserBank|PDOException: Incorrect string value: '\x8E\xE8\xB7\x9F' for column 'last_card' at row 1 in /www/wwwroot/yunbao.com/PhalApi/PhalApi/NotORM/NotORM/Result.php:258
Stack trace:
#0 /www/wwwroot/yunbao.com/PhalApi/PhalApi/NotORM/NotORM/Result.php(339): NotORM_Result->query('INSERT INTO cmf...', Array)
#1 /www/wwwroot/yunbao.com/PhalApi/PhalApi/NotORM/NotORM/Result.php(356): NotORM_Result->insert_multi(Array)
#2 /www/wwwroot/yunbao.com/PhalApi/Appapi/Api/User.php(783): NotORM_Result->insert(Array)
#3 /www/wwwroot/yunbao.com/PhalApi/PhalApi/PhalApi.php(57): Api_User->addUserBank()
#4 /www/wwwroot/yunbao.com/public/appapi/index.php(15): PhalApi->response()
#5 {main}
2021-01-24 14:55:01|ERROR|User.AddUserBank|PDOException: Incorrect string value: '\x8E\xE8\xB7\x9F' for column 'last_card' at row 1 in /www/wwwroot/yunbao.com/PhalApi/PhalApi/NotORM/NotORM/Result.php:258
Stack trace:
#0 /www/wwwroot/yunbao.com/PhalApi/PhalApi/NotORM/NotORM/Result.php(339): NotORM_Result->query('INSERT INTO cmf...', Array)
#1 /www/wwwroot/yunbao.com/PhalApi/PhalApi/NotORM/NotORM/Result.php(356): NotORM_Result->insert_multi(Array)
#2 /www/wwwroot/yunbao.com/PhalApi/Appapi/Api/User.php(783): NotORM_Result->insert(Array)
#3 /www/wwwroot/yunbao.com/PhalApi/PhalApi/PhalApi.php(57): Api_User->addUserBank()
#4 /www/wwwroot/yunbao.com/public/appapi/index.php(15): PhalApi->response()
#5 {main}
2021-01-24 14:55:01|ERROR|User.AddUserBank|PDOException: Incorrect string value: '\x8E\xE8\xB7\x9F' for column 'last_card' at row 1 in /www/wwwroot/yunbao.com/PhalApi/PhalApi/NotORM/NotORM/Result.php:258
Stack trace:
#0 /www/wwwroot/yunbao.com/PhalApi/PhalApi/NotORM/NotORM/Result.php(339): NotORM_Result->query('INSERT INTO cmf...', Array)
#1 /www/wwwroot/yunbao.com/PhalApi/PhalApi/NotORM/NotORM/Result.php(356): NotORM_Result->insert_multi(Array)
#2 /www/wwwroot/yunbao.com/PhalApi/Appapi/Api/User.php(783): NotORM_Result->insert(Array)
#3 /www/wwwroot/yunbao.com/PhalApi/PhalApi/PhalApi.php(57): Api_User->addUserBank()
#4 /www/wwwroot/yunbao.com/public/appapi/index.php(15): PhalApi->response()
#5 {main}
2021-01-24 14:55:01|ERROR|User.AddUserBank|PDOException: Incorrect string value: '\x8E\xE8\xB7\x9F' for column 'last_card' at row 1 in /www/wwwroot/yunbao.com/PhalApi/PhalApi/NotORM/NotORM/Result.php:258
Stack trace:
#0 /www/wwwroot/yunbao.com/PhalApi/PhalApi/NotORM/NotORM/Result.php(339): NotORM_Result->query('INSERT INTO cmf...', Array)
#1 /www/wwwroot/yunbao.com/PhalApi/PhalApi/NotORM/NotORM/Result.php(356): NotORM_Result->insert_multi(Array)
#2 /www/wwwroot/yunbao.com/PhalApi/Appapi/Api/User.php(783): NotORM_Result->insert(Array)
#3 /www/wwwroot/yunbao.com/PhalApi/PhalApi/PhalApi.php(57): Api_User->addUserBank()
#4 /www/wwwroot/yunbao.com/public/appapi/index.php(15): PhalApi->response()
#5 {main}
2021-01-24 14:55:18|ERROR|User.AddUserBank|PDOException: Incorrect string value: '\x8E\xE8\xB7\x9F' for column 'last_card' at row 1 in /www/wwwroot/yunbao.com/PhalApi/PhalApi/NotORM/NotORM/Result.php:258
Stack trace:
#0 /www/wwwroot/yunbao.com/PhalApi/PhalApi/NotORM/NotORM/Result.php(339): NotORM_Result->query('INSERT INTO cmf...', Array)
#1 /www/wwwroot/yunbao.com/PhalApi/PhalApi/NotORM/NotORM/Result.php(356): NotORM_Result->insert_multi(Array)
#2 /www/wwwroot/yunbao.com/PhalApi/Appapi/Api/User.php(783): NotORM_Result->insert(Array)
#3 /www/wwwroot/yunbao.com/PhalApi/PhalApi/PhalApi.php(57): Api_User->addUserBank()
#4 /www/wwwroot/yunbao.com/public/appapi/index.php(15): PhalApi->response()
#5 {main}
2021-01-24 14:55:18|ERROR|User.AddUserBank|PDOException: Incorrect string value: '\x8E\xE8\xB7\x9F' for column 'last_card' at row 1 in /www/wwwroot/yunbao.com/PhalApi/PhalApi/NotORM/NotORM/Result.php:258
Stack trace:
#0 /www/wwwroot/yunbao.com/PhalApi/PhalApi/NotORM/NotORM/Result.php(339): NotORM_Result->query('INSERT INTO cmf...', Array)
#1 /www/wwwroot/yunbao.com/PhalApi/PhalApi/NotORM/NotORM/Result.php(356): NotORM_Result->insert_multi(Array)
#2 /www/wwwroot/yunbao.com/PhalApi/Appapi/Api/User.php(783): NotORM_Result->insert(Array)
#3 /www/wwwroot/yunbao.com/PhalApi/PhalApi/PhalApi.php(57): Api_User->addUserBank()
#4 /www/wwwroot/yunbao.com/public/appapi/index.php(15): PhalApi->response()
#5 {main}
2021-01-24 14:55:18|ERROR|User.AddUserBank|PDOException: Incorrect string value: '\x8E\xE8\xB7\x9F' for column 'last_card' at row 1 in /www/wwwroot/yunbao.com/PhalApi/PhalApi/NotORM/NotORM/Result.php:258
Stack trace:
#0 /www/wwwroot/yunbao.com/PhalApi/PhalApi/NotORM/NotORM/Result.php(339): NotORM_Result->query('INSERT INTO cmf...', Array)
#1 /www/wwwroot/yunbao.com/PhalApi/PhalApi/NotORM/NotORM/Result.php(356): NotORM_Result->insert_multi(Array)
#2 /www/wwwroot/yunbao.com/PhalApi/Appapi/Api/User.php(783): NotORM_Result->insert(Array)
#3 /www/wwwroot/yunbao.com/PhalApi/PhalApi/PhalApi.php(57): Api_User->addUserBank()
#4 /www/wwwroot/yunbao.com/public/appapi/index.php(15): PhalApi->response()
#5 {main}
2021-01-24 14:55:18|ERROR|User.AddUserBank|PDOException: Incorrect string value: '\x8E\xE8\xB7\x9F' for column 'last_card' at row 1 in /www/wwwroot/yunbao.com/PhalApi/PhalApi/NotORM/NotORM/Result.php:258
Stack trace:
#0 /www/wwwroot/yunbao.com/PhalApi/PhalApi/NotORM/NotORM/Result.php(339): NotORM_Result->query('INSERT INTO cmf...', Array)
#1 /www/wwwroot/yunbao.com/PhalApi/PhalApi/NotORM/NotORM/Result.php(356): NotORM_Result->insert_multi(Array)
#2 /www/wwwroot/yunbao.com/PhalApi/Appapi/Api/User.php(783): NotORM_Result->insert(Array)
#3 /www/wwwroot/yunbao.com/PhalApi/PhalApi/PhalApi.php(57): Api_User->addUserBank()
#4 /www/wwwroot/yunbao.com/public/appapi/index.php(15): PhalApi->response()
#5 {main}
2021-01-24 14:55:18|ERROR|User.AddUserBank|PDOException: Incorrect string value: '\x8E\xE8\xB7\x9F' for column 'last_card' at row 1 in /www/wwwroot/yunbao.com/PhalApi/PhalApi/NotORM/NotORM/Result.php:258
Stack trace:
#0 /www/wwwroot/yunbao.com/PhalApi/PhalApi/NotORM/NotORM/Result.php(339): NotORM_Result->query('INSERT INTO cmf...', Array)
#1 /www/wwwroot/yunbao.com/PhalApi/PhalApi/NotORM/NotORM/Result.php(356): NotORM_Result->insert_multi(Array)
#2 /www/wwwroot/yunbao.com/PhalApi/Appapi/Api/User.php(783): NotORM_Result->insert(Array)
#3 /www/wwwroot/yunbao.com/PhalApi/PhalApi/PhalApi.php(57): Api_User->addUserBank()
#4 /www/wwwroot/yunbao.com/public/appapi/index.php(15): PhalApi->response()
#5 {main}
2021-01-24 14:55:18|ERROR|User.AddUserBank|PDOException: Incorrect string value: '\x8E\xE8\xB7\x9F' for column 'last_card' at row 1 in /www/wwwroot/yunbao.com/PhalApi/PhalApi/NotORM/NotORM/Result.php:258
Stack trace:
#0 /www/wwwroot/yunbao.com/PhalApi/PhalApi/NotORM/NotORM/Result.php(339): NotORM_Result->query('INSERT INTO cmf...', Array)
#1 /www/wwwroot/yunbao.com/PhalApi/PhalApi/NotORM/NotORM/Result.php(356): NotORM_Result->insert_multi(Array)
#2 /www/wwwroot/yunbao.com/PhalApi/Appapi/Api/User.php(783): NotORM_Result->insert(Array)
#3 /www/wwwroot/yunbao.com/PhalApi/PhalApi/PhalApi.php(57): Api_User->addUserBank()
#4 /www/wwwroot/yunbao.com/public/appapi/index.php(15): PhalApi->response()
#5 {main}
2021-01-24 14:55:19|ERROR|User.AddUserBank|PDOException: Incorrect string value: '\x8E\xE8\xB7\x9F' for column 'last_card' at row 1 in /www/wwwroot/yunbao.com/PhalApi/PhalApi/NotORM/NotORM/Result.php:258
Stack trace:
#0 /www/wwwroot/yunbao.com/PhalApi/PhalApi/NotORM/NotORM/Result.php(339): NotORM_Result->query('INSERT INTO cmf...', Array)
#1 /www/wwwroot/yunbao.com/PhalApi/PhalApi/NotORM/NotORM/Result.php(356): NotORM_Result->insert_multi(Array)
#2 /www/wwwroot/yunbao.com/PhalApi/Appapi/Api/User.php(783): NotORM_Result->insert(Array)
#3 /www/wwwroot/yunbao.com/PhalApi/PhalApi/PhalApi.php(57): Api_User->addUserBank()
#4 /www/wwwroot/yunbao.com/public/appapi/index.php(15): PhalApi->response()
#5 {main}
2021-01-24 14:55:20|ERROR|User.AddUserBank|PDOException: Incorrect string value: '\x8E\xE8\xB7\x9F' for column 'last_card' at row 1 in /www/wwwroot/yunbao.com/PhalApi/PhalApi/NotORM/NotORM/Result.php:258
Stack trace:
#0 /www/wwwroot/yunbao.com/PhalApi/PhalApi/NotORM/NotORM/Result.php(339): NotORM_Result->query('INSERT INTO cmf...', Array)
#1 /www/wwwroot/yunbao.com/PhalApi/PhalApi/NotORM/NotORM/Result.php(356): NotORM_Result->insert_multi(Array)
#2 /www/wwwroot/yunbao.com/PhalApi/Appapi/Api/User.php(783): NotORM_Result->insert(Array)
#3 /www/wwwroot/yunbao.com/PhalApi/PhalApi/PhalApi.php(57): Api_User->addUserBank()
#4 /www/wwwroot/yunbao.com/public/appapi/index.php(15): PhalApi->response()
#5 {main}
2021-01-24 14:55:20|ERROR|User.AddUserBank|PDOException: Incorrect string value: '\x8E\xE8\xB7\x9F' for column 'last_card' at row 1 in /www/wwwroot/yunbao.com/PhalApi/PhalApi/NotORM/NotORM/Result.php:258
Stack trace:
#0 /www/wwwroot/yunbao.com/PhalApi/PhalApi/NotORM/NotORM/Result.php(339): NotORM_Result->query('INSERT INTO cmf...', Array)
#1 /www/wwwroot/yunbao.com/PhalApi/PhalApi/NotORM/NotORM/Result.php(356): NotORM_Result->insert_multi(Array)
#2 /www/wwwroot/yunbao.com/PhalApi/Appapi/Api/User.php(783): NotORM_Result->insert(Array)
#3 /www/wwwroot/yunbao.com/PhalApi/PhalApi/PhalApi.php(57): Api_User->addUserBank()
#4 /www/wwwroot/yunbao.com/public/appapi/index.php(15): PhalApi->response()
#5 {main}
2021-01-24 14:55:20|ERROR|User.AddUserBank|PDOException: Incorrect string value: '\x8E\xE8\xB7\x9F' for column 'last_card' at row 1 in /www/wwwroot/yunbao.com/PhalApi/PhalApi/NotORM/NotORM/Result.php:258
Stack trace:
#0 /www/wwwroot/yunbao.com/PhalApi/PhalApi/NotORM/NotORM/Result.php(339): NotORM_Result->query('INSERT INTO cmf...', Array)
#1 /www/wwwroot/yunbao.com/PhalApi/PhalApi/NotORM/NotORM/Result.php(356): NotORM_Result->insert_multi(Array)
#2 /www/wwwroot/yunbao.com/PhalApi/Appapi/Api/User.php(783): NotORM_Result->insert(Array)
#3 /www/wwwroot/yunbao.com/PhalApi/PhalApi/PhalApi.php(57): Api_User->addUserBank()
#4 /www/wwwroot/yunbao.com/public/appapi/index.php(15): PhalApi->response()
#5 {main}
2021-01-24 14:55:20|ERROR|User.AddUserBank|PDOException: Incorrect string value: '\x8E\xE8\xB7\x9F' for column 'last_card' at row 1 in /www/wwwroot/yunbao.com/PhalApi/PhalApi/NotORM/NotORM/Result.php:258
Stack trace:
#0 /www/wwwroot/yunbao.com/PhalApi/PhalApi/NotORM/NotORM/Result.php(339): NotORM_Result->query('INSERT INTO cmf...', Array)
#1 /www/wwwroot/yunbao.com/PhalApi/PhalApi/NotORM/NotORM/Result.php(356): NotORM_Result->insert_multi(Array)
#2 /www/wwwroot/yunbao.com/PhalApi/Appapi/Api/User.php(783): NotORM_Result->insert(Array)
#3 /www/wwwroot/yunbao.com/PhalApi/PhalApi/PhalApi.php(57): Api_User->addUserBank()
#4 /www/wwwroot/yunbao.com/public/appapi/index.php(15): PhalApi->response()
#5 {main}
2021-01-24 14:55:20|ERROR|User.AddUserBank|PDOException: Incorrect string value: '\x8E\xE8\xB7\x9F' for column 'last_card' at row 1 in /www/wwwroot/yunbao.com/PhalApi/PhalApi/NotORM/NotORM/Result.php:258
Stack trace:
#0 /www/wwwroot/yunbao.com/PhalApi/PhalApi/NotORM/NotORM/Result.php(339): NotORM_Result->query('INSERT INTO cmf...', Array)
#1 /www/wwwroot/yunbao.com/PhalApi/PhalApi/NotORM/NotORM/Result.php(356): NotORM_Result->insert_multi(Array)
#2 /www/wwwroot/yunbao.com/PhalApi/Appapi/Api/User.php(783): NotORM_Result->insert(Array)
#3 /www/wwwroot/yunbao.com/PhalApi/PhalApi/PhalApi.php(57): Api_User->addUserBank()
#4 /www/wwwroot/yunbao.com/public/appapi/index.php(15): PhalApi->response()
#5 {main}
2021-01-24 14:55:20|ERROR|User.AddUserBank|PDOException: Incorrect string value: '\x8E\xE8\xB7\x9F' for column 'last_card' at row 1 in /www/wwwroot/yunbao.com/PhalApi/PhalApi/NotORM/NotORM/Result.php:258
Stack trace:
#0 /www/wwwroot/yunbao.com/PhalApi/PhalApi/NotORM/NotORM/Result.php(339): NotORM_Result->query('INSERT INTO cmf...', Array)
#1 /www/wwwroot/yunbao.com/PhalApi/PhalApi/NotORM/NotORM/Result.php(356): NotORM_Result->insert_multi(Array)
#2 /www/wwwroot/yunbao.com/PhalApi/Appapi/Api/User.php(783): NotORM_Result->insert(Array)
#3 /www/wwwroot/yunbao.com/PhalApi/PhalApi/PhalApi.php(57): Api_User->addUserBank()
#4 /www/wwwroot/yunbao.com/public/appapi/index.php(15): PhalApi->response()
#5 {main}
2021-01-24 14:55:20|ERROR|User.AddUserBank|PDOException: Incorrect string value: '\x8E\xE8\xB7\x9F' for column 'last_card' at row 1 in /www/wwwroot/yunbao.com/PhalApi/PhalApi/NotORM/NotORM/Result.php:258
Stack trace:
#0 /www/wwwroot/yunbao.com/PhalApi/PhalApi/NotORM/NotORM/Result.php(339): NotORM_Result->query('INSERT INTO cmf...', Array)
#1 /www/wwwroot/yunbao.com/PhalApi/PhalApi/NotORM/NotORM/Result.php(356): NotORM_Result->insert_multi(Array)
#2 /www/wwwroot/yunbao.com/PhalApi/Appapi/Api/User.php(783): NotORM_Result->insert(Array)
#3 /www/wwwroot/yunbao.com/PhalApi/PhalApi/PhalApi.php(57): Api_User->addUserBank()
#4 /www/wwwroot/yunbao.com/public/appapi/index.php(15): PhalApi->response()
#5 {main}
2021-01-24 14:55:20|ERROR|User.AddUserBank|PDOException: Incorrect string value: '\x8E\xE8\xB7\x9F' for column 'last_card' at row 1 in /www/wwwroot/yunbao.com/PhalApi/PhalApi/NotORM/NotORM/Result.php:258
Stack trace:
#0 /www/wwwroot/yunbao.com/PhalApi/PhalApi/NotORM/NotORM/Result.php(339): NotORM_Result->query('INSERT INTO cmf...', Array)
#1 /www/wwwroot/yunbao.com/PhalApi/PhalApi/NotORM/NotORM/Result.php(356): NotORM_Result->insert_multi(Array)
#2 /www/wwwroot/yunbao.com/PhalApi/Appapi/Api/User.php(783): NotORM_Result->insert(Array)
#3 /www/wwwroot/yunbao.com/PhalApi/PhalApi/PhalApi.php(57): Api_User->addUserBank()
#4 /www/wwwroot/yunbao.com/public/appapi/index.php(15): PhalApi->response()
#5 {main}
2021-01-24 14:55:20|ERROR|User.AddUserBank|PDOException: Incorrect string value: '\x8E\xE8\xB7\x9F' for column 'last_card' at row 1 in /www/wwwroot/yunbao.com/PhalApi/PhalApi/NotORM/NotORM/Result.php:258
Stack trace:
#0 /www/wwwroot/yunbao.com/PhalApi/PhalApi/NotORM/NotORM/Result.php(339): NotORM_Result->query('INSERT INTO cmf...', Array)
#1 /www/wwwroot/yunbao.com/PhalApi/PhalApi/NotORM/NotORM/Result.php(356): NotORM_Result->insert_multi(Array)
#2 /www/wwwroot/yunbao.com/PhalApi/Appapi/Api/User.php(783): NotORM_Result->insert(Array)
#3 /www/wwwroot/yunbao.com/PhalApi/PhalApi/PhalApi.php(57): Api_User->addUserBank()
#4 /www/wwwroot/yunbao.com/public/appapi/index.php(15): PhalApi->response()
#5 {main}
2021-01-24 14:55:20|ERROR|User.AddUserBank|PDOException: Incorrect string value: '\x8E\xE8\xB7\x9F' for column 'last_card' at row 1 in /www/wwwroot/yunbao.com/PhalApi/PhalApi/NotORM/NotORM/Result.php:258
Stack trace:
#0 /www/wwwroot/yunbao.com/PhalApi/PhalApi/NotORM/NotORM/Result.php(339): NotORM_Result->query('INSERT INTO cmf...', Array)
#1 /www/wwwroot/yunbao.com/PhalApi/PhalApi/NotORM/NotORM/Result.php(356): NotORM_Result->insert_multi(Array)
#2 /www/wwwroot/yunbao.com/PhalApi/Appapi/Api/User.php(783): NotORM_Result->insert(Array)
#3 /www/wwwroot/yunbao.com/PhalApi/PhalApi/PhalApi.php(57): Api_User->addUserBank()
#4 /www/wwwroot/yunbao.com/public/appapi/index.php(15): PhalApi->response()
#5 {main}
2021-01-24 14:55:20|ERROR|User.AddUserBank|PDOException: Incorrect string value: '\x8E\xE8\xB7\x9F' for column 'last_card' at row 1 in /www/wwwroot/yunbao.com/PhalApi/PhalApi/NotORM/NotORM/Result.php:258
Stack trace:
#0 /www/wwwroot/yunbao.com/PhalApi/PhalApi/NotORM/NotORM/Result.php(339): NotORM_Result->query('INSERT INTO cmf...', Array)
#1 /www/wwwroot/yunbao.com/PhalApi/PhalApi/NotORM/NotORM/Result.php(356): NotORM_Result->insert_multi(Array)
#2 /www/wwwroot/yunbao.com/PhalApi/Appapi/Api/User.php(783): NotORM_Result->insert(Array)
#3 /www/wwwroot/yunbao.com/PhalApi/PhalApi/PhalApi.php(57): Api_User->addUserBank()
#4 /www/wwwroot/yunbao.com/public/appapi/index.php(15): PhalApi->response()
#5 {main}
2021-01-24 14:55:21|ERROR|User.AddUserBank|PDOException: Incorrect string value: '\x8E\xE8\xB7\x9F' for column 'last_card' at row 1 in /www/wwwroot/yunbao.com/PhalApi/PhalApi/NotORM/NotORM/Result.php:258
Stack trace:
#0 /www/wwwroot/yunbao.com/PhalApi/PhalApi/NotORM/NotORM/Result.php(339): NotORM_Result->query('INSERT INTO cmf...', Array)
#1 /www/wwwroot/yunbao.com/PhalApi/PhalApi/NotORM/NotORM/Result.php(356): NotORM_Result->insert_multi(Array)
#2 /www/wwwroot/yunbao.com/PhalApi/Appapi/Api/User.php(783): NotORM_Result->insert(Array)
#3 /www/wwwroot/yunbao.com/PhalApi/PhalApi/PhalApi.php(57): Api_User->addUserBank()
#4 /www/wwwroot/yunbao.com/public/appapi/index.php(15): PhalApi->response()
#5 {main}
2021-01-24 14:55:21|ERROR|User.AddUserBank|PDOException: Incorrect string value: '\x8E\xE8\xB7\x9F' for column 'last_card' at row 1 in /www/wwwroot/yunbao.com/PhalApi/PhalApi/NotORM/NotORM/Result.php:258
Stack trace:
#0 /www/wwwroot/yunbao.com/PhalApi/PhalApi/NotORM/NotORM/Result.php(339): NotORM_Result->query('INSERT INTO cmf...', Array)
#1 /www/wwwroot/yunbao.com/PhalApi/PhalApi/NotORM/NotORM/Result.php(356): NotORM_Result->insert_multi(Array)
#2 /www/wwwroot/yunbao.com/PhalApi/Appapi/Api/User.php(783): NotORM_Result->insert(Array)
#3 /www/wwwroot/yunbao.com/PhalApi/PhalApi/PhalApi.php(57): Api_User->addUserBank()
#4 /www/wwwroot/yunbao.com/public/appapi/index.php(15): PhalApi->response()
#5 {main}
2021-01-24 14:55:21|ERROR|User.AddUserBank|PDOException: Incorrect string value: '\x8E\xE8\xB7\x9F' for column 'last_card' at row 1 in /www/wwwroot/yunbao.com/PhalApi/PhalApi/NotORM/NotORM/Result.php:258
Stack trace:
#0 /www/wwwroot/yunbao.com/PhalApi/PhalApi/NotORM/NotORM/Result.php(339): NotORM_Result->query('INSERT INTO cmf...', Array)
#1 /www/wwwroot/yunbao.com/PhalApi/PhalApi/NotORM/NotORM/Result.php(356): NotORM_Result->insert_multi(Array)
#2 /www/wwwroot/yunbao.com/PhalApi/Appapi/Api/User.php(783): NotORM_Result->insert(Array)
#3 /www/wwwroot/yunbao.com/PhalApi/PhalApi/PhalApi.php(57): Api_User->addUserBank()
#4 /www/wwwroot/yunbao.com/public/appapi/index.php(15): PhalApi->response()
#5 {main}
2021-01-24 14:55:21|ERROR|User.AddUserBank|PDOException: Incorrect string value: '\x8E\xE8\xB7\x9F' for column 'last_card' at row 1 in /www/wwwroot/yunbao.com/PhalApi/PhalApi/NotORM/NotORM/Result.php:258
Stack trace:
#0 /www/wwwroot/yunbao.com/PhalApi/PhalApi/NotORM/NotORM/Result.php(339): NotORM_Result->query('INSERT INTO cmf...', Array)
#1 /www/wwwroot/yunbao.com/PhalApi/PhalApi/NotORM/NotORM/Result.php(356): NotORM_Result->insert_multi(Array)
#2 /www/wwwroot/yunbao.com/PhalApi/Appapi/Api/User.php(783): NotORM_Result->insert(Array)
#3 /www/wwwroot/yunbao.com/PhalApi/PhalApi/PhalApi.php(57): Api_User->addUserBank()
#4 /www/wwwroot/yunbao.com/public/appapi/index.php(15): PhalApi->response()
#5 {main}
2021-01-24 14:55:21|ERROR|User.AddUserBank|PDOException: Incorrect string value: '\x8E\xE8\xB7\x9F' for column 'last_card' at row 1 in /www/wwwroot/yunbao.com/PhalApi/PhalApi/NotORM/NotORM/Result.php:258
Stack trace:
#0 /www/wwwroot/yunbao.com/PhalApi/PhalApi/NotORM/NotORM/Result.php(339): NotORM_Result->query('INSERT INTO cmf...', Array)
#1 /www/wwwroot/yunbao.com/PhalApi/PhalApi/NotORM/NotORM/Result.php(356): NotORM_Result->insert_multi(Array)
#2 /www/wwwroot/yunbao.com/PhalApi/Appapi/Api/User.php(783): NotORM_Result->insert(Array)
#3 /www/wwwroot/yunbao.com/PhalApi/PhalApi/PhalApi.php(57): Api_User->addUserBank()
#4 /www/wwwroot/yunbao.com/public/appapi/index.php(15): PhalApi->response()
#5 {main}
2021-01-24 14:55:21|ERROR|User.AddUserBank|PDOException: Incorrect string value: '\x8E\xE8\xB7\x9F' for column 'last_card' at row 1 in /www/wwwroot/yunbao.com/PhalApi/PhalApi/NotORM/NotORM/Result.php:258
Stack trace:
#0 /www/wwwroot/yunbao.com/PhalApi/PhalApi/NotORM/NotORM/Result.php(339): NotORM_Result->query('INSERT INTO cmf...', Array)
#1 /www/wwwroot/yunbao.com/PhalApi/PhalApi/NotORM/NotORM/Result.php(356): NotORM_Result->insert_multi(Array)
#2 /www/wwwroot/yunbao.com/PhalApi/Appapi/Api/User.php(783): NotORM_Result->insert(Array)
#3 /www/wwwroot/yunbao.com/PhalApi/PhalApi/PhalApi.php(57): Api_User->addUserBank()
#4 /www/wwwroot/yunbao.com/public/appapi/index.php(15): PhalApi->response()
#5 {main}
2021-01-24 14:55:22|ERROR|User.AddUserBank|PDOException: Incorrect string value: '\x8E\xE8\xB7\x9F' for column 'last_card' at row 1 in /www/wwwroot/yunbao.com/PhalApi/PhalApi/NotORM/NotORM/Result.php:258
Stack trace:
#0 /www/wwwroot/yunbao.com/PhalApi/PhalApi/NotORM/NotORM/Result.php(339): NotORM_Result->query('INSERT INTO cmf...', Array)
#1 /www/wwwroot/yunbao.com/PhalApi/PhalApi/NotORM/NotORM/Result.php(356): NotORM_Result->insert_multi(Array)
#2 /www/wwwroot/yunbao.com/PhalApi/Appapi/Api/User.php(783): NotORM_Result->insert(Array)
#3 /www/wwwroot/yunbao.com/PhalApi/PhalApi/PhalApi.php(57): Api_User->addUserBank()
#4 /www/wwwroot/yunbao.com/public/appapi/index.php(15): PhalApi->response()
#5 {main}
2021-01-24 14:55:22|ERROR|User.AddUserBank|PDOException: Incorrect string value: '\x8E\xE8\xB7\x9F' for column 'last_card' at row 1 in /www/wwwroot/yunbao.com/PhalApi/PhalApi/NotORM/NotORM/Result.php:258
Stack trace:
#0 /www/wwwroot/yunbao.com/PhalApi/PhalApi/NotORM/NotORM/Result.php(339): NotORM_Result->query('INSERT INTO cmf...', Array)
#1 /www/wwwroot/yunbao.com/PhalApi/PhalApi/NotORM/NotORM/Result.php(356): NotORM_Result->insert_multi(Array)
#2 /www/wwwroot/yunbao.com/PhalApi/Appapi/Api/User.php(783): NotORM_Result->insert(Array)
#3 /www/wwwroot/yunbao.com/PhalApi/PhalApi/PhalApi.php(57): Api_User->addUserBank()
#4 /www/wwwroot/yunbao.com/public/appapi/index.php(15): PhalApi->response()
#5 {main}
2021-01-24 14:55:22|ERROR|User.AddUserBank|PDOException: Incorrect string value: '\x8E\xE8\xB7\x9F' for column 'last_card' at row 1 in /www/wwwroot/yunbao.com/PhalApi/PhalApi/NotORM/NotORM/Result.php:258
Stack trace:
#0 /www/wwwroot/yunbao.com/PhalApi/PhalApi/NotORM/NotORM/Result.php(339): NotORM_Result->query('INSERT INTO cmf...', Array)
#1 /www/wwwroot/yunbao.com/PhalApi/PhalApi/NotORM/NotORM/Result.php(356): NotORM_Result->insert_multi(Array)
#2 /www/wwwroot/yunbao.com/PhalApi/Appapi/Api/User.php(783): NotORM_Result->insert(Array)
#3 /www/wwwroot/yunbao.com/PhalApi/PhalApi/PhalApi.php(57): Api_User->addUserBank()
#4 /www/wwwroot/yunbao.com/public/appapi/index.php(15): PhalApi->response()
#5 {main}
2021-01-24 14:55:23|ERROR|User.AddUserBank|PDOException: Incorrect string value: '\x8E\xE8\xB7\x9F' for column 'last_card' at row 1 in /www/wwwroot/yunbao.com/PhalApi/PhalApi/NotORM/NotORM/Result.php:258
Stack trace:
#0 /www/wwwroot/yunbao.com/PhalApi/PhalApi/NotORM/NotORM/Result.php(339): NotORM_Result->query('INSERT INTO cmf...', Array)
#1 /www/wwwroot/yunbao.com/PhalApi/PhalApi/NotORM/NotORM/Result.php(356): NotORM_Result->insert_multi(Array)
#2 /www/wwwroot/yunbao.com/PhalApi/Appapi/Api/User.php(783): NotORM_Result->insert(Array)
#3 /www/wwwroot/yunbao.com/PhalApi/PhalApi/PhalApi.php(57): Api_User->addUserBank()
#4 /www/wwwroot/yunbao.com/public/appapi/index.php(15): PhalApi->response()
#5 {main}
2021-01-24 14:55:37|ERROR|User.AddUserBank|PDOException: Incorrect string value: '\x90\xE5\x89\x82' for column 'last_card' at row 1 in /www/wwwroot/yunbao.com/PhalApi/PhalApi/NotORM/NotORM/Result.php:258
Stack trace:
#0 /www/wwwroot/yunbao.com/PhalApi/PhalApi/NotORM/NotORM/Result.php(339): NotORM_Result->query('INSERT INTO cmf...', Array)
#1 /www/wwwroot/yunbao.com/PhalApi/PhalApi/NotORM/NotORM/Result.php(356): NotORM_Result->insert_multi(Array)
#2 /www/wwwroot/yunbao.com/PhalApi/Appapi/Api/User.php(783): NotORM_Result->insert(Array)
#3 /www/wwwroot/yunbao.com/PhalApi/PhalApi/PhalApi.php(57): Api_User->addUserBank()
#4 /www/wwwroot/yunbao.com/public/appapi/index.php(15): PhalApi->response()
#5 {main}
2021-01-24 14:55:38|ERROR|User.AddUserBank|PDOException: Incorrect string value: '\x90\xE5\x89\x82' for column 'last_card' at row 1 in /www/wwwroot/yunbao.com/PhalApi/PhalApi/NotORM/NotORM/Result.php:258
Stack trace:
#0 /www/wwwroot/yunbao.com/PhalApi/PhalApi/NotORM/NotORM/Result.php(339): NotORM_Result->query('INSERT INTO cmf...', Array)
#1 /www/wwwroot/yunbao.com/PhalApi/PhalApi/NotORM/NotORM/Result.php(356): NotORM_Result->insert_multi(Array)
#2 /www/wwwroot/yunbao.com/PhalApi/Appapi/Api/User.php(783): NotORM_Result->insert(Array)
#3 /www/wwwroot/yunbao.com/PhalApi/PhalApi/PhalApi.php(57): Api_User->addUserBank()
#4 /www/wwwroot/yunbao.com/public/appapi/index.php(15): PhalApi->response()
#5 {main}
2021-01-24 14:55:39|ERROR|User.AddUserBank|PDOException: Incorrect string value: '\x90\xE5\x89\x82' for column 'last_card' at row 1 in /www/wwwroot/yunbao.com/PhalApi/PhalApi/NotORM/NotORM/Result.php:258
Stack trace:
#0 /www/wwwroot/yunbao.com/PhalApi/PhalApi/NotORM/NotORM/Result.php(339): NotORM_Result->query('INSERT INTO cmf...', Array)
#1 /www/wwwroot/yunbao.com/PhalApi/PhalApi/NotORM/NotORM/Result.php(356): NotORM_Result->insert_multi(Array)
#2 /www/wwwroot/yunbao.com/PhalApi/Appapi/Api/User.php(783): NotORM_Result->insert(Array)
#3 /www/wwwroot/yunbao.com/PhalApi/PhalApi/PhalApi.php(57): Api_User->addUserBank()
#4 /www/wwwroot/yunbao.com/public/appapi/index.php(15): PhalApi->response()
#5 {main}
2021-01-24 14:55:39|ERROR|User.AddUserBank|PDOException: Incorrect string value: '\x90\xE5\x89\x82' for column 'last_card' at row 1 in /www/wwwroot/yunbao.com/PhalApi/PhalApi/NotORM/NotORM/Result.php:258
Stack trace:
#0 /www/wwwroot/yunbao.com/PhalApi/PhalApi/NotORM/NotORM/Result.php(339): NotORM_Result->query('INSERT INTO cmf...', Array)
#1 /www/wwwroot/yunbao.com/PhalApi/PhalApi/NotORM/NotORM/Result.php(356): NotORM_Result->insert_multi(Array)
#2 /www/wwwroot/yunbao.com/PhalApi/Appapi/Api/User.php(783): NotORM_Result->insert(Array)
#3 /www/wwwroot/yunbao.com/PhalApi/PhalApi/PhalApi.php(57): Api_User->addUserBank()
#4 /www/wwwroot/yunbao.com/public/appapi/index.php(15): PhalApi->response()
#5 {main}
2021-01-24 14:55:39|ERROR|User.AddUserBank|PDOException: Incorrect string value: '\x90\xE5\x89\x82' for column 'last_card' at row 1 in /www/wwwroot/yunbao.com/PhalApi/PhalApi/NotORM/NotORM/Result.php:258
Stack trace:
#0 /www/wwwroot/yunbao.com/PhalApi/PhalApi/NotORM/NotORM/Result.php(339): NotORM_Result->query('INSERT INTO cmf...', Array)
#1 /www/wwwroot/yunbao.com/PhalApi/PhalApi/NotORM/NotORM/Result.php(356): NotORM_Result->insert_multi(Array)
#2 /www/wwwroot/yunbao.com/PhalApi/Appapi/Api/User.php(783): NotORM_Result->insert(Array)
#3 /www/wwwroot/yunbao.com/PhalApi/PhalApi/PhalApi.php(57): Api_User->addUserBank()
#4 /www/wwwroot/yunbao.com/public/appapi/index.php(15): PhalApi->response()
#5 {main}
2021-01-24 14:55:39|ERROR|User.AddUserBank|PDOException: Incorrect string value: '\x90\xE5\x89\x82' for column 'last_card' at row 1 in /www/wwwroot/yunbao.com/PhalApi/PhalApi/NotORM/NotORM/Result.php:258
Stack trace:
#0 /www/wwwroot/yunbao.com/PhalApi/PhalApi/NotORM/NotORM/Result.php(339): NotORM_Result->query('INSERT INTO cmf...', Array)
#1 /www/wwwroot/yunbao.com/PhalApi/PhalApi/NotORM/NotORM/Result.php(356): NotORM_Result->insert_multi(Array)
#2 /www/wwwroot/yunbao.com/PhalApi/Appapi/Api/User.php(783): NotORM_Result->insert(Array)
#3 /www/wwwroot/yunbao.com/PhalApi/PhalApi/PhalApi.php(57): Api_User->addUserBank()
#4 /www/wwwroot/yunbao.com/public/appapi/index.php(15): PhalApi->response()
#5 {main}
2021-01-24 15:12:18|ERROR|User.UpdateFields|PDOException: Incorrect integer value: '' for column 'sex' at row 1 in /www/wwwroot/yunbao.com/PhalApi/PhalApi/NotORM/NotORM/Result.php:258
Stack trace:
#0 /www/wwwroot/yunbao.com/PhalApi/PhalApi/NotORM/NotORM/Result.php(410): NotORM_Result->query('UPDATE cmf_user...', Array)
#1 /www/wwwroot/yunbao.com/PhalApi/Appapi/Model/User.php(76): NotORM_Result->update(Array)
#2 /www/wwwroot/yunbao.com/PhalApi/Appapi/Domain/User.php(27): Model_User->userUpdate(42941, Array)
#3 /www/wwwroot/yunbao.com/PhalApi/Appapi/Api/User.php(1643): Domain_User->userUpdate(42941, Array)
#4 /www/wwwroot/yunbao.com/PhalApi/PhalApi/PhalApi.php(57): Api_User->updateFields()
#5 /www/wwwroot/yunbao.com/public/appapi/index.php(15): PhalApi->response()
#6 {main}
2021-01-24 15:12:20|ERROR|User.UpdateFields|PDOException: Incorrect integer value: '' for column 'sex' at row 1 in /www/wwwroot/yunbao.com/PhalApi/PhalApi/NotORM/NotORM/Result.php:258
Stack trace:
#0 /www/wwwroot/yunbao.com/PhalApi/PhalApi/NotORM/NotORM/Result.php(410): NotORM_Result->query('UPDATE cmf_user...', Array)
#1 /www/wwwroot/yunbao.com/PhalApi/Appapi/Model/User.php(76): NotORM_Result->update(Array)
#2 /www/wwwroot/yunbao.com/PhalApi/Appapi/Domain/User.php(27): Model_User->userUpdate(42941, Array)
#3 /www/wwwroot/yunbao.com/PhalApi/Appapi/Api/User.php(1643): Domain_User->userUpdate(42941, Array)
#4 /www/wwwroot/yunbao.com/PhalApi/PhalApi/PhalApi.php(57): Api_User->updateFields()
#5 /www/wwwroot/yunbao.com/public/appapi/index.php(15): PhalApi->response()
#6 {main}
2021-01-24 15:12:21|ERROR|User.UpdateFields|PDOException: Incorrect integer value: '' for column 'sex' at row 1 in /www/wwwroot/yunbao.com/PhalApi/PhalApi/NotORM/NotORM/Result.php:258
Stack trace:
#0 /www/wwwroot/yunbao.com/PhalApi/PhalApi/NotORM/NotORM/Result.php(410): NotORM_Result->query('UPDATE cmf_user...', Array)
#1 /www/wwwroot/yunbao.com/PhalApi/Appapi/Model/User.php(76): NotORM_Result->update(Array)
#2 /www/wwwroot/yunbao.com/PhalApi/Appapi/Domain/User.php(27): Model_User->userUpdate(42941, Array)
#3 /www/wwwroot/yunbao.com/PhalApi/Appapi/Api/User.php(1643): Domain_User->userUpdate(42941, Array)
#4 /www/wwwroot/yunbao.com/PhalApi/PhalApi/PhalApi.php(57): Api_User->updateFields()
#5 /www/wwwroot/yunbao.com/public/appapi/index.php(15): PhalApi->response()
#6 {main}
2021-01-24 15:12:21|ERROR|User.UpdateFields|PDOException: Incorrect integer value: '' for column 'sex' at row 1 in /www/wwwroot/yunbao.com/PhalApi/PhalApi/NotORM/NotORM/Result.php:258
Stack trace:
#0 /www/wwwroot/yunbao.com/PhalApi/PhalApi/NotORM/NotORM/Result.php(410): NotORM_Result->query('UPDATE cmf_user...', Array)
#1 /www/wwwroot/yunbao.com/PhalApi/Appapi/Model/User.php(76): NotORM_Result->update(Array)
#2 /www/wwwroot/yunbao.com/PhalApi/Appapi/Domain/User.php(27): Model_User->userUpdate(42941, Array)
#3 /www/wwwroot/yunbao.com/PhalApi/Appapi/Api/User.php(1643): Domain_User->userUpdate(42941, Array)
#4 /www/wwwroot/yunbao.com/PhalApi/PhalApi/PhalApi.php(57): Api_User->updateFields()
#5 /www/wwwroot/yunbao.com/public/appapi/index.php(15): PhalApi->response()
#6 {main}
2021-01-24 15:12:22|ERROR|User.UpdateFields|PDOException: Incorrect integer value: '' for column 'sex' at row 1 in /www/wwwroot/yunbao.com/PhalApi/PhalApi/NotORM/NotORM/Result.php:258
Stack trace:
#0 /www/wwwroot/yunbao.com/PhalApi/PhalApi/NotORM/NotORM/Result.php(410): NotORM_Result->query('UPDATE cmf_user...', Array)
#1 /www/wwwroot/yunbao.com/PhalApi/Appapi/Model/User.php(76): NotORM_Result->update(Array)
#2 /www/wwwroot/yunbao.com/PhalApi/Appapi/Domain/User.php(27): Model_User->userUpdate(42941, Array)
#3 /www/wwwroot/yunbao.com/PhalApi/Appapi/Api/User.php(1643): Domain_User->userUpdate(42941, Array)
#4 /www/wwwroot/yunbao.com/PhalApi/PhalApi/PhalApi.php(57): Api_User->updateFields()
#5 /www/wwwroot/yunbao.com/public/appapi/index.php(15): PhalApi->response()
#6 {main}
2021-01-24 15:12:22|ERROR|User.UpdateFields|PDOException: Incorrect integer value: '' for column 'sex' at row 1 in /www/wwwroot/yunbao.com/PhalApi/PhalApi/NotORM/NotORM/Result.php:258
Stack trace:
#0 /www/wwwroot/yunbao.com/PhalApi/PhalApi/NotORM/NotORM/Result.php(410): NotORM_Result->query('UPDATE cmf_user...', Array)
#1 /www/wwwroot/yunbao.com/PhalApi/Appapi/Model/User.php(76): NotORM_Result->update(Array)
#2 /www/wwwroot/yunbao.com/PhalApi/Appapi/Domain/User.php(27): Model_User->userUpdate(42941, Array)
#3 /www/wwwroot/yunbao.com/PhalApi/Appapi/Api/User.php(1643): Domain_User->userUpdate(42941, Array)
#4 /www/wwwroot/yunbao.com/PhalApi/PhalApi/PhalApi.php(57): Api_User->updateFields()
#5 /www/wwwroot/yunbao.com/public/appapi/index.php(15): PhalApi->response()
#6 {main}
2021-01-24 15:12:22|ERROR|User.UpdateFields|PDOException: Incorrect integer value: '' for column 'sex' at row 1 in /www/wwwroot/yunbao.com/PhalApi/PhalApi/NotORM/NotORM/Result.php:258
Stack trace:
#0 /www/wwwroot/yunbao.com/PhalApi/PhalApi/NotORM/NotORM/Result.php(410): NotORM_Result->query('UPDATE cmf_user...', Array)
#1 /www/wwwroot/yunbao.com/PhalApi/Appapi/Model/User.php(76): NotORM_Result->update(Array)
#2 /www/wwwroot/yunbao.com/PhalApi/Appapi/Domain/User.php(27): Model_User->userUpdate(42941, Array)
#3 /www/wwwroot/yunbao.com/PhalApi/Appapi/Api/User.php(1643): Domain_User->userUpdate(42941, Array)
#4 /www/wwwroot/yunbao.com/PhalApi/PhalApi/PhalApi.php(57): Api_User->updateFields()
#5 /www/wwwroot/yunbao.com/public/appapi/index.php(15): PhalApi->response()
#6 {main}
2021-01-24 15:12:22|ERROR|User.UpdateFields|PDOException: Incorrect integer value: '' for column 'sex' at row 1 in /www/wwwroot/yunbao.com/PhalApi/PhalApi/NotORM/NotORM/Result.php:258
Stack trace:
#0 /www/wwwroot/yunbao.com/PhalApi/PhalApi/NotORM/NotORM/Result.php(410): NotORM_Result->query('UPDATE cmf_user...', Array)
#1 /www/wwwroot/yunbao.com/PhalApi/Appapi/Model/User.php(76): NotORM_Result->update(Array)
#2 /www/wwwroot/yunbao.com/PhalApi/Appapi/Domain/User.php(27): Model_User->userUpdate(42941, Array)
#3 /www/wwwroot/yunbao.com/PhalApi/Appapi/Api/User.php(1643): Domain_User->userUpdate(42941, Array)
#4 /www/wwwroot/yunbao.com/PhalApi/PhalApi/PhalApi.php(57): Api_User->updateFields()
#5 /www/wwwroot/yunbao.com/public/appapi/index.php(15): PhalApi->response()
#6 {main}
2021-01-24 15:12:22|ERROR|User.UpdateFields|PDOException: Incorrect integer value: '' for column 'sex' at row 1 in /www/wwwroot/yunbao.com/PhalApi/PhalApi/NotORM/NotORM/Result.php:258
Stack trace:
#0 /www/wwwroot/yunbao.com/PhalApi/PhalApi/NotORM/NotORM/Result.php(410): NotORM_Result->query('UPDATE cmf_user...', Array)
#1 /www/wwwroot/yunbao.com/PhalApi/Appapi/Model/User.php(76): NotORM_Result->update(Array)
#2 /www/wwwroot/yunbao.com/PhalApi/Appapi/Domain/User.php(27): Model_User->userUpdate(42941, Array)
#3 /www/wwwroot/yunbao.com/PhalApi/Appapi/Api/User.php(1643): Domain_User->userUpdate(42941, Array)
#4 /www/wwwroot/yunbao.com/PhalApi/PhalApi/PhalApi.php(57): Api_User->updateFields()
#5 /www/wwwroot/yunbao.com/public/appapi/index.php(15): PhalApi->response()
#6 {main}
2021-01-24 15:12:22|ERROR|User.UpdateFields|PDOException: Incorrect integer value: '' for column 'sex' at row 1 in /www/wwwroot/yunbao.com/PhalApi/PhalApi/NotORM/NotORM/Result.php:258
Stack trace:
#0 /www/wwwroot/yunbao.com/PhalApi/PhalApi/NotORM/NotORM/Result.php(410): NotORM_Result->query('UPDATE cmf_user...', Array)
#1 /www/wwwroot/yunbao.com/PhalApi/Appapi/Model/User.php(76): NotORM_Result->update(Array)
#2 /www/wwwroot/yunbao.com/PhalApi/Appapi/Domain/User.php(27): Model_User->userUpdate(42941, Array)
#3 /www/wwwroot/yunbao.com/PhalApi/Appapi/Api/User.php(1643): Domain_User->userUpdate(42941, Array)
#4 /www/wwwroot/yunbao.com/PhalApi/PhalApi/PhalApi.php(57): Api_User->updateFields()
#5 /www/wwwroot/yunbao.com/public/appapi/index.php(15): PhalApi->response()
#6 {main}
2021-01-24 15:12:22|ERROR|User.UpdateFields|PDOException: Incorrect integer value: '' for column 'sex' at row 1 in /www/wwwroot/yunbao.com/PhalApi/PhalApi/NotORM/NotORM/Result.php:258
Stack trace:
#0 /www/wwwroot/yunbao.com/PhalApi/PhalApi/NotORM/NotORM/Result.php(410): NotORM_Result->query('UPDATE cmf_user...', Array)
#1 /www/wwwroot/yunbao.com/PhalApi/Appapi/Model/User.php(76): NotORM_Result->update(Array)
#2 /www/wwwroot/yunbao.com/PhalApi/Appapi/Domain/User.php(27): Model_User->userUpdate(42941, Array)
#3 /www/wwwroot/yunbao.com/PhalApi/Appapi/Api/User.php(1643): Domain_User->userUpdate(42941, Array)
#4 /www/wwwroot/yunbao.com/PhalApi/PhalApi/PhalApi.php(57): Api_User->updateFields()
#5 /www/wwwroot/yunbao.com/public/appapi/index.php(15): PhalApi->response()
#6 {main}
2021-01-24 15:12:22|ERROR|User.UpdateFields|PDOException: Incorrect integer value: '' for column 'sex' at row 1 in /www/wwwroot/yunbao.com/PhalApi/PhalApi/NotORM/NotORM/Result.php:258
Stack trace:
#0 /www/wwwroot/yunbao.com/PhalApi/PhalApi/NotORM/NotORM/Result.php(410): NotORM_Result->query('UPDATE cmf_user...', Array)
#1 /www/wwwroot/yunbao.com/PhalApi/Appapi/Model/User.php(76): NotORM_Result->update(Array)
#2 /www/wwwroot/yunbao.com/PhalApi/Appapi/Domain/User.php(27): Model_User->userUpdate(42941, Array)
#3 /www/wwwroot/yunbao.com/PhalApi/Appapi/Api/User.php(1643): Domain_User->userUpdate(42941, Array)
#4 /www/wwwroot/yunbao.com/PhalApi/PhalApi/PhalApi.php(57): Api_User->updateFields()
#5 /www/wwwroot/yunbao.com/public/appapi/index.php(15): PhalApi->response()
#6 {main}
2021-01-24 15:12:23|ERROR|User.UpdateFields|PDOException: Incorrect integer value: '' for column 'sex' at row 1 in /www/wwwroot/yunbao.com/PhalApi/PhalApi/NotORM/NotORM/Result.php:258
Stack trace:
#0 /www/wwwroot/yunbao.com/PhalApi/PhalApi/NotORM/NotORM/Result.php(410): NotORM_Result->query('UPDATE cmf_user...', Array)
#1 /www/wwwroot/yunbao.com/PhalApi/Appapi/Model/User.php(76): NotORM_Result->update(Array)
#2 /www/wwwroot/yunbao.com/PhalApi/Appapi/Domain/User.php(27): Model_User->userUpdate(42941, Array)
#3 /www/wwwroot/yunbao.com/PhalApi/Appapi/Api/User.php(1643): Domain_User->userUpdate(42941, Array)
#4 /www/wwwroot/yunbao.com/PhalApi/PhalApi/PhalApi.php(57): Api_User->updateFields()
#5 /www/wwwroot/yunbao.com/public/appapi/index.php(15): PhalApi->response()
#6 {main}
2021-01-24 15:12:23|ERROR|User.UpdateFields|PDOException: Incorrect integer value: '' for column 'sex' at row 1 in /www/wwwroot/yunbao.com/PhalApi/PhalApi/NotORM/NotORM/Result.php:258
Stack trace:
#0 /www/wwwroot/yunbao.com/PhalApi/PhalApi/NotORM/NotORM/Result.php(410): NotORM_Result->query('UPDATE cmf_user...', Array)
#1 /www/wwwroot/yunbao.com/PhalApi/Appapi/Model/User.php(76): NotORM_Result->update(Array)
#2 /www/wwwroot/yunbao.com/PhalApi/Appapi/Domain/User.php(27): Model_User->userUpdate(42941, Array)
#3 /www/wwwroot/yunbao.com/PhalApi/Appapi/Api/User.php(1643): Domain_User->userUpdate(42941, Array)
#4 /www/wwwroot/yunbao.com/PhalApi/PhalApi/PhalApi.php(57): Api_User->updateFields()
#5 /www/wwwroot/yunbao.com/public/appapi/index.php(15): PhalApi->response()
#6 {main}
2021-01-24 15:12:24|ERROR|User.UpdateFields|PDOException: Incorrect integer value: '' for column 'sex' at row 1 in /www/wwwroot/yunbao.com/PhalApi/PhalApi/NotORM/NotORM/Result.php:258
Stack trace:
#0 /www/wwwroot/yunbao.com/PhalApi/PhalApi/NotORM/NotORM/Result.php(410): NotORM_Result->query('UPDATE cmf_user...', Array)
#1 /www/wwwroot/yunbao.com/PhalApi/Appapi/Model/User.php(76): NotORM_Result->update(Array)
#2 /www/wwwroot/yunbao.com/PhalApi/Appapi/Domain/User.php(27): Model_User->userUpdate(42941, Array)
#3 /www/wwwroot/yunbao.com/PhalApi/Appapi/Api/User.php(1643): Domain_User->userUpdate(42941, Array)
#4 /www/wwwroot/yunbao.com/PhalApi/PhalApi/PhalApi.php(57): Api_User->updateFields()
#5 /www/wwwroot/yunbao.com/public/appapi/index.php(15): PhalApi->response()
#6 {main}
2021-01-24 15:12:24|ERROR|User.UpdateFields|PDOException: Incorrect integer value: '' for column 'sex' at row 1 in /www/wwwroot/yunbao.com/PhalApi/PhalApi/NotORM/NotORM/Result.php:258
Stack trace:
#0 /www/wwwroot/yunbao.com/PhalApi/PhalApi/NotORM/NotORM/Result.php(410): NotORM_Result->query('UPDATE cmf_user...', Array)
#1 /www/wwwroot/yunbao.com/PhalApi/Appapi/Model/User.php(76): NotORM_Result->update(Array)
#2 /www/wwwroot/yunbao.com/PhalApi/Appapi/Domain/User.php(27): Model_User->userUpdate(42941, Array)
#3 /www/wwwroot/yunbao.com/PhalApi/Appapi/Api/User.php(1643): Domain_User->userUpdate(42941, Array)
#4 /www/wwwroot/yunbao.com/PhalApi/PhalApi/PhalApi.php(57): Api_User->updateFields()
#5 /www/wwwroot/yunbao.com/public/appapi/index.php(15): PhalApi->response()
#6 {main}
2021-01-24 15:12:25|ERROR|User.UpdateFields|PDOException: Incorrect integer value: '' for column 'sex' at row 1 in /www/wwwroot/yunbao.com/PhalApi/PhalApi/NotORM/NotORM/Result.php:258
Stack trace:
#0 /www/wwwroot/yunbao.com/PhalApi/PhalApi/NotORM/NotORM/Result.php(410): NotORM_Result->query('UPDATE cmf_user...', Array)
#1 /www/wwwroot/yunbao.com/PhalApi/Appapi/Model/User.php(76): NotORM_Result->update(Array)
#2 /www/wwwroot/yunbao.com/PhalApi/Appapi/Domain/User.php(27): Model_User->userUpdate(42941, Array)
#3 /www/wwwroot/yunbao.com/PhalApi/Appapi/Api/User.php(1643): Domain_User->userUpdate(42941, Array)
#4 /www/wwwroot/yunbao.com/PhalApi/PhalApi/PhalApi.php(57): Api_User->updateFields()
#5 /www/wwwroot/yunbao.com/public/appapi/index.php(15): PhalApi->response()
#6 {main}
2021-01-24 15:12:41|ERROR|User.UpdateFields|PDOException: Incorrect integer value: '' for column 'sex' at row 1 in /www/wwwroot/yunbao.com/PhalApi/PhalApi/NotORM/NotORM/Result.php:258
Stack trace:
#0 /www/wwwroot/yunbao.com/PhalApi/PhalApi/NotORM/NotORM/Result.php(410): NotORM_Result->query('UPDATE cmf_user...', Array)
#1 /www/wwwroot/yunbao.com/PhalApi/Appapi/Model/User.php(76): NotORM_Result->update(Array)
#2 /www/wwwroot/yunbao.com/PhalApi/Appapi/Domain/User.php(27): Model_User->userUpdate(42941, Array)
#3 /www/wwwroot/yunbao.com/PhalApi/Appapi/Api/User.php(1643): Domain_User->userUpdate(42941, Array)
#4 /www/wwwroot/yunbao.com/PhalApi/PhalApi/PhalApi.php(57): Api_User->updateFields()
#5 /www/wwwroot/yunbao.com/public/appapi/index.php(15): PhalApi->response()
#6 {main}
2021-01-24 15:12:42|ERROR|User.UpdateFields|PDOException: Incorrect integer value: '' for column 'sex' at row 1 in /www/wwwroot/yunbao.com/PhalApi/PhalApi/NotORM/NotORM/Result.php:258
Stack trace:
#0 /www/wwwroot/yunbao.com/PhalApi/PhalApi/NotORM/NotORM/Result.php(410): NotORM_Result->query('UPDATE cmf_user...', Array)
#1 /www/wwwroot/yunbao.com/PhalApi/Appapi/Model/User.php(76): NotORM_Result->update(Array)
#2 /www/wwwroot/yunbao.com/PhalApi/Appapi/Domain/User.php(27): Model_User->userUpdate(42941, Array)
#3 /www/wwwroot/yunbao.com/PhalApi/Appapi/Api/User.php(1643): Domain_User->userUpdate(42941, Array)
#4 /www/wwwroot/yunbao.com/PhalApi/PhalApi/PhalApi.php(57): Api_User->updateFields()
#5 /www/wwwroot/yunbao.com/public/appapi/index.php(15): PhalApi->response()
#6 {main}
2021-01-24 15:12:42|ERROR|User.UpdateFields|PDOException: Incorrect integer value: '' for column 'sex' at row 1 in /www/wwwroot/yunbao.com/PhalApi/PhalApi/NotORM/NotORM/Result.php:258
Stack trace:
#0 /www/wwwroot/yunbao.com/PhalApi/PhalApi/NotORM/NotORM/Result.php(410): NotORM_Result->query('UPDATE cmf_user...', Array)
#1 /www/wwwroot/yunbao.com/PhalApi/Appapi/Model/User.php(76): NotORM_Result->update(Array)
#2 /www/wwwroot/yunbao.com/PhalApi/Appapi/Domain/User.php(27): Model_User->userUpdate(42941, Array)
#3 /www/wwwroot/yunbao.com/PhalApi/Appapi/Api/User.php(1643): Domain_User->userUpdate(42941, Array)
#4 /www/wwwroot/yunbao.com/PhalApi/PhalApi/PhalApi.php(57): Api_User->updateFields()
#5 /www/wwwroot/yunbao.com/public/appapi/index.php(15): PhalApi->response()
#6 {main}
2021-01-24 15:12:42|ERROR|User.UpdateFields|PDOException: Incorrect integer value: '' for column 'sex' at row 1 in /www/wwwroot/yunbao.com/PhalApi/PhalApi/NotORM/NotORM/Result.php:258
Stack trace:
#0 /www/wwwroot/yunbao.com/PhalApi/PhalApi/NotORM/NotORM/Result.php(410): NotORM_Result->query('UPDATE cmf_user...', Array)
#1 /www/wwwroot/yunbao.com/PhalApi/Appapi/Model/User.php(76): NotORM_Result->update(Array)
#2 /www/wwwroot/yunbao.com/PhalApi/Appapi/Domain/User.php(27): Model_User->userUpdate(42941, Array)
#3 /www/wwwroot/yunbao.com/PhalApi/Appapi/Api/User.php(1643): Domain_User->userUpdate(42941, Array)
#4 /www/wwwroot/yunbao.com/PhalApi/PhalApi/PhalApi.php(57): Api_User->updateFields()
#5 /www/wwwroot/yunbao.com/public/appapi/index.php(15): PhalApi->response()
#6 {main}
2021-01-24 15:12:42|ERROR|User.UpdateFields|PDOException: Incorrect integer value: '' for column 'sex' at row 1 in /www/wwwroot/yunbao.com/PhalApi/PhalApi/NotORM/NotORM/Result.php:258
Stack trace:
#0 /www/wwwroot/yunbao.com/PhalApi/PhalApi/NotORM/NotORM/Result.php(410): NotORM_Result->query('UPDATE cmf_user...', Array)
#1 /www/wwwroot/yunbao.com/PhalApi/Appapi/Model/User.php(76): NotORM_Result->update(Array)
#2 /www/wwwroot/yunbao.com/PhalApi/Appapi/Domain/User.php(27): Model_User->userUpdate(42941, Array)
#3 /www/wwwroot/yunbao.com/PhalApi/Appapi/Api/User.php(1643): Domain_User->userUpdate(42941, Array)
#4 /www/wwwroot/yunbao.com/PhalApi/PhalApi/PhalApi.php(57): Api_User->updateFields()
#5 /www/wwwroot/yunbao.com/public/appapi/index.php(15): PhalApi->response()
#6 {main}
2021-01-24 15:12:42|ERROR|User.UpdateFields|PDOException: Incorrect integer value: '' for column 'sex' at row 1 in /www/wwwroot/yunbao.com/PhalApi/PhalApi/NotORM/NotORM/Result.php:258
Stack trace:
#0 /www/wwwroot/yunbao.com/PhalApi/PhalApi/NotORM/NotORM/Result.php(410): NotORM_Result->query('UPDATE cmf_user...', Array)
#1 /www/wwwroot/yunbao.com/PhalApi/Appapi/Model/User.php(76): NotORM_Result->update(Array)
#2 /www/wwwroot/yunbao.com/PhalApi/Appapi/Domain/User.php(27): Model_User->userUpdate(42941, Array)
#3 /www/wwwroot/yunbao.com/PhalApi/Appapi/Api/User.php(1643): Domain_User->userUpdate(42941, Array)
#4 /www/wwwroot/yunbao.com/PhalApi/PhalApi/PhalApi.php(57): Api_User->updateFields()
#5 /www/wwwroot/yunbao.com/public/appapi/index.php(15): PhalApi->response()
#6 {main}
2021-01-24 15:12:42|ERROR|User.UpdateFields|PDOException: Incorrect integer value: '' for column 'sex' at row 1 in /www/wwwroot/yunbao.com/PhalApi/PhalApi/NotORM/NotORM/Result.php:258
Stack trace:
#0 /www/wwwroot/yunbao.com/PhalApi/PhalApi/NotORM/NotORM/Result.php(410): NotORM_Result->query('UPDATE cmf_user...', Array)
#1 /www/wwwroot/yunbao.com/PhalApi/Appapi/Model/User.php(76): NotORM_Result->update(Array)
#2 /www/wwwroot/yunbao.com/PhalApi/Appapi/Domain/User.php(27): Model_User->userUpdate(42941, Array)
#3 /www/wwwroot/yunbao.com/PhalApi/Appapi/Api/User.php(1643): Domain_User->userUpdate(42941, Array)
#4 /www/wwwroot/yunbao.com/PhalApi/PhalApi/PhalApi.php(57): Api_User->updateFields()
#5 /www/wwwroot/yunbao.com/public/appapi/index.php(15): PhalApi->response()
#6 {main}
2021-01-24 15:12:43|ERROR|User.UpdateFields|PDOException: Incorrect integer value: '' for column 'sex' at row 1 in /www/wwwroot/yunbao.com/PhalApi/PhalApi/NotORM/NotORM/Result.php:258
Stack trace:
#0 /www/wwwroot/yunbao.com/PhalApi/PhalApi/NotORM/NotORM/Result.php(410): NotORM_Result->query('UPDATE cmf_user...', Array)
#1 /www/wwwroot/yunbao.com/PhalApi/Appapi/Model/User.php(76): NotORM_Result->update(Array)
#2 /www/wwwroot/yunbao.com/PhalApi/Appapi/Domain/User.php(27): Model_User->userUpdate(42941, Array)
#3 /www/wwwroot/yunbao.com/PhalApi/Appapi/Api/User.php(1643): Domain_User->userUpdate(42941, Array)
#4 /www/wwwroot/yunbao.com/PhalApi/PhalApi/PhalApi.php(57): Api_User->updateFields()
#5 /www/wwwroot/yunbao.com/public/appapi/index.php(15): PhalApi->response()
#6 {main}
2021-01-24 15:12:43|ERROR|User.UpdateFields|PDOException: Incorrect integer value: '' for column 'sex' at row 1 in /www/wwwroot/yunbao.com/PhalApi/PhalApi/NotORM/NotORM/Result.php:258
Stack trace:
#0 /www/wwwroot/yunbao.com/PhalApi/PhalApi/NotORM/NotORM/Result.php(410): NotORM_Result->query('UPDATE cmf_user...', Array)
#1 /www/wwwroot/yunbao.com/PhalApi/Appapi/Model/User.php(76): NotORM_Result->update(Array)
#2 /www/wwwroot/yunbao.com/PhalApi/Appapi/Domain/User.php(27): Model_User->userUpdate(42941, Array)
#3 /www/wwwroot/yunbao.com/PhalApi/Appapi/Api/User.php(1643): Domain_User->userUpdate(42941, Array)
#4 /www/wwwroot/yunbao.com/PhalApi/PhalApi/PhalApi.php(57): Api_User->updateFields()
#5 /www/wwwroot/yunbao.com/public/appapi/index.php(15): PhalApi->response()
#6 {main}
2021-01-24 15:12:43|ERROR|User.UpdateFields|PDOException: Incorrect integer value: '' for column 'sex' at row 1 in /www/wwwroot/yunbao.com/PhalApi/PhalApi/NotORM/NotORM/Result.php:258
Stack trace:
#0 /www/wwwroot/yunbao.com/PhalApi/PhalApi/NotORM/NotORM/Result.php(410): NotORM_Result->query('UPDATE cmf_user...', Array)
#1 /www/wwwroot/yunbao.com/PhalApi/Appapi/Model/User.php(76): NotORM_Result->update(Array)
#2 /www/wwwroot/yunbao.com/PhalApi/Appapi/Domain/User.php(27): Model_User->userUpdate(42941, Array)
#3 /www/wwwroot/yunbao.com/PhalApi/Appapi/Api/User.php(1643): Domain_User->userUpdate(42941, Array)
#4 /www/wwwroot/yunbao.com/PhalApi/PhalApi/PhalApi.php(57): Api_User->updateFields()
#5 /www/wwwroot/yunbao.com/public/appapi/index.php(15): PhalApi->response()
#6 {main}
2021-01-24 15:12:43|ERROR|User.UpdateFields|PDOException: Incorrect integer value: '' for column 'sex' at row 1 in /www/wwwroot/yunbao.com/PhalApi/PhalApi/NotORM/NotORM/Result.php:258
Stack trace:
#0 /www/wwwroot/yunbao.com/PhalApi/PhalApi/NotORM/NotORM/Result.php(410): NotORM_Result->query('UPDATE cmf_user...', Array)
#1 /www/wwwroot/yunbao.com/PhalApi/Appapi/Model/User.php(76): NotORM_Result->update(Array)
#2 /www/wwwroot/yunbao.com/PhalApi/Appapi/Domain/User.php(27): Model_User->userUpdate(42941, Array)
#3 /www/wwwroot/yunbao.com/PhalApi/Appapi/Api/User.php(1643): Domain_User->userUpdate(42941, Array)
#4 /www/wwwroot/yunbao.com/PhalApi/PhalApi/PhalApi.php(57): Api_User->updateFields()
#5 /www/wwwroot/yunbao.com/public/appapi/index.php(15): PhalApi->response()
#6 {main}
2021-01-24 15:12:43|ERROR|User.UpdateFields|PDOException: Incorrect integer value: '' for column 'sex' at row 1 in /www/wwwroot/yunbao.com/PhalApi/PhalApi/NotORM/NotORM/Result.php:258
Stack trace:
#0 /www/wwwroot/yunbao.com/PhalApi/PhalApi/NotORM/NotORM/Result.php(410): NotORM_Result->query('UPDATE cmf_user...', Array)
#1 /www/wwwroot/yunbao.com/PhalApi/Appapi/Model/User.php(76): NotORM_Result->update(Array)
#2 /www/wwwroot/yunbao.com/PhalApi/Appapi/Domain/User.php(27): Model_User->userUpdate(42941, Array)
#3 /www/wwwroot/yunbao.com/PhalApi/Appapi/Api/User.php(1643): Domain_User->userUpdate(42941, Array)
#4 /www/wwwroot/yunbao.com/PhalApi/PhalApi/PhalApi.php(57): Api_User->updateFields()
#5 /www/wwwroot/yunbao.com/public/appapi/index.php(15): PhalApi->response()
#6 {main}
2021-01-24 15:12:44|ERROR|User.UpdateFields|PDOException: Incorrect integer value: '' for column 'sex' at row 1 in /www/wwwroot/yunbao.com/PhalApi/PhalApi/NotORM/NotORM/Result.php:258
Stack trace:
#0 /www/wwwroot/yunbao.com/PhalApi/PhalApi/NotORM/NotORM/Result.php(410): NotORM_Result->query('UPDATE cmf_user...', Array)
#1 /www/wwwroot/yunbao.com/PhalApi/Appapi/Model/User.php(76): NotORM_Result->update(Array)
#2 /www/wwwroot/yunbao.com/PhalApi/Appapi/Domain/User.php(27): Model_User->userUpdate(42941, Array)
#3 /www/wwwroot/yunbao.com/PhalApi/Appapi/Api/User.php(1643): Domain_User->userUpdate(42941, Array)
#4 /www/wwwroot/yunbao.com/PhalApi/PhalApi/PhalApi.php(57): Api_User->updateFields()
#5 /www/wwwroot/yunbao.com/public/appapi/index.php(15): PhalApi->response()
#6 {main}
2021-01-24 15:12:44|ERROR|User.UpdateFields|PDOException: Incorrect integer value: '' for column 'sex' at row 1 in /www/wwwroot/yunbao.com/PhalApi/PhalApi/NotORM/NotORM/Result.php:258
Stack trace:
#0 /www/wwwroot/yunbao.com/PhalApi/PhalApi/NotORM/NotORM/Result.php(410): NotORM_Result->query('UPDATE cmf_user...', Array)
#1 /www/wwwroot/yunbao.com/PhalApi/Appapi/Model/User.php(76): NotORM_Result->update(Array)
#2 /www/wwwroot/yunbao.com/PhalApi/Appapi/Domain/User.php(27): Model_User->userUpdate(42941, Array)
#3 /www/wwwroot/yunbao.com/PhalApi/Appapi/Api/User.php(1643): Domain_User->userUpdate(42941, Array)
#4 /www/wwwroot/yunbao.com/PhalApi/PhalApi/PhalApi.php(57): Api_User->updateFields()
#5 /www/wwwroot/yunbao.com/public/appapi/index.php(15): PhalApi->response()
#6 {main}
2021-01-24 15:12:44|ERROR|User.UpdateFields|PDOException: Incorrect integer value: '' for column 'sex' at row 1 in /www/wwwroot/yunbao.com/PhalApi/PhalApi/NotORM/NotORM/Result.php:258
Stack trace:
#0 /www/wwwroot/yunbao.com/PhalApi/PhalApi/NotORM/NotORM/Result.php(410): NotORM_Result->query('UPDATE cmf_user...', Array)
#1 /www/wwwroot/yunbao.com/PhalApi/Appapi/Model/User.php(76): NotORM_Result->update(Array)
#2 /www/wwwroot/yunbao.com/PhalApi/Appapi/Domain/User.php(27): Model_User->userUpdate(42941, Array)
#3 /www/wwwroot/yunbao.com/PhalApi/Appapi/Api/User.php(1643): Domain_User->userUpdate(42941, Array)
#4 /www/wwwroot/yunbao.com/PhalApi/PhalApi/PhalApi.php(57): Api_User->updateFields()
#5 /www/wwwroot/yunbao.com/public/appapi/index.php(15): PhalApi->response()
#6 {main}
2021-01-24 15:12:44|ERROR|User.UpdateFields|PDOException: Incorrect integer value: '' for column 'sex' at row 1 in /www/wwwroot/yunbao.com/PhalApi/PhalApi/NotORM/NotORM/Result.php:258
Stack trace:
#0 /www/wwwroot/yunbao.com/PhalApi/PhalApi/NotORM/NotORM/Result.php(410): NotORM_Result->query('UPDATE cmf_user...', Array)
#1 /www/wwwroot/yunbao.com/PhalApi/Appapi/Model/User.php(76): NotORM_Result->update(Array)
#2 /www/wwwroot/yunbao.com/PhalApi/Appapi/Domain/User.php(27): Model_User->userUpdate(42941, Array)
#3 /www/wwwroot/yunbao.com/PhalApi/Appapi/Api/User.php(1643): Domain_User->userUpdate(42941, Array)
#4 /www/wwwroot/yunbao.com/PhalApi/PhalApi/PhalApi.php(57): Api_User->updateFields()
#5 /www/wwwroot/yunbao.com/public/appapi/index.php(15): PhalApi->response()
#6 {main}
