2021-01-15 09:08:39|DEBUG|succeed to upload file to UCloud_Engine_Local|https://www.qingwazb.com/upload///thumb/20210115/06640169190900889.png
2021-01-15 09:13:15|DEBUG|succeed to upload file to UCloud_Engine_Local|https://www.qingwazb.com/upload///thumb/20210115/06640171950235780.png
2021-01-15 09:18:04|DEBUG|succeed to upload file to UCloud_Engine_Local|https://www.qingwazb.com/upload///thumb/20210115/06640174843654474.png
2021-01-15 09:18:57|DEBUG|succeed to upload file to UCloud_Engine_Local|https://www.qingwazb.com/upload///thumb/20210115/06640175370547545.png
2021-01-15 09:22:52|DEBUG|succeed to upload file to UCloud_Engine_Local|https://www.qingwazb.com/upload///thumb/20210115/06640177727823844.png
2021-01-15 09:23:50|DEBUG|succeed to upload file to UCloud_Engine_Local|https://www.qingwazb.com/upload///thumb/20210115/06640178305704698.png
2021-01-15 09:23:51|DEBUG|succeed to upload file to UCloud_Engine_Local|https://www.qingwazb.com/upload///thumb/20210115/06640178319563686.png
2021-01-15 09:23:54|DEBUG|succeed to upload file to UCloud_Engine_Local|https://www.qingwazb.com/upload///thumb/20210115/06640178349476676.png
2021-01-15 09:24:00|DEBUG|succeed to upload file to UCloud_Engine_Local|https://www.qingwazb.com/upload///thumb/20210115/06640178400797205.png
2021-01-15 09:24:10|DEBUG|succeed to upload file to UCloud_Engine_Local|https://www.qingwazb.com/upload///thumb/20210115/06640178502882132.png
2021-01-15 09:24:29|DEBUG|succeed to upload file to UCloud_Engine_Local|https://www.qingwazb.com/upload///thumb/20210115/06640178698854500.png
2021-01-15 09:24:33|DEBUG|succeed to upload file to UCloud_Engine_Local|https://www.qingwazb.com/upload///thumb/20210115/06640178737263137.png
2021-01-15 09:24:38|DEBUG|succeed to upload file to UCloud_Engine_Local|https://www.qingwazb.com/upload///thumb/20210115/06640178780609039.png
2021-01-15 09:29:01|DEBUG|succeed to upload file to UCloud_Engine_Local|https://www.qingwazb.com/upload///thumb/20210115/06640181414785866.png
2021-01-15 10:01:02|DEBUG|succeed to upload file to UCloud_Engine_Local|https://www.qingwazb.com/upload///thumb/20210115/06640200625248576.png
2021-01-15 10:01:35|DEBUG|succeed to upload file to UCloud_Engine_Local|https://www.qingwazb.com/upload///thumb/20210115/06640200954833889.png
2021-01-15 10:01:49|DEBUG|succeed to upload file to UCloud_Engine_Local|https://www.qingwazb.com/upload///thumb/20210115/06640201097683012.png
2021-01-15 10:01:53|DEBUG|succeed to upload file to UCloud_Engine_Local|https://www.qingwazb.com/upload///thumb/20210115/06640201139954601.png
2021-01-15 10:04:35|DEBUG|succeed to upload file to UCloud_Engine_Local|https://www.qingwazb.com/upload///thumb/20210115/06640202757005247.png
2021-01-15 10:04:49|DEBUG|succeed to upload file to UCloud_Engine_Local|https://www.qingwazb.com/upload///thumb/20210115/06640202891518402.png
2021-01-15 10:08:25|DEBUG|succeed to upload file to UCloud_Engine_Local|https://www.qingwazb.com/upload///thumb/20210115/06640205053931128.png
2021-01-15 13:32:53|ERROR|Daili.GetMemberList|PDOException: You have an error in your SQL syntax; check the manual that corresponds to your MySQL server version for the right syntax to use near ')' at line 1 in /www/wwwroot/yunbao.com/PhalApi/PhalApi/NotORM/NotORM/Result.php:258
Stack trace:
#0 /www/wwwroot/yunbao.com/PhalApi/PhalApi/NotORM/NotORM/Result.php(931): NotORM_Result->query('select * from c...', Array)
#1 /www/wwwroot/yunbao.com/PhalApi/PhalApi/NotORM/NotORM/Result.php(918): NotORM_Result->queryRows('select * from c...', Array)
#2 /www/wwwroot/yunbao.com/PhalApi/Appapi/Domain/Daili.php(223): NotORM_Result->queryAll('select * from c...')
#3 /www/wwwroot/yunbao.com/PhalApi/Appapi/Api/Daili.php(193): Domain_Daili->getMemberList(42879, NULL, '0', NULL, NULL, 1, 99)
#4 /www/wwwroot/yunbao.com/PhalApi/PhalApi/PhalApi.php(57): Api_Daili->getMemberList()
#5 /www/wwwroot/yunbao.com/public/appapi/index.php(15): PhalApi->response()
#6 {main}
2021-01-15 13:33:19|ERROR|Daili.GetMemberList|PDOException: Unknown column 'u.user_login' in 'where clause' in /www/wwwroot/yunbao.com/PhalApi/PhalApi/NotORM/NotORM/Result.php:258
Stack trace:
#0 /www/wwwroot/yunbao.com/PhalApi/PhalApi/NotORM/NotORM/Result.php(931): NotORM_Result->query('select id,user_...', Array)
#1 /www/wwwroot/yunbao.com/PhalApi/PhalApi/NotORM/NotORM/Result.php(918): NotORM_Result->queryRows('select id,user_...', Array)
#2 /www/wwwroot/yunbao.com/PhalApi/Appapi/Domain/Daili.php(196): NotORM_Result->queryAll('select id,user_...', Array)
#3 /www/wwwroot/yunbao.com/PhalApi/Appapi/Api/Daili.php(193): Domain_Daili->getMemberList(42879, 'aaa1111', '1', NULL, NULL, 1, 99)
#4 /www/wwwroot/yunbao.com/PhalApi/PhalApi/PhalApi.php(57): Api_Daili->getMemberList()
#5 /www/wwwroot/yunbao.com/public/appapi/index.php(15): PhalApi->response()
#6 {main}
2021-01-15 13:33:31|ERROR|Daili.GetMemberList|PDOException: Unknown column 'u.user_login' in 'where clause' in /www/wwwroot/yunbao.com/PhalApi/PhalApi/NotORM/NotORM/Result.php:258
Stack trace:
#0 /www/wwwroot/yunbao.com/PhalApi/PhalApi/NotORM/NotORM/Result.php(931): NotORM_Result->query('select id,user_...', Array)
#1 /www/wwwroot/yunbao.com/PhalApi/PhalApi/NotORM/NotORM/Result.php(918): NotORM_Result->queryRows('select id,user_...', Array)
#2 /www/wwwroot/yunbao.com/PhalApi/Appapi/Domain/Daili.php(196): NotORM_Result->queryAll('select id,user_...', Array)
#3 /www/wwwroot/yunbao.com/PhalApi/Appapi/Api/Daili.php(193): Domain_Daili->getMemberList(42879, 'aaa1111', '1', '2021-01-15', '2021-01-15', 1, 99)
#4 /www/wwwroot/yunbao.com/PhalApi/PhalApi/PhalApi.php(57): Api_Daili->getMemberList()
#5 /www/wwwroot/yunbao.com/public/appapi/index.php(15): PhalApi->response()
#6 {main}
2021-01-15 13:33:34|ERROR|Daili.GetMemberList|PDOException: Unknown column 'u.user_login' in 'where clause' in /www/wwwroot/yunbao.com/PhalApi/PhalApi/NotORM/NotORM/Result.php:258
Stack trace:
#0 /www/wwwroot/yunbao.com/PhalApi/PhalApi/NotORM/NotORM/Result.php(931): NotORM_Result->query('select id,user_...', Array)
#1 /www/wwwroot/yunbao.com/PhalApi/PhalApi/NotORM/NotORM/Result.php(918): NotORM_Result->queryRows('select id,user_...', Array)
#2 /www/wwwroot/yunbao.com/PhalApi/Appapi/Domain/Daili.php(196): NotORM_Result->queryAll('select id,user_...', Array)
#3 /www/wwwroot/yunbao.com/PhalApi/Appapi/Api/Daili.php(193): Domain_Daili->getMemberList(42879, 'aaa1111', '1', '2021-01-15', '2021-01-15', 1, 99)
#4 /www/wwwroot/yunbao.com/PhalApi/PhalApi/PhalApi.php(57): Api_Daili->getMemberList()
#5 /www/wwwroot/yunbao.com/public/appapi/index.php(15): PhalApi->response()
#6 {main}
2021-01-15 13:33:34|ERROR|Daili.GetMemberList|PDOException: Unknown column 'u.user_login' in 'where clause' in /www/wwwroot/yunbao.com/PhalApi/PhalApi/NotORM/NotORM/Result.php:258
Stack trace:
#0 /www/wwwroot/yunbao.com/PhalApi/PhalApi/NotORM/NotORM/Result.php(931): NotORM_Result->query('select id,user_...', Array)
#1 /www/wwwroot/yunbao.com/PhalApi/PhalApi/NotORM/NotORM/Result.php(918): NotORM_Result->queryRows('select id,user_...', Array)
#2 /www/wwwroot/yunbao.com/PhalApi/Appapi/Domain/Daili.php(196): NotORM_Result->queryAll('select id,user_...', Array)
#3 /www/wwwroot/yunbao.com/PhalApi/Appapi/Api/Daili.php(193): Domain_Daili->getMemberList(42879, 'aaa1111', '1', '2021-01-15', '2021-01-15', 1, 99)
#4 /www/wwwroot/yunbao.com/PhalApi/PhalApi/PhalApi.php(57): Api_Daili->getMemberList()
#5 /www/wwwroot/yunbao.com/public/appapi/index.php(15): PhalApi->response()
#6 {main}
2021-01-15 13:40:18|DEBUG|succeed to upload file to UCloud_Engine_Local|https://www.qingwazb.com/upload///thumb/20210115/06640332185884184.png
2021-01-15 14:25:40|ERROR|Daili.GetMemberList|PDOException: You have an error in your SQL syntax; check the manual that corresponds to your MySQL server version for the right syntax to use near ')' at line 1 in /www/wwwroot/yunbao.com/PhalApi/PhalApi/NotORM/NotORM/Result.php:258
Stack trace:
#0 /www/wwwroot/yunbao.com/PhalApi/PhalApi/NotORM/NotORM/Result.php(931): NotORM_Result->query('select * from c...', Array)
#1 /www/wwwroot/yunbao.com/PhalApi/PhalApi/NotORM/NotORM/Result.php(918): NotORM_Result->queryRows('select * from c...', Array)
#2 /www/wwwroot/yunbao.com/PhalApi/Appapi/Domain/Daili.php(223): NotORM_Result->queryAll('select * from c...')
#3 /www/wwwroot/yunbao.com/PhalApi/Appapi/Api/Daili.php(193): Domain_Daili->getMemberList(42879, NULL, '0', NULL, NULL, 1, 99)
#4 /www/wwwroot/yunbao.com/PhalApi/PhalApi/PhalApi.php(57): Api_Daili->getMemberList()
#5 /www/wwwroot/yunbao.com/public/appapi/index.php(15): PhalApi->response()
#6 {main}
2021-01-15 14:25:47|ERROR|Daili.GetMemberList|PDOException: Unknown column 'u.is_dai' in 'where clause' in /www/wwwroot/yunbao.com/PhalApi/PhalApi/NotORM/NotORM/Result.php:258
Stack trace:
#0 /www/wwwroot/yunbao.com/PhalApi/PhalApi/NotORM/NotORM/Result.php(931): NotORM_Result->query('select id,user_...', Array)
#1 /www/wwwroot/yunbao.com/PhalApi/PhalApi/NotORM/NotORM/Result.php(918): NotORM_Result->queryRows('select id,user_...', Array)
#2 /www/wwwroot/yunbao.com/PhalApi/Appapi/Domain/Daili.php(196): NotORM_Result->queryAll('select id,user_...', Array)
#3 /www/wwwroot/yunbao.com/PhalApi/Appapi/Api/Daili.php(193): Domain_Daili->getMemberList(42879, NULL, '1', NULL, NULL, 1, 99)
#4 /www/wwwroot/yunbao.com/PhalApi/PhalApi/PhalApi.php(57): Api_Daili->getMemberList()
#5 /www/wwwroot/yunbao.com/public/appapi/index.php(15): PhalApi->response()
#6 {main}
2021-01-15 16:39:29|ERROR|Ticket.ChoiceTicket|PDOException: Incorrect integer value: '' for column 'touid' at row 1 in /www/wwwroot/yunbao.com/PhalApi/PhalApi/NotORM/NotORM/Result.php:258
Stack trace:
#0 /www/wwwroot/yunbao.com/PhalApi/PhalApi/NotORM/NotORM/Result.php(339): NotORM_Result->query('INSERT INTO cmf...', Array)
#1 /www/wwwroot/yunbao.com/PhalApi/PhalApi/NotORM/NotORM/Result.php(356): NotORM_Result->insert_multi(Array)
#2 /www/wwwroot/yunbao.com/PhalApi/Common/functions.php(3989): NotORM_Result->insert(Array)
#3 /www/wwwroot/yunbao.com/PhalApi/Appapi/Api/Ticket.php(607): user_change_action(42885, 3, -30, '\xE5\xBD\xA9\xE7\xA5\xA8\xE4\xB8\x8B\xE6\xB3\xA8')
#4 /www/wwwroot/yunbao.com/PhalApi/PhalApi/PhalApi.php(57): Api_Ticket->choiceTicket()
#5 /www/wwwroot/yunbao.com/public/appapi/index.php(15): PhalApi->response()
#6 {main}
2021-01-15 16:39:41|ERROR|Ticket.ChoiceTicket|PDOException: Incorrect integer value: '' for column 'touid' at row 1 in /www/wwwroot/yunbao.com/PhalApi/PhalApi/NotORM/NotORM/Result.php:258
Stack trace:
#0 /www/wwwroot/yunbao.com/PhalApi/PhalApi/NotORM/NotORM/Result.php(339): NotORM_Result->query('INSERT INTO cmf...', Array)
#1 /www/wwwroot/yunbao.com/PhalApi/PhalApi/NotORM/NotORM/Result.php(356): NotORM_Result->insert_multi(Array)
#2 /www/wwwroot/yunbao.com/PhalApi/Common/functions.php(3989): NotORM_Result->insert(Array)
#3 /www/wwwroot/yunbao.com/PhalApi/Appapi/Api/Ticket.php(607): user_change_action(42885, 3, -30, '\xE5\xBD\xA9\xE7\xA5\xA8\xE4\xB8\x8B\xE6\xB3\xA8')
#4 /www/wwwroot/yunbao.com/PhalApi/PhalApi/PhalApi.php(57): Api_Ticket->choiceTicket()
#5 /www/wwwroot/yunbao.com/public/appapi/index.php(15): PhalApi->response()
#6 {main}
2021-01-15 16:42:11|ERROR|Daili.ChangeMoney|PDOException: Incorrect integer value: '' for column 'withdraw_id' at row 1 in /www/wwwroot/yunbao.com/PhalApi/PhalApi/NotORM/NotORM/Result.php:258
Stack trace:
#0 /www/wwwroot/yunbao.com/PhalApi/PhalApi/NotORM/NotORM/Result.php(339): NotORM_Result->query('INSERT INTO cmf...', Array)
#1 /www/wwwroot/yunbao.com/PhalApi/PhalApi/NotORM/NotORM/Result.php(356): NotORM_Result->insert_multi(Array)
#2 /www/wwwroot/yunbao.com/PhalApi/Common/functions.php(3989): NotORM_Result->insert(Array)
#3 /www/wwwroot/yunbao.com/PhalApi/Appapi/Domain/Daili.php(370): user_change_action(42885, 5, -30, '\xE4\xBC\x9A\xE5\x91\x98\xE7\xAE\xA1\xE7\x90\x86\xE8\xBD\xAC...', 42886)
#4 /www/wwwroot/yunbao.com/PhalApi/Appapi/Api/Daili.php(239): Domain_Daili->changeMoney(42885, 42886, 30, '123456')
#5 /www/wwwroot/yunbao.com/PhalApi/PhalApi/PhalApi.php(57): Api_Daili->changeMoney()
#6 /www/wwwroot/yunbao.com/public/appapi/index.php(15): PhalApi->response()
#7 {main}
2021-01-15 18:40:58|ERROR|Daili.GameReport|PDOException: Table 'yunbao_com.cmf_uc' doesn't exist in /www/wwwroot/yunbao.com/PhalApi/PhalApi/NotORM/NotORM/Result.php:258
Stack trace:
#0 /www/wwwroot/yunbao.com/PhalApi/PhalApi/NotORM/NotORM/Result.php(811): NotORM_Result->query('SELECT sum(if(u...', Array)
#1 /www/wwwroot/yunbao.com/PhalApi/PhalApi/NotORM/NotORM/Result.php(896): NotORM_Result->execute()
#2 /www/wwwroot/yunbao.com/PhalApi/Appapi/Domain/Daili.php(592): NotORM_Result->fetchAll()
#3 /www/wwwroot/yunbao.com/PhalApi/Appapi/Api/Daili.php(399): Domain_Daili->gameReport(42885, 1, 1577808000, 1612195200)
#4 /www/wwwroot/yunbao.com/PhalApi/PhalApi/PhalApi.php(57): Api_Daili->gameReport()
#5 /www/wwwroot/yunbao.com/public/appapi/index.php(15): PhalApi->response()
#6 {main}
