2021-01-05 09:33:25|ERROR|Home.getNearby|PDOException: The user specified as a definer ('livenew'@'127.0.0.1') does not exist in /www/wwwroot/yunbao.com/PhalApi/PhalApi/NotORM/NotORM/Result.php:258
Stack trace:
#0 /www/wwwroot/yunbao.com/PhalApi/PhalApi/NotORM/NotORM/Result.php(811): NotORM_Result->query('SELECT uid,titl...', Array)
#1 /www/wwwroot/yunbao.com/PhalApi/PhalApi/NotORM/NotORM/Result.php(896): NotORM_Result->execute()
#2 /www/wwwroot/yunbao.com/PhalApi/Appapi/Model/Home.php(285): NotORM_Result->fetchAll()
#3 /www/wwwroot/yunbao.com/PhalApi/Appapi/Domain/Home.php(61): Model_Home->getNearby('0.0', '0.0', '1')
#4 /www/wwwroot/yunbao.com/PhalApi/Appapi/Api/Home.php(537): Domain_Home->getNearby('0.0', '0.0', '1')
#5 /www/wwwroot/yunbao.com/PhalApi/PhalApi/PhalApi.php(57): Api_Home->getNearby()
#6 /www/wwwroot/yunbao.com/public/appapi/index.php(15): PhalApi->response()
#7 {main}
2021-01-05 09:33:29|ERROR|Home.getNearby|PDOException: The user specified as a definer ('livenew'@'127.0.0.1') does not exist in /www/wwwroot/yunbao.com/PhalApi/PhalApi/NotORM/NotORM/Result.php:258
Stack trace:
#0 /www/wwwroot/yunbao.com/PhalApi/PhalApi/NotORM/NotORM/Result.php(811): NotORM_Result->query('SELECT uid,titl...', Array)
#1 /www/wwwroot/yunbao.com/PhalApi/PhalApi/NotORM/NotORM/Result.php(896): NotORM_Result->execute()
#2 /www/wwwroot/yunbao.com/PhalApi/Appapi/Model/Home.php(285): NotORM_Result->fetchAll()
#3 /www/wwwroot/yunbao.com/PhalApi/Appapi/Domain/Home.php(61): Model_Home->getNearby('0.0', '0.0', '1')
#4 /www/wwwroot/yunbao.com/PhalApi/Appapi/Api/Home.php(537): Domain_Home->getNearby('0.0', '0.0', '1')
#5 /www/wwwroot/yunbao.com/PhalApi/PhalApi/PhalApi.php(57): Api_Home->getNearby()
#6 /www/wwwroot/yunbao.com/public/appapi/index.php(15): PhalApi->response()
#7 {main}
2021-01-05 10:57:28|ERROR|Home.getNearby|PDOException: The user specified as a definer ('livenew'@'127.0.0.1') does not exist in /www/wwwroot/yunbao.com/PhalApi/PhalApi/NotORM/NotORM/Result.php:258
Stack trace:
#0 /www/wwwroot/yunbao.com/PhalApi/PhalApi/NotORM/NotORM/Result.php(811): NotORM_Result->query('SELECT uid,titl...', Array)
#1 /www/wwwroot/yunbao.com/PhalApi/PhalApi/NotORM/NotORM/Result.php(896): NotORM_Result->execute()
#2 /www/wwwroot/yunbao.com/PhalApi/Appapi/Model/Home.php(285): NotORM_Result->fetchAll()
#3 /www/wwwroot/yunbao.com/PhalApi/Appapi/Domain/Home.php(61): Model_Home->getNearby('0.0', '0.0', '1')
#4 /www/wwwroot/yunbao.com/PhalApi/Appapi/Api/Home.php(537): Domain_Home->getNearby('0.0', '0.0', '1')
#5 /www/wwwroot/yunbao.com/PhalApi/PhalApi/PhalApi.php(57): Api_Home->getNearby()
#6 /www/wwwroot/yunbao.com/public/appapi/index.php(15): PhalApi->response()
#7 {main}
2021-01-05 10:57:29|ERROR|Home.getNearby|PDOException: The user specified as a definer ('livenew'@'127.0.0.1') does not exist in /www/wwwroot/yunbao.com/PhalApi/PhalApi/NotORM/NotORM/Result.php:258
Stack trace:
#0 /www/wwwroot/yunbao.com/PhalApi/PhalApi/NotORM/NotORM/Result.php(811): NotORM_Result->query('SELECT uid,titl...', Array)
#1 /www/wwwroot/yunbao.com/PhalApi/PhalApi/NotORM/NotORM/Result.php(896): NotORM_Result->execute()
#2 /www/wwwroot/yunbao.com/PhalApi/Appapi/Model/Home.php(285): NotORM_Result->fetchAll()
#3 /www/wwwroot/yunbao.com/PhalApi/Appapi/Domain/Home.php(61): Model_Home->getNearby('0.0', '0.0', '1')
#4 /www/wwwroot/yunbao.com/PhalApi/Appapi/Api/Home.php(537): Domain_Home->getNearby('0.0', '0.0', '1')
#5 /www/wwwroot/yunbao.com/PhalApi/PhalApi/PhalApi.php(57): Api_Home->getNearby()
#6 /www/wwwroot/yunbao.com/public/appapi/index.php(15): PhalApi->response()
#7 {main}
2021-01-05 11:09:00|DEBUG|succeed to upload file to UCloud_Engine_Local|https://www.qingwazb.com/upload///thumb/20210105/06631601403253765.png
2021-01-05 11:59:52|ERROR|Home.getNearby|PDOException: The user specified as a definer ('livenew'@'127.0.0.1') does not exist in /www/wwwroot/yunbao.com/PhalApi/PhalApi/NotORM/NotORM/Result.php:258
Stack trace:
#0 /www/wwwroot/yunbao.com/PhalApi/PhalApi/NotORM/NotORM/Result.php(811): NotORM_Result->query('SELECT uid,titl...', Array)
#1 /www/wwwroot/yunbao.com/PhalApi/PhalApi/NotORM/NotORM/Result.php(896): NotORM_Result->execute()
#2 /www/wwwroot/yunbao.com/PhalApi/Appapi/Model/Home.php(285): NotORM_Result->fetchAll()
#3 /www/wwwroot/yunbao.com/PhalApi/Appapi/Domain/Home.php(61): Model_Home->getNearby('0.0', '0.0', '1')
#4 /www/wwwroot/yunbao.com/PhalApi/Appapi/Api/Home.php(537): Domain_Home->getNearby('0.0', '0.0', '1')
#5 /www/wwwroot/yunbao.com/PhalApi/PhalApi/PhalApi.php(57): Api_Home->getNearby()
#6 /www/wwwroot/yunbao.com/public/appapi/index.php(15): PhalApi->response()
#7 {main}
2021-01-05 11:59:54|ERROR|Home.getNearby|PDOException: The user specified as a definer ('livenew'@'127.0.0.1') does not exist in /www/wwwroot/yunbao.com/PhalApi/PhalApi/NotORM/NotORM/Result.php:258
Stack trace:
#0 /www/wwwroot/yunbao.com/PhalApi/PhalApi/NotORM/NotORM/Result.php(811): NotORM_Result->query('SELECT uid,titl...', Array)
#1 /www/wwwroot/yunbao.com/PhalApi/PhalApi/NotORM/NotORM/Result.php(896): NotORM_Result->execute()
#2 /www/wwwroot/yunbao.com/PhalApi/Appapi/Model/Home.php(285): NotORM_Result->fetchAll()
#3 /www/wwwroot/yunbao.com/PhalApi/Appapi/Domain/Home.php(61): Model_Home->getNearby('0.0', '0.0', '1')
#4 /www/wwwroot/yunbao.com/PhalApi/Appapi/Api/Home.php(537): Domain_Home->getNearby('0.0', '0.0', '1')
#5 /www/wwwroot/yunbao.com/PhalApi/PhalApi/PhalApi.php(57): Api_Home->getNearby()
#6 /www/wwwroot/yunbao.com/public/appapi/index.php(15): PhalApi->response()
#7 {main}
2021-01-05 11:59:54|ERROR|Home.getNearby|PDOException: The user specified as a definer ('livenew'@'127.0.0.1') does not exist in /www/wwwroot/yunbao.com/PhalApi/PhalApi/NotORM/NotORM/Result.php:258
Stack trace:
#0 /www/wwwroot/yunbao.com/PhalApi/PhalApi/NotORM/NotORM/Result.php(811): NotORM_Result->query('SELECT uid,titl...', Array)
#1 /www/wwwroot/yunbao.com/PhalApi/PhalApi/NotORM/NotORM/Result.php(896): NotORM_Result->execute()
#2 /www/wwwroot/yunbao.com/PhalApi/Appapi/Model/Home.php(285): NotORM_Result->fetchAll()
#3 /www/wwwroot/yunbao.com/PhalApi/Appapi/Domain/Home.php(61): Model_Home->getNearby('0.0', '0.0', '1')
#4 /www/wwwroot/yunbao.com/PhalApi/Appapi/Api/Home.php(537): Domain_Home->getNearby('0.0', '0.0', '1')
#5 /www/wwwroot/yunbao.com/PhalApi/PhalApi/PhalApi.php(57): Api_Home->getNearby()
#6 /www/wwwroot/yunbao.com/public/appapi/index.php(15): PhalApi->response()
#7 {main}
2021-01-05 12:03:34|ERROR|Ticket.GetTicketRecord|PDOException: You have an error in your SQL syntax; check the manual that corresponds to your MySQL server version for the right syntax to use near ') LIMIT 0,10' at line 1 in /www/wwwroot/yunbao.com/PhalApi/PhalApi/NotORM/NotORM/Result.php:258
Stack trace:
#0 /www/wwwroot/yunbao.com/PhalApi/PhalApi/NotORM/NotORM/Result.php(811): NotORM_Result->query('SELECT short_na...', Array)
#1 /www/wwwroot/yunbao.com/PhalApi/PhalApi/NotORM/NotORM/Result.php(896): NotORM_Result->execute()
#2 /www/wwwroot/yunbao.com/PhalApi/Appapi/Api/Ticket.php(647): NotORM_Result->fetchAll()
#3 /www/wwwroot/yunbao.com/PhalApi/PhalApi/PhalApi.php(57): Api_Ticket->getTicketRecord()
#4 /www/wwwroot/yunbao.com/public/appapi/index.php(15): PhalApi->response()
#5 {main}
2021-01-05 12:04:13|ERROR|Ticket.GetTicketRecord|PDOException: You have an error in your SQL syntax; check the manual that corresponds to your MySQL server version for the right syntax to use near ') LIMIT 0,10' at line 1 in /www/wwwroot/yunbao.com/PhalApi/PhalApi/NotORM/NotORM/Result.php:258
Stack trace:
#0 /www/wwwroot/yunbao.com/PhalApi/PhalApi/NotORM/NotORM/Result.php(811): NotORM_Result->query('SELECT short_na...', Array)
#1 /www/wwwroot/yunbao.com/PhalApi/PhalApi/NotORM/NotORM/Result.php(896): NotORM_Result->execute()
#2 /www/wwwroot/yunbao.com/PhalApi/Appapi/Api/Ticket.php(647): NotORM_Result->fetchAll()
#3 /www/wwwroot/yunbao.com/PhalApi/PhalApi/PhalApi.php(57): Api_Ticket->getTicketRecord()
#4 /www/wwwroot/yunbao.com/public/appapi/index.php(15): PhalApi->response()
#5 {main}
2021-01-05 12:04:16|ERROR|Ticket.GetTicketRecord|PDOException: You have an error in your SQL syntax; check the manual that corresponds to your MySQL server version for the right syntax to use near ') LIMIT 0,10' at line 1 in /www/wwwroot/yunbao.com/PhalApi/PhalApi/NotORM/NotORM/Result.php:258
Stack trace:
#0 /www/wwwroot/yunbao.com/PhalApi/PhalApi/NotORM/NotORM/Result.php(811): NotORM_Result->query('SELECT short_na...', Array)
#1 /www/wwwroot/yunbao.com/PhalApi/PhalApi/NotORM/NotORM/Result.php(896): NotORM_Result->execute()
#2 /www/wwwroot/yunbao.com/PhalApi/Appapi/Api/Ticket.php(647): NotORM_Result->fetchAll()
#3 /www/wwwroot/yunbao.com/PhalApi/PhalApi/PhalApi.php(57): Api_Ticket->getTicketRecord()
#4 /www/wwwroot/yunbao.com/public/appapi/index.php(15): PhalApi->response()
#5 {main}
2021-01-05 12:13:16|ERROR|Ticket.GetTicketRecord|PDOException: Unknown column 'xyscpks' in 'where clause' in /www/wwwroot/yunbao.com/PhalApi/PhalApi/NotORM/NotORM/Result.php:258
Stack trace:
#0 /www/wwwroot/yunbao.com/PhalApi/PhalApi/NotORM/NotORM/Result.php(811): NotORM_Result->query('SELECT short_na...', Array)
#1 /www/wwwroot/yunbao.com/PhalApi/PhalApi/NotORM/NotORM/Result.php(896): NotORM_Result->execute()
#2 /www/wwwroot/yunbao.com/PhalApi/Appapi/Api/Ticket.php(648): NotORM_Result->fetchAll()
#3 /www/wwwroot/yunbao.com/PhalApi/PhalApi/PhalApi.php(57): Api_Ticket->getTicketRecord()
#4 /www/wwwroot/yunbao.com/public/appapi/index.php(15): PhalApi->response()
#5 {main}
2021-01-05 12:14:55|ERROR|Ticket.GetTicketRecord|PDOException: Unknown column 'xyscpks' in 'where clause' in /www/wwwroot/yunbao.com/PhalApi/PhalApi/NotORM/NotORM/Result.php:258
Stack trace:
#0 /www/wwwroot/yunbao.com/PhalApi/PhalApi/NotORM/NotORM/Result.php(811): NotORM_Result->query('SELECT short_na...', Array)
#1 /www/wwwroot/yunbao.com/PhalApi/PhalApi/NotORM/NotORM/Result.php(896): NotORM_Result->execute()
#2 /www/wwwroot/yunbao.com/PhalApi/Appapi/Api/Ticket.php(648): NotORM_Result->fetchAll()
#3 /www/wwwroot/yunbao.com/PhalApi/PhalApi/PhalApi.php(57): Api_Ticket->getTicketRecord()
#4 /www/wwwroot/yunbao.com/public/appapi/index.php(15): PhalApi->response()
#5 {main}
2021-01-05 12:32:35|ERROR|Ticket.GetTicketRecord|PDOException: You have an error in your SQL syntax; check the manual that corresponds to your MySQL server version for the right syntax to use near 'and cz_id IN (1,2,3,4,5,6,7,8,9,10,11,12,13,14,15,16,17,18,19,20,21,22,23,24,25,' at line 1 in /www/wwwroot/yunbao.com/PhalApi/PhalApi/NotORM/NotORM/Result.php:258
Stack trace:
#0 /www/wwwroot/yunbao.com/PhalApi/PhalApi/NotORM/NotORM/Result.php(811): NotORM_Result->query('SELECT short_na...', Array)
#1 /www/wwwroot/yunbao.com/PhalApi/PhalApi/NotORM/NotORM/Result.php(896): NotORM_Result->execute()
#2 /www/wwwroot/yunbao.com/PhalApi/Appapi/Api/Ticket.php(648): NotORM_Result->fetchAll()
#3 /www/wwwroot/yunbao.com/PhalApi/PhalApi/PhalApi.php(57): Api_Ticket->getTicketRecord()
#4 /www/wwwroot/yunbao.com/public/appapi/index.php(15): PhalApi->response()
#5 {main}
2021-01-05 12:34:45|ERROR|Ticket.GetTicketRecord|PDOException: You have an error in your SQL syntax; check the manual that corresponds to your MySQL server version for the right syntax to use near ') AND (cz_id IN (1,2,3,4,5,6,7,8,9,10,11,12,13,14,15,16,17,18,19,20,21,22,23,24,' at line 1 in /www/wwwroot/yunbao.com/PhalApi/PhalApi/NotORM/NotORM/Result.php:258
Stack trace:
#0 /www/wwwroot/yunbao.com/PhalApi/PhalApi/NotORM/NotORM/Result.php(811): NotORM_Result->query('SELECT short_na...', Array)
#1 /www/wwwroot/yunbao.com/PhalApi/PhalApi/NotORM/NotORM/Result.php(896): NotORM_Result->execute()
#2 /www/wwwroot/yunbao.com/PhalApi/Appapi/Api/Ticket.php(650): NotORM_Result->fetchAll()
#3 /www/wwwroot/yunbao.com/PhalApi/PhalApi/PhalApi.php(57): Api_Ticket->getTicketRecord()
#4 /www/wwwroot/yunbao.com/public/appapi/index.php(15): PhalApi->response()
#5 {main}
2021-01-05 12:35:49|ERROR|Ticket.GetTicketRecord|PDOException: You have an error in your SQL syntax; check the manual that corresponds to your MySQL server version for the right syntax to use near ') AND (cz_id IN (1,2,3,4,5,6,7,8,9,10,11,12,13,14,15,16,17,18,19,20,21,22,23,24,' at line 1 in /www/wwwroot/yunbao.com/PhalApi/PhalApi/NotORM/NotORM/Result.php:258
Stack trace:
#0 /www/wwwroot/yunbao.com/PhalApi/PhalApi/NotORM/NotORM/Result.php(811): NotORM_Result->query('SELECT short_na...', Array)
#1 /www/wwwroot/yunbao.com/PhalApi/PhalApi/NotORM/NotORM/Result.php(896): NotORM_Result->execute()
#2 /www/wwwroot/yunbao.com/PhalApi/Appapi/Api/Ticket.php(650): NotORM_Result->fetchAll()
#3 /www/wwwroot/yunbao.com/PhalApi/PhalApi/PhalApi.php(57): Api_Ticket->getTicketRecord()
#4 /www/wwwroot/yunbao.com/public/appapi/index.php(15): PhalApi->response()
#5 {main}
2021-01-05 12:40:52|ERROR|Ticket.GetTicketRecord|PDOException: You have an error in your SQL syntax; check the manual that corresponds to your MySQL server version for the right syntax to use near ') AND (cz_id IN (1,2,3,4,5,6,7,8,9,10,11,12,13,14,15,16,17,18,19,20,21,22,23,24,' at line 1 in /www/wwwroot/yunbao.com/PhalApi/PhalApi/NotORM/NotORM/Result.php:258
Stack trace:
#0 /www/wwwroot/yunbao.com/PhalApi/PhalApi/NotORM/NotORM/Result.php(811): NotORM_Result->query('SELECT short_na...', Array)
#1 /www/wwwroot/yunbao.com/PhalApi/PhalApi/NotORM/NotORM/Result.php(896): NotORM_Result->execute()
#2 /www/wwwroot/yunbao.com/PhalApi/Appapi/Api/Ticket.php(650): NotORM_Result->fetchAll()
#3 /www/wwwroot/yunbao.com/PhalApi/PhalApi/PhalApi.php(57): Api_Ticket->getTicketRecord()
#4 /www/wwwroot/yunbao.com/public/appapi/index.php(15): PhalApi->response()
#5 {main}
2021-01-05 12:41:50|ERROR|Ticket.GetTicketRecord|PDOException: You have an error in your SQL syntax; check the manual that corresponds to your MySQL server version for the right syntax to use near ') AND () LIMIT 0,10' at line 1 in /www/wwwroot/yunbao.com/PhalApi/PhalApi/NotORM/NotORM/Result.php:258
Stack trace:
#0 /www/wwwroot/yunbao.com/PhalApi/PhalApi/NotORM/NotORM/Result.php(811): NotORM_Result->query('SELECT short_na...', Array)
#1 /www/wwwroot/yunbao.com/PhalApi/PhalApi/NotORM/NotORM/Result.php(896): NotORM_Result->execute()
#2 /www/wwwroot/yunbao.com/PhalApi/Appapi/Api/Ticket.php(650): NotORM_Result->fetchAll()
#3 /www/wwwroot/yunbao.com/PhalApi/PhalApi/PhalApi.php(57): Api_Ticket->getTicketRecord()
#4 /www/wwwroot/yunbao.com/public/appapi/index.php(15): PhalApi->response()
#5 {main}
2021-01-05 12:44:55|ERROR|Ticket.GetTicketRecord|PDOException: You have an error in your SQL syntax; check the manual that corresponds to your MySQL server version for the right syntax to use near ') LIMIT 0,10' at line 1 in /www/wwwroot/yunbao.com/PhalApi/PhalApi/NotORM/NotORM/Result.php:258
Stack trace:
#0 /www/wwwroot/yunbao.com/PhalApi/PhalApi/NotORM/NotORM/Result.php(811): NotORM_Result->query('SELECT short_na...', Array)
#1 /www/wwwroot/yunbao.com/PhalApi/PhalApi/NotORM/NotORM/Result.php(896): NotORM_Result->execute()
#2 /www/wwwroot/yunbao.com/PhalApi/Appapi/Api/Ticket.php(654): NotORM_Result->fetchAll()
#3 /www/wwwroot/yunbao.com/PhalApi/PhalApi/PhalApi.php(57): Api_Ticket->getTicketRecord()
#4 /www/wwwroot/yunbao.com/public/appapi/index.php(15): PhalApi->response()
#5 {main}
2021-01-05 12:50:11|ERROR|Ticket.GetTicketRecord|PDOException: You have an error in your SQL syntax; check the manual that corresponds to your MySQL server version for the right syntax to use near 'and addtime BETWEEN 1609603200 AND 1609689600 and cz_id IN (1,2,3,4,5,6,7,8,9,10' at line 1 in /www/wwwroot/yunbao.com/PhalApi/PhalApi/NotORM/NotORM/Result.php:258
Stack trace:
#0 /www/wwwroot/yunbao.com/PhalApi/PhalApi/NotORM/NotORM/Result.php(811): NotORM_Result->query('SELECT short_na...', Array)
#1 /www/wwwroot/yunbao.com/PhalApi/PhalApi/NotORM/NotORM/Result.php(896): NotORM_Result->execute()
#2 /www/wwwroot/yunbao.com/PhalApi/Appapi/Api/Ticket.php(647): NotORM_Result->fetchAll()
#3 /www/wwwroot/yunbao.com/PhalApi/PhalApi/PhalApi.php(57): Api_Ticket->getTicketRecord()
#4 /www/wwwroot/yunbao.com/public/appapi/index.php(15): PhalApi->response()
#5 {main}
2021-01-05 12:50:20|ERROR|Ticket.GetTicketRecord|PDOException: You have an error in your SQL syntax; check the manual that corresponds to your MySQL server version for the right syntax to use near 'and addtime BETWEEN 1609603200 AND 1609689600) LIMIT 0,10' at line 1 in /www/wwwroot/yunbao.com/PhalApi/PhalApi/NotORM/NotORM/Result.php:258
Stack trace:
#0 /www/wwwroot/yunbao.com/PhalApi/PhalApi/NotORM/NotORM/Result.php(811): NotORM_Result->query('SELECT short_na...', Array)
#1 /www/wwwroot/yunbao.com/PhalApi/PhalApi/NotORM/NotORM/Result.php(896): NotORM_Result->execute()
#2 /www/wwwroot/yunbao.com/PhalApi/Appapi/Api/Ticket.php(647): NotORM_Result->fetchAll()
#3 /www/wwwroot/yunbao.com/PhalApi/PhalApi/PhalApi.php(57): Api_Ticket->getTicketRecord()
#4 /www/wwwroot/yunbao.com/public/appapi/index.php(15): PhalApi->response()
#5 {main}
2021-01-05 12:50:25|ERROR|Ticket.GetTicketRecord|PDOException: You have an error in your SQL syntax; check the manual that corresponds to your MySQL server version for the right syntax to use near 'and addtime BETWEEN 1609603200 AND 1609689600) LIMIT 0,10' at line 1 in /www/wwwroot/yunbao.com/PhalApi/PhalApi/NotORM/NotORM/Result.php:258
Stack trace:
#0 /www/wwwroot/yunbao.com/PhalApi/PhalApi/NotORM/NotORM/Result.php(811): NotORM_Result->query('SELECT short_na...', Array)
#1 /www/wwwroot/yunbao.com/PhalApi/PhalApi/NotORM/NotORM/Result.php(896): NotORM_Result->execute()
#2 /www/wwwroot/yunbao.com/PhalApi/Appapi/Api/Ticket.php(647): NotORM_Result->fetchAll()
#3 /www/wwwroot/yunbao.com/PhalApi/PhalApi/PhalApi.php(57): Api_Ticket->getTicketRecord()
#4 /www/wwwroot/yunbao.com/public/appapi/index.php(15): PhalApi->response()
#5 {main}
2021-01-05 12:51:38|ERROR|Ticket.GetTicketRecord|PDOException: You have an error in your SQL syntax; check the manual that corresponds to your MySQL server version for the right syntax to use near 'addtime BETWEEN 1609603200 AND 1609689600 and cz_id IN (1,2,3,4,5,6,7,8,9,10,11,' at line 1 in /www/wwwroot/yunbao.com/PhalApi/PhalApi/NotORM/NotORM/Result.php:258
Stack trace:
#0 /www/wwwroot/yunbao.com/PhalApi/PhalApi/NotORM/NotORM/Result.php(811): NotORM_Result->query('SELECT short_na...', Array)
#1 /www/wwwroot/yunbao.com/PhalApi/PhalApi/NotORM/NotORM/Result.php(896): NotORM_Result->execute()
#2 /www/wwwroot/yunbao.com/PhalApi/Appapi/Api/Ticket.php(647): NotORM_Result->fetchAll()
#3 /www/wwwroot/yunbao.com/PhalApi/PhalApi/PhalApi.php(57): Api_Ticket->getTicketRecord()
#4 /www/wwwroot/yunbao.com/public/appapi/index.php(15): PhalApi->response()
#5 {main}
2021-01-05 13:42:01|DEBUG|succeed to upload file to UCloud_Engine_Local|https://www.qingwazb.com/upload///thumb/20210105/06631693217469305.png
2021-01-05 14:46:48|DEBUG|succeed to upload file to UCloud_Engine_Local|https://www.qingwazb.com/upload///thumb/20210105/06631732084043942.png
2021-01-05 16:50:28|ERROR|User.WithdrawList|PDOException: You have an error in your SQL syntax; check the manual that corresponds to your MySQL server version for the right syntax to use near ') LIMIT 1' at line 1 in /www/wwwroot/yunbao.com/PhalApi/PhalApi/NotORM/NotORM/Result.php:258
Stack trace:
#0 /www/wwwroot/yunbao.com/PhalApi/PhalApi/NotORM/NotORM/Result.php(811): NotORM_Result->query('SELECT bank_nam...', Array)
#1 /www/wwwroot/yunbao.com/PhalApi/PhalApi/NotORM/NotORM/Result.php(887): NotORM_Result->execute()
#2 /www/wwwroot/yunbao.com/PhalApi/PhalApi/NotORM/NotORM/Result.php(875): NotORM_Result->fetchRow('')
#3 /www/wwwroot/yunbao.com/PhalApi/Appapi/Api/User.php(1021): NotORM_Result->fetchOne()
#4 /www/wwwroot/yunbao.com/PhalApi/PhalApi/PhalApi.php(57): Api_User->withdrawList()
#5 /www/wwwroot/yunbao.com/public/appapi/index.php(15): PhalApi->response()
#6 {main}
2021-01-05 16:50:30|ERROR|User.WithdrawList|PDOException: You have an error in your SQL syntax; check the manual that corresponds to your MySQL server version for the right syntax to use near ') LIMIT 1' at line 1 in /www/wwwroot/yunbao.com/PhalApi/PhalApi/NotORM/NotORM/Result.php:258
Stack trace:
#0 /www/wwwroot/yunbao.com/PhalApi/PhalApi/NotORM/NotORM/Result.php(811): NotORM_Result->query('SELECT bank_nam...', Array)
#1 /www/wwwroot/yunbao.com/PhalApi/PhalApi/NotORM/NotORM/Result.php(887): NotORM_Result->execute()
#2 /www/wwwroot/yunbao.com/PhalApi/PhalApi/NotORM/NotORM/Result.php(875): NotORM_Result->fetchRow('')
#3 /www/wwwroot/yunbao.com/PhalApi/Appapi/Api/User.php(1021): NotORM_Result->fetchOne()
#4 /www/wwwroot/yunbao.com/PhalApi/PhalApi/PhalApi.php(57): Api_User->withdrawList()
#5 /www/wwwroot/yunbao.com/public/appapi/index.php(15): PhalApi->response()
#6 {main}
2021-01-05 17:02:18|DEBUG|succeed to upload file to UCloud_Engine_Local|https://www.qingwazb.com/upload///avatar/20210105/06631813387177942.png
2021-01-05 17:17:02|ERROR|Home.getNearby|PDOException: The user specified as a definer ('livenew'@'127.0.0.1') does not exist in /www/wwwroot/yunbao.com/PhalApi/PhalApi/NotORM/NotORM/Result.php:258
Stack trace:
#0 /www/wwwroot/yunbao.com/PhalApi/PhalApi/NotORM/NotORM/Result.php(811): NotORM_Result->query('SELECT uid,titl...', Array)
#1 /www/wwwroot/yunbao.com/PhalApi/PhalApi/NotORM/NotORM/Result.php(896): NotORM_Result->execute()
#2 /www/wwwroot/yunbao.com/PhalApi/Appapi/Model/Home.php(285): NotORM_Result->fetchAll()
#3 /www/wwwroot/yunbao.com/PhalApi/Appapi/Domain/Home.php(61): Model_Home->getNearby('0.0', '0.0', '1')
#4 /www/wwwroot/yunbao.com/PhalApi/Appapi/Api/Home.php(537): Domain_Home->getNearby('0.0', '0.0', '1')
#5 /www/wwwroot/yunbao.com/PhalApi/PhalApi/PhalApi.php(57): Api_Home->getNearby()
#6 /www/wwwroot/yunbao.com/public/appapi/index.php(15): PhalApi->response()
#7 {main}
2021-01-05 17:18:31|ERROR|Home.getNearby|PDOException: The user specified as a definer ('livenew'@'127.0.0.1') does not exist in /www/wwwroot/yunbao.com/PhalApi/PhalApi/NotORM/NotORM/Result.php:258
Stack trace:
#0 /www/wwwroot/yunbao.com/PhalApi/PhalApi/NotORM/NotORM/Result.php(811): NotORM_Result->query('SELECT uid,titl...', Array)
#1 /www/wwwroot/yunbao.com/PhalApi/PhalApi/NotORM/NotORM/Result.php(896): NotORM_Result->execute()
#2 /www/wwwroot/yunbao.com/PhalApi/Appapi/Model/Home.php(285): NotORM_Result->fetchAll()
#3 /www/wwwroot/yunbao.com/PhalApi/Appapi/Domain/Home.php(61): Model_Home->getNearby('0.0', '0.0', '1')
#4 /www/wwwroot/yunbao.com/PhalApi/Appapi/Api/Home.php(537): Domain_Home->getNearby('0.0', '0.0', '1')
#5 /www/wwwroot/yunbao.com/PhalApi/PhalApi/PhalApi.php(57): Api_Home->getNearby()
#6 /www/wwwroot/yunbao.com/public/appapi/index.php(15): PhalApi->response()
#7 {main}
