2021-01-26 15:44:01|DEBUG|succeed to upload file to UCloud_Engine_Local|https://www.qingwazb.com/upload///thumb/20210126/06649910414147627.png
2021-01-26 16:36:21|DEBUG|succeed to upload file to UCloud_Engine_Local|https://www.qingwazb.com/upload///thumb/20210126/06649941813899967.png
2021-01-26 19:42:40|ERROR|User.UpdateFields|PDOException: Incorrect integer value: '' for column 'sex' at row 1 in /www/wwwroot/yunbao.com/PhalApi/PhalApi/NotORM/NotORM/Result.php:258
Stack trace:
#0 /www/wwwroot/yunbao.com/PhalApi/PhalApi/NotORM/NotORM/Result.php(410): NotORM_Result->query('UPDATE cmf_user...', Array)
#1 /www/wwwroot/yunbao.com/PhalApi/Appapi/Model/User.php(85): NotORM_Result->update(Array)
#2 /www/wwwroot/yunbao.com/PhalApi/Appapi/Domain/User.php(27): Model_User->userUpdate(42941, Array)
#3 /www/wwwroot/yunbao.com/PhalApi/Appapi/Api/User.php(1682): Domain_User->userUpdate(42941, Array)
#4 /www/wwwroot/yunbao.com/PhalApi/PhalApi/PhalApi.php(57): Api_User->updateFields()
#5 /www/wwwroot/yunbao.com/public/appapi/index.php(15): PhalApi->response()
#6 {main}
2021-01-26 19:42:43|ERROR|User.UpdateFields|PDOException: Incorrect integer value: '' for column 'sex' at row 1 in /www/wwwroot/yunbao.com/PhalApi/PhalApi/NotORM/NotORM/Result.php:258
Stack trace:
#0 /www/wwwroot/yunbao.com/PhalApi/PhalApi/NotORM/NotORM/Result.php(410): NotORM_Result->query('UPDATE cmf_user...', Array)
#1 /www/wwwroot/yunbao.com/PhalApi/Appapi/Model/User.php(85): NotORM_Result->update(Array)
#2 /www/wwwroot/yunbao.com/PhalApi/Appapi/Domain/User.php(27): Model_User->userUpdate(42941, Array)
#3 /www/wwwroot/yunbao.com/PhalApi/Appapi/Api/User.php(1682): Domain_User->userUpdate(42941, Array)
#4 /www/wwwroot/yunbao.com/PhalApi/PhalApi/PhalApi.php(57): Api_User->updateFields()
#5 /www/wwwroot/yunbao.com/public/appapi/index.php(15): PhalApi->response()
#6 {main}
2021-01-26 19:42:44|ERROR|User.UpdateFields|PDOException: Incorrect integer value: '' for column 'sex' at row 1 in /www/wwwroot/yunbao.com/PhalApi/PhalApi/NotORM/NotORM/Result.php:258
Stack trace:
#0 /www/wwwroot/yunbao.com/PhalApi/PhalApi/NotORM/NotORM/Result.php(410): NotORM_Result->query('UPDATE cmf_user...', Array)
#1 /www/wwwroot/yunbao.com/PhalApi/Appapi/Model/User.php(85): NotORM_Result->update(Array)
#2 /www/wwwroot/yunbao.com/PhalApi/Appapi/Domain/User.php(27): Model_User->userUpdate(42941, Array)
#3 /www/wwwroot/yunbao.com/PhalApi/Appapi/Api/User.php(1682): Domain_User->userUpdate(42941, Array)
#4 /www/wwwroot/yunbao.com/PhalApi/PhalApi/PhalApi.php(57): Api_User->updateFields()
#5 /www/wwwroot/yunbao.com/public/appapi/index.php(15): PhalApi->response()
#6 {main}
2021-01-26 19:42:45|ERROR|User.UpdateFields|PDOException: Incorrect integer value: '' for column 'sex' at row 1 in /www/wwwroot/yunbao.com/PhalApi/PhalApi/NotORM/NotORM/Result.php:258
Stack trace:
#0 /www/wwwroot/yunbao.com/PhalApi/PhalApi/NotORM/NotORM/Result.php(410): NotORM_Result->query('UPDATE cmf_user...', Array)
#1 /www/wwwroot/yunbao.com/PhalApi/Appapi/Model/User.php(85): NotORM_Result->update(Array)
#2 /www/wwwroot/yunbao.com/PhalApi/Appapi/Domain/User.php(27): Model_User->userUpdate(42941, Array)
#3 /www/wwwroot/yunbao.com/PhalApi/Appapi/Api/User.php(1682): Domain_User->userUpdate(42941, Array)
#4 /www/wwwroot/yunbao.com/PhalApi/PhalApi/PhalApi.php(57): Api_User->updateFields()
#5 /www/wwwroot/yunbao.com/public/appapi/index.php(15): PhalApi->response()
#6 {main}
2021-01-26 19:42:46|ERROR|User.UpdateFields|PDOException: Incorrect integer value: '' for column 'sex' at row 1 in /www/wwwroot/yunbao.com/PhalApi/PhalApi/NotORM/NotORM/Result.php:258
Stack trace:
#0 /www/wwwroot/yunbao.com/PhalApi/PhalApi/NotORM/NotORM/Result.php(410): NotORM_Result->query('UPDATE cmf_user...', Array)
#1 /www/wwwroot/yunbao.com/PhalApi/Appapi/Model/User.php(85): NotORM_Result->update(Array)
#2 /www/wwwroot/yunbao.com/PhalApi/Appapi/Domain/User.php(27): Model_User->userUpdate(42941, Array)
#3 /www/wwwroot/yunbao.com/PhalApi/Appapi/Api/User.php(1682): Domain_User->userUpdate(42941, Array)
#4 /www/wwwroot/yunbao.com/PhalApi/PhalApi/PhalApi.php(57): Api_User->updateFields()
#5 /www/wwwroot/yunbao.com/public/appapi/index.php(15): PhalApi->response()
#6 {main}
2021-01-26 19:42:47|ERROR|User.UpdateFields|PDOException: Incorrect integer value: '' for column 'sex' at row 1 in /www/wwwroot/yunbao.com/PhalApi/PhalApi/NotORM/NotORM/Result.php:258
Stack trace:
#0 /www/wwwroot/yunbao.com/PhalApi/PhalApi/NotORM/NotORM/Result.php(410): NotORM_Result->query('UPDATE cmf_user...', Array)
#1 /www/wwwroot/yunbao.com/PhalApi/Appapi/Model/User.php(85): NotORM_Result->update(Array)
#2 /www/wwwroot/yunbao.com/PhalApi/Appapi/Domain/User.php(27): Model_User->userUpdate(42941, Array)
#3 /www/wwwroot/yunbao.com/PhalApi/Appapi/Api/User.php(1682): Domain_User->userUpdate(42941, Array)
#4 /www/wwwroot/yunbao.com/PhalApi/PhalApi/PhalApi.php(57): Api_User->updateFields()
#5 /www/wwwroot/yunbao.com/public/appapi/index.php(15): PhalApi->response()
#6 {main}
2021-01-26 19:42:47|ERROR|User.UpdateFields|PDOException: Incorrect integer value: '' for column 'sex' at row 1 in /www/wwwroot/yunbao.com/PhalApi/PhalApi/NotORM/NotORM/Result.php:258
Stack trace:
#0 /www/wwwroot/yunbao.com/PhalApi/PhalApi/NotORM/NotORM/Result.php(410): NotORM_Result->query('UPDATE cmf_user...', Array)
#1 /www/wwwroot/yunbao.com/PhalApi/Appapi/Model/User.php(85): NotORM_Result->update(Array)
#2 /www/wwwroot/yunbao.com/PhalApi/Appapi/Domain/User.php(27): Model_User->userUpdate(42941, Array)
#3 /www/wwwroot/yunbao.com/PhalApi/Appapi/Api/User.php(1682): Domain_User->userUpdate(42941, Array)
#4 /www/wwwroot/yunbao.com/PhalApi/PhalApi/PhalApi.php(57): Api_User->updateFields()
#5 /www/wwwroot/yunbao.com/public/appapi/index.php(15): PhalApi->response()
#6 {main}
2021-01-26 19:42:48|ERROR|User.UpdateFields|PDOException: Incorrect integer value: '' for column 'sex' at row 1 in /www/wwwroot/yunbao.com/PhalApi/PhalApi/NotORM/NotORM/Result.php:258
Stack trace:
#0 /www/wwwroot/yunbao.com/PhalApi/PhalApi/NotORM/NotORM/Result.php(410): NotORM_Result->query('UPDATE cmf_user...', Array)
#1 /www/wwwroot/yunbao.com/PhalApi/Appapi/Model/User.php(85): NotORM_Result->update(Array)
#2 /www/wwwroot/yunbao.com/PhalApi/Appapi/Domain/User.php(27): Model_User->userUpdate(42941, Array)
#3 /www/wwwroot/yunbao.com/PhalApi/Appapi/Api/User.php(1682): Domain_User->userUpdate(42941, Array)
#4 /www/wwwroot/yunbao.com/PhalApi/PhalApi/PhalApi.php(57): Api_User->updateFields()
#5 /www/wwwroot/yunbao.com/public/appapi/index.php(15): PhalApi->response()
#6 {main}
