2021-01-28 14:14:16|DEBUG|succeed to upload file to UCloud_Engine_Local|https://www.qingwazb.com/upload///avatar/20210128/06651584563409909.png
2021-01-28 15:04:46|DEBUG|succeed to upload file to UCloud_Engine_Local|https://www.qingwazb.com/upload///thumb/20210128/06651614865302492.png
2021-01-28 15:07:16|DEBUG|succeed to upload file to UCloud_Engine_Local|https://www.qingwazb.com/upload///thumb/20210128/06651616361209593.png
2021-01-28 15:38:19|ERROR|Home.attentRecommend|PDOException: Out of range value for column 'touid' at row 1 in /www/wwwroot/yunbao.com/PhalApi/PhalApi/NotORM/NotORM/Result.php:258
Stack trace:
#0 /www/wwwroot/yunbao.com/PhalApi/PhalApi/NotORM/NotORM/Result.php(339): NotORM_Result->query('INSERT INTO cmf...', Array)
#1 /www/wwwroot/yunbao.com/PhalApi/PhalApi/NotORM/NotORM/Result.php(356): NotORM_Result->insert_multi(Array)
#2 /www/wwwroot/yunbao.com/PhalApi/Appapi/Model/Home.php(337): NotORM_Result->insert(Array)
#3 /www/wwwroot/yunbao.com/PhalApi/Appapi/Domain/Home.php(79): Model_Home->attentRecommend('42984', '42882,42867,428...')
#4 /www/wwwroot/yunbao.com/PhalApi/Appapi/Api/Home.php(609): Domain_Home->attentRecommend('42984', '42882,42867,428...')
#5 /www/wwwroot/yunbao.com/PhalApi/PhalApi/PhalApi.php(57): Api_Home->attentRecommend()
#6 /www/wwwroot/yunbao.com/public/appapi/index.php(15): PhalApi->response()
#7 {main}
2021-01-28 17:24:49|DEBUG|succeed to upload file to UCloud_Engine_Local|https://www.qingwazb.com/upload///thumb/20210128/06651698890386666.png
2021-01-28 17:40:21|ERROR|Daili.GetReport|PDOException: Unknown column 'Array' in 'where clause' in /www/wwwroot/yunbao.com/PhalApi/PhalApi/NotORM/NotORM/Result.php:258
Stack trace:
#0 /www/wwwroot/yunbao.com/PhalApi/PhalApi/NotORM/NotORM/Result.php(931): NotORM_Result->query('SELECT \n       ...', Array)
#1 /www/wwwroot/yunbao.com/PhalApi/PhalApi/NotORM/NotORM/Result.php(918): NotORM_Result->queryRows('SELECT \n       ...', Array)
#2 /www/wwwroot/yunbao.com/PhalApi/Appapi/Domain/Daili.php(864): NotORM_Result->queryAll('SELECT \n       ...')
#3 /www/wwwroot/yunbao.com/PhalApi/Appapi/Api/Daili.php(439): Domain_Daili->getReport(42885, NULL, 1577808000, 1639238400, 1, 1, 10)
#4 /www/wwwroot/yunbao.com/PhalApi/PhalApi/PhalApi.php(57): Api_Daili->getReport()
#5 /www/wwwroot/yunbao.com/public/appapi/index.php(15): PhalApi->response()
#6 {main}
2021-01-28 18:11:25|ERROR|Daili.GetReport|PDOException: Unknown column 'Array' in 'where clause' in /www/wwwroot/yunbao.com/PhalApi/PhalApi/NotORM/NotORM/Result.php:258
Stack trace:
#0 /www/wwwroot/yunbao.com/PhalApi/PhalApi/NotORM/NotORM/Result.php(931): NotORM_Result->query('SELECT \n       ...', Array)
#1 /www/wwwroot/yunbao.com/PhalApi/PhalApi/NotORM/NotORM/Result.php(918): NotORM_Result->queryRows('SELECT \n       ...', Array)
#2 /www/wwwroot/yunbao.com/PhalApi/Appapi/Domain/Daili.php(891): NotORM_Result->queryAll('SELECT \n       ...')
#3 /www/wwwroot/yunbao.com/PhalApi/Appapi/Api/Daili.php(439): Domain_Daili->getReport(42885, NULL, 1577808000, 1639238400, 2, 1, 10)
#4 /www/wwwroot/yunbao.com/PhalApi/PhalApi/PhalApi.php(57): Api_Daili->getReport()
#5 /www/wwwroot/yunbao.com/public/appapi/index.php(15): PhalApi->response()
#6 {main}
2021-01-28 18:21:43|ERROR|Daili.GetReport|PDOException: You have an error in your SQL syntax; check the manual that corresponds to your MySQL server version for the right syntax to use near ') and bet_time >= 1577808000 and bet_time <= 1639238400 and platform_code = 16' at line 5 in /www/wwwroot/yunbao.com/PhalApi/PhalApi/NotORM/NotORM/Result.php:258
Stack trace:
#0 /www/wwwroot/yunbao.com/PhalApi/PhalApi/NotORM/NotORM/Result.php(931): NotORM_Result->query('SELECT \n       ...', Array)
#1 /www/wwwroot/yunbao.com/PhalApi/PhalApi/NotORM/NotORM/Result.php(918): NotORM_Result->queryRows('SELECT \n       ...', Array)
#2 /www/wwwroot/yunbao.com/PhalApi/Appapi/Domain/Daili.php(925): NotORM_Result->queryAll('SELECT \n       ...')
#3 /www/wwwroot/yunbao.com/PhalApi/Appapi/Api/Daili.php(441): Domain_Daili->getReport(42885, NULL, 1577808000, 1639238400, 16, 1, 10)
#4 /www/wwwroot/yunbao.com/PhalApi/PhalApi/PhalApi.php(57): Api_Daili->getReport()
#5 /www/wwwroot/yunbao.com/public/appapi/index.php(15): PhalApi->response()
#6 {main}
