2021-02-22 10:33:30|ERROR|Login.getCancelCondition|PDOException: Unknown column 'balance' in 'field list' in /www/wwwroot/yunbao.com/PhalApi/PhalApi/NotORM/NotORM/Result.php:258
Stack trace:
#0 /www/wwwroot/yunbao.com/PhalApi/PhalApi/NotORM/NotORM/Result.php(811): NotORM_Result->query('SELECT coin,vot...', Array)
#1 /www/wwwroot/yunbao.com/PhalApi/PhalApi/NotORM/NotORM/Result.php(887): NotORM_Result->execute()
#2 /www/wwwroot/yunbao.com/PhalApi/PhalApi/NotORM/NotORM/Result.php(875): NotORM_Result->fetchRow('')
#3 /www/wwwroot/yunbao.com/PhalApi/Appapi/Model/Login.php(660): NotORM_Result->fetchOne()
#4 /www/wwwroot/yunbao.com/PhalApi/Appapi/Domain/Login.php(69): Model_Login->getCancelCondition('109314')
#5 /www/wwwroot/yunbao.com/PhalApi/Appapi/Api/Login.php(493): Domain_Login->getCancelCondition('109314')
#6 /www/wwwroot/yunbao.com/PhalApi/PhalApi/PhalApi.php(57): Api_Login->getCancelCondition()
#7 /www/wwwroot/yunbao.com/public/appapi/index.php(15): PhalApi->response()
#8 {main}
2021-02-22 14:41:21|ERROR|Video.getCon|PDOException: Table 'yunbao_com.cmf_shop_apply' doesn't exist in /www/wwwroot/yunbao.com/PhalApi/PhalApi/NotORM/NotORM/Result.php:258
Stack trace:
#0 /www/wwwroot/yunbao.com/PhalApi/PhalApi/NotORM/NotORM/Result.php(811): NotORM_Result->query('SELECT status F...', Array)
#1 /www/wwwroot/yunbao.com/PhalApi/PhalApi/NotORM/NotORM/Result.php(887): NotORM_Result->execute()
#2 /www/wwwroot/yunbao.com/PhalApi/PhalApi/NotORM/NotORM/Result.php(875): NotORM_Result->fetchRow('')
#3 /www/wwwroot/yunbao.com/PhalApi/Common/functions.php(2515): NotORM_Result->fetchOne()
#4 /www/wwwroot/yunbao.com/PhalApi/Appapi/Api/Video.php(257): checkShopIsPass('107760')
#5 /www/wwwroot/yunbao.com/PhalApi/PhalApi/PhalApi.php(57): Api_Video->getCon()
#6 /www/wwwroot/yunbao.com/public/appapi/index.php(15): PhalApi->response()
#7 {main}
2021-02-22 14:41:24|ERROR|Video.getCon|PDOException: Table 'yunbao_com.cmf_shop_apply' doesn't exist in /www/wwwroot/yunbao.com/PhalApi/PhalApi/NotORM/NotORM/Result.php:258
Stack trace:
#0 /www/wwwroot/yunbao.com/PhalApi/PhalApi/NotORM/NotORM/Result.php(811): NotORM_Result->query('SELECT status F...', Array)
#1 /www/wwwroot/yunbao.com/PhalApi/PhalApi/NotORM/NotORM/Result.php(887): NotORM_Result->execute()
#2 /www/wwwroot/yunbao.com/PhalApi/PhalApi/NotORM/NotORM/Result.php(875): NotORM_Result->fetchRow('')
#3 /www/wwwroot/yunbao.com/PhalApi/Common/functions.php(2515): NotORM_Result->fetchOne()
#4 /www/wwwroot/yunbao.com/PhalApi/Appapi/Api/Video.php(257): checkShopIsPass('107760')
#5 /www/wwwroot/yunbao.com/PhalApi/PhalApi/PhalApi.php(57): Api_Video->getCon()
#6 /www/wwwroot/yunbao.com/public/appapi/index.php(15): PhalApi->response()
#7 {main}
2021-02-22 14:42:53|ERROR|Video.GetCon|PDOException: Table 'yunbao_com.cmf_shop_apply' doesn't exist in /www/wwwroot/yunbao.com/PhalApi/PhalApi/NotORM/NotORM/Result.php:258
Stack trace:
#0 /www/wwwroot/yunbao.com/PhalApi/PhalApi/NotORM/NotORM/Result.php(811): NotORM_Result->query('SELECT status F...', Array)
#1 /www/wwwroot/yunbao.com/PhalApi/PhalApi/NotORM/NotORM/Result.php(887): NotORM_Result->execute()
#2 /www/wwwroot/yunbao.com/PhalApi/PhalApi/NotORM/NotORM/Result.php(875): NotORM_Result->fetchRow('')
#3 /www/wwwroot/yunbao.com/PhalApi/Common/functions.php(2515): NotORM_Result->fetchOne()
#4 /www/wwwroot/yunbao.com/PhalApi/Appapi/Api/Video.php(257): checkShopIsPass('42881')
#5 /www/wwwroot/yunbao.com/PhalApi/PhalApi/PhalApi.php(57): Api_Video->getCon()
#6 /www/wwwroot/yunbao.com/public/appapi/index.php(15): PhalApi->response()
#7 {main}
2021-02-22 14:43:10|ERROR|Video.GetCon|PDOException: Table 'yunbao_com.cmf_shop_apply' doesn't exist in /www/wwwroot/yunbao.com/PhalApi/PhalApi/NotORM/NotORM/Result.php:258
Stack trace:
#0 /www/wwwroot/yunbao.com/PhalApi/PhalApi/NotORM/NotORM/Result.php(811): NotORM_Result->query('SELECT status F...', Array)
#1 /www/wwwroot/yunbao.com/PhalApi/PhalApi/NotORM/NotORM/Result.php(887): NotORM_Result->execute()
#2 /www/wwwroot/yunbao.com/PhalApi/PhalApi/NotORM/NotORM/Result.php(875): NotORM_Result->fetchRow('')
#3 /www/wwwroot/yunbao.com/PhalApi/Common/functions.php(2515): NotORM_Result->fetchOne()
#4 /www/wwwroot/yunbao.com/PhalApi/Appapi/Api/Video.php(257): checkShopIsPass('42881')
#5 /www/wwwroot/yunbao.com/PhalApi/PhalApi/PhalApi.php(57): Api_Video->getCon()
#6 /www/wwwroot/yunbao.com/public/appapi/index.php(15): PhalApi->response()
#7 {main}
2021-02-22 14:46:48|ERROR|Video.GetCon|PDOException: Table 'yunbao_com.cmf_shop_apply' doesn't exist in /www/wwwroot/yunbao.com/PhalApi/PhalApi/NotORM/NotORM/Result.php:258
Stack trace:
#0 /www/wwwroot/yunbao.com/PhalApi/PhalApi/NotORM/NotORM/Result.php(811): NotORM_Result->query('SELECT status F...', Array)
#1 /www/wwwroot/yunbao.com/PhalApi/PhalApi/NotORM/NotORM/Result.php(887): NotORM_Result->execute()
#2 /www/wwwroot/yunbao.com/PhalApi/PhalApi/NotORM/NotORM/Result.php(875): NotORM_Result->fetchRow('')
#3 /www/wwwroot/yunbao.com/PhalApi/Common/functions.php(2515): NotORM_Result->fetchOne()
#4 /www/wwwroot/yunbao.com/PhalApi/Appapi/Api/Video.php(257): checkShopIsPass('107760')
#5 /www/wwwroot/yunbao.com/PhalApi/PhalApi/PhalApi.php(57): Api_Video->getCon()
#6 /www/wwwroot/yunbao.com/public/appapi/index.php(15): PhalApi->response()
#7 {main}
2021-02-22 14:46:56|ERROR|Video.GetCon|PDOException: Table 'yunbao_com.cmf_shop_apply' doesn't exist in /www/wwwroot/yunbao.com/PhalApi/PhalApi/NotORM/NotORM/Result.php:258
Stack trace:
#0 /www/wwwroot/yunbao.com/PhalApi/PhalApi/NotORM/NotORM/Result.php(811): NotORM_Result->query('SELECT status F...', Array)
#1 /www/wwwroot/yunbao.com/PhalApi/PhalApi/NotORM/NotORM/Result.php(887): NotORM_Result->execute()
#2 /www/wwwroot/yunbao.com/PhalApi/PhalApi/NotORM/NotORM/Result.php(875): NotORM_Result->fetchRow('')
#3 /www/wwwroot/yunbao.com/PhalApi/Common/functions.php(2515): NotORM_Result->fetchOne()
#4 /www/wwwroot/yunbao.com/PhalApi/Appapi/Api/Video.php(257): checkShopIsPass('107760')
#5 /www/wwwroot/yunbao.com/PhalApi/PhalApi/PhalApi.php(57): Api_Video->getCon()
#6 /www/wwwroot/yunbao.com/public/appapi/index.php(15): PhalApi->response()
#7 {main}
2021-02-22 15:14:56|ERROR|Video.getCon|PDOException: Table 'yunbao_com.cmf_paidprogram_apply' doesn't exist in /www/wwwroot/yunbao.com/PhalApi/PhalApi/NotORM/NotORM/Result.php:258
Stack trace:
#0 /www/wwwroot/yunbao.com/PhalApi/PhalApi/NotORM/NotORM/Result.php(811): NotORM_Result->query('SELECT * FROM c...', Array)
#1 /www/wwwroot/yunbao.com/PhalApi/PhalApi/NotORM/NotORM/Result.php(887): NotORM_Result->execute()
#2 /www/wwwroot/yunbao.com/PhalApi/PhalApi/NotORM/NotORM/Result.php(875): NotORM_Result->fetchRow('')
#3 /www/wwwroot/yunbao.com/PhalApi/Common/functions.php(3584): NotORM_Result->fetchOne()
#4 /www/wwwroot/yunbao.com/PhalApi/Appapi/Api/Video.php(260): checkPaidProgramIsPass('107760')
#5 /www/wwwroot/yunbao.com/PhalApi/PhalApi/PhalApi.php(57): Api_Video->getCon()
#6 /www/wwwroot/yunbao.com/public/appapi/index.php(15): PhalApi->response()
#7 {main}
2021-02-22 15:16:35|ERROR|Video.GetCon|PDOException: Table 'yunbao_com.cmf_paidprogram_apply' doesn't exist in /www/wwwroot/yunbao.com/PhalApi/PhalApi/NotORM/NotORM/Result.php:258
Stack trace:
#0 /www/wwwroot/yunbao.com/PhalApi/PhalApi/NotORM/NotORM/Result.php(811): NotORM_Result->query('SELECT * FROM c...', Array)
#1 /www/wwwroot/yunbao.com/PhalApi/PhalApi/NotORM/NotORM/Result.php(887): NotORM_Result->execute()
#2 /www/wwwroot/yunbao.com/PhalApi/PhalApi/NotORM/NotORM/Result.php(875): NotORM_Result->fetchRow('')
#3 /www/wwwroot/yunbao.com/PhalApi/Common/functions.php(3584): NotORM_Result->fetchOne()
#4 /www/wwwroot/yunbao.com/PhalApi/Appapi/Api/Video.php(260): checkPaidProgramIsPass('107760')
#5 /www/wwwroot/yunbao.com/PhalApi/PhalApi/PhalApi.php(57): Api_Video->getCon()
#6 /www/wwwroot/yunbao.com/public/appapi/index.php(15): PhalApi->response()
#7 {main}
2021-02-22 15:43:21|DEBUG|succeed to upload file to UCloud_Engine_Local|https://www.qingwazb.com/upload///thumb/20210222/06673238015771508.png
2021-02-22 15:51:16|DEBUG|succeed to upload file to UCloud_Engine_Local|https://www.qingwazb.com/upload///thumb/20210222/06673242764316205.png
2021-02-22 15:59:51|DEBUG|succeed to upload file to UCloud_Engine_Local|https://www.qingwazb.com/upload///avatar/20210222/06673247917817890.png
