2021-02-25 13:04:40|ERROR|Family.FamilyWallet|PDOException: You have an error in your SQL syntax; check the manual that corresponds to your MySQL server version for the right syntax to use near 'addtime >= 1614182400) AND (touid = '42885')' at line 1 in /www/wwwroot/yunbao.com/PhalApi/PhalApi/NotORM/NotORM/Result.php:258
Stack trace:
#0 /www/wwwroot/yunbao.com/PhalApi/PhalApi/NotORM/NotORM/Result.php(748): NotORM_Result->query('SELECT SUM(tota...', Array)
#1 /www/wwwroot/yunbao.com/PhalApi/PhalApi/NotORM/NotORM/Result.php(790): NotORM_Result->aggregation('SUM(totalcoin)')
#2 /www/wwwroot/yunbao.com/PhalApi/Appapi/Api/Family.php(100): NotORM_Result->sum('totalcoin')
#3 /www/wwwroot/yunbao.com/PhalApi/PhalApi/PhalApi.php(57): Api_Family->familyWallet()
#4 /www/wwwroot/yunbao.com/public/appapi/index.php(15): PhalApi->response()
#5 {main}
2021-02-25 13:05:31|ERROR|Family.FamilyWallet|PDOException: You have an error in your SQL syntax; check the manual that corresponds to your MySQL server version for the right syntax to use near 'addtime >= 1614182400) AND (touid = '42885')' at line 1 in /www/wwwroot/yunbao.com/PhalApi/PhalApi/NotORM/NotORM/Result.php:258
Stack trace:
#0 /www/wwwroot/yunbao.com/PhalApi/PhalApi/NotORM/NotORM/Result.php(748): NotORM_Result->query('SELECT SUM(tota...', Array)
#1 /www/wwwroot/yunbao.com/PhalApi/PhalApi/NotORM/NotORM/Result.php(790): NotORM_Result->aggregation('SUM(totalcoin)')
#2 /www/wwwroot/yunbao.com/PhalApi/Appapi/Api/Family.php(100): NotORM_Result->sum('totalcoin')
#3 /www/wwwroot/yunbao.com/PhalApi/PhalApi/PhalApi.php(57): Api_Family->familyWallet()
#4 /www/wwwroot/yunbao.com/public/appapi/index.php(15): PhalApi->response()
#5 {main}
2021-02-25 13:07:08|ERROR|Family.FamilyWallet|PDOException: You have an error in your SQL syntax; check the manual that corresponds to your MySQL server version for the right syntax to use near 'addtime >= 1614182400) AND (touid = '42885')' at line 1 in /www/wwwroot/yunbao.com/PhalApi/PhalApi/NotORM/NotORM/Result.php:258
Stack trace:
#0 /www/wwwroot/yunbao.com/PhalApi/PhalApi/NotORM/NotORM/Result.php(748): NotORM_Result->query('SELECT SUM(tota...', Array)
#1 /www/wwwroot/yunbao.com/PhalApi/PhalApi/NotORM/NotORM/Result.php(790): NotORM_Result->aggregation('SUM(totalcoin)')
#2 /www/wwwroot/yunbao.com/PhalApi/Appapi/Api/Family.php(100): NotORM_Result->sum('totalcoin')
#3 /www/wwwroot/yunbao.com/PhalApi/PhalApi/PhalApi.php(57): Api_Family->familyWallet()
#4 /www/wwwroot/yunbao.com/public/appapi/index.php(15): PhalApi->response()
#5 {main}
2021-02-25 13:07:49|ERROR|Family.FamilyWallet|PDOException: You have an error in your SQL syntax; check the manual that corresponds to your MySQL server version for the right syntax to use near 'addtime >= 1614182400) AND (touid = '42885')' at line 1 in /www/wwwroot/yunbao.com/PhalApi/PhalApi/NotORM/NotORM/Result.php:258
Stack trace:
#0 /www/wwwroot/yunbao.com/PhalApi/PhalApi/NotORM/NotORM/Result.php(748): NotORM_Result->query('SELECT SUM(tota...', Array)
#1 /www/wwwroot/yunbao.com/PhalApi/PhalApi/NotORM/NotORM/Result.php(790): NotORM_Result->aggregation('SUM(totalcoin)')
#2 /www/wwwroot/yunbao.com/PhalApi/Appapi/Api/Family.php(100): NotORM_Result->sum('totalcoin')
#3 /www/wwwroot/yunbao.com/PhalApi/PhalApi/PhalApi.php(57): Api_Family->familyWallet()
#4 /www/wwwroot/yunbao.com/public/appapi/index.php(15): PhalApi->response()
#5 {main}
2021-02-25 13:08:39|ERROR|Family.FamilyWallet|PDOException: You have an error in your SQL syntax; check the manual that corresponds to your MySQL server version for the right syntax to use near 'addtime >= 1614182400) AND (touid = '42885')' at line 1 in /www/wwwroot/yunbao.com/PhalApi/PhalApi/NotORM/NotORM/Result.php:258
Stack trace:
#0 /www/wwwroot/yunbao.com/PhalApi/PhalApi/NotORM/NotORM/Result.php(748): NotORM_Result->query('SELECT SUM(tota...', Array)
#1 /www/wwwroot/yunbao.com/PhalApi/PhalApi/NotORM/NotORM/Result.php(790): NotORM_Result->aggregation('SUM(totalcoin)')
#2 /www/wwwroot/yunbao.com/PhalApi/Appapi/Api/Family.php(100): NotORM_Result->sum('totalcoin')
#3 /www/wwwroot/yunbao.com/PhalApi/PhalApi/PhalApi.php(57): Api_Family->familyWallet()
#4 /www/wwwroot/yunbao.com/public/appapi/index.php(15): PhalApi->response()
#5 {main}
2021-02-25 13:11:13|ERROR|Family.FamilyWallet|PDOException: You have an error in your SQL syntax; check the manual that corresponds to your MySQL server version for the right syntax to use near 'addtime >= 1614182400) AND (touid = '42885')' at line 1 in /www/wwwroot/yunbao.com/PhalApi/PhalApi/NotORM/NotORM/Result.php:258
Stack trace:
#0 /www/wwwroot/yunbao.com/PhalApi/PhalApi/NotORM/NotORM/Result.php(748): NotORM_Result->query('SELECT SUM(tota...', Array)
#1 /www/wwwroot/yunbao.com/PhalApi/PhalApi/NotORM/NotORM/Result.php(790): NotORM_Result->aggregation('SUM(totalcoin)')
#2 /www/wwwroot/yunbao.com/PhalApi/Appapi/Api/Family.php(100): NotORM_Result->sum('totalcoin')
#3 /www/wwwroot/yunbao.com/PhalApi/PhalApi/PhalApi.php(57): Api_Family->familyWallet()
#4 /www/wwwroot/yunbao.com/public/appapi/index.php(15): PhalApi->response()
#5 {main}
2021-02-25 16:01:22|ERROR|Family.FamilyFinance|PDOException: You have an error in your SQL syntax; check the manual that corresponds to your MySQL server version for the right syntax to use near 'A.time DESC' at line 1 in /www/wwwroot/yunbao.com/PhalApi/PhalApi/NotORM/NotORM/Result.php:258
Stack trace:
#0 /www/wwwroot/yunbao.com/PhalApi/PhalApi/NotORM/NotORM/Result.php(931): NotORM_Result->query('SELECT A.addtim...', Array)
#1 /www/wwwroot/yunbao.com/PhalApi/PhalApi/NotORM/NotORM/Result.php(918): NotORM_Result->queryRows('SELECT A.addtim...', Array)
#2 /www/wwwroot/yunbao.com/PhalApi/Appapi/Api/Family.php(77): NotORM_Result->queryAll('SELECT A.addtim...', Array)
#3 /www/wwwroot/yunbao.com/PhalApi/PhalApi/PhalApi.php(57): Api_Family->familyFinance()
#4 /www/wwwroot/yunbao.com/public/appapi/index.php(15): PhalApi->response()
#5 {main}
2021-02-25 16:01:31|ERROR|Family.FamilyFinance|PDOException: You have an error in your SQL syntax; check the manual that corresponds to your MySQL server version for the right syntax to use near 'A.time DESC' at line 1 in /www/wwwroot/yunbao.com/PhalApi/PhalApi/NotORM/NotORM/Result.php:258
Stack trace:
#0 /www/wwwroot/yunbao.com/PhalApi/PhalApi/NotORM/NotORM/Result.php(931): NotORM_Result->query('SELECT A.addtim...', Array)
#1 /www/wwwroot/yunbao.com/PhalApi/PhalApi/NotORM/NotORM/Result.php(918): NotORM_Result->queryRows('SELECT A.addtim...', Array)
#2 /www/wwwroot/yunbao.com/PhalApi/Appapi/Api/Family.php(77): NotORM_Result->queryAll('SELECT A.addtim...', Array)
#3 /www/wwwroot/yunbao.com/PhalApi/PhalApi/PhalApi.php(57): Api_Family->familyFinance()
#4 /www/wwwroot/yunbao.com/public/appapi/index.php(15): PhalApi->response()
#5 {main}
2021-02-25 16:05:03|ERROR|Family.FamilyFinance|PDOException: You have an error in your SQL syntax; check the manual that corresponds to your MySQL server version for the right syntax to use near 'A.addtime DESC' at line 1 in /www/wwwroot/yunbao.com/PhalApi/PhalApi/NotORM/NotORM/Result.php:258
Stack trace:
#0 /www/wwwroot/yunbao.com/PhalApi/PhalApi/NotORM/NotORM/Result.php(931): NotORM_Result->query('SELECT A.addtim...', Array)
#1 /www/wwwroot/yunbao.com/PhalApi/PhalApi/NotORM/NotORM/Result.php(918): NotORM_Result->queryRows('SELECT A.addtim...', Array)
#2 /www/wwwroot/yunbao.com/PhalApi/Appapi/Api/Family.php(77): NotORM_Result->queryAll('SELECT A.addtim...', Array)
#3 /www/wwwroot/yunbao.com/PhalApi/PhalApi/PhalApi.php(57): Api_Family->familyFinance()
#4 /www/wwwroot/yunbao.com/public/appapi/index.php(15): PhalApi->response()
#5 {main}
2021-02-25 16:18:46|ERROR|Family.FamilyFinance|PDOException: Unknown column 'A.total' in 'field list' in /www/wwwroot/yunbao.com/PhalApi/PhalApi/NotORM/NotORM/Result.php:258
Stack trace:
#0 /www/wwwroot/yunbao.com/PhalApi/PhalApi/NotORM/NotORM/Result.php(931): NotORM_Result->query('SELECT A.addtim...', Array)
#1 /www/wwwroot/yunbao.com/PhalApi/PhalApi/NotORM/NotORM/Result.php(918): NotORM_Result->queryRows('SELECT A.addtim...', Array)
#2 /www/wwwroot/yunbao.com/PhalApi/Appapi/Api/Family.php(87): NotORM_Result->queryAll('SELECT A.addtim...', Array)
#3 /www/wwwroot/yunbao.com/PhalApi/PhalApi/PhalApi.php(57): Api_Family->familyFinance()
#4 /www/wwwroot/yunbao.com/public/appapi/index.php(15): PhalApi->response()
#5 {main}
2021-02-25 16:54:10|ERROR|Family.FamilyFinance|PDOException: You have an error in your SQL syntax; check the manual that corresponds to your MySQL server version for the right syntax to use near ''(42885,109328)' AND A.addtime >= 1612108800 AND A.addtime <= 1614528000) ORDER ' at line 1 in /www/wwwroot/yunbao.com/PhalApi/PhalApi/NotORM/NotORM/Result.php:258
Stack trace:
#0 /www/wwwroot/yunbao.com/PhalApi/PhalApi/NotORM/NotORM/Result.php(931): NotORM_Result->query('SELECT A.addtim...', Array)
#1 /www/wwwroot/yunbao.com/PhalApi/PhalApi/NotORM/NotORM/Result.php(918): NotORM_Result->queryRows('SELECT A.addtim...', Array)
#2 /www/wwwroot/yunbao.com/PhalApi/Appapi/Api/Family.php(105): NotORM_Result->queryAll('SELECT A.addtim...', Array)
#3 /www/wwwroot/yunbao.com/PhalApi/PhalApi/PhalApi.php(57): Api_Family->familyFinance()
#4 /www/wwwroot/yunbao.com/public/appapi/index.php(15): PhalApi->response()
#5 {main}
2021-02-25 17:00:43|ERROR|Family.FamilyFinance|PDOException: You have an error in your SQL syntax; check the manual that corresponds to your MySQL server version for the right syntax to use near ''Array' AND A.addtime >= 1612108800 AND A.addtime <= 1614528000) ORDER BY addtim' at line 1 in /www/wwwroot/yunbao.com/PhalApi/PhalApi/NotORM/NotORM/Result.php:258
Stack trace:
#0 /www/wwwroot/yunbao.com/PhalApi/PhalApi/NotORM/NotORM/Result.php(931): NotORM_Result->query('SELECT A.addtim...', Array)
#1 /www/wwwroot/yunbao.com/PhalApi/PhalApi/NotORM/NotORM/Result.php(918): NotORM_Result->queryRows('SELECT A.addtim...', Array)
#2 /www/wwwroot/yunbao.com/PhalApi/Appapi/Api/Family.php(108): NotORM_Result->queryAll('SELECT A.addtim...', Array)
#3 /www/wwwroot/yunbao.com/PhalApi/PhalApi/PhalApi.php(57): Api_Family->familyFinance()
#4 /www/wwwroot/yunbao.com/public/appapi/index.php(15): PhalApi->response()
#5 {main}
2021-02-25 17:05:05|ERROR|Family.FamilyFinance|PDOException: You have an error in your SQL syntax; check the manual that corresponds to your MySQL server version for the right syntax to use near ''(42885,109328)' AND A.addtime >= 1612108800 AND A.addtime <= 1614528000) ORDER ' at line 1 in /www/wwwroot/yunbao.com/PhalApi/PhalApi/NotORM/NotORM/Result.php:258
Stack trace:
#0 /www/wwwroot/yunbao.com/PhalApi/PhalApi/NotORM/NotORM/Result.php(931): NotORM_Result->query('SELECT A.addtim...', Array)
#1 /www/wwwroot/yunbao.com/PhalApi/PhalApi/NotORM/NotORM/Result.php(918): NotORM_Result->queryRows('SELECT A.addtim...', Array)
#2 /www/wwwroot/yunbao.com/PhalApi/Appapi/Api/Family.php(106): NotORM_Result->queryAll('SELECT A.addtim...', Array)
#3 /www/wwwroot/yunbao.com/PhalApi/PhalApi/PhalApi.php(57): Api_Family->familyFinance()
#4 /www/wwwroot/yunbao.com/public/appapi/index.php(15): PhalApi->response()
#5 {main}
2021-02-25 18:14:23|ERROR|Family.FamilyFinance|PDOException: You have an error in your SQL syntax; check the manual that corresponds to your MySQL server version for the right syntax to use near 'ORDER BY addtime DESC' at line 1 in /www/wwwroot/yunbao.com/PhalApi/PhalApi/NotORM/NotORM/Result.php:258
Stack trace:
#0 /www/wwwroot/yunbao.com/PhalApi/PhalApi/NotORM/NotORM/Result.php(931): NotORM_Result->query('SELECT A.addtim...', Array)
#1 /www/wwwroot/yunbao.com/PhalApi/PhalApi/NotORM/NotORM/Result.php(918): NotORM_Result->queryRows('SELECT A.addtim...', Array)
#2 /www/wwwroot/yunbao.com/PhalApi/Appapi/Api/Family.php(104): NotORM_Result->queryAll('SELECT A.addtim...', Array)
#3 /www/wwwroot/yunbao.com/PhalApi/PhalApi/PhalApi.php(57): Api_Family->familyFinance()
#4 /www/wwwroot/yunbao.com/public/appapi/index.php(15): PhalApi->response()
#5 {main}
2021-02-25 23:51:10|DEBUG|succeed to upload file to UCloud_Engine_Local|https://www.qingwazb.com/upload///thumb/20210225/06676122705606427.png
