2021-02-09 09:21:15|ERROR|Login.UserReg|PDOException: You have an error in your SQL syntax; check the manual that corresponds to your MySQL server version for the right syntax to use near ')' at line 1 in /www/wwwroot/yunbao.com/PhalApi/PhalApi/NotORM/NotORM/Result.php:258
Stack trace:
#0 /www/wwwroot/yunbao.com/PhalApi/PhalApi/NotORM/NotORM/Result.php(410): NotORM_Result->query('UPDATE cmf_user...', Array)
#1 /www/wwwroot/yunbao.com/PhalApi/Appapi/Model/Login.php(87): NotORM_Result->update(Array)
#2 /www/wwwroot/yunbao.com/PhalApi/Appapi/Domain/Login.php(9): Model_Login->userLogin('300363F5-C3F8-4...', '###272cb91cd2fe...', false)
#3 /www/wwwroot/yunbao.com/PhalApi/Appapi/Api/Login.php(170): Domain_Login->userLogin('300363F5-C3F8-4...', '###272cb91cd2fe...', false)
#4 /www/wwwroot/yunbao.com/PhalApi/PhalApi/PhalApi.php(57): Api_Login->userReg()
#5 /www/wwwroot/yunbao.com/public/appapi/index.php(15): PhalApi->response()
#6 {main}
2021-02-09 10:01:07|ERROR|Login.UserLogin|PDOException: You have an error in your SQL syntax; check the manual that corresponds to your MySQL server version for the right syntax to use near ')' at line 1 in /www/wwwroot/yunbao.com/PhalApi/PhalApi/NotORM/NotORM/Result.php:258
Stack trace:
#0 /www/wwwroot/yunbao.com/PhalApi/PhalApi/NotORM/NotORM/Result.php(410): NotORM_Result->query('UPDATE cmf_user...', Array)
#1 /www/wwwroot/yunbao.com/PhalApi/Appapi/Model/Login.php(87): NotORM_Result->update(Array)
#2 /www/wwwroot/yunbao.com/PhalApi/Appapi/Domain/Login.php(9): Model_Login->userLogin('16532925781', '509935', true)
#3 /www/wwwroot/yunbao.com/PhalApi/Appapi/Api/Login.php(89): Domain_Login->userLogin('16532925781', '509935')
#4 /www/wwwroot/yunbao.com/PhalApi/PhalApi/PhalApi.php(57): Api_Login->userLogin()
#5 /www/wwwroot/yunbao.com/public/appapi/index.php(15): PhalApi->response()
#6 {main}
2021-02-09 10:01:13|ERROR|Login.UserLogin|PDOException: You have an error in your SQL syntax; check the manual that corresponds to your MySQL server version for the right syntax to use near ')' at line 1 in /www/wwwroot/yunbao.com/PhalApi/PhalApi/NotORM/NotORM/Result.php:258
Stack trace:
#0 /www/wwwroot/yunbao.com/PhalApi/PhalApi/NotORM/NotORM/Result.php(410): NotORM_Result->query('UPDATE cmf_user...', Array)
#1 /www/wwwroot/yunbao.com/PhalApi/Appapi/Model/Login.php(87): NotORM_Result->update(Array)
#2 /www/wwwroot/yunbao.com/PhalApi/Appapi/Domain/Login.php(9): Model_Login->userLogin('16532925781', '509935', true)
#3 /www/wwwroot/yunbao.com/PhalApi/Appapi/Api/Login.php(89): Domain_Login->userLogin('16532925781', '509935')
#4 /www/wwwroot/yunbao.com/PhalApi/PhalApi/PhalApi.php(57): Api_Login->userLogin()
#5 /www/wwwroot/yunbao.com/public/appapi/index.php(15): PhalApi->response()
#6 {main}
2021-02-09 10:01:41|ERROR|Login.UserLogin|PDOException: You have an error in your SQL syntax; check the manual that corresponds to your MySQL server version for the right syntax to use near ')' at line 1 in /www/wwwroot/yunbao.com/PhalApi/PhalApi/NotORM/NotORM/Result.php:258
Stack trace:
#0 /www/wwwroot/yunbao.com/PhalApi/PhalApi/NotORM/NotORM/Result.php(410): NotORM_Result->query('UPDATE cmf_user...', Array)
#1 /www/wwwroot/yunbao.com/PhalApi/Appapi/Model/Login.php(87): NotORM_Result->update(Array)
#2 /www/wwwroot/yunbao.com/PhalApi/Appapi/Domain/Login.php(9): Model_Login->userLogin('16532925781', '509935', true)
#3 /www/wwwroot/yunbao.com/PhalApi/Appapi/Api/Login.php(89): Domain_Login->userLogin('16532925781', '509935')
#4 /www/wwwroot/yunbao.com/PhalApi/PhalApi/PhalApi.php(57): Api_Login->userLogin()
#5 /www/wwwroot/yunbao.com/public/appapi/index.php(15): PhalApi->response()
#6 {main}
2021-02-09 10:42:17|ERROR|Login.UserReg|PDOException: You have an error in your SQL syntax; check the manual that corresponds to your MySQL server version for the right syntax to use near ')' at line 1 in /www/wwwroot/yunbao.com/PhalApi/PhalApi/NotORM/NotORM/Result.php:258
Stack trace:
#0 /www/wwwroot/yunbao.com/PhalApi/PhalApi/NotORM/NotORM/Result.php(410): NotORM_Result->query('UPDATE cmf_user...', Array)
#1 /www/wwwroot/yunbao.com/PhalApi/Appapi/Model/Login.php(88): NotORM_Result->update(Array)
#2 /www/wwwroot/yunbao.com/PhalApi/Appapi/Domain/Login.php(9): Model_Login->userLogin('185456789114444...', '###5756e8b6f99f...', false)
#3 /www/wwwroot/yunbao.com/PhalApi/Appapi/Api/Login.php(174): Domain_Login->userLogin('185456789114444...', '###5756e8b6f99f...', false)
#4 /www/wwwroot/yunbao.com/PhalApi/PhalApi/PhalApi.php(57): Api_Login->userReg()
#5 /www/wwwroot/yunbao.com/public/appapi/index.php(15): PhalApi->response()
#6 {main}
2021-02-09 10:42:24|ERROR|Login.UserReg|PDOException: You have an error in your SQL syntax; check the manual that corresponds to your MySQL server version for the right syntax to use near ')' at line 1 in /www/wwwroot/yunbao.com/PhalApi/PhalApi/NotORM/NotORM/Result.php:258
Stack trace:
#0 /www/wwwroot/yunbao.com/PhalApi/PhalApi/NotORM/NotORM/Result.php(410): NotORM_Result->query('UPDATE cmf_user...', Array)
#1 /www/wwwroot/yunbao.com/PhalApi/Appapi/Model/Login.php(88): NotORM_Result->update(Array)
#2 /www/wwwroot/yunbao.com/PhalApi/Appapi/Domain/Login.php(9): Model_Login->userLogin('185456789114444...', '###5756e8b6f99f...', false)
#3 /www/wwwroot/yunbao.com/PhalApi/Appapi/Api/Login.php(174): Domain_Login->userLogin('185456789114444...', '###5756e8b6f99f...', false)
#4 /www/wwwroot/yunbao.com/PhalApi/PhalApi/PhalApi.php(57): Api_Login->userReg()
#5 /www/wwwroot/yunbao.com/public/appapi/index.php(15): PhalApi->response()
#6 {main}
2021-02-09 10:42:58|ERROR|Login.UserReg|PDOException: You have an error in your SQL syntax; check the manual that corresponds to your MySQL server version for the right syntax to use near ')' at line 1 in /www/wwwroot/yunbao.com/PhalApi/PhalApi/NotORM/NotORM/Result.php:258
Stack trace:
#0 /www/wwwroot/yunbao.com/PhalApi/PhalApi/NotORM/NotORM/Result.php(410): NotORM_Result->query('UPDATE cmf_user...', Array)
#1 /www/wwwroot/yunbao.com/PhalApi/Appapi/Model/Login.php(88): NotORM_Result->update(Array)
#2 /www/wwwroot/yunbao.com/PhalApi/Appapi/Domain/Login.php(9): Model_Login->userLogin('185456789114444...', '###1589cb3f7f9c...', false)
#3 /www/wwwroot/yunbao.com/PhalApi/Appapi/Api/Login.php(174): Domain_Login->userLogin('185456789114444...', '###1589cb3f7f9c...', false)
#4 /www/wwwroot/yunbao.com/PhalApi/PhalApi/PhalApi.php(57): Api_Login->userReg()
#5 /www/wwwroot/yunbao.com/public/appapi/index.php(15): PhalApi->response()
#6 {main}
2021-02-09 10:46:57|ERROR|Login.UserReg|PDOException: You have an error in your SQL syntax; check the manual that corresponds to your MySQL server version for the right syntax to use near ')' at line 1 in /www/wwwroot/yunbao.com/PhalApi/PhalApi/NotORM/NotORM/Result.php:258
Stack trace:
#0 /www/wwwroot/yunbao.com/PhalApi/PhalApi/NotORM/NotORM/Result.php(410): NotORM_Result->query('UPDATE cmf_user...', Array)
#1 /www/wwwroot/yunbao.com/PhalApi/Appapi/Model/Login.php(88): NotORM_Result->update(Array)
#2 /www/wwwroot/yunbao.com/PhalApi/Appapi/Domain/Login.php(9): Model_Login->userLogin('2dsfsfs78339114...', '###a55f0168f256...', false)
#3 /www/wwwroot/yunbao.com/PhalApi/Appapi/Api/Login.php(174): Domain_Login->userLogin('2dsfsfs78339114...', '###a55f0168f256...', false)
#4 /www/wwwroot/yunbao.com/PhalApi/PhalApi/PhalApi.php(57): Api_Login->userReg()
#5 /www/wwwroot/yunbao.com/public/appapi/index.php(15): PhalApi->response()
#6 {main}
2021-02-09 10:46:58|ERROR|Login.UserReg|PDOException: You have an error in your SQL syntax; check the manual that corresponds to your MySQL server version for the right syntax to use near ')' at line 1 in /www/wwwroot/yunbao.com/PhalApi/PhalApi/NotORM/NotORM/Result.php:258
Stack trace:
#0 /www/wwwroot/yunbao.com/PhalApi/PhalApi/NotORM/NotORM/Result.php(410): NotORM_Result->query('UPDATE cmf_user...', Array)
#1 /www/wwwroot/yunbao.com/PhalApi/Appapi/Model/Login.php(88): NotORM_Result->update(Array)
#2 /www/wwwroot/yunbao.com/PhalApi/Appapi/Domain/Login.php(9): Model_Login->userLogin('2dsfsfs78339114...', '###a55f0168f256...', false)
#3 /www/wwwroot/yunbao.com/PhalApi/Appapi/Api/Login.php(174): Domain_Login->userLogin('2dsfsfs78339114...', '###a55f0168f256...', false)
#4 /www/wwwroot/yunbao.com/PhalApi/PhalApi/PhalApi.php(57): Api_Login->userReg()
#5 /www/wwwroot/yunbao.com/public/appapi/index.php(15): PhalApi->response()
#6 {main}
2021-02-09 10:48:06|ERROR|Login.UserReg|PDOException: You have an error in your SQL syntax; check the manual that corresponds to your MySQL server version for the right syntax to use near ')' at line 1 in /www/wwwroot/yunbao.com/PhalApi/PhalApi/NotORM/NotORM/Result.php:258
Stack trace:
#0 /www/wwwroot/yunbao.com/PhalApi/PhalApi/NotORM/NotORM/Result.php(410): NotORM_Result->query('UPDATE cmf_user...', Array)
#1 /www/wwwroot/yunbao.com/PhalApi/Appapi/Model/Login.php(88): NotORM_Result->update(Array)
#2 /www/wwwroot/yunbao.com/PhalApi/Appapi/Domain/Login.php(9): Model_Login->userLogin('ff2c3c79e912fc0...', '###cdbb4d0a8872...', false)
#3 /www/wwwroot/yunbao.com/PhalApi/Appapi/Api/Login.php(174): Domain_Login->userLogin('ff2c3c79e912fc0...', '###cdbb4d0a8872...', false)
#4 /www/wwwroot/yunbao.com/PhalApi/PhalApi/PhalApi.php(57): Api_Login->userReg()
#5 /www/wwwroot/yunbao.com/public/appapi/index.php(15): PhalApi->response()
#6 {main}
2021-02-09 10:48:54|ERROR|Login.UserReg|PDOException: You have an error in your SQL syntax; check the manual that corresponds to your MySQL server version for the right syntax to use near ')' at line 1 in /www/wwwroot/yunbao.com/PhalApi/PhalApi/NotORM/NotORM/Result.php:258
Stack trace:
#0 /www/wwwroot/yunbao.com/PhalApi/PhalApi/NotORM/NotORM/Result.php(410): NotORM_Result->query('UPDATE cmf_user...', Array)
#1 /www/wwwroot/yunbao.com/PhalApi/Appapi/Model/Login.php(92): NotORM_Result->update(Array)
#2 /www/wwwroot/yunbao.com/PhalApi/Appapi/Domain/Login.php(9): Model_Login->userLogin('2dsfsfs78339114...', '###a55f0168f256...', false)
#3 /www/wwwroot/yunbao.com/PhalApi/Appapi/Api/Login.php(174): Domain_Login->userLogin('2dsfsfs78339114...', '###a55f0168f256...', false)
#4 /www/wwwroot/yunbao.com/PhalApi/PhalApi/PhalApi.php(57): Api_Login->userReg()
#5 /www/wwwroot/yunbao.com/public/appapi/index.php(15): PhalApi->response()
#6 {main}
2021-02-09 11:18:23|ERROR|Login.getCancelCondition|PDOException: Unknown column 'balance' in 'field list' in /www/wwwroot/yunbao.com/PhalApi/PhalApi/NotORM/NotORM/Result.php:258
Stack trace:
#0 /www/wwwroot/yunbao.com/PhalApi/PhalApi/NotORM/NotORM/Result.php(811): NotORM_Result->query('SELECT coin,vot...', Array)
#1 /www/wwwroot/yunbao.com/PhalApi/PhalApi/NotORM/NotORM/Result.php(887): NotORM_Result->execute()
#2 /www/wwwroot/yunbao.com/PhalApi/PhalApi/NotORM/NotORM/Result.php(875): NotORM_Result->fetchRow('')
#3 /www/wwwroot/yunbao.com/PhalApi/Appapi/Model/Login.php(652): NotORM_Result->fetchOne()
#4 /www/wwwroot/yunbao.com/PhalApi/Appapi/Domain/Login.php(69): Model_Login->getCancelCondition('109272')
#5 /www/wwwroot/yunbao.com/PhalApi/Appapi/Api/Login.php(496): Domain_Login->getCancelCondition('109272')
#6 /www/wwwroot/yunbao.com/PhalApi/PhalApi/PhalApi.php(57): Api_Login->getCancelCondition()
#7 /www/wwwroot/yunbao.com/public/appapi/index.php(15): PhalApi->response()
#8 {main}
2021-02-09 11:18:42|ERROR|Login.cancelAccount|PDOException: Unknown column 'balance' in 'field list' in /www/wwwroot/yunbao.com/PhalApi/PhalApi/NotORM/NotORM/Result.php:258
Stack trace:
#0 /www/wwwroot/yunbao.com/PhalApi/PhalApi/NotORM/NotORM/Result.php(811): NotORM_Result->query('SELECT coin,vot...', Array)
#1 /www/wwwroot/yunbao.com/PhalApi/PhalApi/NotORM/NotORM/Result.php(887): NotORM_Result->execute()
#2 /www/wwwroot/yunbao.com/PhalApi/PhalApi/NotORM/NotORM/Result.php(875): NotORM_Result->fetchRow('')
#3 /www/wwwroot/yunbao.com/PhalApi/Appapi/Model/Login.php(652): NotORM_Result->fetchOne()
#4 /www/wwwroot/yunbao.com/PhalApi/Appapi/Model/Login.php(690): Model_Login->getCancelCondition('109272')
#5 /www/wwwroot/yunbao.com/PhalApi/Appapi/Domain/Login.php(78): Model_Login->cancelAccount('109272')
#6 /www/wwwroot/yunbao.com/PhalApi/Appapi/Api/Login.php(552): Domain_Login->cancelAccount('109272')
#7 /www/wwwroot/yunbao.com/PhalApi/PhalApi/PhalApi.php(57): Api_Login->cancelAccount()
#8 /www/wwwroot/yunbao.com/public/appapi/index.php(15): PhalApi->response()
#9 {main}
2021-02-09 11:18:50|ERROR|Login.cancelAccount|PDOException: Unknown column 'balance' in 'field list' in /www/wwwroot/yunbao.com/PhalApi/PhalApi/NotORM/NotORM/Result.php:258
Stack trace:
#0 /www/wwwroot/yunbao.com/PhalApi/PhalApi/NotORM/NotORM/Result.php(811): NotORM_Result->query('SELECT coin,vot...', Array)
#1 /www/wwwroot/yunbao.com/PhalApi/PhalApi/NotORM/NotORM/Result.php(887): NotORM_Result->execute()
#2 /www/wwwroot/yunbao.com/PhalApi/PhalApi/NotORM/NotORM/Result.php(875): NotORM_Result->fetchRow('')
#3 /www/wwwroot/yunbao.com/PhalApi/Appapi/Model/Login.php(652): NotORM_Result->fetchOne()
#4 /www/wwwroot/yunbao.com/PhalApi/Appapi/Model/Login.php(690): Model_Login->getCancelCondition('109272')
#5 /www/wwwroot/yunbao.com/PhalApi/Appapi/Domain/Login.php(78): Model_Login->cancelAccount('109272')
#6 /www/wwwroot/yunbao.com/PhalApi/Appapi/Api/Login.php(552): Domain_Login->cancelAccount('109272')
#7 /www/wwwroot/yunbao.com/PhalApi/PhalApi/PhalApi.php(57): Api_Login->cancelAccount()
#8 /www/wwwroot/yunbao.com/public/appapi/index.php(15): PhalApi->response()
#9 {main}
2021-02-09 11:49:05|DEBUG|succeed to upload file to UCloud_Engine_Local|https://www.qingwazb.com/upload///thumb/20210209/06661865458105124.png
2021-02-09 13:42:48|DEBUG|succeed to upload file to UCloud_Engine_Local|https://www.qingwazb.com/upload///thumb/20210209/06661933681750086.png
2021-02-09 13:47:56|ERROR|Login.getCancelCondition|PDOException: Unknown column 'balance' in 'field list' in /www/wwwroot/yunbao.com/PhalApi/PhalApi/NotORM/NotORM/Result.php:258
Stack trace:
#0 /www/wwwroot/yunbao.com/PhalApi/PhalApi/NotORM/NotORM/Result.php(811): NotORM_Result->query('SELECT coin,vot...', Array)
#1 /www/wwwroot/yunbao.com/PhalApi/PhalApi/NotORM/NotORM/Result.php(887): NotORM_Result->execute()
#2 /www/wwwroot/yunbao.com/PhalApi/PhalApi/NotORM/NotORM/Result.php(875): NotORM_Result->fetchRow('')
#3 /www/wwwroot/yunbao.com/PhalApi/Appapi/Model/Login.php(660): NotORM_Result->fetchOne()
#4 /www/wwwroot/yunbao.com/PhalApi/Appapi/Domain/Login.php(69): Model_Login->getCancelCondition('107760')
#5 /www/wwwroot/yunbao.com/PhalApi/Appapi/Api/Login.php(493): Domain_Login->getCancelCondition('107760')
#6 /www/wwwroot/yunbao.com/PhalApi/PhalApi/PhalApi.php(57): Api_Login->getCancelCondition()
#7 /www/wwwroot/yunbao.com/public/appapi/index.php(15): PhalApi->response()
#8 {main}
