2021-03-21 00:14:46|ERROR|Live.GetUserLists|RedisException: read error on connection to r-j6crcpxniav4upemlfpd.redis.rds.aliyuncs.com:6379 in /www/wwwroot/admgl68.te8.tv/PhalApi/Common/functions.php:159
Stack trace:
#0 /www/wwwroot/admgl68.te8.tv/PhalApi/Common/functions.php(159): Redis->set('getUserLists_19...', '[{"id":"205121"...')
#1 /www/wwwroot/admgl68.te8.tv/PhalApi/Appapi/Api/Live.php(1653): setcaches('getUserLists_19...', Array, 10)
#2 /www/wwwroot/admgl68.te8.tv/PhalApi/Appapi/Api/Live.php(1601): Api_Live->getUserList(191759, '191759_16162566...', 1)
#3 /www/wwwroot/admgl68.te8.tv/PhalApi/PhalApi/PhalApi.php(57): Api_Live->getUserLists()
#4 /www/wwwroot/admgl68.te8.tv/public/appapi/index.php(19): PhalApi->response()
#5 {main}
2021-03-21 00:26:24|ERROR|Live.GetUserLists|RedisException: read error on connection to r-j6crcpxniav4upemlfpd.redis.rds.aliyuncs.com:6379 in /www/wwwroot/admgl68.te8.tv/PhalApi/Common/functions.php:159
Stack trace:
#0 /www/wwwroot/admgl68.te8.tv/PhalApi/Common/functions.php(159): Redis->set('getUserLists_19...', '[{"id":"194169"...')
#1 /www/wwwroot/admgl68.te8.tv/PhalApi/Appapi/Api/Live.php(1653): setcaches('getUserLists_19...', Array, 10)
#2 /www/wwwroot/admgl68.te8.tv/PhalApi/Appapi/Api/Live.php(1601): Api_Live->getUserList(191744, '191744_16162569...', 1)
#3 /www/wwwroot/admgl68.te8.tv/PhalApi/PhalApi/PhalApi.php(57): Api_Live->getUserLists()
#4 /www/wwwroot/admgl68.te8.tv/public/appapi/index.php(19): PhalApi->response()
#5 {main}
2021-03-21 00:28:18|ERROR|Live.GetUserLists|RedisException: read error on connection to r-j6crcpxniav4upemlfpd.redis.rds.aliyuncs.com:6379 in /www/wwwroot/admgl68.te8.tv/PhalApi/Common/functions.php:159
Stack trace:
#0 /www/wwwroot/admgl68.te8.tv/PhalApi/Common/functions.php(159): Redis->set('getUserLists_19...', '[{"id":"194106"...')
#1 /www/wwwroot/admgl68.te8.tv/PhalApi/Appapi/Api/Live.php(1653): setcaches('getUserLists_19...', Array, 10)
#2 /www/wwwroot/admgl68.te8.tv/PhalApi/Appapi/Api/Live.php(1601): Api_Live->getUserList(191742, '191742_16162572...', 1)
#3 /www/wwwroot/admgl68.te8.tv/PhalApi/PhalApi/PhalApi.php(57): Api_Live->getUserLists()
#4 /www/wwwroot/admgl68.te8.tv/public/appapi/index.php(19): PhalApi->response()
#5 {main}
2021-03-21 00:28:45|ERROR|Live.GetUserLists|RedisException: read error on connection to r-j6crcpxniav4upemlfpd.redis.rds.aliyuncs.com:6379 in /www/wwwroot/admgl68.te8.tv/PhalApi/Common/functions.php:159
Stack trace:
#0 /www/wwwroot/admgl68.te8.tv/PhalApi/Common/functions.php(159): Redis->set('getUserLists_19...', '[{"id":"194891"...')
#1 /www/wwwroot/admgl68.te8.tv/PhalApi/Appapi/Api/Live.php(1653): setcaches('getUserLists_19...', Array, 10)
#2 /www/wwwroot/admgl68.te8.tv/PhalApi/Appapi/Api/Live.php(1601): Api_Live->getUserList(191764, '191764_16162575...', 1)
#3 /www/wwwroot/admgl68.te8.tv/PhalApi/PhalApi/PhalApi.php(57): Api_Live->getUserLists()
#4 /www/wwwroot/admgl68.te8.tv/public/appapi/index.php(19): PhalApi->response()
#5 {main}
2021-03-21 00:39:55|ERROR|Live.GetUserLists|RedisException: read error on connection to r-j6crcpxniav4upemlfpd.redis.rds.aliyuncs.com:6379 in /www/wwwroot/admgl68.te8.tv/PhalApi/Common/functions.php:159
Stack trace:
#0 /www/wwwroot/admgl68.te8.tv/PhalApi/Common/functions.php(159): Redis->set('getUserLists_19...', '[{"id":"193181"...')
#1 /www/wwwroot/admgl68.te8.tv/PhalApi/Appapi/Api/Live.php(1653): setcaches('getUserLists_19...', Array, 10)
#2 /www/wwwroot/admgl68.te8.tv/PhalApi/Appapi/Api/Live.php(1601): Api_Live->getUserList(191751, '191751_16162578...', 1)
#3 /www/wwwroot/admgl68.te8.tv/PhalApi/PhalApi/PhalApi.php(57): Api_Live->getUserLists()
#4 /www/wwwroot/admgl68.te8.tv/public/appapi/index.php(19): PhalApi->response()
#5 {main}
2021-03-21 00:40:57|ERROR|Live.EnterRoom|RedisException: read error on connection to r-j6crcpxniav4upemlfpd.redis.rds.aliyuncs.com:6379 in /www/wwwroot/admgl68.te8.tv/PhalApi/Common/functions.php:159
Stack trace:
#0 /www/wwwroot/admgl68.te8.tv/PhalApi/Common/functions.php(159): Redis->set('getUserLists_19...', '[{"id":"194973"...')
#1 /www/wwwroot/admgl68.te8.tv/PhalApi/Appapi/Api/Live.php(1653): setcaches('getUserLists_19...', Array, 10)
#2 /www/wwwroot/admgl68.te8.tv/PhalApi/Appapi/Api/Live.php(1374): Api_Live->getUserList(191746, '191746_16162581...')
#3 /www/wwwroot/admgl68.te8.tv/PhalApi/PhalApi/PhalApi.php(57): Api_Live->enterRoom()
#4 /www/wwwroot/admgl68.te8.tv/public/appapi/index.php(19): PhalApi->response()
#5 {main}
2021-03-21 00:41:10|ERROR|Live.GetUserLists|RedisException: read error on connection to r-j6crcpxniav4upemlfpd.redis.rds.aliyuncs.com:6379 in /www/wwwroot/admgl68.te8.tv/PhalApi/Common/functions.php:159
Stack trace:
#0 /www/wwwroot/admgl68.te8.tv/PhalApi/Common/functions.php(159): Redis->set('zombie:191749:1...', '["{\\"id\\":\\"193...')
#1 /www/wwwroot/admgl68.te8.tv/PhalApi/Appapi/Api/Live.php(1641): setcaches('zombie:191749:1...', Array, 120)
#2 /www/wwwroot/admgl68.te8.tv/PhalApi/Appapi/Api/Live.php(1601): Api_Live->getUserList(191749, '191749_16162578...', 1)
#3 /www/wwwroot/admgl68.te8.tv/PhalApi/PhalApi/PhalApi.php(57): Api_Live->getUserLists()
#4 /www/wwwroot/admgl68.te8.tv/public/appapi/index.php(19): PhalApi->response()
#5 {main}
2021-03-21 00:41:14|ERROR|Live.EnterRoom|RedisException: read error on connection to r-j6crcpxniav4upemlfpd.redis.rds.aliyuncs.com:6379 in /www/wwwroot/admgl68.te8.tv/PhalApi/Common/functions.php:159
Stack trace:
#0 /www/wwwroot/admgl68.te8.tv/PhalApi/Common/functions.php(159): Redis->set('getUserLists_19...', '[{"id":"193085"...')
#1 /www/wwwroot/admgl68.te8.tv/PhalApi/Appapi/Api/Live.php(1653): setcaches('getUserLists_19...', Array, 10)
#2 /www/wwwroot/admgl68.te8.tv/PhalApi/Appapi/Api/Live.php(1374): Api_Live->getUserList(191756, '191756_16162581...')
#3 /www/wwwroot/admgl68.te8.tv/PhalApi/PhalApi/PhalApi.php(57): Api_Live->enterRoom()
#4 /www/wwwroot/admgl68.te8.tv/public/appapi/index.php(19): PhalApi->response()
#5 {main}
2021-03-21 00:41:36|ERROR|Live.GetUserLists|RedisException: read error on connection to r-j6crcpxniav4upemlfpd.redis.rds.aliyuncs.com:6379 in /www/wwwroot/admgl68.te8.tv/PhalApi/Common/functions.php:159
Stack trace:
#0 /www/wwwroot/admgl68.te8.tv/PhalApi/Common/functions.php(159): Redis->set('getUserLists_19...', '[{"id":"192908"...')
#1 /www/wwwroot/admgl68.te8.tv/PhalApi/Appapi/Api/Live.php(1653): setcaches('getUserLists_19...', Array, 10)
#2 /www/wwwroot/admgl68.te8.tv/PhalApi/Appapi/Api/Live.php(1601): Api_Live->getUserList(191759, '191759_16162581...', 1)
#3 /www/wwwroot/admgl68.te8.tv/PhalApi/PhalApi/PhalApi.php(57): Api_Live->getUserLists()
#4 /www/wwwroot/admgl68.te8.tv/public/appapi/index.php(19): PhalApi->response()
#5 {main}
2021-03-21 00:41:50|ERROR|Live.GetUserLists|RedisException: read error on connection to r-j6crcpxniav4upemlfpd.redis.rds.aliyuncs.com:6379 in /www/wwwroot/admgl68.te8.tv/PhalApi/Common/functions.php:159
Stack trace:
#0 /www/wwwroot/admgl68.te8.tv/PhalApi/Common/functions.php(159): Redis->set('getUserLists_19...', '[{"id":"192454"...')
#1 /www/wwwroot/admgl68.te8.tv/PhalApi/Appapi/Api/Live.php(1653): setcaches('getUserLists_19...', Array, 10)
#2 /www/wwwroot/admgl68.te8.tv/PhalApi/Appapi/Api/Live.php(1601): Api_Live->getUserList(191751, '191751_16162584...', 1)
#3 /www/wwwroot/admgl68.te8.tv/PhalApi/PhalApi/PhalApi.php(57): Api_Live->getUserLists()
#4 /www/wwwroot/admgl68.te8.tv/public/appapi/index.php(19): PhalApi->response()
#5 {main}
2021-03-21 00:48:30|ERROR|Live.EnterRoom|RedisException: read error on connection to r-j6crcpxniav4upemlfpd.redis.rds.aliyuncs.com:6379 in /www/wwwroot/admgl68.te8.tv/PhalApi/Common/functions.php:159
Stack trace:
#0 /www/wwwroot/admgl68.te8.tv/PhalApi/Common/functions.php(159): Redis->set('getUserLists_19...', '[{"id":"192222"...')
#1 /www/wwwroot/admgl68.te8.tv/PhalApi/Appapi/Api/Live.php(1653): setcaches('getUserLists_19...', Array, 10)
#2 /www/wwwroot/admgl68.te8.tv/PhalApi/Appapi/Api/Live.php(1374): Api_Live->getUserList(191745, '191745_16162584...')
#3 /www/wwwroot/admgl68.te8.tv/PhalApi/PhalApi/PhalApi.php(57): Api_Live->enterRoom()
#4 /www/wwwroot/admgl68.te8.tv/public/appapi/index.php(19): PhalApi->response()
#5 {main}
2021-03-21 00:48:34|ERROR|Live.GetUserLists|RedisException: read error on connection to r-j6crcpxniav4upemlfpd.redis.rds.aliyuncs.com:6379 in /www/wwwroot/admgl68.te8.tv/PhalApi/Common/functions.php:159
Stack trace:
#0 /www/wwwroot/admgl68.te8.tv/PhalApi/Common/functions.php(159): Redis->set('getUserLists_19...', '[{"id":"205223"...')
#1 /www/wwwroot/admgl68.te8.tv/PhalApi/Appapi/Api/Live.php(1653): setcaches('getUserLists_19...', Array, 10)
#2 /www/wwwroot/admgl68.te8.tv/PhalApi/Appapi/Api/Live.php(1601): Api_Live->getUserList(191753, '191753_16162584...', 1)
#3 /www/wwwroot/admgl68.te8.tv/PhalApi/PhalApi/PhalApi.php(57): Api_Live->getUserLists()
#4 /www/wwwroot/admgl68.te8.tv/public/appapi/index.php(19): PhalApi->response()
#5 {main}
2021-03-21 00:48:45|ERROR|Live.GetUserLists|RedisException: read error on connection to r-j6crcpxniav4upemlfpd.redis.rds.aliyuncs.com:6379 in /www/wwwroot/admgl68.te8.tv/PhalApi/Common/functions.php:159
Stack trace:
#0 /www/wwwroot/admgl68.te8.tv/PhalApi/Common/functions.php(159): Redis->set('zombie:191760:1...', '["{\\"id\\":\\"193...')
#1 /www/wwwroot/admgl68.te8.tv/PhalApi/Appapi/Api/Live.php(1641): setcaches('zombie:191760:1...', Array, 120)
#2 /www/wwwroot/admgl68.te8.tv/PhalApi/Appapi/Api/Live.php(1601): Api_Live->getUserList(191760, '191760_16162575...', 1)
#3 /www/wwwroot/admgl68.te8.tv/PhalApi/PhalApi/PhalApi.php(57): Api_Live->getUserLists()
#4 /www/wwwroot/admgl68.te8.tv/public/appapi/index.php(19): PhalApi->response()
#5 {main}
2021-03-21 00:48:57|ERROR|Live.GetUserLists|RedisException: read error on connection to r-j6crcpxniav4upemlfpd.redis.rds.aliyuncs.com:6379 in /www/wwwroot/admgl68.te8.tv/PhalApi/Common/functions.php:159
Stack trace:
#0 /www/wwwroot/admgl68.te8.tv/PhalApi/Common/functions.php(159): Redis->set('getUserLists_19...', '[{"id":"192785"...')
#1 /www/wwwroot/admgl68.te8.tv/PhalApi/Appapi/Api/Live.php(1653): setcaches('getUserLists_19...', Array, 10)
#2 /www/wwwroot/admgl68.te8.tv/PhalApi/Appapi/Api/Live.php(1601): Api_Live->getUserList(191755, '191755_16162587...', 1)
#3 /www/wwwroot/admgl68.te8.tv/PhalApi/PhalApi/PhalApi.php(57): Api_Live->getUserLists()
#4 /www/wwwroot/admgl68.te8.tv/public/appapi/index.php(19): PhalApi->response()
#5 {main}
2021-03-21 00:49:03|ERROR|Live.GetUserLists|RedisException: read error on connection to r-j6crcpxniav4upemlfpd.redis.rds.aliyuncs.com:6379 in /www/wwwroot/admgl68.te8.tv/PhalApi/Common/functions.php:159
Stack trace:
#0 /www/wwwroot/admgl68.te8.tv/PhalApi/Common/functions.php(159): Redis->set('getUserLists_19...', '[{"id":"205225"...')
#1 /www/wwwroot/admgl68.te8.tv/PhalApi/Appapi/Api/Live.php(1653): setcaches('getUserLists_19...', Array, 10)
#2 /www/wwwroot/admgl68.te8.tv/PhalApi/Appapi/Api/Live.php(1601): Api_Live->getUserList(191747, '191747_16162587...', 1)
#3 /www/wwwroot/admgl68.te8.tv/PhalApi/PhalApi/PhalApi.php(57): Api_Live->getUserLists()
#4 /www/wwwroot/admgl68.te8.tv/public/appapi/index.php(19): PhalApi->response()
#5 {main}
2021-03-21 14:24:00|ERROR|Live.EnterRoom|RedisException: read error on connection to r-j6crcpxniav4upemlfpd.redis.rds.aliyuncs.com:6379 in /www/wwwroot/admgl68.te8.tv/PhalApi/Common/functions.php:159
Stack trace:
#0 /www/wwwroot/admgl68.te8.tv/PhalApi/Common/functions.php(159): Redis->set('getUserLists_19...', '[{"id":"192637"...')
#1 /www/wwwroot/admgl68.te8.tv/PhalApi/Appapi/Api/Live.php(1653): setcaches('getUserLists_19...', Array, 10)
#2 /www/wwwroot/admgl68.te8.tv/PhalApi/Appapi/Api/Live.php(1374): Api_Live->getUserList(191744, '191744_16163073...')
#3 /www/wwwroot/admgl68.te8.tv/PhalApi/PhalApi/PhalApi.php(57): Api_Live->enterRoom()
#4 /www/wwwroot/admgl68.te8.tv/public/appapi/index.php(19): PhalApi->response()
#5 {main}
2021-03-21 14:26:28|ERROR|Live.EnterRoom|RedisException: read error on connection to r-j6crcpxniav4upemlfpd.redis.rds.aliyuncs.com:6379 in /www/wwwroot/admgl68.te8.tv/PhalApi/Common/functions.php:159
Stack trace:
#0 /www/wwwroot/admgl68.te8.tv/PhalApi/Common/functions.php(159): Redis->set('getUserLists_19...', '[{"id":"195604"...')
#1 /www/wwwroot/admgl68.te8.tv/PhalApi/Appapi/Api/Live.php(1653): setcaches('getUserLists_19...', Array, 10)
#2 /www/wwwroot/admgl68.te8.tv/PhalApi/Appapi/Api/Live.php(1374): Api_Live->getUserList(191788, '191788_16163076...')
#3 /www/wwwroot/admgl68.te8.tv/PhalApi/PhalApi/PhalApi.php(57): Api_Live->enterRoom()
#4 /www/wwwroot/admgl68.te8.tv/public/appapi/index.php(19): PhalApi->response()
#5 {main}
2021-03-21 14:26:43|ERROR|Live.GetUserLists|RedisException: read error on connection to r-j6crcpxniav4upemlfpd.redis.rds.aliyuncs.com:6379 in /www/wwwroot/admgl68.te8.tv/PhalApi/Common/functions.php:159
Stack trace:
#0 /www/wwwroot/admgl68.te8.tv/PhalApi/Common/functions.php(159): Redis->set('getUserLists_19...', '[{"id":"195582"...')
#1 /www/wwwroot/admgl68.te8.tv/PhalApi/Appapi/Api/Live.php(1653): setcaches('getUserLists_19...', Array, 10)
#2 /www/wwwroot/admgl68.te8.tv/PhalApi/Appapi/Api/Live.php(1601): Api_Live->getUserList(191758, '191758_16163073...', 1)
#3 /www/wwwroot/admgl68.te8.tv/PhalApi/PhalApi/PhalApi.php(57): Api_Live->getUserLists()
#4 /www/wwwroot/admgl68.te8.tv/public/appapi/index.php(19): PhalApi->response()
#5 {main}
2021-03-21 14:32:00|ERROR|Live.GetUserLists|RedisException: read error on connection to r-j6crcpxniav4upemlfpd.redis.rds.aliyuncs.com:6379 in /www/wwwroot/admgl68.te8.tv/PhalApi/Common/functions.php:159
Stack trace:
#0 /www/wwwroot/admgl68.te8.tv/PhalApi/Common/functions.php(159): Redis->set('getUserLists_19...', '[{"id":"194441"...')
#1 /www/wwwroot/admgl68.te8.tv/PhalApi/Appapi/Api/Live.php(1653): setcaches('getUserLists_19...', Array, 10)
#2 /www/wwwroot/admgl68.te8.tv/PhalApi/Appapi/Api/Live.php(1601): Api_Live->getUserList(191751, '191751_16163079...', 1)
#3 /www/wwwroot/admgl68.te8.tv/PhalApi/PhalApi/PhalApi.php(57): Api_Live->getUserLists()
#4 /www/wwwroot/admgl68.te8.tv/public/appapi/index.php(19): PhalApi->response()
#5 {main}
2021-03-21 14:48:18|ERROR|Live.GetUserLists|RedisException: read error on connection to r-j6crcpxniav4upemlfpd.redis.rds.aliyuncs.com:6379 in /www/wwwroot/admgl68.te8.tv/PhalApi/Common/functions.php:159
Stack trace:
#0 /www/wwwroot/admgl68.te8.tv/PhalApi/Common/functions.php(159): Redis->set('getUserLists_19...', '[{"id":"192540"...')
#1 /www/wwwroot/admgl68.te8.tv/PhalApi/Appapi/Api/Live.php(1653): setcaches('getUserLists_19...', Array, 10)
#2 /www/wwwroot/admgl68.te8.tv/PhalApi/Appapi/Api/Live.php(1601): Api_Live->getUserList(191743, '191743_16163088...', 1)
#3 /www/wwwroot/admgl68.te8.tv/PhalApi/PhalApi/PhalApi.php(57): Api_Live->getUserLists()
#4 /www/wwwroot/admgl68.te8.tv/public/appapi/index.php(19): PhalApi->response()
#5 {main}
2021-03-21 14:55:11|ERROR|Live.GetUserLists|RedisException: read error on connection to r-j6crcpxniav4upemlfpd.redis.rds.aliyuncs.com:6379 in /www/wwwroot/admgl68.te8.tv/PhalApi/Common/functions.php:159
Stack trace:
#0 /www/wwwroot/admgl68.te8.tv/PhalApi/Common/functions.php(159): Redis->set('getUserLists_19...', '[{"id":"191883"...')
#1 /www/wwwroot/admgl68.te8.tv/PhalApi/Appapi/Api/Live.php(1653): setcaches('getUserLists_19...', Array, 10)
#2 /www/wwwroot/admgl68.te8.tv/PhalApi/Appapi/Api/Live.php(1601): Api_Live->getUserList(191756, '191756_16163085...', 1)
#3 /www/wwwroot/admgl68.te8.tv/PhalApi/PhalApi/PhalApi.php(57): Api_Live->getUserLists()
#4 /www/wwwroot/admgl68.te8.tv/public/appapi/index.php(19): PhalApi->response()
#5 {main}
2021-03-21 14:55:43|ERROR|Live.EnterRoom|RedisException: read error on connection to r-j6crcpxniav4upemlfpd.redis.rds.aliyuncs.com:6379 in /www/wwwroot/admgl68.te8.tv/PhalApi/Common/functions.php:159
Stack trace:
#0 /www/wwwroot/admgl68.te8.tv/PhalApi/Common/functions.php(159): Redis->set('getUserLists_19...', '[{"id":"193139"...')
#1 /www/wwwroot/admgl68.te8.tv/PhalApi/Appapi/Api/Live.php(1653): setcaches('getUserLists_19...', Array, 10)
#2 /www/wwwroot/admgl68.te8.tv/PhalApi/Appapi/Api/Live.php(1374): Api_Live->getUserList(191817, '191817_16163088...')
#3 /www/wwwroot/admgl68.te8.tv/PhalApi/PhalApi/PhalApi.php(57): Api_Live->enterRoom()
#4 /www/wwwroot/admgl68.te8.tv/public/appapi/index.php(19): PhalApi->response()
#5 {main}
2021-03-21 14:58:14|ERROR|Live.EnterRoom|RedisException: read error on connection to r-j6crcpxniav4upemlfpd.redis.rds.aliyuncs.com:6379 in /www/wwwroot/admgl68.te8.tv/PhalApi/Common/functions.php:159
Stack trace:
#0 /www/wwwroot/admgl68.te8.tv/PhalApi/Common/functions.php(159): Redis->set('getUserLists_19...', '[{"id":"194754"...')
#1 /www/wwwroot/admgl68.te8.tv/PhalApi/Appapi/Api/Live.php(1653): setcaches('getUserLists_19...', Array, 10)
#2 /www/wwwroot/admgl68.te8.tv/PhalApi/Appapi/Api/Live.php(1374): Api_Live->getUserList(191804, '191804_16163094...')
#3 /www/wwwroot/admgl68.te8.tv/PhalApi/PhalApi/PhalApi.php(57): Api_Live->enterRoom()
#4 /www/wwwroot/admgl68.te8.tv/public/appapi/index.php(19): PhalApi->response()
#5 {main}
2021-03-21 15:15:44|ERROR|Live.GetUserLists|RedisException: read error on connection to r-j6crcpxniav4upemlfpd.redis.rds.aliyuncs.com:6379 in /www/wwwroot/admgl68.te8.tv/PhalApi/Common/functions.php:159
Stack trace:
#0 /www/wwwroot/admgl68.te8.tv/PhalApi/Common/functions.php(159): Redis->set('getUserLists_19...', '[{"id":"186565"...')
#1 /www/wwwroot/admgl68.te8.tv/PhalApi/Appapi/Api/Live.php(1653): setcaches('getUserLists_19...', Array, 10)
#2 /www/wwwroot/admgl68.te8.tv/PhalApi/Appapi/Api/Live.php(1601): Api_Live->getUserList(191817, '191817_16163094...', 1)
#3 /www/wwwroot/admgl68.te8.tv/PhalApi/PhalApi/PhalApi.php(57): Api_Live->getUserLists()
#4 /www/wwwroot/admgl68.te8.tv/public/appapi/index.php(19): PhalApi->response()
#5 {main}
2021-03-21 15:22:43|ERROR|Live.GetUserLists|RedisException: read error on connection to r-j6crcpxniav4upemlfpd.redis.rds.aliyuncs.com:6379 in /www/wwwroot/admgl68.te8.tv/PhalApi/Common/functions.php:159
Stack trace:
#0 /www/wwwroot/admgl68.te8.tv/PhalApi/Common/functions.php(159): Redis->set('getUserLists_19...', '[{"id":"192919"...')
#1 /www/wwwroot/admgl68.te8.tv/PhalApi/Appapi/Api/Live.php(1653): setcaches('getUserLists_19...', Array, 10)
#2 /www/wwwroot/admgl68.te8.tv/PhalApi/Appapi/Api/Live.php(1601): Api_Live->getUserList(191768, '191768_16163094...', 1)
#3 /www/wwwroot/admgl68.te8.tv/PhalApi/PhalApi/PhalApi.php(57): Api_Live->getUserLists()
#4 /www/wwwroot/admgl68.te8.tv/public/appapi/index.php(19): PhalApi->response()
#5 {main}
2021-03-21 15:23:07|ERROR|Live.GetUserLists|RedisException: read error on connection to r-j6crcpxniav4upemlfpd.redis.rds.aliyuncs.com:6379 in /www/wwwroot/admgl68.te8.tv/PhalApi/Common/functions.php:159
Stack trace:
#0 /www/wwwroot/admgl68.te8.tv/PhalApi/Common/functions.php(159): Redis->set('getUserLists_19...', '[{"id":"193202"...')
#1 /www/wwwroot/admgl68.te8.tv/PhalApi/Appapi/Api/Live.php(1653): setcaches('getUserLists_19...', Array, 10)
#2 /www/wwwroot/admgl68.te8.tv/PhalApi/Appapi/Api/Live.php(1601): Api_Live->getUserList(191809, '191809_16163094...', 1)
#3 /www/wwwroot/admgl68.te8.tv/PhalApi/PhalApi/PhalApi.php(57): Api_Live->getUserLists()
#4 /www/wwwroot/admgl68.te8.tv/public/appapi/index.php(19): PhalApi->response()
#5 {main}
2021-03-21 15:24:51|ERROR|Live.EnterRoom|RedisException: read error on connection to r-j6crcpxniav4upemlfpd.redis.rds.aliyuncs.com:6379 in /www/wwwroot/admgl68.te8.tv/PhalApi/Common/functions.php:159
Stack trace:
#0 /www/wwwroot/admgl68.te8.tv/PhalApi/Common/functions.php(159): Redis->set('getUserLists_19...', '[{"id":"206728"...')
#1 /www/wwwroot/admgl68.te8.tv/PhalApi/Appapi/Api/Live.php(1653): setcaches('getUserLists_19...', Array, 10)
#2 /www/wwwroot/admgl68.te8.tv/PhalApi/Appapi/Api/Live.php(1374): Api_Live->getUserList(191767, '191767_16163094...')
#3 /www/wwwroot/admgl68.te8.tv/PhalApi/PhalApi/PhalApi.php(57): Api_Live->enterRoom()
#4 /www/wwwroot/admgl68.te8.tv/public/appapi/index.php(19): PhalApi->response()
#5 {main}
2021-03-21 15:25:31|ERROR|Live.GetUserLists|RedisException: read error on connection to r-j6crcpxniav4upemlfpd.redis.rds.aliyuncs.com:6379 in /www/wwwroot/admgl68.te8.tv/PhalApi/Common/functions.php:159
Stack trace:
#0 /www/wwwroot/admgl68.te8.tv/PhalApi/Common/functions.php(159): Redis->set('getUserLists_19...', '[{"id":"206723"...')
#1 /www/wwwroot/admgl68.te8.tv/PhalApi/Appapi/Api/Live.php(1653): setcaches('getUserLists_19...', Array, 10)
#2 /www/wwwroot/admgl68.te8.tv/PhalApi/Appapi/Api/Live.php(1601): Api_Live->getUserList(191792, '191792_16163094...', 1)
#3 /www/wwwroot/admgl68.te8.tv/PhalApi/PhalApi/PhalApi.php(57): Api_Live->getUserLists()
#4 /www/wwwroot/admgl68.te8.tv/public/appapi/index.php(19): PhalApi->response()
#5 {main}
2021-03-21 15:25:33|ERROR|Live.GetUserLists|RedisException: read error on connection to r-j6crcpxniav4upemlfpd.redis.rds.aliyuncs.com:6379 in /www/wwwroot/admgl68.te8.tv/PhalApi/Common/functions.php:159
Stack trace:
#0 /www/wwwroot/admgl68.te8.tv/PhalApi/Common/functions.php(159): Redis->set('getUserLists_19...', '[{"id":"192658"...')
#1 /www/wwwroot/admgl68.te8.tv/PhalApi/Appapi/Api/Live.php(1653): setcaches('getUserLists_19...', Array, 10)
#2 /www/wwwroot/admgl68.te8.tv/PhalApi/Appapi/Api/Live.php(1601): Api_Live->getUserList(191814, '191814_16163082...', 1)
#3 /www/wwwroot/admgl68.te8.tv/PhalApi/PhalApi/PhalApi.php(57): Api_Live->getUserLists()
#4 /www/wwwroot/admgl68.te8.tv/public/appapi/index.php(19): PhalApi->response()
#5 {main}
2021-03-21 15:25:54|ERROR|Live.GetUserLists|RedisException: read error on connection to r-j6crcpxniav4upemlfpd.redis.rds.aliyuncs.com:6379 in /www/wwwroot/admgl68.te8.tv/PhalApi/Common/functions.php:159
Stack trace:
#0 /www/wwwroot/admgl68.te8.tv/PhalApi/Common/functions.php(159): Redis->set('getUserLists_19...', '[{"id":"206713"...')
#1 /www/wwwroot/admgl68.te8.tv/PhalApi/Appapi/Api/Live.php(1653): setcaches('getUserLists_19...', Array, 10)
#2 /www/wwwroot/admgl68.te8.tv/PhalApi/Appapi/Api/Live.php(1601): Api_Live->getUserList(191799, '191799_16163094...', 1)
#3 /www/wwwroot/admgl68.te8.tv/PhalApi/PhalApi/PhalApi.php(57): Api_Live->getUserLists()
#4 /www/wwwroot/admgl68.te8.tv/public/appapi/index.php(19): PhalApi->response()
#5 {main}
2021-03-21 15:26:20|ERROR|Live.GetUserLists|RedisException: read error on connection to r-j6crcpxniav4upemlfpd.redis.rds.aliyuncs.com:6379 in /www/wwwroot/admgl68.te8.tv/PhalApi/Common/functions.php:159
Stack trace:
#0 /www/wwwroot/admgl68.te8.tv/PhalApi/Common/functions.php(159): Redis->set('getUserLists_19...', '[{"id":"206682"...')
#1 /www/wwwroot/admgl68.te8.tv/PhalApi/Appapi/Api/Live.php(1653): setcaches('getUserLists_19...', Array, 10)
#2 /www/wwwroot/admgl68.te8.tv/PhalApi/Appapi/Api/Live.php(1601): Api_Live->getUserList(191816, '191816_16163094...', 1)
#3 /www/wwwroot/admgl68.te8.tv/PhalApi/PhalApi/PhalApi.php(57): Api_Live->getUserLists()
#4 /www/wwwroot/admgl68.te8.tv/public/appapi/index.php(19): PhalApi->response()
#5 {main}
2021-03-21 15:30:05|ERROR|Live.GetUserLists|RedisException: read error on connection to r-j6crcpxniav4upemlfpd.redis.rds.aliyuncs.com:6379 in /www/wwwroot/admgl68.te8.tv/PhalApi/Common/functions.php:159
Stack trace:
#0 /www/wwwroot/admgl68.te8.tv/PhalApi/Common/functions.php(159): Redis->set('getUserLists_19...', '[{"id":"194551"...')
#1 /www/wwwroot/admgl68.te8.tv/PhalApi/Appapi/Api/Live.php(1653): setcaches('getUserLists_19...', Array, 10)
#2 /www/wwwroot/admgl68.te8.tv/PhalApi/Appapi/Api/Live.php(1601): Api_Live->getUserList(191743, '191743_16163094...', 1)
#3 /www/wwwroot/admgl68.te8.tv/PhalApi/PhalApi/PhalApi.php(57): Api_Live->getUserLists()
#4 /www/wwwroot/admgl68.te8.tv/public/appapi/index.php(19): PhalApi->response()
#5 {main}
2021-03-21 15:34:54|ERROR|Live.EnterRoom|RedisException: read error on connection to r-j6crcpxniav4upemlfpd.redis.rds.aliyuncs.com:6379 in /www/wwwroot/admgl68.te8.tv/PhalApi/Common/functions.php:159
Stack trace:
#0 /www/wwwroot/admgl68.te8.tv/PhalApi/Common/functions.php(159): Redis->set('getUserLists_19...', '[{"id":"206754"...')
#1 /www/wwwroot/admgl68.te8.tv/PhalApi/Appapi/Api/Live.php(1653): setcaches('getUserLists_19...', Array, 10)
#2 /www/wwwroot/admgl68.te8.tv/PhalApi/Appapi/Api/Live.php(1374): Api_Live->getUserList(191798, '191798_16163094...')
#3 /www/wwwroot/admgl68.te8.tv/PhalApi/PhalApi/PhalApi.php(57): Api_Live->enterRoom()
#4 /www/wwwroot/admgl68.te8.tv/public/appapi/index.php(19): PhalApi->response()
#5 {main}
2021-03-21 20:41:50|ERROR|Live.GetUserLists|RedisException: read error on connection to r-j6crcpxniav4upemlfpd.redis.rds.aliyuncs.com:6379 in /www/wwwroot/admgl68.te8.tv/PhalApi/Common/functions.php:159
Stack trace:
#0 /www/wwwroot/admgl68.te8.tv/PhalApi/Common/functions.php(159): Redis->set('getUserLists_19...', '[{"id":"194975"...')
#1 /www/wwwroot/admgl68.te8.tv/PhalApi/Appapi/Api/Live.php(1653): setcaches('getUserLists_19...', Array, 10)
#2 /www/wwwroot/admgl68.te8.tv/PhalApi/Appapi/Api/Live.php(1601): Api_Live->getUserList(191749, '191749_16163301...', 1)
#3 /www/wwwroot/admgl68.te8.tv/PhalApi/PhalApi/PhalApi.php(57): Api_Live->getUserLists()
#4 /www/wwwroot/admgl68.te8.tv/public/appapi/index.php(19): PhalApi->response()
#5 {main}
2021-03-21 20:41:53|ERROR|Live.GetUserLists|RedisException: read error on connection to r-j6crcpxniav4upemlfpd.redis.rds.aliyuncs.com:6379 in /www/wwwroot/admgl68.te8.tv/PhalApi/Common/functions.php:159
Stack trace:
#0 /www/wwwroot/admgl68.te8.tv/PhalApi/Common/functions.php(159): Redis->set('getUserLists_19...', '[{"id":"205794"...')
#1 /www/wwwroot/admgl68.te8.tv/PhalApi/Appapi/Api/Live.php(1653): setcaches('getUserLists_19...', Array, 10)
#2 /www/wwwroot/admgl68.te8.tv/PhalApi/Appapi/Api/Live.php(1601): Api_Live->getUserList(191753, '191753_16163295...', 1)
#3 /www/wwwroot/admgl68.te8.tv/PhalApi/PhalApi/PhalApi.php(57): Api_Live->getUserLists()
#4 /www/wwwroot/admgl68.te8.tv/public/appapi/index.php(19): PhalApi->response()
#5 {main}
2021-03-21 20:44:08|ERROR|Live.EnterRoom|RedisException: read error on connection to r-j6crcpxniav4upemlfpd.redis.rds.aliyuncs.com:6379 in /www/wwwroot/admgl68.te8.tv/PhalApi/Common/functions.php:159
Stack trace:
#0 /www/wwwroot/admgl68.te8.tv/PhalApi/Common/functions.php(159): Redis->set('getUserLists_19...', '[{"id":"193484"...')
#1 /www/wwwroot/admgl68.te8.tv/PhalApi/Appapi/Api/Live.php(1653): setcaches('getUserLists_19...', Array, 10)
#2 /www/wwwroot/admgl68.te8.tv/PhalApi/Appapi/Api/Live.php(1374): Api_Live->getUserList(191773, '191773_16163301...')
#3 /www/wwwroot/admgl68.te8.tv/PhalApi/PhalApi/PhalApi.php(57): Api_Live->enterRoom()
#4 /www/wwwroot/admgl68.te8.tv/public/appapi/index.php(19): PhalApi->response()
#5 {main}
