2021-03-02 11:07:14|ERROR|Paidprogram.getApplyStatus|PDOException: Table 'yunbao_com.cmf_paidprogram_apply' doesn't exist in /www/wwwroot/yunbao.com/PhalApi/PhalApi/NotORM/NotORM/Result.php:258
Stack trace:
#0 /www/wwwroot/yunbao.com/PhalApi/PhalApi/NotORM/NotORM/Result.php(811): NotORM_Result->query('SELECT * FROM c...', Array)
#1 /www/wwwroot/yunbao.com/PhalApi/PhalApi/NotORM/NotORM/Result.php(887): NotORM_Result->execute()
#2 /www/wwwroot/yunbao.com/PhalApi/PhalApi/NotORM/NotORM/Result.php(875): NotORM_Result->fetchRow('')
#3 /www/wwwroot/yunbao.com/PhalApi/Appapi/Model/Paidprogram.php(8): NotORM_Result->fetchOne()
#4 /www/wwwroot/yunbao.com/PhalApi/Appapi/Domain/Paidprogram.php(8): Model_Paidprogram->getApplyStatus('109334')
#5 /www/wwwroot/yunbao.com/PhalApi/Appapi/Api/Paidprogram.php(188): Domain_Paidprogram->getApplyStatus('109334')
#6 /www/wwwroot/yunbao.com/PhalApi/PhalApi/PhalApi.php(57): Api_Paidprogram->getApplyStatus()
#7 /www/wwwroot/yunbao.com/public/appapi/index.php(19): PhalApi->response()
#8 {main}
2021-03-02 11:07:24|ERROR|Paidprogram.getApplyStatus|PDOException: Table 'yunbao_com.cmf_paidprogram_apply' doesn't exist in /www/wwwroot/yunbao.com/PhalApi/PhalApi/NotORM/NotORM/Result.php:258
Stack trace:
#0 /www/wwwroot/yunbao.com/PhalApi/PhalApi/NotORM/NotORM/Result.php(811): NotORM_Result->query('SELECT * FROM c...', Array)
#1 /www/wwwroot/yunbao.com/PhalApi/PhalApi/NotORM/NotORM/Result.php(887): NotORM_Result->execute()
#2 /www/wwwroot/yunbao.com/PhalApi/PhalApi/NotORM/NotORM/Result.php(875): NotORM_Result->fetchRow('')
#3 /www/wwwroot/yunbao.com/PhalApi/Appapi/Model/Paidprogram.php(8): NotORM_Result->fetchOne()
#4 /www/wwwroot/yunbao.com/PhalApi/Appapi/Domain/Paidprogram.php(8): Model_Paidprogram->getApplyStatus('109334')
#5 /www/wwwroot/yunbao.com/PhalApi/Appapi/Api/Paidprogram.php(188): Domain_Paidprogram->getApplyStatus('109334')
#6 /www/wwwroot/yunbao.com/PhalApi/PhalApi/PhalApi.php(57): Api_Paidprogram->getApplyStatus()
#7 /www/wwwroot/yunbao.com/public/appapi/index.php(19): PhalApi->response()
#8 {main}
2021-03-02 11:08:04|DEBUG|succeed to upload file to UCloud_Engine_Local|https://www.qingwazb.com/upload///thumb/20210302/06679984843035676.png
2021-03-02 11:09:25|ERROR|Paidprogram.getApplyStatus|PDOException: Table 'yunbao_com.cmf_paidprogram_apply' doesn't exist in /www/wwwroot/yunbao.com/PhalApi/PhalApi/NotORM/NotORM/Result.php:258
Stack trace:
#0 /www/wwwroot/yunbao.com/PhalApi/PhalApi/NotORM/NotORM/Result.php(811): NotORM_Result->query('SELECT * FROM c...', Array)
#1 /www/wwwroot/yunbao.com/PhalApi/PhalApi/NotORM/NotORM/Result.php(887): NotORM_Result->execute()
#2 /www/wwwroot/yunbao.com/PhalApi/PhalApi/NotORM/NotORM/Result.php(875): NotORM_Result->fetchRow('')
#3 /www/wwwroot/yunbao.com/PhalApi/Appapi/Model/Paidprogram.php(8): NotORM_Result->fetchOne()
#4 /www/wwwroot/yunbao.com/PhalApi/Appapi/Domain/Paidprogram.php(8): Model_Paidprogram->getApplyStatus('109334')
#5 /www/wwwroot/yunbao.com/PhalApi/Appapi/Api/Paidprogram.php(188): Domain_Paidprogram->getApplyStatus('109334')
#6 /www/wwwroot/yunbao.com/PhalApi/PhalApi/PhalApi.php(57): Api_Paidprogram->getApplyStatus()
#7 /www/wwwroot/yunbao.com/public/appapi/index.php(19): PhalApi->response()
#8 {main}
2021-03-02 11:16:30|ERROR|Paidprogram.getApplyStatus|PDOException: Table 'yunbao_com.cmf_paidprogram_apply' doesn't exist in /www/wwwroot/yunbao.com/PhalApi/PhalApi/NotORM/NotORM/Result.php:258
Stack trace:
#0 /www/wwwroot/yunbao.com/PhalApi/PhalApi/NotORM/NotORM/Result.php(811): NotORM_Result->query('SELECT * FROM c...', Array)
#1 /www/wwwroot/yunbao.com/PhalApi/PhalApi/NotORM/NotORM/Result.php(887): NotORM_Result->execute()
#2 /www/wwwroot/yunbao.com/PhalApi/PhalApi/NotORM/NotORM/Result.php(875): NotORM_Result->fetchRow('')
#3 /www/wwwroot/yunbao.com/PhalApi/Appapi/Model/Paidprogram.php(8): NotORM_Result->fetchOne()
#4 /www/wwwroot/yunbao.com/PhalApi/Appapi/Domain/Paidprogram.php(8): Model_Paidprogram->getApplyStatus('109334')
#5 /www/wwwroot/yunbao.com/PhalApi/Appapi/Api/Paidprogram.php(188): Domain_Paidprogram->getApplyStatus('109334')
#6 /www/wwwroot/yunbao.com/PhalApi/PhalApi/PhalApi.php(57): Api_Paidprogram->getApplyStatus()
#7 /www/wwwroot/yunbao.com/public/appapi/index.php(19): PhalApi->response()
#8 {main}
2021-03-02 11:44:04|ERROR|Paidprogram.GetApplyStatus|PDOException: Table 'yunbao_com.cmf_paidprogram_apply' doesn't exist in /www/wwwroot/yunbao.com/PhalApi/PhalApi/NotORM/NotORM/Result.php:258
Stack trace:
#0 /www/wwwroot/yunbao.com/PhalApi/PhalApi/NotORM/NotORM/Result.php(811): NotORM_Result->query('SELECT * FROM c...', Array)
#1 /www/wwwroot/yunbao.com/PhalApi/PhalApi/NotORM/NotORM/Result.php(887): NotORM_Result->execute()
#2 /www/wwwroot/yunbao.com/PhalApi/PhalApi/NotORM/NotORM/Result.php(875): NotORM_Result->fetchRow('')
#3 /www/wwwroot/yunbao.com/PhalApi/Appapi/Model/Paidprogram.php(8): NotORM_Result->fetchOne()
#4 /www/wwwroot/yunbao.com/PhalApi/Appapi/Domain/Paidprogram.php(8): Model_Paidprogram->getApplyStatus('109334')
#5 /www/wwwroot/yunbao.com/PhalApi/Appapi/Api/Paidprogram.php(188): Domain_Paidprogram->getApplyStatus('109334')
#6 /www/wwwroot/yunbao.com/PhalApi/PhalApi/PhalApi.php(57): Api_Paidprogram->getApplyStatus()
#7 /www/wwwroot/yunbao.com/public/appapi/index.php(19): PhalApi->response()
#8 {main}
2021-03-02 14:47:13|DEBUG|succeed to upload file to UCloud_Engine_Local|https://www.qingwazb.com/upload///thumb/20210302/06680116332256923.png
2021-03-02 14:53:44|DEBUG|succeed to upload file to UCloud_Engine_Local|https://www.qingwazb.com/upload///thumb/20210302/06680120249028588.png
2021-03-02 15:03:36|DEBUG|succeed to upload file to UCloud_Engine_Local|https://www.qingwazb.com/upload///thumb/20210302/06680126164721526.png
2021-03-02 15:07:13|DEBUG|succeed to upload file to UCloud_Engine_Local|https://www.qingwazb.com/upload///thumb/20210302/06680128339831947.png
2021-03-02 15:17:29|DEBUG|succeed to upload file to UCloud_Engine_Local|https://www.qingwazb.com/upload///thumb/20210302/06680134490883425.png
2021-03-02 15:25:41|DEBUG|succeed to upload file to UCloud_Engine_Local|https://www.qingwazb.com/upload///thumb/20210302/06680139416519816.png
2021-03-02 15:29:35|DEBUG|succeed to upload file to UCloud_Engine_Local|https://www.qingwazb.com/upload///thumb/20210302/06680141753473392.png
2021-03-02 15:33:52|DEBUG|succeed to upload file to UCloud_Engine_Local|https://www.qingwazb.com/upload///thumb/20210302/06680144324979921.png
2021-03-02 15:51:16|DEBUG|succeed to upload file to UCloud_Engine_Local|https://www.qingwazb.com/upload///thumb/20210302/06680154769778662.png
2021-03-02 16:17:33|DEBUG|succeed to upload file to UCloud_Engine_Local|https://www.qingwazb.com/upload///thumb/20210302/06680170533997838.png
2021-03-02 16:21:09|DEBUG|succeed to upload file to UCloud_Engine_Local|https://www.qingwazb.com/upload///thumb/20210302/06680172692963637.png
2021-03-02 16:30:04|DEBUG|succeed to upload file to UCloud_Engine_Local|https://www.qingwazb.com/upload///thumb/20210302/06680178049882420.png
2021-03-02 16:48:13|DEBUG|succeed to upload file to UCloud_Engine_Local|https://www.qingwazb.com/upload///thumb/20210302/06680188939031591.png
2021-03-02 16:54:24|DEBUG|succeed to upload file to UCloud_Engine_Local|https://www.qingwazb.com/upload///thumb/20210302/06680192646286640.png
2021-03-02 17:12:38|DEBUG|succeed to upload file to UCloud_Engine_Local|https://www.qingwazb.com/upload///thumb/20210302/06680203586348958.png
2021-03-02 17:15:25|DEBUG|succeed to upload file to UCloud_Engine_Local|https://www.qingwazb.com/upload///thumb/20210302/06680205254554301.png
2021-03-02 17:54:51|DEBUG|succeed to upload file to UCloud_Engine_Local|https://www.qingwazb.com/upload///thumb/20210302/06680228918581088.png
2021-03-02 18:14:22|DEBUG|succeed to upload file to UCloud_Engine_Local|https://www.qingwazb.com/upload///thumb/20210302/06680240627366399.png
