2021-03-15 13:20:22|ERROR|Login.UserReg|PDOException: Duplicate entry '181164-2' for key '唯一' in /www/wwwroot/yunbao.com/PhalApi/PhalApi/NotORM/NotORM/Result.php:258
Stack trace:
#0 /www/wwwroot/yunbao.com/PhalApi/PhalApi/NotORM/NotORM/Result.php(339): NotORM_Result->query('INSERT INTO cmf...', Array)
#1 /www/wwwroot/yunbao.com/PhalApi/Appapi/Model/Login.php(538): NotORM_Result->insert_multi(Array)
#2 /www/wwwroot/yunbao.com/PhalApi/Appapi/Domain/Login.php(34): Model_Login->userReg('13211111111', '###4bb5e75cde66...', 'pc', '')
#3 /www/wwwroot/yunbao.com/PhalApi/Appapi/Api/Login.php(239): Domain_Login->userReg('13211111111', '###e7131a264757...', 'pc', '')
#4 /www/wwwroot/yunbao.com/PhalApi/PhalApi/PhalApi.php(57): Api_Login->userReg()
#5 /www/wwwroot/yunbao.com/public/appapi/index.php(19): PhalApi->response()
#6 {main}
2021-03-15 13:24:55|ERROR|Login.UserReg|PDOException: Duplicate entry '181165-2' for key '唯一' in /www/wwwroot/yunbao.com/PhalApi/PhalApi/NotORM/NotORM/Result.php:258
Stack trace:
#0 /www/wwwroot/yunbao.com/PhalApi/PhalApi/NotORM/NotORM/Result.php(339): NotORM_Result->query('INSERT INTO cmf...', Array)
#1 /www/wwwroot/yunbao.com/PhalApi/Appapi/Model/Login.php(538): NotORM_Result->insert_multi(Array)
#2 /www/wwwroot/yunbao.com/PhalApi/Appapi/Domain/Login.php(34): Model_Login->userReg('13211111111', '###6d6adaf172f9...', 'pc', '')
#3 /www/wwwroot/yunbao.com/PhalApi/Appapi/Api/Login.php(239): Domain_Login->userReg('13211111111', '###c01a9fd563f1...', 'pc', '')
#4 /www/wwwroot/yunbao.com/PhalApi/PhalApi/PhalApi.php(57): Api_Login->userReg()
#5 /www/wwwroot/yunbao.com/public/appapi/index.php(19): PhalApi->response()
#6 {main}
2021-03-15 13:27:39|ERROR|Login.UserReg|PDOException: Duplicate entry '181166-2' for key '唯一' in /www/wwwroot/yunbao.com/PhalApi/PhalApi/NotORM/NotORM/Result.php:258
Stack trace:
#0 /www/wwwroot/yunbao.com/PhalApi/PhalApi/NotORM/NotORM/Result.php(339): NotORM_Result->query('INSERT INTO cmf...', Array)
#1 /www/wwwroot/yunbao.com/PhalApi/Appapi/Model/Login.php(538): NotORM_Result->insert_multi(Array)
#2 /www/wwwroot/yunbao.com/PhalApi/Appapi/Domain/Login.php(34): Model_Login->userReg('13233333334', '###b83c3ff188fd...', 'pc', '')
#3 /www/wwwroot/yunbao.com/PhalApi/Appapi/Api/Login.php(239): Domain_Login->userReg('13233333334', '###a91250cd4fbc...', 'pc', '')
#4 /www/wwwroot/yunbao.com/PhalApi/PhalApi/PhalApi.php(57): Api_Login->userReg()
#5 /www/wwwroot/yunbao.com/public/appapi/index.php(19): PhalApi->response()
#6 {main}
