2021-03-17 14:54:25|ERROR|Home.ConsumeList|PDOException: You have an error in your SQL syntax; check the manual that corresponds to your MySQL server version for the right syntax to use near 'action in (1,2) GROUP BY uid ORDER BY totalcoin desc limit 0,10' at line 1 in /www/wwwroot/admgl68.te8.tv/PhalApi/PhalApi/NotORM/NotORM/Result.php:258
Stack trace:
#0 /www/wwwroot/admgl68.te8.tv/PhalApi/PhalApi/NotORM/NotORM/Result.php(931): NotORM_Result->query('SELECT sum(tota...', Array)
#1 /www/wwwroot/admgl68.te8.tv/PhalApi/PhalApi/NotORM/NotORM/Result.php(918): NotORM_Result->queryRows('SELECT sum(tota...', Array)
#2 /www/wwwroot/admgl68.te8.tv/PhalApi/Appapi/Model/Home.php(505): NotORM_Result->queryAll('SELECT sum(tota...')
#3 /www/wwwroot/admgl68.te8.tv/PhalApi/Appapi/Domain/Home.php(97): Model_Home->consumeList('1', 'day', '1')
#4 /www/wwwroot/admgl68.te8.tv/PhalApi/Appapi/Api/Home.php(674): Domain_Home->consumeList('1', 'day', '1')
#5 /www/wwwroot/admgl68.te8.tv/PhalApi/PhalApi/PhalApi.php(57): Api_Home->consumeList()
#6 /www/wwwroot/admgl68.te8.tv/public/appapi/index.php(19): PhalApi->response()
#7 {main}
2021-03-17 18:32:56|ERROR|Video.GetClassVideo|PDOException: You have an error in your SQL syntax; check the manual that corresponds to your MySQL server version for the right syntax to use near '%2%) ORDER BY addtime desc LIMIT 0,21' at line 1 in /www/wwwroot/admgl68.te8.tv/PhalApi/PhalApi/NotORM/NotORM/Result.php:258
Stack trace:
#0 /www/wwwroot/admgl68.te8.tv/PhalApi/PhalApi/NotORM/NotORM/Result.php(811): NotORM_Result->query('SELECT * FROM c...', Array)
#1 /www/wwwroot/admgl68.te8.tv/PhalApi/PhalApi/NotORM/NotORM/Result.php(896): NotORM_Result->execute()
#2 /www/wwwroot/admgl68.te8.tv/PhalApi/Appapi/Model/Video.php(852): NotORM_Result->fetchAll()
#3 /www/wwwroot/admgl68.te8.tv/PhalApi/Appapi/Domain/Video.php(200): Model_Video->getClassVideo('2', '181170', '1')
#4 /www/wwwroot/admgl68.te8.tv/PhalApi/Appapi/Api/Video.php(1324): Domain_Video->getClassVideo('2', '181170', '1')
#5 /www/wwwroot/admgl68.te8.tv/PhalApi/PhalApi/PhalApi.php(57): Api_Video->getClassVideo()
#6 /www/wwwroot/admgl68.te8.tv/public/appapi/index.php(19): PhalApi->response()
#7 {main}
2021-03-17 18:33:50|ERROR|Video.GetClassVideo|PDOException: You have an error in your SQL syntax; check the manual that corresponds to your MySQL server version for the right syntax to use near '%3%) ORDER BY addtime desc LIMIT 0,21' at line 1 in /www/wwwroot/admgl68.te8.tv/PhalApi/PhalApi/NotORM/NotORM/Result.php:258
Stack trace:
#0 /www/wwwroot/admgl68.te8.tv/PhalApi/PhalApi/NotORM/NotORM/Result.php(811): NotORM_Result->query('SELECT * FROM c...', Array)
#1 /www/wwwroot/admgl68.te8.tv/PhalApi/PhalApi/NotORM/NotORM/Result.php(896): NotORM_Result->execute()
#2 /www/wwwroot/admgl68.te8.tv/PhalApi/Appapi/Model/Video.php(852): NotORM_Result->fetchAll()
#3 /www/wwwroot/admgl68.te8.tv/PhalApi/Appapi/Domain/Video.php(200): Model_Video->getClassVideo('3', '181170', '1')
#4 /www/wwwroot/admgl68.te8.tv/PhalApi/Appapi/Api/Video.php(1324): Domain_Video->getClassVideo('3', '181170', '1')
#5 /www/wwwroot/admgl68.te8.tv/PhalApi/PhalApi/PhalApi.php(57): Api_Video->getClassVideo()
#6 /www/wwwroot/admgl68.te8.tv/public/appapi/index.php(19): PhalApi->response()
#7 {main}
2021-03-17 18:33:50|ERROR|Video.GetClassVideo|PDOException: You have an error in your SQL syntax; check the manual that corresponds to your MySQL server version for the right syntax to use near '%4%) ORDER BY addtime desc LIMIT 0,21' at line 1 in /www/wwwroot/admgl68.te8.tv/PhalApi/PhalApi/NotORM/NotORM/Result.php:258
Stack trace:
#0 /www/wwwroot/admgl68.te8.tv/PhalApi/PhalApi/NotORM/NotORM/Result.php(811): NotORM_Result->query('SELECT * FROM c...', Array)
#1 /www/wwwroot/admgl68.te8.tv/PhalApi/PhalApi/NotORM/NotORM/Result.php(896): NotORM_Result->execute()
#2 /www/wwwroot/admgl68.te8.tv/PhalApi/Appapi/Model/Video.php(852): NotORM_Result->fetchAll()
#3 /www/wwwroot/admgl68.te8.tv/PhalApi/Appapi/Domain/Video.php(200): Model_Video->getClassVideo('4', '181170', '1')
#4 /www/wwwroot/admgl68.te8.tv/PhalApi/Appapi/Api/Video.php(1324): Domain_Video->getClassVideo('4', '181170', '1')
#5 /www/wwwroot/admgl68.te8.tv/PhalApi/PhalApi/PhalApi.php(57): Api_Video->getClassVideo()
#6 /www/wwwroot/admgl68.te8.tv/public/appapi/index.php(19): PhalApi->response()
#7 {main}
2021-03-17 18:33:51|ERROR|Video.GetClassVideo|PDOException: You have an error in your SQL syntax; check the manual that corresponds to your MySQL server version for the right syntax to use near '%5%) ORDER BY addtime desc LIMIT 0,21' at line 1 in /www/wwwroot/admgl68.te8.tv/PhalApi/PhalApi/NotORM/NotORM/Result.php:258
Stack trace:
#0 /www/wwwroot/admgl68.te8.tv/PhalApi/PhalApi/NotORM/NotORM/Result.php(811): NotORM_Result->query('SELECT * FROM c...', Array)
#1 /www/wwwroot/admgl68.te8.tv/PhalApi/PhalApi/NotORM/NotORM/Result.php(896): NotORM_Result->execute()
#2 /www/wwwroot/admgl68.te8.tv/PhalApi/Appapi/Model/Video.php(852): NotORM_Result->fetchAll()
#3 /www/wwwroot/admgl68.te8.tv/PhalApi/Appapi/Domain/Video.php(200): Model_Video->getClassVideo('5', '181170', '1')
#4 /www/wwwroot/admgl68.te8.tv/PhalApi/Appapi/Api/Video.php(1324): Domain_Video->getClassVideo('5', '181170', '1')
#5 /www/wwwroot/admgl68.te8.tv/PhalApi/PhalApi/PhalApi.php(57): Api_Video->getClassVideo()
#6 /www/wwwroot/admgl68.te8.tv/public/appapi/index.php(19): PhalApi->response()
#7 {main}
2021-03-17 18:33:51|ERROR|Video.GetClassVideo|PDOException: You have an error in your SQL syntax; check the manual that corresponds to your MySQL server version for the right syntax to use near '%6%) ORDER BY addtime desc LIMIT 0,21' at line 1 in /www/wwwroot/admgl68.te8.tv/PhalApi/PhalApi/NotORM/NotORM/Result.php:258
Stack trace:
#0 /www/wwwroot/admgl68.te8.tv/PhalApi/PhalApi/NotORM/NotORM/Result.php(811): NotORM_Result->query('SELECT * FROM c...', Array)
#1 /www/wwwroot/admgl68.te8.tv/PhalApi/PhalApi/NotORM/NotORM/Result.php(896): NotORM_Result->execute()
#2 /www/wwwroot/admgl68.te8.tv/PhalApi/Appapi/Model/Video.php(852): NotORM_Result->fetchAll()
#3 /www/wwwroot/admgl68.te8.tv/PhalApi/Appapi/Domain/Video.php(200): Model_Video->getClassVideo('6', '181170', '1')
#4 /www/wwwroot/admgl68.te8.tv/PhalApi/Appapi/Api/Video.php(1324): Domain_Video->getClassVideo('6', '181170', '1')
#5 /www/wwwroot/admgl68.te8.tv/PhalApi/PhalApi/PhalApi.php(57): Api_Video->getClassVideo()
#6 /www/wwwroot/admgl68.te8.tv/public/appapi/index.php(19): PhalApi->response()
#7 {main}
2021-03-17 18:33:52|ERROR|Video.GetClassVideo|PDOException: You have an error in your SQL syntax; check the manual that corresponds to your MySQL server version for the right syntax to use near '%2%) ORDER BY addtime desc LIMIT 0,21' at line 1 in /www/wwwroot/admgl68.te8.tv/PhalApi/PhalApi/NotORM/NotORM/Result.php:258
Stack trace:
#0 /www/wwwroot/admgl68.te8.tv/PhalApi/PhalApi/NotORM/NotORM/Result.php(811): NotORM_Result->query('SELECT * FROM c...', Array)
#1 /www/wwwroot/admgl68.te8.tv/PhalApi/PhalApi/NotORM/NotORM/Result.php(896): NotORM_Result->execute()
#2 /www/wwwroot/admgl68.te8.tv/PhalApi/Appapi/Model/Video.php(852): NotORM_Result->fetchAll()
#3 /www/wwwroot/admgl68.te8.tv/PhalApi/Appapi/Domain/Video.php(200): Model_Video->getClassVideo('2', '181170', '1')
#4 /www/wwwroot/admgl68.te8.tv/PhalApi/Appapi/Api/Video.php(1324): Domain_Video->getClassVideo('2', '181170', '1')
#5 /www/wwwroot/admgl68.te8.tv/PhalApi/PhalApi/PhalApi.php(57): Api_Video->getClassVideo()
#6 /www/wwwroot/admgl68.te8.tv/public/appapi/index.php(19): PhalApi->response()
#7 {main}
2021-03-17 20:41:55|DEBUG|succeed to upload file to UCloud_Engine_Local|https://cdn.meppag.cn/upload///thumb/20210317/06693289152508174.png
2021-03-17 20:43:48|DEBUG|succeed to upload file to UCloud_Engine_Local|https://cdn.meppag.cn/upload///thumb/20210317/06693290281481546.png
2021-03-17 20:47:33|DEBUG|succeed to upload file to UCloud_Engine_Local|http://cdn.qingxingu916.com/upload///thumb/20210317/06693292535666549.png
