2021-03-03 11:53:47|DEBUG|succeed to upload file to UCloud_Engine_Local|https://www.qingwazb.com/upload///thumb/20210303/06680876273130698.png
2021-03-03 11:55:10|DEBUG|succeed to upload file to UCloud_Engine_Local|https://www.qingwazb.com/upload///thumb/20210303/06680877102840392.png
2021-03-03 13:34:20|DEBUG|succeed to upload file to UCloud_Engine_Local|https://www.qingwazb.com/upload///thumb/20210303/06680936608131515.png
2021-03-03 13:35:22|DEBUG|succeed to upload file to UCloud_Engine_Local|https://www.qingwazb.com/upload///thumb/20210303/06680937228929983.png
2021-03-03 13:37:40|DEBUG|succeed to upload file to UCloud_Engine_Local|https://www.qingwazb.com/upload///thumb/20210303/06680938600572587.png
2021-03-03 13:38:55|DEBUG|succeed to upload file to UCloud_Engine_Local|https://www.qingwazb.com/upload///thumb/20210303/06680939354682130.png
2021-03-03 13:40:21|DEBUG|succeed to upload file to UCloud_Engine_Local|https://www.qingwazb.com/upload///thumb/20210303/06680940219482136.png
2021-03-03 13:41:48|DEBUG|succeed to upload file to UCloud_Engine_Local|https://www.qingwazb.com/upload///thumb/20210303/06680941081614084.png
2021-03-03 13:42:28|DEBUG|succeed to upload file to UCloud_Engine_Local|https://www.qingwazb.com/upload///thumb/20210303/06680941488462214.png
2021-03-03 13:55:58|DEBUG|succeed to upload file to UCloud_Engine_Local|https://www.qingwazb.com/upload///thumb/20210303/06680949588306012.png
2021-03-03 14:04:42|DEBUG|succeed to upload file to UCloud_Engine_Local|https://www.qingwazb.com/upload///thumb/20210303/06680954820441229.png
2021-03-03 14:12:10|DEBUG|succeed to upload file to UCloud_Engine_Local|https://www.qingwazb.com/upload///thumb/20210303/06680959303266902.png
2021-03-03 14:37:11|DEBUG|succeed to upload file to UCloud_Engine_Local|https://www.qingwazb.com/upload///thumb/20210303/06680974318403104.png
2021-03-03 14:37:31|DEBUG|succeed to upload file to UCloud_Engine_Local|https://www.qingwazb.com/upload///thumb/20210303/06680974515907104.png
2021-03-03 16:11:47|DEBUG|succeed to upload file to UCloud_Engine_Local|https://www.qingwazb.com/upload///thumb/20210303/06681031076713949.png
2021-03-03 16:15:47|DEBUG|succeed to upload file to UCloud_Engine_Local|https://www.qingwazb.com/upload///avatar/20210303/06681033478952940.png
2021-03-03 16:18:41|DEBUG|succeed to upload file to UCloud_Engine_Local|https://www.qingwazb.com/upload///thumb/20210303/06681035218080486.png
2021-03-03 16:32:21|DEBUG|succeed to upload file to UCloud_Engine_Local|https://www.qingwazb.com/upload///thumb/20210303/06681043414572500.png
2021-03-03 16:40:02|DEBUG|succeed to upload file to UCloud_Engine_Local|https://www.qingwazb.com/upload///avatar/20210303/06681048027080675.png
2021-03-03 17:02:24|DEBUG|succeed to upload file to UCloud_Engine_Local|https://www.qingwazb.com/upload///thumb/20210303/06681061447996644.png
2021-03-03 17:21:44|ERROR|Login.getCancelCondition|PDOException: Unknown column 'balance' in 'field list' in /www/wwwroot/yunbao.com/PhalApi/PhalApi/NotORM/NotORM/Result.php:258
Stack trace:
#0 /www/wwwroot/yunbao.com/PhalApi/PhalApi/NotORM/NotORM/Result.php(811): NotORM_Result->query('SELECT coin,vot...', Array)
#1 /www/wwwroot/yunbao.com/PhalApi/PhalApi/NotORM/NotORM/Result.php(887): NotORM_Result->execute()
#2 /www/wwwroot/yunbao.com/PhalApi/PhalApi/NotORM/NotORM/Result.php(875): NotORM_Result->fetchRow('')
#3 /www/wwwroot/yunbao.com/PhalApi/Appapi/Model/Login.php(868): NotORM_Result->fetchOne()
#4 /www/wwwroot/yunbao.com/PhalApi/Appapi/Domain/Login.php(86): Model_Login->getCancelCondition('42871')
#5 /www/wwwroot/yunbao.com/PhalApi/Appapi/Api/Login.php(662): Domain_Login->getCancelCondition('42871')
#6 /www/wwwroot/yunbao.com/PhalApi/PhalApi/PhalApi.php(57): Api_Login->getCancelCondition()
#7 /www/wwwroot/yunbao.com/public/appapi/index.php(19): PhalApi->response()
#8 {main}
2021-03-03 17:38:31|DEBUG|succeed to upload file to UCloud_Engine_Local|https://www.qingwazb.com/upload///thumb/20210303/06681083114530998.png
2021-03-03 17:49:49|DEBUG|succeed to upload file to UCloud_Engine_Local|https://www.qingwazb.com/upload///thumb/20210303/06681089896122376.png
2021-03-03 18:01:32|DEBUG|succeed to upload file to UCloud_Engine_Local|https://www.qingwazb.com/upload///thumb/20210303/06681096922002213.png
2021-03-03 19:18:54|DEBUG|succeed to upload file to UCloud_Engine_Local|https://www.qingwazb.com/upload///thumb/20210303/06681143344596307.png
