2021-03-20 00:12:10|ERROR|Live.EnterRoom|RedisException: read error on connection to r-j6crcpxniav4upemlfpd.redis.rds.aliyuncs.com:6379 in /www/wwwroot/admgl68.te8.tv/PhalApi/Common/functions.php:159
Stack trace:
#0 /www/wwwroot/admgl68.te8.tv/PhalApi/Common/functions.php(159): Redis->set('getUserLists_19...', '[{"id":"194301"...')
#1 /www/wwwroot/admgl68.te8.tv/PhalApi/Appapi/Api/Live.php(1653): setcaches('getUserLists_19...', Array, 10)
#2 /www/wwwroot/admgl68.te8.tv/PhalApi/Appapi/Api/Live.php(1374): Api_Live->getUserList(191748, '191748_16161699...')
#3 /www/wwwroot/admgl68.te8.tv/PhalApi/PhalApi/PhalApi.php(57): Api_Live->enterRoom()
#4 /www/wwwroot/admgl68.te8.tv/public/appapi/index.php(19): PhalApi->response()
#5 {main}
2021-03-20 00:19:02|ERROR|Live.GetUserLists|RedisException: read error on connection to r-j6crcpxniav4upemlfpd.redis.rds.aliyuncs.com:6379 in /www/wwwroot/admgl68.te8.tv/PhalApi/Common/functions.php:159
Stack trace:
#0 /www/wwwroot/admgl68.te8.tv/PhalApi/Common/functions.php(159): Redis->set('getUserLists_19...', '[{"id":"194766"...')
#1 /www/wwwroot/admgl68.te8.tv/PhalApi/Appapi/Api/Live.php(1653): setcaches('getUserLists_19...', Array, 10)
#2 /www/wwwroot/admgl68.te8.tv/PhalApi/Appapi/Api/Live.php(1601): Api_Live->getUserList(191761, '191761_16161705...', 1)
#3 /www/wwwroot/admgl68.te8.tv/PhalApi/PhalApi/PhalApi.php(57): Api_Live->getUserLists()
#4 /www/wwwroot/admgl68.te8.tv/public/appapi/index.php(19): PhalApi->response()
#5 {main}
2021-03-20 00:20:29|ERROR|Live.EnterRoom|RedisException: read error on connection to r-j6crcpxniav4upemlfpd.redis.rds.aliyuncs.com:6379 in /www/wwwroot/admgl68.te8.tv/PhalApi/Common/functions.php:159
Stack trace:
#0 /www/wwwroot/admgl68.te8.tv/PhalApi/Common/functions.php(159): Redis->set('getUserLists_19...', '[{"id":"194545"...')
#1 /www/wwwroot/admgl68.te8.tv/PhalApi/Appapi/Api/Live.php(1653): setcaches('getUserLists_19...', Array, 10)
#2 /www/wwwroot/admgl68.te8.tv/PhalApi/Appapi/Api/Live.php(1374): Api_Live->getUserList(191750, '191750_16161702...')
#3 /www/wwwroot/admgl68.te8.tv/PhalApi/PhalApi/PhalApi.php(57): Api_Live->enterRoom()
#4 /www/wwwroot/admgl68.te8.tv/public/appapi/index.php(19): PhalApi->response()
#5 {main}
