2021-03-11 09:09:13|ERROR|Live.zombieSendGift|PDOException: Column 'showid' cannot be null in /www/wwwroot/yunbao.com/PhalApi/PhalApi/NotORM/NotORM/Result.php:258
Stack trace:
#0 /www/wwwroot/yunbao.com/PhalApi/PhalApi/NotORM/NotORM/Result.php(339): NotORM_Result->query('INSERT INTO cmf...', Array)
#1 /www/wwwroot/yunbao.com/PhalApi/PhalApi/NotORM/NotORM/Result.php(356): NotORM_Result->insert_multi(Array)
#2 /www/wwwroot/yunbao.com/PhalApi/Appapi/Model/Live.php(476): NotORM_Result->insert(Array)
#3 /www/wwwroot/yunbao.com/PhalApi/Appapi/Domain/Live.php(155): Model_Live->sendGift(168430, 167022, NULL, 127, 1, NULL)
#4 /www/wwwroot/yunbao.com/PhalApi/Appapi/Api/Live.php(1864): Domain_Live->sendGift(168430, 167022, NULL, 127, 1, NULL)
#5 /www/wwwroot/yunbao.com/PhalApi/PhalApi/PhalApi.php(57): Api_Live->zombieSendGift()
#6 /www/wwwroot/yunbao.com/public/appapi/index.php(19): PhalApi->response()
#7 {main}
2021-03-11 09:40:49|ERROR|Live.zombieSendGift|PDOException: Column 'showid' cannot be null in /www/wwwroot/yunbao.com/PhalApi/PhalApi/NotORM/NotORM/Result.php:258
Stack trace:
#0 /www/wwwroot/yunbao.com/PhalApi/PhalApi/NotORM/NotORM/Result.php(339): NotORM_Result->query('INSERT INTO cmf...', Array)
#1 /www/wwwroot/yunbao.com/PhalApi/PhalApi/NotORM/NotORM/Result.php(356): NotORM_Result->insert_multi(Array)
#2 /www/wwwroot/yunbao.com/PhalApi/Appapi/Model/Live.php(476): NotORM_Result->insert(Array)
#3 /www/wwwroot/yunbao.com/PhalApi/Appapi/Domain/Live.php(155): Model_Live->sendGift(168446, 167910, NULL, 127, 1, NULL)
#4 /www/wwwroot/yunbao.com/PhalApi/Appapi/Api/Live.php(1864): Domain_Live->sendGift(168446, 167910, NULL, 127, 1, NULL)
#5 /www/wwwroot/yunbao.com/PhalApi/PhalApi/PhalApi.php(57): Api_Live->zombieSendGift()
#6 /www/wwwroot/yunbao.com/public/appapi/index.php(19): PhalApi->response()
#7 {main}
2021-03-11 12:06:11|ERROR|Live.zombieSendGift|PDOException: Column 'showid' cannot be null in /www/wwwroot/yunbao.com/PhalApi/PhalApi/NotORM/NotORM/Result.php:258
Stack trace:
#0 /www/wwwroot/yunbao.com/PhalApi/PhalApi/NotORM/NotORM/Result.php(339): NotORM_Result->query('INSERT INTO cmf...', Array)
#1 /www/wwwroot/yunbao.com/PhalApi/PhalApi/NotORM/NotORM/Result.php(356): NotORM_Result->insert_multi(Array)
#2 /www/wwwroot/yunbao.com/PhalApi/Appapi/Model/Live.php(476): NotORM_Result->insert(Array)
#3 /www/wwwroot/yunbao.com/PhalApi/Appapi/Domain/Live.php(155): Model_Live->sendGift(169043, 170917, NULL, 121, 1, NULL)
#4 /www/wwwroot/yunbao.com/PhalApi/Appapi/Api/Live.php(1864): Domain_Live->sendGift(169043, 170917, NULL, 121, 1, NULL)
#5 /www/wwwroot/yunbao.com/PhalApi/PhalApi/PhalApi.php(57): Api_Live->zombieSendGift()
#6 /www/wwwroot/yunbao.com/public/appapi/index.php(19): PhalApi->response()
#7 {main}
2021-03-11 12:15:39|ERROR|Live.zombieSendGift|PDOException: Column 'showid' cannot be null in /www/wwwroot/yunbao.com/PhalApi/PhalApi/NotORM/NotORM/Result.php:258
Stack trace:
#0 /www/wwwroot/yunbao.com/PhalApi/PhalApi/NotORM/NotORM/Result.php(339): NotORM_Result->query('INSERT INTO cmf...', Array)
#1 /www/wwwroot/yunbao.com/PhalApi/PhalApi/NotORM/NotORM/Result.php(356): NotORM_Result->insert_multi(Array)
#2 /www/wwwroot/yunbao.com/PhalApi/Appapi/Model/Live.php(476): NotORM_Result->insert(Array)
#3 /www/wwwroot/yunbao.com/PhalApi/Appapi/Domain/Live.php(155): Model_Live->sendGift(166617, 170907, NULL, 122, 1, NULL)
#4 /www/wwwroot/yunbao.com/PhalApi/Appapi/Api/Live.php(1864): Domain_Live->sendGift(166617, 170907, NULL, 122, 1, NULL)
#5 /www/wwwroot/yunbao.com/PhalApi/PhalApi/PhalApi.php(57): Api_Live->zombieSendGift()
#6 /www/wwwroot/yunbao.com/public/appapi/index.php(19): PhalApi->response()
#7 {main}
2021-03-11 12:18:38|ERROR|Live.zombieSendGift|PDOException: Column 'showid' cannot be null in /www/wwwroot/yunbao.com/PhalApi/PhalApi/NotORM/NotORM/Result.php:258
Stack trace:
#0 /www/wwwroot/yunbao.com/PhalApi/PhalApi/NotORM/NotORM/Result.php(339): NotORM_Result->query('INSERT INTO cmf...', Array)
#1 /www/wwwroot/yunbao.com/PhalApi/PhalApi/NotORM/NotORM/Result.php(356): NotORM_Result->insert_multi(Array)
#2 /www/wwwroot/yunbao.com/PhalApi/Appapi/Model/Live.php(476): NotORM_Result->insert(Array)
#3 /www/wwwroot/yunbao.com/PhalApi/Appapi/Domain/Live.php(155): Model_Live->sendGift(167647, 170907, NULL, 121, 1, NULL)
#4 /www/wwwroot/yunbao.com/PhalApi/Appapi/Api/Live.php(1864): Domain_Live->sendGift(167647, 170907, NULL, 121, 1, NULL)
#5 /www/wwwroot/yunbao.com/PhalApi/PhalApi/PhalApi.php(57): Api_Live->zombieSendGift()
#6 /www/wwwroot/yunbao.com/public/appapi/index.php(19): PhalApi->response()
#7 {main}
2021-03-11 12:22:00|ERROR|Live.zombieSendGift|PDOException: Column 'showid' cannot be null in /www/wwwroot/yunbao.com/PhalApi/PhalApi/NotORM/NotORM/Result.php:258
Stack trace:
#0 /www/wwwroot/yunbao.com/PhalApi/PhalApi/NotORM/NotORM/Result.php(339): NotORM_Result->query('INSERT INTO cmf...', Array)
#1 /www/wwwroot/yunbao.com/PhalApi/PhalApi/NotORM/NotORM/Result.php(356): NotORM_Result->insert_multi(Array)
#2 /www/wwwroot/yunbao.com/PhalApi/Appapi/Model/Live.php(476): NotORM_Result->insert(Array)
#3 /www/wwwroot/yunbao.com/PhalApi/Appapi/Domain/Live.php(155): Model_Live->sendGift(170388, 170907, NULL, 121, 1, NULL)
#4 /www/wwwroot/yunbao.com/PhalApi/Appapi/Api/Live.php(1864): Domain_Live->sendGift(170388, 170907, NULL, 121, 1, NULL)
#5 /www/wwwroot/yunbao.com/PhalApi/PhalApi/PhalApi.php(57): Api_Live->zombieSendGift()
#6 /www/wwwroot/yunbao.com/public/appapi/index.php(19): PhalApi->response()
#7 {main}
2021-03-11 12:22:56|ERROR|Live.zombieSendGift|PDOException: Column 'showid' cannot be null in /www/wwwroot/yunbao.com/PhalApi/PhalApi/NotORM/NotORM/Result.php:258
Stack trace:
#0 /www/wwwroot/yunbao.com/PhalApi/PhalApi/NotORM/NotORM/Result.php(339): NotORM_Result->query('INSERT INTO cmf...', Array)
#1 /www/wwwroot/yunbao.com/PhalApi/PhalApi/NotORM/NotORM/Result.php(356): NotORM_Result->insert_multi(Array)
#2 /www/wwwroot/yunbao.com/PhalApi/Appapi/Model/Live.php(476): NotORM_Result->insert(Array)
#3 /www/wwwroot/yunbao.com/PhalApi/Appapi/Domain/Live.php(155): Model_Live->sendGift(170483, 170907, NULL, 122, 1, NULL)
#4 /www/wwwroot/yunbao.com/PhalApi/Appapi/Api/Live.php(1864): Domain_Live->sendGift(170483, 170907, NULL, 122, 1, NULL)
#5 /www/wwwroot/yunbao.com/PhalApi/PhalApi/PhalApi.php(57): Api_Live->zombieSendGift()
#6 /www/wwwroot/yunbao.com/public/appapi/index.php(19): PhalApi->response()
#7 {main}
2021-03-11 12:28:03|ERROR|Live.zombieSendGift|PDOException: Column 'showid' cannot be null in /www/wwwroot/yunbao.com/PhalApi/PhalApi/NotORM/NotORM/Result.php:258
Stack trace:
#0 /www/wwwroot/yunbao.com/PhalApi/PhalApi/NotORM/NotORM/Result.php(339): NotORM_Result->query('INSERT INTO cmf...', Array)
#1 /www/wwwroot/yunbao.com/PhalApi/PhalApi/NotORM/NotORM/Result.php(356): NotORM_Result->insert_multi(Array)
#2 /www/wwwroot/yunbao.com/PhalApi/Appapi/Model/Live.php(476): NotORM_Result->insert(Array)
#3 /www/wwwroot/yunbao.com/PhalApi/Appapi/Domain/Live.php(155): Model_Live->sendGift(168714, 170907, NULL, 121, 1, NULL)
#4 /www/wwwroot/yunbao.com/PhalApi/Appapi/Api/Live.php(1864): Domain_Live->sendGift(168714, 170907, NULL, 121, 1, NULL)
#5 /www/wwwroot/yunbao.com/PhalApi/PhalApi/PhalApi.php(57): Api_Live->zombieSendGift()
#6 /www/wwwroot/yunbao.com/public/appapi/index.php(19): PhalApi->response()
#7 {main}
2021-03-11 12:29:09|ERROR|Live.zombieSendGift|PDOException: Column 'showid' cannot be null in /www/wwwroot/yunbao.com/PhalApi/PhalApi/NotORM/NotORM/Result.php:258
Stack trace:
#0 /www/wwwroot/yunbao.com/PhalApi/PhalApi/NotORM/NotORM/Result.php(339): NotORM_Result->query('INSERT INTO cmf...', Array)
#1 /www/wwwroot/yunbao.com/PhalApi/PhalApi/NotORM/NotORM/Result.php(356): NotORM_Result->insert_multi(Array)
#2 /www/wwwroot/yunbao.com/PhalApi/Appapi/Model/Live.php(476): NotORM_Result->insert(Array)
#3 /www/wwwroot/yunbao.com/PhalApi/Appapi/Domain/Live.php(155): Model_Live->sendGift(170638, 170907, NULL, 127, 1, NULL)
#4 /www/wwwroot/yunbao.com/PhalApi/Appapi/Api/Live.php(1864): Domain_Live->sendGift(170638, 170907, NULL, 127, 1, NULL)
#5 /www/wwwroot/yunbao.com/PhalApi/PhalApi/PhalApi.php(57): Api_Live->zombieSendGift()
#6 /www/wwwroot/yunbao.com/public/appapi/index.php(19): PhalApi->response()
#7 {main}
2021-03-11 12:32:10|ERROR|Live.zombieSendGift|PDOException: Column 'showid' cannot be null in /www/wwwroot/yunbao.com/PhalApi/PhalApi/NotORM/NotORM/Result.php:258
Stack trace:
#0 /www/wwwroot/yunbao.com/PhalApi/PhalApi/NotORM/NotORM/Result.php(339): NotORM_Result->query('INSERT INTO cmf...', Array)
#1 /www/wwwroot/yunbao.com/PhalApi/PhalApi/NotORM/NotORM/Result.php(356): NotORM_Result->insert_multi(Array)
#2 /www/wwwroot/yunbao.com/PhalApi/Appapi/Model/Live.php(476): NotORM_Result->insert(Array)
#3 /www/wwwroot/yunbao.com/PhalApi/Appapi/Domain/Live.php(155): Model_Live->sendGift(170074, 170907, NULL, 122, 1, NULL)
#4 /www/wwwroot/yunbao.com/PhalApi/Appapi/Api/Live.php(1864): Domain_Live->sendGift(170074, 170907, NULL, 122, 1, NULL)
#5 /www/wwwroot/yunbao.com/PhalApi/PhalApi/PhalApi.php(57): Api_Live->zombieSendGift()
#6 /www/wwwroot/yunbao.com/public/appapi/index.php(19): PhalApi->response()
#7 {main}
2021-03-11 12:32:57|ERROR|Live.zombieSendGift|PDOException: Column 'showid' cannot be null in /www/wwwroot/yunbao.com/PhalApi/PhalApi/NotORM/NotORM/Result.php:258
Stack trace:
#0 /www/wwwroot/yunbao.com/PhalApi/PhalApi/NotORM/NotORM/Result.php(339): NotORM_Result->query('INSERT INTO cmf...', Array)
#1 /www/wwwroot/yunbao.com/PhalApi/PhalApi/NotORM/NotORM/Result.php(356): NotORM_Result->insert_multi(Array)
#2 /www/wwwroot/yunbao.com/PhalApi/Appapi/Model/Live.php(476): NotORM_Result->insert(Array)
#3 /www/wwwroot/yunbao.com/PhalApi/Appapi/Domain/Live.php(155): Model_Live->sendGift(166966, 170907, NULL, 127, 1, NULL)
#4 /www/wwwroot/yunbao.com/PhalApi/Appapi/Api/Live.php(1864): Domain_Live->sendGift(166966, 170907, NULL, 127, 1, NULL)
#5 /www/wwwroot/yunbao.com/PhalApi/PhalApi/PhalApi.php(57): Api_Live->zombieSendGift()
#6 /www/wwwroot/yunbao.com/public/appapi/index.php(19): PhalApi->response()
#7 {main}
2021-03-11 12:33:13|ERROR|Live.zombieSendGift|PDOException: Column 'showid' cannot be null in /www/wwwroot/yunbao.com/PhalApi/PhalApi/NotORM/NotORM/Result.php:258
Stack trace:
#0 /www/wwwroot/yunbao.com/PhalApi/PhalApi/NotORM/NotORM/Result.php(339): NotORM_Result->query('INSERT INTO cmf...', Array)
#1 /www/wwwroot/yunbao.com/PhalApi/PhalApi/NotORM/NotORM/Result.php(356): NotORM_Result->insert_multi(Array)
#2 /www/wwwroot/yunbao.com/PhalApi/Appapi/Model/Live.php(476): NotORM_Result->insert(Array)
#3 /www/wwwroot/yunbao.com/PhalApi/Appapi/Domain/Live.php(155): Model_Live->sendGift(170264, 170907, NULL, 122, 1, NULL)
#4 /www/wwwroot/yunbao.com/PhalApi/Appapi/Api/Live.php(1864): Domain_Live->sendGift(170264, 170907, NULL, 122, 1, NULL)
#5 /www/wwwroot/yunbao.com/PhalApi/PhalApi/PhalApi.php(57): Api_Live->zombieSendGift()
#6 /www/wwwroot/yunbao.com/public/appapi/index.php(19): PhalApi->response()
#7 {main}
2021-03-11 12:39:13|ERROR|Live.zombieSendGift|PDOException: Column 'showid' cannot be null in /www/wwwroot/yunbao.com/PhalApi/PhalApi/NotORM/NotORM/Result.php:258
Stack trace:
#0 /www/wwwroot/yunbao.com/PhalApi/PhalApi/NotORM/NotORM/Result.php(339): NotORM_Result->query('INSERT INTO cmf...', Array)
#1 /www/wwwroot/yunbao.com/PhalApi/PhalApi/NotORM/NotORM/Result.php(356): NotORM_Result->insert_multi(Array)
#2 /www/wwwroot/yunbao.com/PhalApi/Appapi/Model/Live.php(476): NotORM_Result->insert(Array)
#3 /www/wwwroot/yunbao.com/PhalApi/Appapi/Domain/Live.php(155): Model_Live->sendGift(166755, 170907, NULL, 122, 1, NULL)
#4 /www/wwwroot/yunbao.com/PhalApi/Appapi/Api/Live.php(1864): Domain_Live->sendGift(166755, 170907, NULL, 122, 1, NULL)
#5 /www/wwwroot/yunbao.com/PhalApi/PhalApi/PhalApi.php(57): Api_Live->zombieSendGift()
#6 /www/wwwroot/yunbao.com/public/appapi/index.php(19): PhalApi->response()
#7 {main}
2021-03-11 12:39:35|ERROR|Live.zombieSendGift|PDOException: Column 'showid' cannot be null in /www/wwwroot/yunbao.com/PhalApi/PhalApi/NotORM/NotORM/Result.php:258
Stack trace:
#0 /www/wwwroot/yunbao.com/PhalApi/PhalApi/NotORM/NotORM/Result.php(339): NotORM_Result->query('INSERT INTO cmf...', Array)
#1 /www/wwwroot/yunbao.com/PhalApi/PhalApi/NotORM/NotORM/Result.php(356): NotORM_Result->insert_multi(Array)
#2 /www/wwwroot/yunbao.com/PhalApi/Appapi/Model/Live.php(476): NotORM_Result->insert(Array)
#3 /www/wwwroot/yunbao.com/PhalApi/Appapi/Domain/Live.php(155): Model_Live->sendGift(167070, 170907, NULL, 127, 1, NULL)
#4 /www/wwwroot/yunbao.com/PhalApi/Appapi/Api/Live.php(1864): Domain_Live->sendGift(167070, 170907, NULL, 127, 1, NULL)
#5 /www/wwwroot/yunbao.com/PhalApi/PhalApi/PhalApi.php(57): Api_Live->zombieSendGift()
#6 /www/wwwroot/yunbao.com/public/appapi/index.php(19): PhalApi->response()
#7 {main}
2021-03-11 12:39:41|ERROR|Live.zombieSendGift|PDOException: Column 'showid' cannot be null in /www/wwwroot/yunbao.com/PhalApi/PhalApi/NotORM/NotORM/Result.php:258
Stack trace:
#0 /www/wwwroot/yunbao.com/PhalApi/PhalApi/NotORM/NotORM/Result.php(339): NotORM_Result->query('INSERT INTO cmf...', Array)
#1 /www/wwwroot/yunbao.com/PhalApi/PhalApi/NotORM/NotORM/Result.php(356): NotORM_Result->insert_multi(Array)
#2 /www/wwwroot/yunbao.com/PhalApi/Appapi/Model/Live.php(476): NotORM_Result->insert(Array)
#3 /www/wwwroot/yunbao.com/PhalApi/Appapi/Domain/Live.php(155): Model_Live->sendGift(166328, 170907, NULL, 122, 1, NULL)
#4 /www/wwwroot/yunbao.com/PhalApi/Appapi/Api/Live.php(1864): Domain_Live->sendGift(166328, 170907, NULL, 122, 1, NULL)
#5 /www/wwwroot/yunbao.com/PhalApi/PhalApi/PhalApi.php(57): Api_Live->zombieSendGift()
#6 /www/wwwroot/yunbao.com/public/appapi/index.php(19): PhalApi->response()
#7 {main}
2021-03-11 12:42:40|ERROR|Live.zombieSendGift|PDOException: Column 'showid' cannot be null in /www/wwwroot/yunbao.com/PhalApi/PhalApi/NotORM/NotORM/Result.php:258
Stack trace:
#0 /www/wwwroot/yunbao.com/PhalApi/PhalApi/NotORM/NotORM/Result.php(339): NotORM_Result->query('INSERT INTO cmf...', Array)
#1 /www/wwwroot/yunbao.com/PhalApi/PhalApi/NotORM/NotORM/Result.php(356): NotORM_Result->insert_multi(Array)
#2 /www/wwwroot/yunbao.com/PhalApi/Appapi/Model/Live.php(476): NotORM_Result->insert(Array)
#3 /www/wwwroot/yunbao.com/PhalApi/Appapi/Domain/Live.php(155): Model_Live->sendGift(170786, 170907, NULL, 122, 1, NULL)
#4 /www/wwwroot/yunbao.com/PhalApi/Appapi/Api/Live.php(1864): Domain_Live->sendGift(170786, 170907, NULL, 122, 1, NULL)
#5 /www/wwwroot/yunbao.com/PhalApi/PhalApi/PhalApi.php(57): Api_Live->zombieSendGift()
#6 /www/wwwroot/yunbao.com/public/appapi/index.php(19): PhalApi->response()
#7 {main}
2021-03-11 12:43:21|ERROR|Live.zombieSendGift|PDOException: Column 'showid' cannot be null in /www/wwwroot/yunbao.com/PhalApi/PhalApi/NotORM/NotORM/Result.php:258
Stack trace:
#0 /www/wwwroot/yunbao.com/PhalApi/PhalApi/NotORM/NotORM/Result.php(339): NotORM_Result->query('INSERT INTO cmf...', Array)
#1 /www/wwwroot/yunbao.com/PhalApi/PhalApi/NotORM/NotORM/Result.php(356): NotORM_Result->insert_multi(Array)
#2 /www/wwwroot/yunbao.com/PhalApi/Appapi/Model/Live.php(476): NotORM_Result->insert(Array)
#3 /www/wwwroot/yunbao.com/PhalApi/Appapi/Domain/Live.php(155): Model_Live->sendGift(166146, 170907, NULL, 127, 1, NULL)
#4 /www/wwwroot/yunbao.com/PhalApi/Appapi/Api/Live.php(1864): Domain_Live->sendGift(166146, 170907, NULL, 127, 1, NULL)
#5 /www/wwwroot/yunbao.com/PhalApi/PhalApi/PhalApi.php(57): Api_Live->zombieSendGift()
#6 /www/wwwroot/yunbao.com/public/appapi/index.php(19): PhalApi->response()
#7 {main}
2021-03-11 12:47:39|ERROR|Live.zombieSendGift|PDOException: Column 'showid' cannot be null in /www/wwwroot/yunbao.com/PhalApi/PhalApi/NotORM/NotORM/Result.php:258
Stack trace:
#0 /www/wwwroot/yunbao.com/PhalApi/PhalApi/NotORM/NotORM/Result.php(339): NotORM_Result->query('INSERT INTO cmf...', Array)
#1 /www/wwwroot/yunbao.com/PhalApi/PhalApi/NotORM/NotORM/Result.php(356): NotORM_Result->insert_multi(Array)
#2 /www/wwwroot/yunbao.com/PhalApi/Appapi/Model/Live.php(476): NotORM_Result->insert(Array)
#3 /www/wwwroot/yunbao.com/PhalApi/Appapi/Domain/Live.php(155): Model_Live->sendGift(168854, 170907, NULL, 122, 1, NULL)
#4 /www/wwwroot/yunbao.com/PhalApi/Appapi/Api/Live.php(1864): Domain_Live->sendGift(168854, 170907, NULL, 122, 1, NULL)
#5 /www/wwwroot/yunbao.com/PhalApi/PhalApi/PhalApi.php(57): Api_Live->zombieSendGift()
#6 /www/wwwroot/yunbao.com/public/appapi/index.php(19): PhalApi->response()
#7 {main}
2021-03-11 12:47:56|ERROR|Live.zombieSendGift|PDOException: Column 'showid' cannot be null in /www/wwwroot/yunbao.com/PhalApi/PhalApi/NotORM/NotORM/Result.php:258
Stack trace:
#0 /www/wwwroot/yunbao.com/PhalApi/PhalApi/NotORM/NotORM/Result.php(339): NotORM_Result->query('INSERT INTO cmf...', Array)
#1 /www/wwwroot/yunbao.com/PhalApi/PhalApi/NotORM/NotORM/Result.php(356): NotORM_Result->insert_multi(Array)
#2 /www/wwwroot/yunbao.com/PhalApi/Appapi/Model/Live.php(476): NotORM_Result->insert(Array)
#3 /www/wwwroot/yunbao.com/PhalApi/Appapi/Domain/Live.php(155): Model_Live->sendGift(167565, 170907, NULL, 122, 1, NULL)
#4 /www/wwwroot/yunbao.com/PhalApi/Appapi/Api/Live.php(1864): Domain_Live->sendGift(167565, 170907, NULL, 122, 1, NULL)
#5 /www/wwwroot/yunbao.com/PhalApi/PhalApi/PhalApi.php(57): Api_Live->zombieSendGift()
#6 /www/wwwroot/yunbao.com/public/appapi/index.php(19): PhalApi->response()
#7 {main}
2021-03-11 12:53:19|ERROR|Live.zombieSendGift|PDOException: Column 'showid' cannot be null in /www/wwwroot/yunbao.com/PhalApi/PhalApi/NotORM/NotORM/Result.php:258
Stack trace:
#0 /www/wwwroot/yunbao.com/PhalApi/PhalApi/NotORM/NotORM/Result.php(339): NotORM_Result->query('INSERT INTO cmf...', Array)
#1 /www/wwwroot/yunbao.com/PhalApi/PhalApi/NotORM/NotORM/Result.php(356): NotORM_Result->insert_multi(Array)
#2 /www/wwwroot/yunbao.com/PhalApi/Appapi/Model/Live.php(476): NotORM_Result->insert(Array)
#3 /www/wwwroot/yunbao.com/PhalApi/Appapi/Domain/Live.php(155): Model_Live->sendGift(165938, 170907, NULL, 121, 1, NULL)
#4 /www/wwwroot/yunbao.com/PhalApi/Appapi/Api/Live.php(1864): Domain_Live->sendGift(165938, 170907, NULL, 121, 1, NULL)
#5 /www/wwwroot/yunbao.com/PhalApi/PhalApi/PhalApi.php(57): Api_Live->zombieSendGift()
#6 /www/wwwroot/yunbao.com/public/appapi/index.php(19): PhalApi->response()
#7 {main}
2021-03-11 12:55:06|ERROR|Live.zombieSendGift|PDOException: Column 'showid' cannot be null in /www/wwwroot/yunbao.com/PhalApi/PhalApi/NotORM/NotORM/Result.php:258
Stack trace:
#0 /www/wwwroot/yunbao.com/PhalApi/PhalApi/NotORM/NotORM/Result.php(339): NotORM_Result->query('INSERT INTO cmf...', Array)
#1 /www/wwwroot/yunbao.com/PhalApi/PhalApi/NotORM/NotORM/Result.php(356): NotORM_Result->insert_multi(Array)
#2 /www/wwwroot/yunbao.com/PhalApi/Appapi/Model/Live.php(476): NotORM_Result->insert(Array)
#3 /www/wwwroot/yunbao.com/PhalApi/Appapi/Domain/Live.php(155): Model_Live->sendGift(166162, 170907, NULL, 127, 1, NULL)
#4 /www/wwwroot/yunbao.com/PhalApi/Appapi/Api/Live.php(1864): Domain_Live->sendGift(166162, 170907, NULL, 127, 1, NULL)
#5 /www/wwwroot/yunbao.com/PhalApi/PhalApi/PhalApi.php(57): Api_Live->zombieSendGift()
#6 /www/wwwroot/yunbao.com/public/appapi/index.php(19): PhalApi->response()
#7 {main}
2021-03-11 13:24:43|ERROR|Live.zombieSendGift|PDOException: Column 'showid' cannot be null in /www/wwwroot/yunbao.com/PhalApi/PhalApi/NotORM/NotORM/Result.php:258
Stack trace:
#0 /www/wwwroot/yunbao.com/PhalApi/PhalApi/NotORM/NotORM/Result.php(339): NotORM_Result->query('INSERT INTO cmf...', Array)
#1 /www/wwwroot/yunbao.com/PhalApi/PhalApi/NotORM/NotORM/Result.php(356): NotORM_Result->insert_multi(Array)
#2 /www/wwwroot/yunbao.com/PhalApi/Appapi/Model/Live.php(476): NotORM_Result->insert(Array)
#3 /www/wwwroot/yunbao.com/PhalApi/Appapi/Domain/Live.php(155): Model_Live->sendGift(170595, 165977, NULL, 121, 1, NULL)
#4 /www/wwwroot/yunbao.com/PhalApi/Appapi/Api/Live.php(1864): Domain_Live->sendGift(170595, 165977, NULL, 121, 1, NULL)
#5 /www/wwwroot/yunbao.com/PhalApi/PhalApi/PhalApi.php(57): Api_Live->zombieSendGift()
#6 /www/wwwroot/yunbao.com/public/appapi/index.php(19): PhalApi->response()
#7 {main}
2021-03-11 13:24:52|ERROR|Live.zombieSendGift|PDOException: Column 'showid' cannot be null in /www/wwwroot/yunbao.com/PhalApi/PhalApi/NotORM/NotORM/Result.php:258
Stack trace:
#0 /www/wwwroot/yunbao.com/PhalApi/PhalApi/NotORM/NotORM/Result.php(339): NotORM_Result->query('INSERT INTO cmf...', Array)
#1 /www/wwwroot/yunbao.com/PhalApi/PhalApi/NotORM/NotORM/Result.php(356): NotORM_Result->insert_multi(Array)
#2 /www/wwwroot/yunbao.com/PhalApi/Appapi/Model/Live.php(476): NotORM_Result->insert(Array)
#3 /www/wwwroot/yunbao.com/PhalApi/Appapi/Domain/Live.php(155): Model_Live->sendGift(169241, 165977, NULL, 122, 1, NULL)
#4 /www/wwwroot/yunbao.com/PhalApi/Appapi/Api/Live.php(1864): Domain_Live->sendGift(169241, 165977, NULL, 122, 1, NULL)
#5 /www/wwwroot/yunbao.com/PhalApi/PhalApi/PhalApi.php(57): Api_Live->zombieSendGift()
#6 /www/wwwroot/yunbao.com/public/appapi/index.php(19): PhalApi->response()
#7 {main}
2021-03-11 13:25:34|ERROR|Live.zombieSendGift|PDOException: Column 'showid' cannot be null in /www/wwwroot/yunbao.com/PhalApi/PhalApi/NotORM/NotORM/Result.php:258
Stack trace:
#0 /www/wwwroot/yunbao.com/PhalApi/PhalApi/NotORM/NotORM/Result.php(339): NotORM_Result->query('INSERT INTO cmf...', Array)
#1 /www/wwwroot/yunbao.com/PhalApi/PhalApi/NotORM/NotORM/Result.php(356): NotORM_Result->insert_multi(Array)
#2 /www/wwwroot/yunbao.com/PhalApi/Appapi/Model/Live.php(476): NotORM_Result->insert(Array)
#3 /www/wwwroot/yunbao.com/PhalApi/Appapi/Domain/Live.php(155): Model_Live->sendGift(169170, 165977, NULL, 127, 1, NULL)
#4 /www/wwwroot/yunbao.com/PhalApi/Appapi/Api/Live.php(1864): Domain_Live->sendGift(169170, 165977, NULL, 127, 1, NULL)
#5 /www/wwwroot/yunbao.com/PhalApi/PhalApi/PhalApi.php(57): Api_Live->zombieSendGift()
#6 /www/wwwroot/yunbao.com/public/appapi/index.php(19): PhalApi->response()
#7 {main}
2021-03-11 13:31:39|ERROR|Live.zombieSendGift|PDOException: Column 'showid' cannot be null in /www/wwwroot/yunbao.com/PhalApi/PhalApi/NotORM/NotORM/Result.php:258
Stack trace:
#0 /www/wwwroot/yunbao.com/PhalApi/PhalApi/NotORM/NotORM/Result.php(339): NotORM_Result->query('INSERT INTO cmf...', Array)
#1 /www/wwwroot/yunbao.com/PhalApi/PhalApi/NotORM/NotORM/Result.php(356): NotORM_Result->insert_multi(Array)
#2 /www/wwwroot/yunbao.com/PhalApi/Appapi/Model/Live.php(476): NotORM_Result->insert(Array)
#3 /www/wwwroot/yunbao.com/PhalApi/Appapi/Domain/Live.php(155): Model_Live->sendGift(169643, 165977, NULL, 127, 1, NULL)
#4 /www/wwwroot/yunbao.com/PhalApi/Appapi/Api/Live.php(1864): Domain_Live->sendGift(169643, 165977, NULL, 127, 1, NULL)
#5 /www/wwwroot/yunbao.com/PhalApi/PhalApi/PhalApi.php(57): Api_Live->zombieSendGift()
#6 /www/wwwroot/yunbao.com/public/appapi/index.php(19): PhalApi->response()
#7 {main}
2021-03-11 13:35:59|ERROR|Live.zombieSendGift|PDOException: Column 'showid' cannot be null in /www/wwwroot/yunbao.com/PhalApi/PhalApi/NotORM/NotORM/Result.php:258
Stack trace:
#0 /www/wwwroot/yunbao.com/PhalApi/PhalApi/NotORM/NotORM/Result.php(339): NotORM_Result->query('INSERT INTO cmf...', Array)
#1 /www/wwwroot/yunbao.com/PhalApi/PhalApi/NotORM/NotORM/Result.php(356): NotORM_Result->insert_multi(Array)
#2 /www/wwwroot/yunbao.com/PhalApi/Appapi/Model/Live.php(476): NotORM_Result->insert(Array)
#3 /www/wwwroot/yunbao.com/PhalApi/Appapi/Domain/Live.php(155): Model_Live->sendGift(170464, 165978, NULL, 121, 1, NULL)
#4 /www/wwwroot/yunbao.com/PhalApi/Appapi/Api/Live.php(1864): Domain_Live->sendGift(170464, 165978, NULL, 121, 1, NULL)
#5 /www/wwwroot/yunbao.com/PhalApi/PhalApi/PhalApi.php(57): Api_Live->zombieSendGift()
#6 /www/wwwroot/yunbao.com/public/appapi/index.php(19): PhalApi->response()
#7 {main}
2021-03-11 13:36:07|ERROR|Live.zombieSendGift|PDOException: Column 'showid' cannot be null in /www/wwwroot/yunbao.com/PhalApi/PhalApi/NotORM/NotORM/Result.php:258
Stack trace:
#0 /www/wwwroot/yunbao.com/PhalApi/PhalApi/NotORM/NotORM/Result.php(339): NotORM_Result->query('INSERT INTO cmf...', Array)
#1 /www/wwwroot/yunbao.com/PhalApi/PhalApi/NotORM/NotORM/Result.php(356): NotORM_Result->insert_multi(Array)
#2 /www/wwwroot/yunbao.com/PhalApi/Appapi/Model/Live.php(476): NotORM_Result->insert(Array)
#3 /www/wwwroot/yunbao.com/PhalApi/Appapi/Domain/Live.php(155): Model_Live->sendGift(170804, 165978, NULL, 121, 1, NULL)
#4 /www/wwwroot/yunbao.com/PhalApi/Appapi/Api/Live.php(1864): Domain_Live->sendGift(170804, 165978, NULL, 121, 1, NULL)
#5 /www/wwwroot/yunbao.com/PhalApi/PhalApi/PhalApi.php(57): Api_Live->zombieSendGift()
#6 /www/wwwroot/yunbao.com/public/appapi/index.php(19): PhalApi->response()
#7 {main}
2021-03-11 13:38:59|ERROR|Live.zombieSendGift|PDOException: Column 'showid' cannot be null in /www/wwwroot/yunbao.com/PhalApi/PhalApi/NotORM/NotORM/Result.php:258
Stack trace:
#0 /www/wwwroot/yunbao.com/PhalApi/PhalApi/NotORM/NotORM/Result.php(339): NotORM_Result->query('INSERT INTO cmf...', Array)
#1 /www/wwwroot/yunbao.com/PhalApi/PhalApi/NotORM/NotORM/Result.php(356): NotORM_Result->insert_multi(Array)
#2 /www/wwwroot/yunbao.com/PhalApi/Appapi/Model/Live.php(476): NotORM_Result->insert(Array)
#3 /www/wwwroot/yunbao.com/PhalApi/Appapi/Domain/Live.php(155): Model_Live->sendGift(170006, 165978, NULL, 122, 1, NULL)
#4 /www/wwwroot/yunbao.com/PhalApi/Appapi/Api/Live.php(1864): Domain_Live->sendGift(170006, 165978, NULL, 122, 1, NULL)
#5 /www/wwwroot/yunbao.com/PhalApi/PhalApi/PhalApi.php(57): Api_Live->zombieSendGift()
#6 /www/wwwroot/yunbao.com/public/appapi/index.php(19): PhalApi->response()
#7 {main}
2021-03-11 13:49:12|ERROR|Live.zombieSendGift|PDOException: Column 'showid' cannot be null in /www/wwwroot/yunbao.com/PhalApi/PhalApi/NotORM/NotORM/Result.php:258
Stack trace:
#0 /www/wwwroot/yunbao.com/PhalApi/PhalApi/NotORM/NotORM/Result.php(339): NotORM_Result->query('INSERT INTO cmf...', Array)
#1 /www/wwwroot/yunbao.com/PhalApi/PhalApi/NotORM/NotORM/Result.php(356): NotORM_Result->insert_multi(Array)
#2 /www/wwwroot/yunbao.com/PhalApi/Appapi/Model/Live.php(476): NotORM_Result->insert(Array)
#3 /www/wwwroot/yunbao.com/PhalApi/Appapi/Domain/Live.php(155): Model_Live->sendGift(169697, 165977, NULL, 121, 1, NULL)
#4 /www/wwwroot/yunbao.com/PhalApi/Appapi/Api/Live.php(1864): Domain_Live->sendGift(169697, 165977, NULL, 121, 1, NULL)
#5 /www/wwwroot/yunbao.com/PhalApi/PhalApi/PhalApi.php(57): Api_Live->zombieSendGift()
#6 /www/wwwroot/yunbao.com/public/appapi/index.php(19): PhalApi->response()
#7 {main}
2021-03-11 13:50:19|ERROR|Live.zombieSendGift|PDOException: Column 'showid' cannot be null in /www/wwwroot/yunbao.com/PhalApi/PhalApi/NotORM/NotORM/Result.php:258
Stack trace:
#0 /www/wwwroot/yunbao.com/PhalApi/PhalApi/NotORM/NotORM/Result.php(339): NotORM_Result->query('INSERT INTO cmf...', Array)
#1 /www/wwwroot/yunbao.com/PhalApi/PhalApi/NotORM/NotORM/Result.php(356): NotORM_Result->insert_multi(Array)
#2 /www/wwwroot/yunbao.com/PhalApi/Appapi/Model/Live.php(476): NotORM_Result->insert(Array)
#3 /www/wwwroot/yunbao.com/PhalApi/Appapi/Domain/Live.php(155): Model_Live->sendGift(169323, 165977, NULL, 127, 1, NULL)
#4 /www/wwwroot/yunbao.com/PhalApi/Appapi/Api/Live.php(1864): Domain_Live->sendGift(169323, 165977, NULL, 127, 1, NULL)
#5 /www/wwwroot/yunbao.com/PhalApi/PhalApi/PhalApi.php(57): Api_Live->zombieSendGift()
#6 /www/wwwroot/yunbao.com/public/appapi/index.php(19): PhalApi->response()
#7 {main}
2021-03-11 14:19:27|ERROR|Live.zombieSendGift|PDOException: Column 'showid' cannot be null in /www/wwwroot/yunbao.com/PhalApi/PhalApi/NotORM/NotORM/Result.php:258
Stack trace:
#0 /www/wwwroot/yunbao.com/PhalApi/PhalApi/NotORM/NotORM/Result.php(339): NotORM_Result->query('INSERT INTO cmf...', Array)
#1 /www/wwwroot/yunbao.com/PhalApi/PhalApi/NotORM/NotORM/Result.php(356): NotORM_Result->insert_multi(Array)
#2 /www/wwwroot/yunbao.com/PhalApi/Appapi/Model/Live.php(476): NotORM_Result->insert(Array)
#3 /www/wwwroot/yunbao.com/PhalApi/Appapi/Domain/Live.php(155): Model_Live->sendGift(166642, 170915, NULL, 127, 1, NULL)
#4 /www/wwwroot/yunbao.com/PhalApi/Appapi/Api/Live.php(1864): Domain_Live->sendGift(166642, 170915, NULL, 127, 1, NULL)
#5 /www/wwwroot/yunbao.com/PhalApi/PhalApi/PhalApi.php(57): Api_Live->zombieSendGift()
#6 /www/wwwroot/yunbao.com/public/appapi/index.php(19): PhalApi->response()
#7 {main}
2021-03-11 14:27:10|ERROR|Live.zombieSendGift|PDOException: Column 'showid' cannot be null in /www/wwwroot/yunbao.com/PhalApi/PhalApi/NotORM/NotORM/Result.php:258
Stack trace:
#0 /www/wwwroot/yunbao.com/PhalApi/PhalApi/NotORM/NotORM/Result.php(339): NotORM_Result->query('INSERT INTO cmf...', Array)
#1 /www/wwwroot/yunbao.com/PhalApi/PhalApi/NotORM/NotORM/Result.php(356): NotORM_Result->insert_multi(Array)
#2 /www/wwwroot/yunbao.com/PhalApi/Appapi/Model/Live.php(476): NotORM_Result->insert(Array)
#3 /www/wwwroot/yunbao.com/PhalApi/Appapi/Domain/Live.php(155): Model_Live->sendGift(168569, 170885, NULL, 122, 1, NULL)
#4 /www/wwwroot/yunbao.com/PhalApi/Appapi/Api/Live.php(1864): Domain_Live->sendGift(168569, 170885, NULL, 122, 1, NULL)
#5 /www/wwwroot/yunbao.com/PhalApi/PhalApi/PhalApi.php(57): Api_Live->zombieSendGift()
#6 /www/wwwroot/yunbao.com/public/appapi/index.php(19): PhalApi->response()
#7 {main}
2021-03-11 14:29:04|ERROR|Live.zombieSendGift|PDOException: Column 'showid' cannot be null in /www/wwwroot/yunbao.com/PhalApi/PhalApi/NotORM/NotORM/Result.php:258
Stack trace:
#0 /www/wwwroot/yunbao.com/PhalApi/PhalApi/NotORM/NotORM/Result.php(339): NotORM_Result->query('INSERT INTO cmf...', Array)
#1 /www/wwwroot/yunbao.com/PhalApi/PhalApi/NotORM/NotORM/Result.php(356): NotORM_Result->insert_multi(Array)
#2 /www/wwwroot/yunbao.com/PhalApi/Appapi/Model/Live.php(476): NotORM_Result->insert(Array)
#3 /www/wwwroot/yunbao.com/PhalApi/Appapi/Domain/Live.php(155): Model_Live->sendGift(165968, 170885, NULL, 122, 1, NULL)
#4 /www/wwwroot/yunbao.com/PhalApi/Appapi/Api/Live.php(1864): Domain_Live->sendGift(165968, 170885, NULL, 122, 1, NULL)
#5 /www/wwwroot/yunbao.com/PhalApi/PhalApi/PhalApi.php(57): Api_Live->zombieSendGift()
#6 /www/wwwroot/yunbao.com/public/appapi/index.php(19): PhalApi->response()
#7 {main}
2021-03-11 14:29:52|ERROR|Live.zombieSendGift|PDOException: Column 'showid' cannot be null in /www/wwwroot/yunbao.com/PhalApi/PhalApi/NotORM/NotORM/Result.php:258
Stack trace:
#0 /www/wwwroot/yunbao.com/PhalApi/PhalApi/NotORM/NotORM/Result.php(339): NotORM_Result->query('INSERT INTO cmf...', Array)
#1 /www/wwwroot/yunbao.com/PhalApi/PhalApi/NotORM/NotORM/Result.php(356): NotORM_Result->insert_multi(Array)
#2 /www/wwwroot/yunbao.com/PhalApi/Appapi/Model/Live.php(476): NotORM_Result->insert(Array)
#3 /www/wwwroot/yunbao.com/PhalApi/Appapi/Domain/Live.php(155): Model_Live->sendGift(166564, 170885, NULL, 127, 1, NULL)
#4 /www/wwwroot/yunbao.com/PhalApi/Appapi/Api/Live.php(1864): Domain_Live->sendGift(166564, 170885, NULL, 127, 1, NULL)
#5 /www/wwwroot/yunbao.com/PhalApi/PhalApi/PhalApi.php(57): Api_Live->zombieSendGift()
#6 /www/wwwroot/yunbao.com/public/appapi/index.php(19): PhalApi->response()
#7 {main}
2021-03-11 14:31:03|ERROR|Live.zombieSendGift|PDOException: Column 'showid' cannot be null in /www/wwwroot/yunbao.com/PhalApi/PhalApi/NotORM/NotORM/Result.php:258
Stack trace:
#0 /www/wwwroot/yunbao.com/PhalApi/PhalApi/NotORM/NotORM/Result.php(339): NotORM_Result->query('INSERT INTO cmf...', Array)
#1 /www/wwwroot/yunbao.com/PhalApi/PhalApi/NotORM/NotORM/Result.php(356): NotORM_Result->insert_multi(Array)
#2 /www/wwwroot/yunbao.com/PhalApi/Appapi/Model/Live.php(476): NotORM_Result->insert(Array)
#3 /www/wwwroot/yunbao.com/PhalApi/Appapi/Domain/Live.php(155): Model_Live->sendGift(170486, 170885, NULL, 121, 1, NULL)
#4 /www/wwwroot/yunbao.com/PhalApi/Appapi/Api/Live.php(1864): Domain_Live->sendGift(170486, 170885, NULL, 121, 1, NULL)
#5 /www/wwwroot/yunbao.com/PhalApi/PhalApi/PhalApi.php(57): Api_Live->zombieSendGift()
#6 /www/wwwroot/yunbao.com/public/appapi/index.php(19): PhalApi->response()
#7 {main}
2021-03-11 14:37:35|ERROR|Live.zombieSendGift|PDOException: Column 'showid' cannot be null in /www/wwwroot/yunbao.com/PhalApi/PhalApi/NotORM/NotORM/Result.php:258
Stack trace:
#0 /www/wwwroot/yunbao.com/PhalApi/PhalApi/NotORM/NotORM/Result.php(339): NotORM_Result->query('INSERT INTO cmf...', Array)
#1 /www/wwwroot/yunbao.com/PhalApi/PhalApi/NotORM/NotORM/Result.php(356): NotORM_Result->insert_multi(Array)
#2 /www/wwwroot/yunbao.com/PhalApi/Appapi/Model/Live.php(476): NotORM_Result->insert(Array)
#3 /www/wwwroot/yunbao.com/PhalApi/Appapi/Domain/Live.php(155): Model_Live->sendGift(170164, 170885, NULL, 127, 1, NULL)
#4 /www/wwwroot/yunbao.com/PhalApi/Appapi/Api/Live.php(1864): Domain_Live->sendGift(170164, 170885, NULL, 127, 1, NULL)
#5 /www/wwwroot/yunbao.com/PhalApi/PhalApi/PhalApi.php(57): Api_Live->zombieSendGift()
#6 /www/wwwroot/yunbao.com/public/appapi/index.php(19): PhalApi->response()
#7 {main}
2021-03-11 14:41:01|ERROR|Live.zombieSendGift|PDOException: Column 'showid' cannot be null in /www/wwwroot/yunbao.com/PhalApi/PhalApi/NotORM/NotORM/Result.php:258
Stack trace:
#0 /www/wwwroot/yunbao.com/PhalApi/PhalApi/NotORM/NotORM/Result.php(339): NotORM_Result->query('INSERT INTO cmf...', Array)
#1 /www/wwwroot/yunbao.com/PhalApi/PhalApi/NotORM/NotORM/Result.php(356): NotORM_Result->insert_multi(Array)
#2 /www/wwwroot/yunbao.com/PhalApi/Appapi/Model/Live.php(476): NotORM_Result->insert(Array)
#3 /www/wwwroot/yunbao.com/PhalApi/Appapi/Domain/Live.php(155): Model_Live->sendGift(170267, 170892, NULL, 122, 1, NULL)
#4 /www/wwwroot/yunbao.com/PhalApi/Appapi/Api/Live.php(1864): Domain_Live->sendGift(170267, 170892, NULL, 122, 1, NULL)
#5 /www/wwwroot/yunbao.com/PhalApi/PhalApi/PhalApi.php(57): Api_Live->zombieSendGift()
#6 /www/wwwroot/yunbao.com/public/appapi/index.php(19): PhalApi->response()
#7 {main}
2021-03-11 14:42:34|ERROR|Live.zombieSendGift|PDOException: Column 'showid' cannot be null in /www/wwwroot/yunbao.com/PhalApi/PhalApi/NotORM/NotORM/Result.php:258
Stack trace:
#0 /www/wwwroot/yunbao.com/PhalApi/PhalApi/NotORM/NotORM/Result.php(339): NotORM_Result->query('INSERT INTO cmf...', Array)
#1 /www/wwwroot/yunbao.com/PhalApi/PhalApi/NotORM/NotORM/Result.php(356): NotORM_Result->insert_multi(Array)
#2 /www/wwwroot/yunbao.com/PhalApi/Appapi/Model/Live.php(476): NotORM_Result->insert(Array)
#3 /www/wwwroot/yunbao.com/PhalApi/Appapi/Domain/Live.php(155): Model_Live->sendGift(166457, 170892, NULL, 122, 1, NULL)
#4 /www/wwwroot/yunbao.com/PhalApi/Appapi/Api/Live.php(1864): Domain_Live->sendGift(166457, 170892, NULL, 122, 1, NULL)
#5 /www/wwwroot/yunbao.com/PhalApi/PhalApi/PhalApi.php(57): Api_Live->zombieSendGift()
#6 /www/wwwroot/yunbao.com/public/appapi/index.php(19): PhalApi->response()
#7 {main}
2021-03-11 14:46:20|ERROR|Live.zombieSendGift|PDOException: Column 'showid' cannot be null in /www/wwwroot/yunbao.com/PhalApi/PhalApi/NotORM/NotORM/Result.php:258
Stack trace:
#0 /www/wwwroot/yunbao.com/PhalApi/PhalApi/NotORM/NotORM/Result.php(339): NotORM_Result->query('INSERT INTO cmf...', Array)
#1 /www/wwwroot/yunbao.com/PhalApi/PhalApi/NotORM/NotORM/Result.php(356): NotORM_Result->insert_multi(Array)
#2 /www/wwwroot/yunbao.com/PhalApi/Appapi/Model/Live.php(476): NotORM_Result->insert(Array)
#3 /www/wwwroot/yunbao.com/PhalApi/Appapi/Domain/Live.php(155): Model_Live->sendGift(166540, 170898, NULL, 121, 1, NULL)
#4 /www/wwwroot/yunbao.com/PhalApi/Appapi/Api/Live.php(1864): Domain_Live->sendGift(166540, 170898, NULL, 121, 1, NULL)
#5 /www/wwwroot/yunbao.com/PhalApi/PhalApi/PhalApi.php(57): Api_Live->zombieSendGift()
#6 /www/wwwroot/yunbao.com/public/appapi/index.php(19): PhalApi->response()
#7 {main}
2021-03-11 14:46:53|ERROR|Live.zombieSendGift|PDOException: Column 'showid' cannot be null in /www/wwwroot/yunbao.com/PhalApi/PhalApi/NotORM/NotORM/Result.php:258
Stack trace:
#0 /www/wwwroot/yunbao.com/PhalApi/PhalApi/NotORM/NotORM/Result.php(339): NotORM_Result->query('INSERT INTO cmf...', Array)
#1 /www/wwwroot/yunbao.com/PhalApi/PhalApi/NotORM/NotORM/Result.php(356): NotORM_Result->insert_multi(Array)
#2 /www/wwwroot/yunbao.com/PhalApi/Appapi/Model/Live.php(476): NotORM_Result->insert(Array)
#3 /www/wwwroot/yunbao.com/PhalApi/Appapi/Domain/Live.php(155): Model_Live->sendGift(170627, 170898, NULL, 122, 1, NULL)
#4 /www/wwwroot/yunbao.com/PhalApi/Appapi/Api/Live.php(1864): Domain_Live->sendGift(170627, 170898, NULL, 122, 1, NULL)
#5 /www/wwwroot/yunbao.com/PhalApi/PhalApi/PhalApi.php(57): Api_Live->zombieSendGift()
#6 /www/wwwroot/yunbao.com/public/appapi/index.php(19): PhalApi->response()
#7 {main}
2021-03-11 14:48:15|ERROR|Live.zombieSendGift|PDOException: Column 'showid' cannot be null in /www/wwwroot/yunbao.com/PhalApi/PhalApi/NotORM/NotORM/Result.php:258
Stack trace:
#0 /www/wwwroot/yunbao.com/PhalApi/PhalApi/NotORM/NotORM/Result.php(339): NotORM_Result->query('INSERT INTO cmf...', Array)
#1 /www/wwwroot/yunbao.com/PhalApi/PhalApi/NotORM/NotORM/Result.php(356): NotORM_Result->insert_multi(Array)
#2 /www/wwwroot/yunbao.com/PhalApi/Appapi/Model/Live.php(476): NotORM_Result->insert(Array)
#3 /www/wwwroot/yunbao.com/PhalApi/Appapi/Domain/Live.php(155): Model_Live->sendGift(168586, 170898, NULL, 127, 1, NULL)
#4 /www/wwwroot/yunbao.com/PhalApi/Appapi/Api/Live.php(1864): Domain_Live->sendGift(168586, 170898, NULL, 127, 1, NULL)
#5 /www/wwwroot/yunbao.com/PhalApi/PhalApi/PhalApi.php(57): Api_Live->zombieSendGift()
#6 /www/wwwroot/yunbao.com/public/appapi/index.php(19): PhalApi->response()
#7 {main}
2021-03-11 14:48:49|ERROR|Live.zombieSendGift|PDOException: Column 'showid' cannot be null in /www/wwwroot/yunbao.com/PhalApi/PhalApi/NotORM/NotORM/Result.php:258
Stack trace:
#0 /www/wwwroot/yunbao.com/PhalApi/PhalApi/NotORM/NotORM/Result.php(339): NotORM_Result->query('INSERT INTO cmf...', Array)
#1 /www/wwwroot/yunbao.com/PhalApi/PhalApi/NotORM/NotORM/Result.php(356): NotORM_Result->insert_multi(Array)
#2 /www/wwwroot/yunbao.com/PhalApi/Appapi/Model/Live.php(476): NotORM_Result->insert(Array)
#3 /www/wwwroot/yunbao.com/PhalApi/Appapi/Domain/Live.php(155): Model_Live->sendGift(169844, 170898, NULL, 127, 1, NULL)
#4 /www/wwwroot/yunbao.com/PhalApi/Appapi/Api/Live.php(1864): Domain_Live->sendGift(169844, 170898, NULL, 127, 1, NULL)
#5 /www/wwwroot/yunbao.com/PhalApi/PhalApi/PhalApi.php(57): Api_Live->zombieSendGift()
#6 /www/wwwroot/yunbao.com/public/appapi/index.php(19): PhalApi->response()
#7 {main}
2021-03-11 14:48:57|ERROR|Live.zombieSendGift|PDOException: Column 'showid' cannot be null in /www/wwwroot/yunbao.com/PhalApi/PhalApi/NotORM/NotORM/Result.php:258
Stack trace:
#0 /www/wwwroot/yunbao.com/PhalApi/PhalApi/NotORM/NotORM/Result.php(339): NotORM_Result->query('INSERT INTO cmf...', Array)
#1 /www/wwwroot/yunbao.com/PhalApi/PhalApi/NotORM/NotORM/Result.php(356): NotORM_Result->insert_multi(Array)
#2 /www/wwwroot/yunbao.com/PhalApi/Appapi/Model/Live.php(476): NotORM_Result->insert(Array)
#3 /www/wwwroot/yunbao.com/PhalApi/Appapi/Domain/Live.php(155): Model_Live->sendGift(166750, 170898, NULL, 127, 1, NULL)
#4 /www/wwwroot/yunbao.com/PhalApi/Appapi/Api/Live.php(1864): Domain_Live->sendGift(166750, 170898, NULL, 127, 1, NULL)
#5 /www/wwwroot/yunbao.com/PhalApi/PhalApi/PhalApi.php(57): Api_Live->zombieSendGift()
#6 /www/wwwroot/yunbao.com/public/appapi/index.php(19): PhalApi->response()
#7 {main}
2021-03-11 15:12:07|ERROR|Live.zombieSendGift|PDOException: Column 'showid' cannot be null in /www/wwwroot/yunbao.com/PhalApi/PhalApi/NotORM/NotORM/Result.php:258
Stack trace:
#0 /www/wwwroot/yunbao.com/PhalApi/PhalApi/NotORM/NotORM/Result.php(339): NotORM_Result->query('INSERT INTO cmf...', Array)
#1 /www/wwwroot/yunbao.com/PhalApi/PhalApi/NotORM/NotORM/Result.php(356): NotORM_Result->insert_multi(Array)
#2 /www/wwwroot/yunbao.com/PhalApi/Appapi/Model/Live.php(476): NotORM_Result->insert(Array)
#3 /www/wwwroot/yunbao.com/PhalApi/Appapi/Domain/Live.php(155): Model_Live->sendGift(166134, 170325, NULL, 127, 1, NULL)
#4 /www/wwwroot/yunbao.com/PhalApi/Appapi/Api/Live.php(1864): Domain_Live->sendGift(166134, 170325, NULL, 127, 1, NULL)
#5 /www/wwwroot/yunbao.com/PhalApi/PhalApi/PhalApi.php(57): Api_Live->zombieSendGift()
#6 /www/wwwroot/yunbao.com/public/appapi/index.php(19): PhalApi->response()
#7 {main}
2021-03-11 16:13:25|ERROR|Live.zombieSendGift|PDOException: Column 'showid' cannot be null in /www/wwwroot/yunbao.com/PhalApi/PhalApi/NotORM/NotORM/Result.php:258
Stack trace:
#0 /www/wwwroot/yunbao.com/PhalApi/PhalApi/NotORM/NotORM/Result.php(339): NotORM_Result->query('INSERT INTO cmf...', Array)
#1 /www/wwwroot/yunbao.com/PhalApi/PhalApi/NotORM/NotORM/Result.php(356): NotORM_Result->insert_multi(Array)
#2 /www/wwwroot/yunbao.com/PhalApi/Appapi/Model/Live.php(476): NotORM_Result->insert(Array)
#3 /www/wwwroot/yunbao.com/PhalApi/Appapi/Domain/Live.php(155): Model_Live->sendGift(169320, 170304, NULL, 122, 1, NULL)
#4 /www/wwwroot/yunbao.com/PhalApi/Appapi/Api/Live.php(1864): Domain_Live->sendGift(169320, 170304, NULL, 122, 1, NULL)
#5 /www/wwwroot/yunbao.com/PhalApi/PhalApi/PhalApi.php(57): Api_Live->zombieSendGift()
#6 /www/wwwroot/yunbao.com/public/appapi/index.php(19): PhalApi->response()
#7 {main}
2021-03-11 16:13:48|ERROR|Live.zombieSendGift|PDOException: Column 'showid' cannot be null in /www/wwwroot/yunbao.com/PhalApi/PhalApi/NotORM/NotORM/Result.php:258
Stack trace:
#0 /www/wwwroot/yunbao.com/PhalApi/PhalApi/NotORM/NotORM/Result.php(339): NotORM_Result->query('INSERT INTO cmf...', Array)
#1 /www/wwwroot/yunbao.com/PhalApi/PhalApi/NotORM/NotORM/Result.php(356): NotORM_Result->insert_multi(Array)
#2 /www/wwwroot/yunbao.com/PhalApi/Appapi/Model/Live.php(476): NotORM_Result->insert(Array)
#3 /www/wwwroot/yunbao.com/PhalApi/Appapi/Domain/Live.php(155): Model_Live->sendGift(167424, 170304, NULL, 121, 1, NULL)
#4 /www/wwwroot/yunbao.com/PhalApi/Appapi/Api/Live.php(1864): Domain_Live->sendGift(167424, 170304, NULL, 121, 1, NULL)
#5 /www/wwwroot/yunbao.com/PhalApi/PhalApi/PhalApi.php(57): Api_Live->zombieSendGift()
#6 /www/wwwroot/yunbao.com/public/appapi/index.php(19): PhalApi->response()
#7 {main}
2021-03-11 16:16:49|ERROR|Live.zombieSendGift|PDOException: Column 'showid' cannot be null in /www/wwwroot/yunbao.com/PhalApi/PhalApi/NotORM/NotORM/Result.php:258
Stack trace:
#0 /www/wwwroot/yunbao.com/PhalApi/PhalApi/NotORM/NotORM/Result.php(339): NotORM_Result->query('INSERT INTO cmf...', Array)
#1 /www/wwwroot/yunbao.com/PhalApi/PhalApi/NotORM/NotORM/Result.php(356): NotORM_Result->insert_multi(Array)
#2 /www/wwwroot/yunbao.com/PhalApi/Appapi/Model/Live.php(476): NotORM_Result->insert(Array)
#3 /www/wwwroot/yunbao.com/PhalApi/Appapi/Domain/Live.php(155): Model_Live->sendGift(166119, 170304, NULL, 122, 1, NULL)
#4 /www/wwwroot/yunbao.com/PhalApi/Appapi/Api/Live.php(1864): Domain_Live->sendGift(166119, 170304, NULL, 122, 1, NULL)
#5 /www/wwwroot/yunbao.com/PhalApi/PhalApi/PhalApi.php(57): Api_Live->zombieSendGift()
#6 /www/wwwroot/yunbao.com/public/appapi/index.php(19): PhalApi->response()
#7 {main}
2021-03-11 18:16:35|ERROR|Live.zombieSendGift|PDOException: Column 'showid' cannot be null in /www/wwwroot/yunbao.com/PhalApi/PhalApi/NotORM/NotORM/Result.php:258
Stack trace:
#0 /www/wwwroot/yunbao.com/PhalApi/PhalApi/NotORM/NotORM/Result.php(339): NotORM_Result->query('INSERT INTO cmf...', Array)
#1 /www/wwwroot/yunbao.com/PhalApi/PhalApi/NotORM/NotORM/Result.php(356): NotORM_Result->insert_multi(Array)
#2 /www/wwwroot/yunbao.com/PhalApi/Appapi/Model/Live.php(476): NotORM_Result->insert(Array)
#3 /www/wwwroot/yunbao.com/PhalApi/Appapi/Domain/Live.php(155): Model_Live->sendGift(169586, 170225, NULL, 121, 1, NULL)
#4 /www/wwwroot/yunbao.com/PhalApi/Appapi/Api/Live.php(1864): Domain_Live->sendGift(169586, 170225, NULL, 121, 1, NULL)
#5 /www/wwwroot/yunbao.com/PhalApi/PhalApi/PhalApi.php(57): Api_Live->zombieSendGift()
#6 /www/wwwroot/yunbao.com/public/appapi/index.php(19): PhalApi->response()
#7 {main}
2021-03-11 18:16:59|ERROR|Live.zombieSendGift|PDOException: Column 'showid' cannot be null in /www/wwwroot/yunbao.com/PhalApi/PhalApi/NotORM/NotORM/Result.php:258
Stack trace:
#0 /www/wwwroot/yunbao.com/PhalApi/PhalApi/NotORM/NotORM/Result.php(339): NotORM_Result->query('INSERT INTO cmf...', Array)
#1 /www/wwwroot/yunbao.com/PhalApi/PhalApi/NotORM/NotORM/Result.php(356): NotORM_Result->insert_multi(Array)
#2 /www/wwwroot/yunbao.com/PhalApi/Appapi/Model/Live.php(476): NotORM_Result->insert(Array)
#3 /www/wwwroot/yunbao.com/PhalApi/Appapi/Domain/Live.php(155): Model_Live->sendGift(167854, 170155, NULL, 122, 1, NULL)
#4 /www/wwwroot/yunbao.com/PhalApi/Appapi/Api/Live.php(1864): Domain_Live->sendGift(167854, 170155, NULL, 122, 1, NULL)
#5 /www/wwwroot/yunbao.com/PhalApi/PhalApi/PhalApi.php(57): Api_Live->zombieSendGift()
#6 /www/wwwroot/yunbao.com/public/appapi/index.php(19): PhalApi->response()
#7 {main}
2021-03-11 18:17:23|ERROR|Live.zombieSendGift|PDOException: Column 'showid' cannot be null in /www/wwwroot/yunbao.com/PhalApi/PhalApi/NotORM/NotORM/Result.php:258
Stack trace:
#0 /www/wwwroot/yunbao.com/PhalApi/PhalApi/NotORM/NotORM/Result.php(339): NotORM_Result->query('INSERT INTO cmf...', Array)
#1 /www/wwwroot/yunbao.com/PhalApi/PhalApi/NotORM/NotORM/Result.php(356): NotORM_Result->insert_multi(Array)
#2 /www/wwwroot/yunbao.com/PhalApi/Appapi/Model/Live.php(476): NotORM_Result->insert(Array)
#3 /www/wwwroot/yunbao.com/PhalApi/Appapi/Domain/Live.php(155): Model_Live->sendGift(166647, 170155, NULL, 121, 1, NULL)
#4 /www/wwwroot/yunbao.com/PhalApi/Appapi/Api/Live.php(1864): Domain_Live->sendGift(166647, 170155, NULL, 121, 1, NULL)
#5 /www/wwwroot/yunbao.com/PhalApi/PhalApi/PhalApi.php(57): Api_Live->zombieSendGift()
#6 /www/wwwroot/yunbao.com/public/appapi/index.php(19): PhalApi->response()
#7 {main}
2021-03-11 18:18:35|ERROR|Live.zombieSendGift|PDOException: Column 'showid' cannot be null in /www/wwwroot/yunbao.com/PhalApi/PhalApi/NotORM/NotORM/Result.php:258
Stack trace:
#0 /www/wwwroot/yunbao.com/PhalApi/PhalApi/NotORM/NotORM/Result.php(339): NotORM_Result->query('INSERT INTO cmf...', Array)
#1 /www/wwwroot/yunbao.com/PhalApi/PhalApi/NotORM/NotORM/Result.php(356): NotORM_Result->insert_multi(Array)
#2 /www/wwwroot/yunbao.com/PhalApi/Appapi/Model/Live.php(476): NotORM_Result->insert(Array)
#3 /www/wwwroot/yunbao.com/PhalApi/Appapi/Domain/Live.php(155): Model_Live->sendGift(168572, 170155, NULL, 122, 1, NULL)
#4 /www/wwwroot/yunbao.com/PhalApi/Appapi/Api/Live.php(1864): Domain_Live->sendGift(168572, 170155, NULL, 122, 1, NULL)
#5 /www/wwwroot/yunbao.com/PhalApi/PhalApi/PhalApi.php(57): Api_Live->zombieSendGift()
#6 /www/wwwroot/yunbao.com/public/appapi/index.php(19): PhalApi->response()
#7 {main}
2021-03-11 18:19:03|ERROR|Live.zombieSendGift|PDOException: Column 'showid' cannot be null in /www/wwwroot/yunbao.com/PhalApi/PhalApi/NotORM/NotORM/Result.php:258
Stack trace:
#0 /www/wwwroot/yunbao.com/PhalApi/PhalApi/NotORM/NotORM/Result.php(339): NotORM_Result->query('INSERT INTO cmf...', Array)
#1 /www/wwwroot/yunbao.com/PhalApi/PhalApi/NotORM/NotORM/Result.php(356): NotORM_Result->insert_multi(Array)
#2 /www/wwwroot/yunbao.com/PhalApi/Appapi/Model/Live.php(476): NotORM_Result->insert(Array)
#3 /www/wwwroot/yunbao.com/PhalApi/Appapi/Domain/Live.php(155): Model_Live->sendGift(168824, 170155, NULL, 121, 1, NULL)
#4 /www/wwwroot/yunbao.com/PhalApi/Appapi/Api/Live.php(1864): Domain_Live->sendGift(168824, 170155, NULL, 121, 1, NULL)
#5 /www/wwwroot/yunbao.com/PhalApi/PhalApi/PhalApi.php(57): Api_Live->zombieSendGift()
#6 /www/wwwroot/yunbao.com/public/appapi/index.php(19): PhalApi->response()
#7 {main}
2021-03-11 18:19:07|ERROR|Live.zombieSendGift|PDOException: Column 'showid' cannot be null in /www/wwwroot/yunbao.com/PhalApi/PhalApi/NotORM/NotORM/Result.php:258
Stack trace:
#0 /www/wwwroot/yunbao.com/PhalApi/PhalApi/NotORM/NotORM/Result.php(339): NotORM_Result->query('INSERT INTO cmf...', Array)
#1 /www/wwwroot/yunbao.com/PhalApi/PhalApi/NotORM/NotORM/Result.php(356): NotORM_Result->insert_multi(Array)
#2 /www/wwwroot/yunbao.com/PhalApi/Appapi/Model/Live.php(476): NotORM_Result->insert(Array)
#3 /www/wwwroot/yunbao.com/PhalApi/Appapi/Domain/Live.php(155): Model_Live->sendGift(167993, 170155, NULL, 122, 1, NULL)
#4 /www/wwwroot/yunbao.com/PhalApi/Appapi/Api/Live.php(1864): Domain_Live->sendGift(167993, 170155, NULL, 122, 1, NULL)
#5 /www/wwwroot/yunbao.com/PhalApi/PhalApi/PhalApi.php(57): Api_Live->zombieSendGift()
#6 /www/wwwroot/yunbao.com/public/appapi/index.php(19): PhalApi->response()
#7 {main}
2021-03-11 18:19:59|ERROR|Live.zombieSendGift|PDOException: Column 'showid' cannot be null in /www/wwwroot/yunbao.com/PhalApi/PhalApi/NotORM/NotORM/Result.php:258
Stack trace:
#0 /www/wwwroot/yunbao.com/PhalApi/PhalApi/NotORM/NotORM/Result.php(339): NotORM_Result->query('INSERT INTO cmf...', Array)
#1 /www/wwwroot/yunbao.com/PhalApi/PhalApi/NotORM/NotORM/Result.php(356): NotORM_Result->insert_multi(Array)
#2 /www/wwwroot/yunbao.com/PhalApi/Appapi/Model/Live.php(476): NotORM_Result->insert(Array)
#3 /www/wwwroot/yunbao.com/PhalApi/Appapi/Domain/Live.php(155): Model_Live->sendGift(167823, 170155, NULL, 121, 1, NULL)
#4 /www/wwwroot/yunbao.com/PhalApi/Appapi/Api/Live.php(1864): Domain_Live->sendGift(167823, 170155, NULL, 121, 1, NULL)
#5 /www/wwwroot/yunbao.com/PhalApi/PhalApi/PhalApi.php(57): Api_Live->zombieSendGift()
#6 /www/wwwroot/yunbao.com/public/appapi/index.php(19): PhalApi->response()
#7 {main}
2021-03-11 18:20:53|ERROR|Live.zombieSendGift|PDOException: Column 'showid' cannot be null in /www/wwwroot/yunbao.com/PhalApi/PhalApi/NotORM/NotORM/Result.php:258
Stack trace:
#0 /www/wwwroot/yunbao.com/PhalApi/PhalApi/NotORM/NotORM/Result.php(339): NotORM_Result->query('INSERT INTO cmf...', Array)
#1 /www/wwwroot/yunbao.com/PhalApi/PhalApi/NotORM/NotORM/Result.php(356): NotORM_Result->insert_multi(Array)
#2 /www/wwwroot/yunbao.com/PhalApi/Appapi/Model/Live.php(476): NotORM_Result->insert(Array)
#3 /www/wwwroot/yunbao.com/PhalApi/Appapi/Domain/Live.php(155): Model_Live->sendGift(168052, 170155, NULL, 121, 1, NULL)
#4 /www/wwwroot/yunbao.com/PhalApi/Appapi/Api/Live.php(1864): Domain_Live->sendGift(168052, 170155, NULL, 121, 1, NULL)
#5 /www/wwwroot/yunbao.com/PhalApi/PhalApi/PhalApi.php(57): Api_Live->zombieSendGift()
#6 /www/wwwroot/yunbao.com/public/appapi/index.php(19): PhalApi->response()
#7 {main}
2021-03-11 18:21:47|ERROR|Live.zombieSendGift|PDOException: Column 'showid' cannot be null in /www/wwwroot/yunbao.com/PhalApi/PhalApi/NotORM/NotORM/Result.php:258
Stack trace:
#0 /www/wwwroot/yunbao.com/PhalApi/PhalApi/NotORM/NotORM/Result.php(339): NotORM_Result->query('INSERT INTO cmf...', Array)
#1 /www/wwwroot/yunbao.com/PhalApi/PhalApi/NotORM/NotORM/Result.php(356): NotORM_Result->insert_multi(Array)
#2 /www/wwwroot/yunbao.com/PhalApi/Appapi/Model/Live.php(476): NotORM_Result->insert(Array)
#3 /www/wwwroot/yunbao.com/PhalApi/Appapi/Domain/Live.php(155): Model_Live->sendGift(170113, 170155, NULL, 127, 1, NULL)
#4 /www/wwwroot/yunbao.com/PhalApi/Appapi/Api/Live.php(1864): Domain_Live->sendGift(170113, 170155, NULL, 127, 1, NULL)
#5 /www/wwwroot/yunbao.com/PhalApi/PhalApi/PhalApi.php(57): Api_Live->zombieSendGift()
#6 /www/wwwroot/yunbao.com/public/appapi/index.php(19): PhalApi->response()
#7 {main}
2021-03-11 18:22:30|ERROR|Live.zombieSendGift|PDOException: Column 'showid' cannot be null in /www/wwwroot/yunbao.com/PhalApi/PhalApi/NotORM/NotORM/Result.php:258
Stack trace:
#0 /www/wwwroot/yunbao.com/PhalApi/PhalApi/NotORM/NotORM/Result.php(339): NotORM_Result->query('INSERT INTO cmf...', Array)
#1 /www/wwwroot/yunbao.com/PhalApi/PhalApi/NotORM/NotORM/Result.php(356): NotORM_Result->insert_multi(Array)
#2 /www/wwwroot/yunbao.com/PhalApi/Appapi/Model/Live.php(476): NotORM_Result->insert(Array)
#3 /www/wwwroot/yunbao.com/PhalApi/Appapi/Domain/Live.php(155): Model_Live->sendGift(168627, 170155, NULL, 122, 1, NULL)
#4 /www/wwwroot/yunbao.com/PhalApi/Appapi/Api/Live.php(1864): Domain_Live->sendGift(168627, 170155, NULL, 122, 1, NULL)
#5 /www/wwwroot/yunbao.com/PhalApi/PhalApi/PhalApi.php(57): Api_Live->zombieSendGift()
#6 /www/wwwroot/yunbao.com/public/appapi/index.php(19): PhalApi->response()
#7 {main}
2021-03-11 18:22:36|ERROR|Live.zombieSendGift|PDOException: Column 'showid' cannot be null in /www/wwwroot/yunbao.com/PhalApi/PhalApi/NotORM/NotORM/Result.php:258
Stack trace:
#0 /www/wwwroot/yunbao.com/PhalApi/PhalApi/NotORM/NotORM/Result.php(339): NotORM_Result->query('INSERT INTO cmf...', Array)
#1 /www/wwwroot/yunbao.com/PhalApi/PhalApi/NotORM/NotORM/Result.php(356): NotORM_Result->insert_multi(Array)
#2 /www/wwwroot/yunbao.com/PhalApi/Appapi/Model/Live.php(476): NotORM_Result->insert(Array)
#3 /www/wwwroot/yunbao.com/PhalApi/Appapi/Domain/Live.php(155): Model_Live->sendGift(168336, 170155, NULL, 122, 1, NULL)
#4 /www/wwwroot/yunbao.com/PhalApi/Appapi/Api/Live.php(1864): Domain_Live->sendGift(168336, 170155, NULL, 122, 1, NULL)
#5 /www/wwwroot/yunbao.com/PhalApi/PhalApi/PhalApi.php(57): Api_Live->zombieSendGift()
#6 /www/wwwroot/yunbao.com/public/appapi/index.php(19): PhalApi->response()
#7 {main}
2021-03-11 18:24:46|ERROR|Live.SendGift|PDOException: Incorrect integer value: '' for column 'uid' at row 1 in /www/wwwroot/yunbao.com/PhalApi/PhalApi/NotORM/NotORM/Result.php:258
Stack trace:
#0 /www/wwwroot/yunbao.com/PhalApi/PhalApi/NotORM/NotORM/Result.php(339): NotORM_Result->query('INSERT INTO cmf...', Array)
#1 /www/wwwroot/yunbao.com/PhalApi/PhalApi/NotORM/NotORM/Result.php(356): NotORM_Result->insert_multi(Array)
#2 /www/wwwroot/yunbao.com/PhalApi/Common/functions.php(1903): NotORM_Result->insert(Array)
#3 /www/wwwroot/yunbao.com/PhalApi/Appapi/Model/Live.php(500): setFamilyDivide(170999, 998)
#4 /www/wwwroot/yunbao.com/PhalApi/Appapi/Domain/Live.php(155): Model_Live->sendGift(42881, 170999, '170999_16154581...', 133, 1, 0)
#5 /www/wwwroot/yunbao.com/PhalApi/Appapi/Api/Live.php(1959): Domain_Live->sendGift(42881, 170999, '170999_16154581...', 133, 1, 0)
#6 /www/wwwroot/yunbao.com/PhalApi/PhalApi/PhalApi.php(57): Api_Live->sendGift()
#7 /www/wwwroot/yunbao.com/public/appapi/index.php(19): PhalApi->response()
#8 {main}
2021-03-11 18:24:50|ERROR|Live.SendGift|PDOException: Incorrect integer value: '' for column 'uid' at row 1 in /www/wwwroot/yunbao.com/PhalApi/PhalApi/NotORM/NotORM/Result.php:258
Stack trace:
#0 /www/wwwroot/yunbao.com/PhalApi/PhalApi/NotORM/NotORM/Result.php(339): NotORM_Result->query('INSERT INTO cmf...', Array)
#1 /www/wwwroot/yunbao.com/PhalApi/PhalApi/NotORM/NotORM/Result.php(356): NotORM_Result->insert_multi(Array)
#2 /www/wwwroot/yunbao.com/PhalApi/Common/functions.php(1903): NotORM_Result->insert(Array)
#3 /www/wwwroot/yunbao.com/PhalApi/Appapi/Model/Live.php(500): setFamilyDivide(170999, 998)
#4 /www/wwwroot/yunbao.com/PhalApi/Appapi/Domain/Live.php(155): Model_Live->sendGift(42881, 170999, '170999_16154581...', 133, 1, 0)
#5 /www/wwwroot/yunbao.com/PhalApi/Appapi/Api/Live.php(1959): Domain_Live->sendGift(42881, 170999, '170999_16154581...', 133, 1, 0)
#6 /www/wwwroot/yunbao.com/PhalApi/PhalApi/PhalApi.php(57): Api_Live->sendGift()
#7 /www/wwwroot/yunbao.com/public/appapi/index.php(19): PhalApi->response()
#8 {main}
2021-03-11 18:25:55|ERROR|Live.SendGift|PDOException: Incorrect integer value: '' for column 'uid' at row 1 in /www/wwwroot/yunbao.com/PhalApi/PhalApi/NotORM/NotORM/Result.php:258
Stack trace:
#0 /www/wwwroot/yunbao.com/PhalApi/PhalApi/NotORM/NotORM/Result.php(339): NotORM_Result->query('INSERT INTO cmf...', Array)
#1 /www/wwwroot/yunbao.com/PhalApi/PhalApi/NotORM/NotORM/Result.php(356): NotORM_Result->insert_multi(Array)
#2 /www/wwwroot/yunbao.com/PhalApi/Common/functions.php(1903): NotORM_Result->insert(Array)
#3 /www/wwwroot/yunbao.com/PhalApi/Appapi/Model/Live.php(500): setFamilyDivide(170999, 898.2)
#4 /www/wwwroot/yunbao.com/PhalApi/Appapi/Domain/Live.php(155): Model_Live->sendGift(42881, 170999, '170999_16154581...', 133, 1, 0)
#5 /www/wwwroot/yunbao.com/PhalApi/Appapi/Api/Live.php(1959): Domain_Live->sendGift(42881, 170999, '170999_16154581...', 133, 1, 0)
#6 /www/wwwroot/yunbao.com/PhalApi/PhalApi/PhalApi.php(57): Api_Live->sendGift()
#7 /www/wwwroot/yunbao.com/public/appapi/index.php(19): PhalApi->response()
#8 {main}
2021-03-11 18:28:27|ERROR|Live.zombieSendGift|PDOException: Column 'showid' cannot be null in /www/wwwroot/yunbao.com/PhalApi/PhalApi/NotORM/NotORM/Result.php:258
Stack trace:
#0 /www/wwwroot/yunbao.com/PhalApi/PhalApi/NotORM/NotORM/Result.php(339): NotORM_Result->query('INSERT INTO cmf...', Array)
#1 /www/wwwroot/yunbao.com/PhalApi/PhalApi/NotORM/NotORM/Result.php(356): NotORM_Result->insert_multi(Array)
#2 /www/wwwroot/yunbao.com/PhalApi/Appapi/Model/Live.php(476): NotORM_Result->insert(Array)
#3 /www/wwwroot/yunbao.com/PhalApi/Appapi/Domain/Live.php(155): Model_Live->sendGift(168690, 170155, NULL, 127, 1, NULL)
#4 /www/wwwroot/yunbao.com/PhalApi/Appapi/Api/Live.php(1864): Domain_Live->sendGift(168690, 170155, NULL, 127, 1, NULL)
#5 /www/wwwroot/yunbao.com/PhalApi/PhalApi/PhalApi.php(57): Api_Live->zombieSendGift()
#6 /www/wwwroot/yunbao.com/public/appapi/index.php(19): PhalApi->response()
#7 {main}
2021-03-11 18:28:44|ERROR|Live.zombieSendGift|PDOException: Column 'showid' cannot be null in /www/wwwroot/yunbao.com/PhalApi/PhalApi/NotORM/NotORM/Result.php:258
Stack trace:
#0 /www/wwwroot/yunbao.com/PhalApi/PhalApi/NotORM/NotORM/Result.php(339): NotORM_Result->query('INSERT INTO cmf...', Array)
#1 /www/wwwroot/yunbao.com/PhalApi/PhalApi/NotORM/NotORM/Result.php(356): NotORM_Result->insert_multi(Array)
#2 /www/wwwroot/yunbao.com/PhalApi/Appapi/Model/Live.php(476): NotORM_Result->insert(Array)
#3 /www/wwwroot/yunbao.com/PhalApi/Appapi/Domain/Live.php(155): Model_Live->sendGift(167438, 170155, NULL, 121, 1, NULL)
#4 /www/wwwroot/yunbao.com/PhalApi/Appapi/Api/Live.php(1864): Domain_Live->sendGift(167438, 170155, NULL, 121, 1, NULL)
#5 /www/wwwroot/yunbao.com/PhalApi/PhalApi/PhalApi.php(57): Api_Live->zombieSendGift()
#6 /www/wwwroot/yunbao.com/public/appapi/index.php(19): PhalApi->response()
#7 {main}
2021-03-11 19:34:20|ERROR|Live.zombieSendGift|PDOException: Column 'showid' cannot be null in /www/wwwroot/yunbao.com/PhalApi/PhalApi/NotORM/NotORM/Result.php:258
Stack trace:
#0 /www/wwwroot/yunbao.com/PhalApi/PhalApi/NotORM/NotORM/Result.php(339): NotORM_Result->query('INSERT INTO cmf...', Array)
#1 /www/wwwroot/yunbao.com/PhalApi/PhalApi/NotORM/NotORM/Result.php(356): NotORM_Result->insert_multi(Array)
#2 /www/wwwroot/yunbao.com/PhalApi/Appapi/Model/Live.php(476): NotORM_Result->insert(Array)
#3 /www/wwwroot/yunbao.com/PhalApi/Appapi/Domain/Live.php(155): Model_Live->sendGift(168474, 170917, NULL, 127, 1, NULL)
#4 /www/wwwroot/yunbao.com/PhalApi/Appapi/Api/Live.php(1864): Domain_Live->sendGift(168474, 170917, NULL, 127, 1, NULL)
#5 /www/wwwroot/yunbao.com/PhalApi/PhalApi/PhalApi.php(57): Api_Live->zombieSendGift()
#6 /www/wwwroot/yunbao.com/public/appapi/index.php(19): PhalApi->response()
#7 {main}
2021-03-11 20:06:46|ERROR|Live.zombieSendGift|PDOException: Column 'showid' cannot be null in /www/wwwroot/yunbao.com/PhalApi/PhalApi/NotORM/NotORM/Result.php:258
Stack trace:
#0 /www/wwwroot/yunbao.com/PhalApi/PhalApi/NotORM/NotORM/Result.php(339): NotORM_Result->query('INSERT INTO cmf...', Array)
#1 /www/wwwroot/yunbao.com/PhalApi/PhalApi/NotORM/NotORM/Result.php(356): NotORM_Result->insert_multi(Array)
#2 /www/wwwroot/yunbao.com/PhalApi/Appapi/Model/Live.php(476): NotORM_Result->insert(Array)
#3 /www/wwwroot/yunbao.com/PhalApi/Appapi/Domain/Live.php(155): Model_Live->sendGift(168928, 170917, NULL, 122, 1, NULL)
#4 /www/wwwroot/yunbao.com/PhalApi/Appapi/Api/Live.php(1864): Domain_Live->sendGift(168928, 170917, NULL, 122, 1, NULL)
#5 /www/wwwroot/yunbao.com/PhalApi/PhalApi/PhalApi.php(57): Api_Live->zombieSendGift()
#6 /www/wwwroot/yunbao.com/public/appapi/index.php(19): PhalApi->response()
#7 {main}
2021-03-11 20:17:29|ERROR|Live.zombieSendGift|PDOException: Column 'showid' cannot be null in /www/wwwroot/yunbao.com/PhalApi/PhalApi/NotORM/NotORM/Result.php:258
Stack trace:
#0 /www/wwwroot/yunbao.com/PhalApi/PhalApi/NotORM/NotORM/Result.php(339): NotORM_Result->query('INSERT INTO cmf...', Array)
#1 /www/wwwroot/yunbao.com/PhalApi/PhalApi/NotORM/NotORM/Result.php(356): NotORM_Result->insert_multi(Array)
#2 /www/wwwroot/yunbao.com/PhalApi/Appapi/Model/Live.php(476): NotORM_Result->insert(Array)
#3 /www/wwwroot/yunbao.com/PhalApi/Appapi/Domain/Live.php(155): Model_Live->sendGift(168588, 170186, NULL, 127, 1, NULL)
#4 /www/wwwroot/yunbao.com/PhalApi/Appapi/Api/Live.php(1864): Domain_Live->sendGift(168588, 170186, NULL, 127, 1, NULL)
#5 /www/wwwroot/yunbao.com/PhalApi/PhalApi/PhalApi.php(57): Api_Live->zombieSendGift()
#6 /www/wwwroot/yunbao.com/public/appapi/index.php(19): PhalApi->response()
#7 {main}
2021-03-11 21:37:53|ERROR|Live.zombieSendGift|PDOException: Column 'showid' cannot be null in /www/wwwroot/yunbao.com/PhalApi/PhalApi/NotORM/NotORM/Result.php:258
Stack trace:
#0 /www/wwwroot/yunbao.com/PhalApi/PhalApi/NotORM/NotORM/Result.php(339): NotORM_Result->query('INSERT INTO cmf...', Array)
#1 /www/wwwroot/yunbao.com/PhalApi/PhalApi/NotORM/NotORM/Result.php(356): NotORM_Result->insert_multi(Array)
#2 /www/wwwroot/yunbao.com/PhalApi/Appapi/Model/Live.php(476): NotORM_Result->insert(Array)
#3 /www/wwwroot/yunbao.com/PhalApi/Appapi/Domain/Live.php(155): Model_Live->sendGift(166805, 170155, NULL, 127, 1, NULL)
#4 /www/wwwroot/yunbao.com/PhalApi/Appapi/Api/Live.php(1864): Domain_Live->sendGift(166805, 170155, NULL, 127, 1, NULL)
#5 /www/wwwroot/yunbao.com/PhalApi/PhalApi/PhalApi.php(57): Api_Live->zombieSendGift()
#6 /www/wwwroot/yunbao.com/public/appapi/index.php(19): PhalApi->response()
#7 {main}
