2020-12-29 11:00:54|DEBUG|succeed to upload file to UCloud_Engine_Local|https://www.qingwazb.com/upload///avatar/20201229/06625548546798632.png
2020-12-29 11:32:14|ERROR|User.GetUserBankList|PDOException: Unknown column 'bank_name' in 'field list' in /www/wwwroot/yunbao.com/PhalApi/PhalApi/NotORM/NotORM/Result.php:258
Stack trace:
#0 /www/wwwroot/yunbao.com/PhalApi/PhalApi/NotORM/NotORM/Result.php(811): NotORM_Result->query('SELECT id,bank_...', Array)
#1 /www/wwwroot/yunbao.com/PhalApi/PhalApi/NotORM/NotORM/Result.php(896): NotORM_Result->execute()
#2 /www/wwwroot/yunbao.com/PhalApi/Appapi/Api/User.php(471): NotORM_Result->fetchAll()
#3 /www/wwwroot/yunbao.com/PhalApi/PhalApi/PhalApi.php(57): Api_User->getUserBankList()
#4 /www/wwwroot/yunbao.com/public/appapi/index.php(15): PhalApi->response()
#5 {main}
2020-12-29 11:59:28|ERROR|User.GetUserBankList|PDOException: Unknown column 'bank_name' in 'field list' in /www/wwwroot/yunbao.com/PhalApi/PhalApi/NotORM/NotORM/Result.php:258
Stack trace:
#0 /www/wwwroot/yunbao.com/PhalApi/PhalApi/NotORM/NotORM/Result.php(811): NotORM_Result->query('SELECT id,bank_...', Array)
#1 /www/wwwroot/yunbao.com/PhalApi/PhalApi/NotORM/NotORM/Result.php(896): NotORM_Result->execute()
#2 /www/wwwroot/yunbao.com/PhalApi/Appapi/Api/User.php(471): NotORM_Result->fetchAll()
#3 /www/wwwroot/yunbao.com/PhalApi/PhalApi/PhalApi.php(57): Api_User->getUserBankList()
#4 /www/wwwroot/yunbao.com/public/appapi/index.php(15): PhalApi->response()
#5 {main}
2020-12-29 12:01:33|ERROR|User.GetUserBankList|PDOException: Unknown column 'bank_name' in 'field list' in /www/wwwroot/yunbao.com/PhalApi/PhalApi/NotORM/NotORM/Result.php:258
Stack trace:
#0 /www/wwwroot/yunbao.com/PhalApi/PhalApi/NotORM/NotORM/Result.php(811): NotORM_Result->query('SELECT id,bank_...', Array)
#1 /www/wwwroot/yunbao.com/PhalApi/PhalApi/NotORM/NotORM/Result.php(896): NotORM_Result->execute()
#2 /www/wwwroot/yunbao.com/PhalApi/Appapi/Api/User.php(471): NotORM_Result->fetchAll()
#3 /www/wwwroot/yunbao.com/PhalApi/PhalApi/PhalApi.php(57): Api_User->getUserBankList()
#4 /www/wwwroot/yunbao.com/public/appapi/index.php(15): PhalApi->response()
#5 {main}
2020-12-29 12:05:48|ERROR|User.GetUserBankList|PDOException: Unknown column 'bank_name' in 'field list' in /www/wwwroot/yunbao.com/PhalApi/PhalApi/NotORM/NotORM/Result.php:258
Stack trace:
#0 /www/wwwroot/yunbao.com/PhalApi/PhalApi/NotORM/NotORM/Result.php(811): NotORM_Result->query('SELECT id,bank_...', Array)
#1 /www/wwwroot/yunbao.com/PhalApi/PhalApi/NotORM/NotORM/Result.php(896): NotORM_Result->execute()
#2 /www/wwwroot/yunbao.com/PhalApi/Appapi/Api/User.php(471): NotORM_Result->fetchAll()
#3 /www/wwwroot/yunbao.com/PhalApi/PhalApi/PhalApi.php(57): Api_User->getUserBankList()
#4 /www/wwwroot/yunbao.com/public/appapi/index.php(15): PhalApi->response()
#5 {main}
2020-12-29 12:52:12|DEBUG|succeed to upload file to UCloud_Engine_Local|https://www.qingwazb.com/upload///image/20201229/06625615328770826.jpeg
2020-12-29 19:15:57|ERROR|Home.getNearby|PDOException: The user specified as a definer ('livenew'@'127.0.0.1') does not exist in /www/wwwroot/yunbao.com/PhalApi/PhalApi/NotORM/NotORM/Result.php:258
Stack trace:
#0 /www/wwwroot/yunbao.com/PhalApi/PhalApi/NotORM/NotORM/Result.php(811): NotORM_Result->query('SELECT uid,titl...', Array)
#1 /www/wwwroot/yunbao.com/PhalApi/PhalApi/NotORM/NotORM/Result.php(896): NotORM_Result->execute()
#2 /www/wwwroot/yunbao.com/PhalApi/Appapi/Model/Home.php(285): NotORM_Result->fetchAll()
#3 /www/wwwroot/yunbao.com/PhalApi/Appapi/Domain/Home.php(61): Model_Home->getNearby('0.0', '0.0', '1')
#4 /www/wwwroot/yunbao.com/PhalApi/Appapi/Api/Home.php(537): Domain_Home->getNearby('0.0', '0.0', '1')
#5 /www/wwwroot/yunbao.com/PhalApi/PhalApi/PhalApi.php(57): Api_Home->getNearby()
#6 /www/wwwroot/yunbao.com/public/appapi/index.php(15): PhalApi->response()
#7 {main}
2020-12-29 19:15:58|ERROR|Home.getNearby|PDOException: The user specified as a definer ('livenew'@'127.0.0.1') does not exist in /www/wwwroot/yunbao.com/PhalApi/PhalApi/NotORM/NotORM/Result.php:258
Stack trace:
#0 /www/wwwroot/yunbao.com/PhalApi/PhalApi/NotORM/NotORM/Result.php(811): NotORM_Result->query('SELECT uid,titl...', Array)
#1 /www/wwwroot/yunbao.com/PhalApi/PhalApi/NotORM/NotORM/Result.php(896): NotORM_Result->execute()
#2 /www/wwwroot/yunbao.com/PhalApi/Appapi/Model/Home.php(285): NotORM_Result->fetchAll()
#3 /www/wwwroot/yunbao.com/PhalApi/Appapi/Domain/Home.php(61): Model_Home->getNearby('0.0', '0.0', '1')
#4 /www/wwwroot/yunbao.com/PhalApi/Appapi/Api/Home.php(537): Domain_Home->getNearby('0.0', '0.0', '1')
#5 /www/wwwroot/yunbao.com/PhalApi/PhalApi/PhalApi.php(57): Api_Home->getNearby()
#6 /www/wwwroot/yunbao.com/public/appapi/index.php(15): PhalApi->response()
#7 {main}
2020-12-29 19:15:59|ERROR|Home.getNearby|PDOException: The user specified as a definer ('livenew'@'127.0.0.1') does not exist in /www/wwwroot/yunbao.com/PhalApi/PhalApi/NotORM/NotORM/Result.php:258
Stack trace:
#0 /www/wwwroot/yunbao.com/PhalApi/PhalApi/NotORM/NotORM/Result.php(811): NotORM_Result->query('SELECT uid,titl...', Array)
#1 /www/wwwroot/yunbao.com/PhalApi/PhalApi/NotORM/NotORM/Result.php(896): NotORM_Result->execute()
#2 /www/wwwroot/yunbao.com/PhalApi/Appapi/Model/Home.php(285): NotORM_Result->fetchAll()
#3 /www/wwwroot/yunbao.com/PhalApi/Appapi/Domain/Home.php(61): Model_Home->getNearby('0.0', '0.0', '1')
#4 /www/wwwroot/yunbao.com/PhalApi/Appapi/Api/Home.php(537): Domain_Home->getNearby('0.0', '0.0', '1')
#5 /www/wwwroot/yunbao.com/PhalApi/PhalApi/PhalApi.php(57): Api_Home->getNearby()
#6 /www/wwwroot/yunbao.com/public/appapi/index.php(15): PhalApi->response()
#7 {main}
2020-12-29 20:08:53|ERROR|Home.getNearby|PDOException: The user specified as a definer ('livenew'@'127.0.0.1') does not exist in /www/wwwroot/yunbao.com/PhalApi/PhalApi/NotORM/NotORM/Result.php:258
Stack trace:
#0 /www/wwwroot/yunbao.com/PhalApi/PhalApi/NotORM/NotORM/Result.php(811): NotORM_Result->query('SELECT uid,titl...', Array)
#1 /www/wwwroot/yunbao.com/PhalApi/PhalApi/NotORM/NotORM/Result.php(896): NotORM_Result->execute()
#2 /www/wwwroot/yunbao.com/PhalApi/Appapi/Model/Home.php(285): NotORM_Result->fetchAll()
#3 /www/wwwroot/yunbao.com/PhalApi/Appapi/Domain/Home.php(61): Model_Home->getNearby('0.0', '0.0', '1')
#4 /www/wwwroot/yunbao.com/PhalApi/Appapi/Api/Home.php(537): Domain_Home->getNearby('0.0', '0.0', '1')
#5 /www/wwwroot/yunbao.com/PhalApi/PhalApi/PhalApi.php(57): Api_Home->getNearby()
#6 /www/wwwroot/yunbao.com/public/appapi/index.php(15): PhalApi->response()
#7 {main}
