2020-12-10 14:10:24|ERROR|Search.GetLvList|PDOException: You have an error in your SQL syntax; check the manual that corresponds to your MySQL server version for the right syntax to use near ')) ORDER BY starttime desc LIMIT 0,50' at line 1 in /www/wwwroot/yunbao.com/PhalApi/PhalApi/NotORM/NotORM/Result.php:258
Stack trace:
#0 /www/wwwroot/yunbao.com/PhalApi/PhalApi/NotORM/NotORM/Result.php(811): NotORM_Result->query('SELECT uid,stre...', Array)
#1 /www/wwwroot/yunbao.com/PhalApi/PhalApi/NotORM/NotORM/Result.php(896): NotORM_Result->execute()
#2 /www/wwwroot/yunbao.com/PhalApi/Appapi/Model/Livepk.php(18): NotORM_Result->fetchAll()
#3 /www/wwwroot/yunbao.com/PhalApi/Appapi/Domain/Livepk.php(8): Model_Livepk->getLiveList('42881', 'uid!=42881 and ...', '1')
#4 /www/wwwroot/yunbao.com/PhalApi/Appapi/Api/Search.php(55): Domain_Livepk->getLiveList('42881', 'uid!=42881 and ...', '1')
#5 /www/wwwroot/yunbao.com/PhalApi/PhalApi/PhalApi.php(57): Api_Search->getLvList()
#6 /www/wwwroot/yunbao.com/public/appapi/index.php(15): PhalApi->response()
#7 {main}
2020-12-10 14:10:31|ERROR|Search.GetLvList|PDOException: You have an error in your SQL syntax; check the manual that corresponds to your MySQL server version for the right syntax to use near ')) ORDER BY starttime desc LIMIT 0,50' at line 1 in /www/wwwroot/yunbao.com/PhalApi/PhalApi/NotORM/NotORM/Result.php:258
Stack trace:
#0 /www/wwwroot/yunbao.com/PhalApi/PhalApi/NotORM/NotORM/Result.php(811): NotORM_Result->query('SELECT uid,stre...', Array)
#1 /www/wwwroot/yunbao.com/PhalApi/PhalApi/NotORM/NotORM/Result.php(896): NotORM_Result->execute()
#2 /www/wwwroot/yunbao.com/PhalApi/Appapi/Model/Livepk.php(18): NotORM_Result->fetchAll()
#3 /www/wwwroot/yunbao.com/PhalApi/Appapi/Domain/Livepk.php(8): Model_Livepk->getLiveList('42881', 'uid!=42881 and ...', '1')
#4 /www/wwwroot/yunbao.com/PhalApi/Appapi/Api/Search.php(55): Domain_Livepk->getLiveList('42881', 'uid!=42881 and ...', '1')
#5 /www/wwwroot/yunbao.com/PhalApi/PhalApi/PhalApi.php(57): Api_Search->getLvList()
#6 /www/wwwroot/yunbao.com/public/appapi/index.php(15): PhalApi->response()
#7 {main}
2020-12-10 14:12:52|ERROR|Search.GetLvList|PDOException: You have an error in your SQL syntax; check the manual that corresponds to your MySQL server version for the right syntax to use near ')) ORDER BY starttime desc LIMIT 0,50' at line 1 in /www/wwwroot/yunbao.com/PhalApi/PhalApi/NotORM/NotORM/Result.php:258
Stack trace:
#0 /www/wwwroot/yunbao.com/PhalApi/PhalApi/NotORM/NotORM/Result.php(811): NotORM_Result->query('SELECT uid,stre...', Array)
#1 /www/wwwroot/yunbao.com/PhalApi/PhalApi/NotORM/NotORM/Result.php(896): NotORM_Result->execute()
#2 /www/wwwroot/yunbao.com/PhalApi/Appapi/Model/Livepk.php(18): NotORM_Result->fetchAll()
#3 /www/wwwroot/yunbao.com/PhalApi/Appapi/Domain/Livepk.php(8): Model_Livepk->getLiveList('42881', 'uid!=42881 and ...', '1')
#4 /www/wwwroot/yunbao.com/PhalApi/Appapi/Api/Search.php(55): Domain_Livepk->getLiveList('42881', 'uid!=42881 and ...', '1')
#5 /www/wwwroot/yunbao.com/PhalApi/PhalApi/PhalApi.php(57): Api_Search->getLvList()
#6 /www/wwwroot/yunbao.com/public/appapi/index.php(15): PhalApi->response()
#7 {main}
2020-12-10 14:15:55|ERROR|Search.GetLvList|PDOException: You have an error in your SQL syntax; check the manual that corresponds to your MySQL server version for the right syntax to use near ')) ORDER BY starttime desc LIMIT 0,50' at line 1 in /www/wwwroot/yunbao.com/PhalApi/PhalApi/NotORM/NotORM/Result.php:258
Stack trace:
#0 /www/wwwroot/yunbao.com/PhalApi/PhalApi/NotORM/NotORM/Result.php(811): NotORM_Result->query('SELECT uid,stre...', Array)
#1 /www/wwwroot/yunbao.com/PhalApi/PhalApi/NotORM/NotORM/Result.php(896): NotORM_Result->execute()
#2 /www/wwwroot/yunbao.com/PhalApi/Appapi/Model/Livepk.php(18): NotORM_Result->fetchAll()
#3 /www/wwwroot/yunbao.com/PhalApi/Appapi/Domain/Livepk.php(8): Model_Livepk->getLiveList('42881', 'uid!=42881 and ...', '1')
#4 /www/wwwroot/yunbao.com/PhalApi/Appapi/Api/Search.php(55): Domain_Livepk->getLiveList('42881', 'uid!=42881 and ...', '1')
#5 /www/wwwroot/yunbao.com/PhalApi/PhalApi/PhalApi.php(57): Api_Search->getLvList()
#6 /www/wwwroot/yunbao.com/public/appapi/index.php(15): PhalApi->response()
#7 {main}
2020-12-10 14:19:28|ERROR|Search.GetLvList|PDOException: You have an error in your SQL syntax; check the manual that corresponds to your MySQL server version for the right syntax to use near ')) ORDER BY starttime desc LIMIT 0,50' at line 1 in /www/wwwroot/yunbao.com/PhalApi/PhalApi/NotORM/NotORM/Result.php:258
Stack trace:
#0 /www/wwwroot/yunbao.com/PhalApi/PhalApi/NotORM/NotORM/Result.php(811): NotORM_Result->query('SELECT uid,stre...', Array)
#1 /www/wwwroot/yunbao.com/PhalApi/PhalApi/NotORM/NotORM/Result.php(896): NotORM_Result->execute()
#2 /www/wwwroot/yunbao.com/PhalApi/Appapi/Model/Livepk.php(18): NotORM_Result->fetchAll()
#3 /www/wwwroot/yunbao.com/PhalApi/Appapi/Domain/Livepk.php(8): Model_Livepk->getLiveList('42881', 'uid!=42881 and ...', '1')
#4 /www/wwwroot/yunbao.com/PhalApi/Appapi/Api/Search.php(55): Domain_Livepk->getLiveList('42881', 'uid!=42881 and ...', '1')
#5 /www/wwwroot/yunbao.com/PhalApi/PhalApi/PhalApi.php(57): Api_Search->getLvList()
#6 /www/wwwroot/yunbao.com/public/appapi/index.php(15): PhalApi->response()
#7 {main}
2020-12-10 15:09:53|ERROR|User.UpdateFields|PDOException: Incorrect integer value: '' for column 'sex' at row 1 in /www/wwwroot/yunbao.com/PhalApi/PhalApi/NotORM/NotORM/Result.php:258
Stack trace:
#0 /www/wwwroot/yunbao.com/PhalApi/PhalApi/NotORM/NotORM/Result.php(410): NotORM_Result->query('UPDATE cmf_user...', Array)
#1 /www/wwwroot/yunbao.com/PhalApi/Appapi/Model/User.php(67): NotORM_Result->update(Array)
#2 /www/wwwroot/yunbao.com/PhalApi/Appapi/Domain/User.php(27): Model_User->userUpdate(42879, Array)
#3 /www/wwwroot/yunbao.com/PhalApi/Appapi/Api/User.php(581): Domain_User->userUpdate(42879, Array)
#4 /www/wwwroot/yunbao.com/PhalApi/PhalApi/PhalApi.php(57): Api_User->updateFields()
#5 /www/wwwroot/yunbao.com/public/appapi/index.php(15): PhalApi->response()
#6 {main}
2020-12-10 15:28:01|ERROR|User.UpdateFields|PDOException: Incorrect integer value: '' for column 'sex' at row 1 in /www/wwwroot/yunbao.com/PhalApi/PhalApi/NotORM/NotORM/Result.php:258
Stack trace:
#0 /www/wwwroot/yunbao.com/PhalApi/PhalApi/NotORM/NotORM/Result.php(410): NotORM_Result->query('UPDATE cmf_user...', Array)
#1 /www/wwwroot/yunbao.com/PhalApi/Appapi/Model/User.php(67): NotORM_Result->update(Array)
#2 /www/wwwroot/yunbao.com/PhalApi/Appapi/Domain/User.php(27): Model_User->userUpdate(42879, Array)
#3 /www/wwwroot/yunbao.com/PhalApi/Appapi/Api/User.php(581): Domain_User->userUpdate(42879, Array)
#4 /www/wwwroot/yunbao.com/PhalApi/PhalApi/PhalApi.php(57): Api_User->updateFields()
#5 /www/wwwroot/yunbao.com/public/appapi/index.php(15): PhalApi->response()
#6 {main}
2020-12-10 15:28:06|ERROR|User.UpdateFields|PDOException: Incorrect integer value: '' for column 'sex' at row 1 in /www/wwwroot/yunbao.com/PhalApi/PhalApi/NotORM/NotORM/Result.php:258
Stack trace:
#0 /www/wwwroot/yunbao.com/PhalApi/PhalApi/NotORM/NotORM/Result.php(410): NotORM_Result->query('UPDATE cmf_user...', Array)
#1 /www/wwwroot/yunbao.com/PhalApi/Appapi/Model/User.php(67): NotORM_Result->update(Array)
#2 /www/wwwroot/yunbao.com/PhalApi/Appapi/Domain/User.php(27): Model_User->userUpdate(42879, Array)
#3 /www/wwwroot/yunbao.com/PhalApi/Appapi/Api/User.php(581): Domain_User->userUpdate(42879, Array)
#4 /www/wwwroot/yunbao.com/PhalApi/PhalApi/PhalApi.php(57): Api_User->updateFields()
#5 /www/wwwroot/yunbao.com/public/appapi/index.php(15): PhalApi->response()
#6 {main}
2020-12-10 15:28:18|ERROR|User.UpdateFields|PDOException: Incorrect integer value: '' for column 'sex' at row 1 in /www/wwwroot/yunbao.com/PhalApi/PhalApi/NotORM/NotORM/Result.php:258
Stack trace:
#0 /www/wwwroot/yunbao.com/PhalApi/PhalApi/NotORM/NotORM/Result.php(410): NotORM_Result->query('UPDATE cmf_user...', Array)
#1 /www/wwwroot/yunbao.com/PhalApi/Appapi/Model/User.php(67): NotORM_Result->update(Array)
#2 /www/wwwroot/yunbao.com/PhalApi/Appapi/Domain/User.php(27): Model_User->userUpdate(42879, Array)
#3 /www/wwwroot/yunbao.com/PhalApi/Appapi/Api/User.php(581): Domain_User->userUpdate(42879, Array)
#4 /www/wwwroot/yunbao.com/PhalApi/PhalApi/PhalApi.php(57): Api_User->updateFields()
#5 /www/wwwroot/yunbao.com/public/appapi/index.php(15): PhalApi->response()
#6 {main}
2020-12-10 16:29:59|ERROR|User.UpdateFields|PDOException: Incorrect integer value: '' for column 'sex' at row 1 in /www/wwwroot/yunbao.com/PhalApi/PhalApi/NotORM/NotORM/Result.php:258
Stack trace:
#0 /www/wwwroot/yunbao.com/PhalApi/PhalApi/NotORM/NotORM/Result.php(410): NotORM_Result->query('UPDATE cmf_user...', Array)
#1 /www/wwwroot/yunbao.com/PhalApi/Appapi/Model/User.php(67): NotORM_Result->update(Array)
#2 /www/wwwroot/yunbao.com/PhalApi/Appapi/Domain/User.php(27): Model_User->userUpdate(42879, Array)
#3 /www/wwwroot/yunbao.com/PhalApi/Appapi/Api/User.php(581): Domain_User->userUpdate(42879, Array)
#4 /www/wwwroot/yunbao.com/PhalApi/PhalApi/PhalApi.php(57): Api_User->updateFields()
#5 /www/wwwroot/yunbao.com/public/appapi/index.php(15): PhalApi->response()
#6 {main}
2020-12-10 16:53:24|ERROR|User.UpdateFields|PDOException: Incorrect integer value: '' for column 'sex' at row 1 in /www/wwwroot/yunbao.com/PhalApi/PhalApi/NotORM/NotORM/Result.php:258
Stack trace:
#0 /www/wwwroot/yunbao.com/PhalApi/PhalApi/NotORM/NotORM/Result.php(410): NotORM_Result->query('UPDATE cmf_user...', Array)
#1 /www/wwwroot/yunbao.com/PhalApi/Appapi/Model/User.php(67): NotORM_Result->update(Array)
#2 /www/wwwroot/yunbao.com/PhalApi/Appapi/Domain/User.php(27): Model_User->userUpdate(42879, Array)
#3 /www/wwwroot/yunbao.com/PhalApi/Appapi/Api/User.php(581): Domain_User->userUpdate(42879, Array)
#4 /www/wwwroot/yunbao.com/PhalApi/PhalApi/PhalApi.php(57): Api_User->updateFields()
#5 /www/wwwroot/yunbao.com/public/appapi/index.php(15): PhalApi->response()
#6 {main}
