2020-12-09 16:27:57|ERROR|Pay.GetChannelOrder|PDOException: Data too long for column 'order_sn' at row 1 in /www/wwwroot/yunbao.com/PhalApi/PhalApi/NotORM/NotORM/Result.php:258
Stack trace:
#0 /www/wwwroot/yunbao.com/PhalApi/PhalApi/NotORM/NotORM/Result.php(339): NotORM_Result->query('INSERT INTO cmf...', Array)
#1 /www/wwwroot/yunbao.com/PhalApi/PhalApi/NotORM/NotORM/Result.php(356): NotORM_Result->insert_multi(Array)
#2 /www/wwwroot/yunbao.com/PhalApi/Appapi/Api/Pay.php(137): NotORM_Result->insert(Array)
#3 /www/wwwroot/yunbao.com/PhalApi/PhalApi/PhalApi.php(57): Api_Pay->getChannelOrder()
#4 /www/wwwroot/yunbao.com/public/appapi/index.php(15): PhalApi->response()
#5 {main}
2020-12-09 21:22:22|ERROR|Pay.GetChannelOrder|PDOException: Data too long for column 'order_sn' at row 1 in /www/wwwroot/yunbao.com/PhalApi/PhalApi/NotORM/NotORM/Result.php:258
Stack trace:
#0 /www/wwwroot/yunbao.com/PhalApi/PhalApi/NotORM/NotORM/Result.php(339): NotORM_Result->query('INSERT INTO cmf...', Array)
#1 /www/wwwroot/yunbao.com/PhalApi/PhalApi/NotORM/NotORM/Result.php(356): NotORM_Result->insert_multi(Array)
#2 /www/wwwroot/yunbao.com/PhalApi/Appapi/Api/Pay.php(146): NotORM_Result->insert(Array)
#3 /www/wwwroot/yunbao.com/PhalApi/PhalApi/PhalApi.php(57): Api_Pay->getChannelOrder()
#4 /www/wwwroot/yunbao.com/public/appapi/index.php(15): PhalApi->response()
#5 {main}
2020-12-09 21:22:24|ERROR|Pay.GetChannelOrder|PDOException: Data too long for column 'order_sn' at row 1 in /www/wwwroot/yunbao.com/PhalApi/PhalApi/NotORM/NotORM/Result.php:258
Stack trace:
#0 /www/wwwroot/yunbao.com/PhalApi/PhalApi/NotORM/NotORM/Result.php(339): NotORM_Result->query('INSERT INTO cmf...', Array)
#1 /www/wwwroot/yunbao.com/PhalApi/PhalApi/NotORM/NotORM/Result.php(356): NotORM_Result->insert_multi(Array)
#2 /www/wwwroot/yunbao.com/PhalApi/Appapi/Api/Pay.php(146): NotORM_Result->insert(Array)
#3 /www/wwwroot/yunbao.com/PhalApi/PhalApi/PhalApi.php(57): Api_Pay->getChannelOrder()
#4 /www/wwwroot/yunbao.com/public/appapi/index.php(15): PhalApi->response()
#5 {main}
2020-12-09 21:22:25|ERROR|Pay.GetChannelOrder|PDOException: Data too long for column 'order_sn' at row 1 in /www/wwwroot/yunbao.com/PhalApi/PhalApi/NotORM/NotORM/Result.php:258
Stack trace:
#0 /www/wwwroot/yunbao.com/PhalApi/PhalApi/NotORM/NotORM/Result.php(339): NotORM_Result->query('INSERT INTO cmf...', Array)
#1 /www/wwwroot/yunbao.com/PhalApi/PhalApi/NotORM/NotORM/Result.php(356): NotORM_Result->insert_multi(Array)
#2 /www/wwwroot/yunbao.com/PhalApi/Appapi/Api/Pay.php(146): NotORM_Result->insert(Array)
#3 /www/wwwroot/yunbao.com/PhalApi/PhalApi/PhalApi.php(57): Api_Pay->getChannelOrder()
#4 /www/wwwroot/yunbao.com/public/appapi/index.php(15): PhalApi->response()
#5 {main}
2020-12-09 21:22:47|ERROR|Pay.GetChannelOrder|PDOException: Data too long for column 'order_sn' at row 1 in /www/wwwroot/yunbao.com/PhalApi/PhalApi/NotORM/NotORM/Result.php:258
Stack trace:
#0 /www/wwwroot/yunbao.com/PhalApi/PhalApi/NotORM/NotORM/Result.php(339): NotORM_Result->query('INSERT INTO cmf...', Array)
#1 /www/wwwroot/yunbao.com/PhalApi/PhalApi/NotORM/NotORM/Result.php(356): NotORM_Result->insert_multi(Array)
#2 /www/wwwroot/yunbao.com/PhalApi/Appapi/Api/Pay.php(146): NotORM_Result->insert(Array)
#3 /www/wwwroot/yunbao.com/PhalApi/PhalApi/PhalApi.php(57): Api_Pay->getChannelOrder()
#4 /www/wwwroot/yunbao.com/public/appapi/index.php(15): PhalApi->response()
#5 {main}
