2020-12-19 14:09:58|ERROR|Dynamic.SetComment|PDOException: Incorrect integer value: '' for column 'length' at row 1 in /www/wwwroot/yunbao.com/PhalApi/PhalApi/NotORM/NotORM/Result.php:258
Stack trace:
#0 /www/wwwroot/yunbao.com/PhalApi/PhalApi/NotORM/NotORM/Result.php(339): NotORM_Result->query('INSERT INTO cmf...', Array)
#1 /www/wwwroot/yunbao.com/PhalApi/PhalApi/NotORM/NotORM/Result.php(356): NotORM_Result->insert_multi(Array)
#2 /www/wwwroot/yunbao.com/PhalApi/Appapi/Model/Dynamic.php(60): NotORM_Result->insert(Array)
#3 /www/wwwroot/yunbao.com/PhalApi/Appapi/Domain/Dynamic.php(17): Model_Dynamic->setComment(Array)
#4 /www/wwwroot/yunbao.com/PhalApi/Appapi/Api/Dynamic.php(350): Domain_Dynamic->setComment(Array)
#5 /www/wwwroot/yunbao.com/PhalApi/PhalApi/PhalApi.php(57): Api_Dynamic->setComment()
#6 /www/wwwroot/yunbao.com/public/appapi/index.php(15): PhalApi->response()
#7 {main}
2020-12-19 14:10:11|ERROR|Dynamic.SetComment|PDOException: Incorrect integer value: '' for column 'length' at row 1 in /www/wwwroot/yunbao.com/PhalApi/PhalApi/NotORM/NotORM/Result.php:258
Stack trace:
#0 /www/wwwroot/yunbao.com/PhalApi/PhalApi/NotORM/NotORM/Result.php(339): NotORM_Result->query('INSERT INTO cmf...', Array)
#1 /www/wwwroot/yunbao.com/PhalApi/PhalApi/NotORM/NotORM/Result.php(356): NotORM_Result->insert_multi(Array)
#2 /www/wwwroot/yunbao.com/PhalApi/Appapi/Model/Dynamic.php(60): NotORM_Result->insert(Array)
#3 /www/wwwroot/yunbao.com/PhalApi/Appapi/Domain/Dynamic.php(17): Model_Dynamic->setComment(Array)
#4 /www/wwwroot/yunbao.com/PhalApi/Appapi/Api/Dynamic.php(350): Domain_Dynamic->setComment(Array)
#5 /www/wwwroot/yunbao.com/PhalApi/PhalApi/PhalApi.php(57): Api_Dynamic->setComment()
#6 /www/wwwroot/yunbao.com/public/appapi/index.php(15): PhalApi->response()
#7 {main}
2020-12-19 16:41:36|DEBUG|succeed to upload file to UCloud_Engine_Local|https://www.qingwazb.com/upload///wx_img/20201219/06617112967482460.jpeg
